[2024-06-23T18:31:12.928+0000] {processor.py:157} INFO - Started process (PID=27481) to work on /workspaces/ToBeNamedSoon/airflow/dags/basic_etl_dag.py
[2024-06-23T18:31:12.929+0000] {processor.py:826} INFO - Processing file /workspaces/ToBeNamedSoon/airflow/dags/basic_etl_dag.py for tasks to queue
[2024-06-23T18:31:12.929+0000] {logging_mixin.py:150} INFO - [2024-06-23T18:31:12.929+0000] {dagbag.py:541} INFO - Filling up the DagBag from /workspaces/ToBeNamedSoon/airflow/dags/basic_etl_dag.py
[2024-06-23T18:31:13.258+0000] {processor.py:836} INFO - DAG(s) dict_keys(['basic_etl_dag']) retrieved from /workspaces/ToBeNamedSoon/airflow/dags/basic_etl_dag.py
[2024-06-23T18:31:13.387+0000] {logging_mixin.py:150} INFO - [2024-06-23T18:31:13.387+0000] {manager.py:504} INFO - Created Permission View: can delete on DAG:basic_etl_dag
[2024-06-23T18:31:13.418+0000] {logging_mixin.py:150} INFO - [2024-06-23T18:31:13.417+0000] {manager.py:504} INFO - Created Permission View: can edit on DAG:basic_etl_dag
[2024-06-23T18:31:13.445+0000] {logging_mixin.py:150} INFO - [2024-06-23T18:31:13.445+0000] {manager.py:504} INFO - Created Permission View: can read on DAG:basic_etl_dag
[2024-06-23T18:31:13.554+0000] {logging_mixin.py:150} INFO - [2024-06-23T18:31:13.554+0000] {dag.py:2742} INFO - Sync 1 DAGs
[2024-06-23T18:31:13.562+0000] {logging_mixin.py:150} INFO - [2024-06-23T18:31:13.562+0000] {dag.py:2763} INFO - Creating ORM DAG for basic_etl_dag
[2024-06-23T18:31:13.568+0000] {logging_mixin.py:150} INFO - [2024-06-23T18:31:13.568+0000] {dag.py:3504} INFO - Setting next_dagrun for basic_etl_dag to None, run_after=None
[2024-06-23T18:31:13.613+0000] {processor.py:179} INFO - Processing /workspaces/ToBeNamedSoon/airflow/dags/basic_etl_dag.py took 0.687 seconds
[2024-06-23T18:31:54.689+0000] {processor.py:157} INFO - Started process (PID=27789) to work on /workspaces/ToBeNamedSoon/airflow/dags/basic_etl_dag.py
[2024-06-23T18:31:54.690+0000] {processor.py:826} INFO - Processing file /workspaces/ToBeNamedSoon/airflow/dags/basic_etl_dag.py for tasks to queue
[2024-06-23T18:31:54.690+0000] {logging_mixin.py:150} INFO - [2024-06-23T18:31:54.690+0000] {dagbag.py:541} INFO - Filling up the DagBag from /workspaces/ToBeNamedSoon/airflow/dags/basic_etl_dag.py
[2024-06-23T18:31:54.970+0000] {processor.py:836} INFO - DAG(s) dict_keys(['basic_etl_dag']) retrieved from /workspaces/ToBeNamedSoon/airflow/dags/basic_etl_dag.py
[2024-06-23T18:31:54.980+0000] {logging_mixin.py:150} INFO - [2024-06-23T18:31:54.980+0000] {dag.py:2742} INFO - Sync 1 DAGs
[2024-06-23T18:31:54.995+0000] {logging_mixin.py:150} INFO - [2024-06-23T18:31:54.995+0000] {dag.py:3504} INFO - Setting next_dagrun for basic_etl_dag to None, run_after=None
[2024-06-23T18:31:55.031+0000] {processor.py:179} INFO - Processing /workspaces/ToBeNamedSoon/airflow/dags/basic_etl_dag.py took 0.344 seconds
[2024-06-23T18:32:29.134+0000] {processor.py:157} INFO - Started process (PID=28045) to work on /workspaces/ToBeNamedSoon/airflow/dags/basic_etl_dag.py
[2024-06-23T18:32:29.135+0000] {processor.py:826} INFO - Processing file /workspaces/ToBeNamedSoon/airflow/dags/basic_etl_dag.py for tasks to queue
[2024-06-23T18:32:29.135+0000] {logging_mixin.py:150} INFO - [2024-06-23T18:32:29.135+0000] {dagbag.py:541} INFO - Filling up the DagBag from /workspaces/ToBeNamedSoon/airflow/dags/basic_etl_dag.py
[2024-06-23T18:32:29.417+0000] {processor.py:836} INFO - DAG(s) dict_keys(['basic_etl_dag']) retrieved from /workspaces/ToBeNamedSoon/airflow/dags/basic_etl_dag.py
[2024-06-23T18:32:29.427+0000] {logging_mixin.py:150} INFO - [2024-06-23T18:32:29.427+0000] {dag.py:2742} INFO - Sync 1 DAGs
[2024-06-23T18:32:29.443+0000] {logging_mixin.py:150} INFO - [2024-06-23T18:32:29.443+0000] {dag.py:3504} INFO - Setting next_dagrun for basic_etl_dag to None, run_after=None
[2024-06-23T18:32:29.481+0000] {processor.py:179} INFO - Processing /workspaces/ToBeNamedSoon/airflow/dags/basic_etl_dag.py took 0.349 seconds
[2024-06-23T18:33:05.747+0000] {processor.py:157} INFO - Started process (PID=28302) to work on /workspaces/ToBeNamedSoon/airflow/dags/basic_etl_dag.py
[2024-06-23T18:33:05.747+0000] {processor.py:826} INFO - Processing file /workspaces/ToBeNamedSoon/airflow/dags/basic_etl_dag.py for tasks to queue
[2024-06-23T18:33:05.748+0000] {logging_mixin.py:150} INFO - [2024-06-23T18:33:05.748+0000] {dagbag.py:541} INFO - Filling up the DagBag from /workspaces/ToBeNamedSoon/airflow/dags/basic_etl_dag.py
[2024-06-23T18:33:06.151+0000] {processor.py:836} INFO - DAG(s) dict_keys(['basic_etl_dag']) retrieved from /workspaces/ToBeNamedSoon/airflow/dags/basic_etl_dag.py
[2024-06-23T18:33:06.266+0000] {logging_mixin.py:150} INFO - [2024-06-23T18:33:06.266+0000] {dag.py:2742} INFO - Sync 1 DAGs
[2024-06-23T18:33:06.281+0000] {logging_mixin.py:150} INFO - [2024-06-23T18:33:06.281+0000] {dag.py:3504} INFO - Setting next_dagrun for basic_etl_dag to None, run_after=None
[2024-06-23T18:33:06.325+0000] {processor.py:179} INFO - Processing /workspaces/ToBeNamedSoon/airflow/dags/basic_etl_dag.py took 0.581 seconds
[2024-06-23T18:33:41.523+0000] {processor.py:157} INFO - Started process (PID=28548) to work on /workspaces/ToBeNamedSoon/airflow/dags/basic_etl_dag.py
[2024-06-23T18:33:41.523+0000] {processor.py:826} INFO - Processing file /workspaces/ToBeNamedSoon/airflow/dags/basic_etl_dag.py for tasks to queue
[2024-06-23T18:33:41.524+0000] {logging_mixin.py:150} INFO - [2024-06-23T18:33:41.524+0000] {dagbag.py:541} INFO - Filling up the DagBag from /workspaces/ToBeNamedSoon/airflow/dags/basic_etl_dag.py
[2024-06-23T18:33:41.775+0000] {processor.py:836} INFO - DAG(s) dict_keys(['basic_etl_dag']) retrieved from /workspaces/ToBeNamedSoon/airflow/dags/basic_etl_dag.py
[2024-06-23T18:33:41.784+0000] {logging_mixin.py:150} INFO - [2024-06-23T18:33:41.784+0000] {dag.py:2742} INFO - Sync 1 DAGs
[2024-06-23T18:33:41.799+0000] {logging_mixin.py:150} INFO - [2024-06-23T18:33:41.799+0000] {dag.py:3504} INFO - Setting next_dagrun for basic_etl_dag to None, run_after=None
[2024-06-23T18:33:41.928+0000] {processor.py:179} INFO - Processing /workspaces/ToBeNamedSoon/airflow/dags/basic_etl_dag.py took 0.407 seconds
[2024-06-23T18:34:15.719+0000] {processor.py:157} INFO - Started process (PID=28782) to work on /workspaces/ToBeNamedSoon/airflow/dags/basic_etl_dag.py
[2024-06-23T18:34:15.719+0000] {processor.py:826} INFO - Processing file /workspaces/ToBeNamedSoon/airflow/dags/basic_etl_dag.py for tasks to queue
[2024-06-23T18:34:15.720+0000] {logging_mixin.py:150} INFO - [2024-06-23T18:34:15.720+0000] {dagbag.py:541} INFO - Filling up the DagBag from /workspaces/ToBeNamedSoon/airflow/dags/basic_etl_dag.py
[2024-06-23T18:34:15.975+0000] {processor.py:836} INFO - DAG(s) dict_keys(['basic_etl_dag']) retrieved from /workspaces/ToBeNamedSoon/airflow/dags/basic_etl_dag.py
[2024-06-23T18:34:15.986+0000] {logging_mixin.py:150} INFO - [2024-06-23T18:34:15.986+0000] {dag.py:2742} INFO - Sync 1 DAGs
[2024-06-23T18:34:16.008+0000] {logging_mixin.py:150} INFO - [2024-06-23T18:34:16.007+0000] {dag.py:3504} INFO - Setting next_dagrun for basic_etl_dag to None, run_after=None
[2024-06-23T18:34:16.060+0000] {processor.py:179} INFO - Processing /workspaces/ToBeNamedSoon/airflow/dags/basic_etl_dag.py took 0.343 seconds
[2024-06-23T18:34:46.933+0000] {processor.py:157} INFO - Started process (PID=29017) to work on /workspaces/ToBeNamedSoon/airflow/dags/basic_etl_dag.py
[2024-06-23T18:34:46.933+0000] {processor.py:826} INFO - Processing file /workspaces/ToBeNamedSoon/airflow/dags/basic_etl_dag.py for tasks to queue
[2024-06-23T18:34:46.934+0000] {logging_mixin.py:150} INFO - [2024-06-23T18:34:46.934+0000] {dagbag.py:541} INFO - Filling up the DagBag from /workspaces/ToBeNamedSoon/airflow/dags/basic_etl_dag.py
[2024-06-23T18:34:47.187+0000] {processor.py:836} INFO - DAG(s) dict_keys(['basic_etl_dag']) retrieved from /workspaces/ToBeNamedSoon/airflow/dags/basic_etl_dag.py
[2024-06-23T18:34:47.197+0000] {logging_mixin.py:150} INFO - [2024-06-23T18:34:47.197+0000] {dag.py:2742} INFO - Sync 1 DAGs
[2024-06-23T18:34:47.211+0000] {logging_mixin.py:150} INFO - [2024-06-23T18:34:47.211+0000] {dag.py:3504} INFO - Setting next_dagrun for basic_etl_dag to None, run_after=None
[2024-06-23T18:34:47.248+0000] {processor.py:179} INFO - Processing /workspaces/ToBeNamedSoon/airflow/dags/basic_etl_dag.py took 0.317 seconds
[2024-06-23T18:35:22.846+0000] {processor.py:157} INFO - Started process (PID=29263) to work on /workspaces/ToBeNamedSoon/airflow/dags/basic_etl_dag.py
[2024-06-23T18:35:22.847+0000] {processor.py:826} INFO - Processing file /workspaces/ToBeNamedSoon/airflow/dags/basic_etl_dag.py for tasks to queue
[2024-06-23T18:35:22.847+0000] {logging_mixin.py:150} INFO - [2024-06-23T18:35:22.847+0000] {dagbag.py:541} INFO - Filling up the DagBag from /workspaces/ToBeNamedSoon/airflow/dags/basic_etl_dag.py
[2024-06-23T18:35:23.106+0000] {processor.py:836} INFO - DAG(s) dict_keys(['basic_etl_dag']) retrieved from /workspaces/ToBeNamedSoon/airflow/dags/basic_etl_dag.py
[2024-06-23T18:35:23.116+0000] {logging_mixin.py:150} INFO - [2024-06-23T18:35:23.116+0000] {dag.py:2742} INFO - Sync 1 DAGs
[2024-06-23T18:35:23.229+0000] {logging_mixin.py:150} INFO - [2024-06-23T18:35:23.229+0000] {dag.py:3504} INFO - Setting next_dagrun for basic_etl_dag to None, run_after=None
[2024-06-23T18:35:23.267+0000] {processor.py:179} INFO - Processing /workspaces/ToBeNamedSoon/airflow/dags/basic_etl_dag.py took 0.423 seconds
[2024-06-23T18:35:59.102+0000] {processor.py:157} INFO - Started process (PID=29549) to work on /workspaces/ToBeNamedSoon/airflow/dags/basic_etl_dag.py
[2024-06-23T18:35:59.105+0000] {processor.py:826} INFO - Processing file /workspaces/ToBeNamedSoon/airflow/dags/basic_etl_dag.py for tasks to queue
[2024-06-23T18:35:59.105+0000] {logging_mixin.py:150} INFO - [2024-06-23T18:35:59.105+0000] {dagbag.py:541} INFO - Filling up the DagBag from /workspaces/ToBeNamedSoon/airflow/dags/basic_etl_dag.py
[2024-06-23T18:35:59.387+0000] {processor.py:836} INFO - DAG(s) dict_keys(['basic_etl_dag']) retrieved from /workspaces/ToBeNamedSoon/airflow/dags/basic_etl_dag.py
[2024-06-23T18:35:59.398+0000] {logging_mixin.py:150} INFO - [2024-06-23T18:35:59.398+0000] {dag.py:2742} INFO - Sync 1 DAGs
[2024-06-23T18:35:59.415+0000] {logging_mixin.py:150} INFO - [2024-06-23T18:35:59.415+0000] {dag.py:3504} INFO - Setting next_dagrun for basic_etl_dag to None, run_after=None
[2024-06-23T18:35:59.455+0000] {processor.py:179} INFO - Processing /workspaces/ToBeNamedSoon/airflow/dags/basic_etl_dag.py took 0.355 seconds
