[2024-06-23T18:26:55.415+0000] {processor.py:157} INFO - Started process (PID=25479) to work on /usr/local/python/3.10.13/lib/python3.10/site-packages/airflow/example_dags/example_datasets.py
[2024-06-23T18:26:55.416+0000] {processor.py:826} INFO - Processing file /usr/local/python/3.10.13/lib/python3.10/site-packages/airflow/example_dags/example_datasets.py for tasks to queue
[2024-06-23T18:26:55.416+0000] {logging_mixin.py:150} INFO - [2024-06-23T18:26:55.416+0000] {dagbag.py:541} INFO - Filling up the DagBag from /usr/local/python/3.10.13/lib/python3.10/site-packages/airflow/example_dags/example_datasets.py
[2024-06-23T18:26:55.424+0000] {processor.py:836} INFO - DAG(s) dict_keys(['dataset_produces_1', 'dataset_consumes_1', 'dataset_produces_2', 'dataset_consumes_1_and_2', 'dataset_consumes_unknown_never_scheduled', 'dataset_consumes_1_never_scheduled']) retrieved from /usr/local/python/3.10.13/lib/python3.10/site-packages/airflow/example_dags/example_datasets.py
[2024-06-23T18:26:55.552+0000] {logging_mixin.py:150} INFO - [2024-06-23T18:26:55.552+0000] {manager.py:504} INFO - Created Permission View: can delete on DAG:dataset_produces_1
[2024-06-23T18:26:55.584+0000] {logging_mixin.py:150} INFO - [2024-06-23T18:26:55.584+0000] {manager.py:504} INFO - Created Permission View: can edit on DAG:dataset_produces_1
[2024-06-23T18:26:55.615+0000] {logging_mixin.py:150} INFO - [2024-06-23T18:26:55.615+0000] {manager.py:504} INFO - Created Permission View: can read on DAG:dataset_produces_1
[2024-06-23T18:26:55.681+0000] {logging_mixin.py:150} INFO - [2024-06-23T18:26:55.681+0000] {manager.py:504} INFO - Created Permission View: can delete on DAG:dataset_consumes_1
[2024-06-23T18:26:55.709+0000] {logging_mixin.py:150} INFO - [2024-06-23T18:26:55.709+0000] {manager.py:504} INFO - Created Permission View: can edit on DAG:dataset_consumes_1
[2024-06-23T18:26:55.738+0000] {logging_mixin.py:150} INFO - [2024-06-23T18:26:55.738+0000] {manager.py:504} INFO - Created Permission View: can read on DAG:dataset_consumes_1
[2024-06-23T18:26:55.802+0000] {logging_mixin.py:150} INFO - [2024-06-23T18:26:55.802+0000] {manager.py:504} INFO - Created Permission View: can delete on DAG:dataset_produces_2
[2024-06-23T18:26:55.832+0000] {logging_mixin.py:150} INFO - [2024-06-23T18:26:55.832+0000] {manager.py:504} INFO - Created Permission View: can edit on DAG:dataset_produces_2
[2024-06-23T18:26:55.861+0000] {logging_mixin.py:150} INFO - [2024-06-23T18:26:55.861+0000] {manager.py:504} INFO - Created Permission View: can read on DAG:dataset_produces_2
[2024-06-23T18:26:55.921+0000] {logging_mixin.py:150} INFO - [2024-06-23T18:26:55.921+0000] {manager.py:504} INFO - Created Permission View: can delete on DAG:dataset_consumes_1_and_2
[2024-06-23T18:26:55.951+0000] {logging_mixin.py:150} INFO - [2024-06-23T18:26:55.951+0000] {manager.py:504} INFO - Created Permission View: can edit on DAG:dataset_consumes_1_and_2
[2024-06-23T18:26:55.979+0000] {logging_mixin.py:150} INFO - [2024-06-23T18:26:55.979+0000] {manager.py:504} INFO - Created Permission View: can read on DAG:dataset_consumes_1_and_2
[2024-06-23T18:26:56.046+0000] {logging_mixin.py:150} INFO - [2024-06-23T18:26:56.045+0000] {manager.py:504} INFO - Created Permission View: can delete on DAG:dataset_consumes_unknown_never_scheduled
[2024-06-23T18:26:56.076+0000] {logging_mixin.py:150} INFO - [2024-06-23T18:26:56.076+0000] {manager.py:504} INFO - Created Permission View: can edit on DAG:dataset_consumes_unknown_never_scheduled
[2024-06-23T18:26:56.104+0000] {logging_mixin.py:150} INFO - [2024-06-23T18:26:56.103+0000] {manager.py:504} INFO - Created Permission View: can read on DAG:dataset_consumes_unknown_never_scheduled
[2024-06-23T18:26:56.170+0000] {logging_mixin.py:150} INFO - [2024-06-23T18:26:56.170+0000] {manager.py:504} INFO - Created Permission View: can delete on DAG:dataset_consumes_1_never_scheduled
[2024-06-23T18:26:56.198+0000] {logging_mixin.py:150} INFO - [2024-06-23T18:26:56.197+0000] {manager.py:504} INFO - Created Permission View: can edit on DAG:dataset_consumes_1_never_scheduled
[2024-06-23T18:26:56.229+0000] {logging_mixin.py:150} INFO - [2024-06-23T18:26:56.228+0000] {manager.py:504} INFO - Created Permission View: can read on DAG:dataset_consumes_1_never_scheduled
[2024-06-23T18:26:56.233+0000] {logging_mixin.py:150} INFO - [2024-06-23T18:26:56.232+0000] {dag.py:2742} INFO - Sync 6 DAGs
[2024-06-23T18:26:56.240+0000] {logging_mixin.py:150} INFO - [2024-06-23T18:26:56.240+0000] {dag.py:2763} INFO - Creating ORM DAG for dataset_produces_1
[2024-06-23T18:26:56.241+0000] {logging_mixin.py:150} INFO - [2024-06-23T18:26:56.240+0000] {dag.py:2763} INFO - Creating ORM DAG for dataset_consumes_unknown_never_scheduled
[2024-06-23T18:26:56.241+0000] {logging_mixin.py:150} INFO - [2024-06-23T18:26:56.241+0000] {dag.py:2763} INFO - Creating ORM DAG for dataset_consumes_1_never_scheduled
[2024-06-23T18:26:56.241+0000] {logging_mixin.py:150} INFO - [2024-06-23T18:26:56.241+0000] {dag.py:2763} INFO - Creating ORM DAG for dataset_produces_2
[2024-06-23T18:26:56.242+0000] {logging_mixin.py:150} INFO - [2024-06-23T18:26:56.242+0000] {dag.py:2763} INFO - Creating ORM DAG for dataset_consumes_1
[2024-06-23T18:26:56.242+0000] {logging_mixin.py:150} INFO - [2024-06-23T18:26:56.242+0000] {dag.py:2763} INFO - Creating ORM DAG for dataset_consumes_1_and_2
[2024-06-23T18:26:56.249+0000] {logging_mixin.py:150} INFO - [2024-06-23T18:26:56.249+0000] {dag.py:3504} INFO - Setting next_dagrun for dataset_consumes_1 to None, run_after=None
[2024-06-23T18:26:56.249+0000] {logging_mixin.py:150} INFO - [2024-06-23T18:26:56.249+0000] {dag.py:3504} INFO - Setting next_dagrun for dataset_consumes_1_and_2 to None, run_after=None
[2024-06-23T18:26:56.250+0000] {logging_mixin.py:150} INFO - [2024-06-23T18:26:56.250+0000] {dag.py:3504} INFO - Setting next_dagrun for dataset_consumes_1_never_scheduled to None, run_after=None
[2024-06-23T18:26:56.250+0000] {logging_mixin.py:150} INFO - [2024-06-23T18:26:56.250+0000] {dag.py:3504} INFO - Setting next_dagrun for dataset_consumes_unknown_never_scheduled to None, run_after=None
[2024-06-23T18:26:56.252+0000] {logging_mixin.py:150} INFO - [2024-06-23T18:26:56.252+0000] {dag.py:3504} INFO - Setting next_dagrun for dataset_produces_1 to 2024-06-22T00:00:00+00:00, run_after=2024-06-23T00:00:00+00:00
[2024-06-23T18:26:56.253+0000] {logging_mixin.py:150} INFO - [2024-06-23T18:26:56.252+0000] {dag.py:3504} INFO - Setting next_dagrun for dataset_produces_2 to None, run_after=None
[2024-06-23T18:26:56.305+0000] {processor.py:179} INFO - Processing /usr/local/python/3.10.13/lib/python3.10/site-packages/airflow/example_dags/example_datasets.py took 0.893 seconds
[2024-06-23T18:27:44.623+0000] {processor.py:157} INFO - Started process (PID=26002) to work on /usr/local/python/3.10.13/lib/python3.10/site-packages/airflow/example_dags/example_datasets.py
[2024-06-23T18:27:44.624+0000] {processor.py:826} INFO - Processing file /usr/local/python/3.10.13/lib/python3.10/site-packages/airflow/example_dags/example_datasets.py for tasks to queue
[2024-06-23T18:27:44.625+0000] {logging_mixin.py:150} INFO - [2024-06-23T18:27:44.625+0000] {dagbag.py:541} INFO - Filling up the DagBag from /usr/local/python/3.10.13/lib/python3.10/site-packages/airflow/example_dags/example_datasets.py
[2024-06-23T18:27:44.633+0000] {processor.py:836} INFO - DAG(s) dict_keys(['dataset_produces_1', 'dataset_produces_2', 'dataset_consumes_1_and_2', 'dataset_consumes_1', 'dataset_consumes_unknown_never_scheduled', 'dataset_consumes_1_never_scheduled']) retrieved from /usr/local/python/3.10.13/lib/python3.10/site-packages/airflow/example_dags/example_datasets.py
[2024-06-23T18:27:44.655+0000] {logging_mixin.py:150} INFO - [2024-06-23T18:27:44.654+0000] {dag.py:2742} INFO - Sync 6 DAGs
[2024-06-23T18:27:44.671+0000] {logging_mixin.py:150} INFO - [2024-06-23T18:27:44.671+0000] {dag.py:3504} INFO - Setting next_dagrun for dataset_consumes_1 to None, run_after=None
[2024-06-23T18:27:44.673+0000] {logging_mixin.py:150} INFO - [2024-06-23T18:27:44.673+0000] {dag.py:3504} INFO - Setting next_dagrun for dataset_consumes_1_and_2 to None, run_after=None
[2024-06-23T18:27:44.675+0000] {logging_mixin.py:150} INFO - [2024-06-23T18:27:44.674+0000] {dag.py:3504} INFO - Setting next_dagrun for dataset_consumes_1_never_scheduled to None, run_after=None
[2024-06-23T18:27:44.676+0000] {logging_mixin.py:150} INFO - [2024-06-23T18:27:44.675+0000] {dag.py:3504} INFO - Setting next_dagrun for dataset_consumes_unknown_never_scheduled to None, run_after=None
[2024-06-23T18:27:44.678+0000] {logging_mixin.py:150} INFO - [2024-06-23T18:27:44.678+0000] {dag.py:3504} INFO - Setting next_dagrun for dataset_produces_1 to 2024-06-22T00:00:00+00:00, run_after=2024-06-23T00:00:00+00:00
[2024-06-23T18:27:44.678+0000] {logging_mixin.py:150} INFO - [2024-06-23T18:27:44.678+0000] {dag.py:3504} INFO - Setting next_dagrun for dataset_produces_2 to None, run_after=None
[2024-06-23T18:27:44.725+0000] {processor.py:179} INFO - Processing /usr/local/python/3.10.13/lib/python3.10/site-packages/airflow/example_dags/example_datasets.py took 0.104 seconds
[2024-06-23T18:28:32.113+0000] {processor.py:157} INFO - Started process (PID=26371) to work on /usr/local/python/3.10.13/lib/python3.10/site-packages/airflow/example_dags/example_datasets.py
[2024-06-23T18:28:32.113+0000] {processor.py:826} INFO - Processing file /usr/local/python/3.10.13/lib/python3.10/site-packages/airflow/example_dags/example_datasets.py for tasks to queue
[2024-06-23T18:28:32.114+0000] {logging_mixin.py:150} INFO - [2024-06-23T18:28:32.114+0000] {dagbag.py:541} INFO - Filling up the DagBag from /usr/local/python/3.10.13/lib/python3.10/site-packages/airflow/example_dags/example_datasets.py
[2024-06-23T18:28:32.121+0000] {processor.py:836} INFO - DAG(s) dict_keys(['dataset_consumes_1_and_2', 'dataset_consumes_1_never_scheduled', 'dataset_consumes_unknown_never_scheduled', 'dataset_consumes_1', 'dataset_produces_2', 'dataset_produces_1']) retrieved from /usr/local/python/3.10.13/lib/python3.10/site-packages/airflow/example_dags/example_datasets.py
[2024-06-23T18:28:32.143+0000] {logging_mixin.py:150} INFO - [2024-06-23T18:28:32.143+0000] {dag.py:2742} INFO - Sync 6 DAGs
[2024-06-23T18:28:32.159+0000] {logging_mixin.py:150} INFO - [2024-06-23T18:28:32.159+0000] {dag.py:3504} INFO - Setting next_dagrun for dataset_consumes_1 to None, run_after=None
[2024-06-23T18:28:32.162+0000] {logging_mixin.py:150} INFO - [2024-06-23T18:28:32.162+0000] {dag.py:3504} INFO - Setting next_dagrun for dataset_consumes_1_and_2 to None, run_after=None
[2024-06-23T18:28:32.162+0000] {logging_mixin.py:150} INFO - [2024-06-23T18:28:32.162+0000] {dag.py:3504} INFO - Setting next_dagrun for dataset_consumes_1_never_scheduled to None, run_after=None
[2024-06-23T18:28:32.163+0000] {logging_mixin.py:150} INFO - [2024-06-23T18:28:32.163+0000] {dag.py:3504} INFO - Setting next_dagrun for dataset_consumes_unknown_never_scheduled to None, run_after=None
[2024-06-23T18:28:32.165+0000] {logging_mixin.py:150} INFO - [2024-06-23T18:28:32.165+0000] {dag.py:3504} INFO - Setting next_dagrun for dataset_produces_1 to 2024-06-22T00:00:00+00:00, run_after=2024-06-23T00:00:00+00:00
[2024-06-23T18:28:32.166+0000] {logging_mixin.py:150} INFO - [2024-06-23T18:28:32.166+0000] {dag.py:3504} INFO - Setting next_dagrun for dataset_produces_2 to None, run_after=None
[2024-06-23T18:28:32.213+0000] {processor.py:179} INFO - Processing /usr/local/python/3.10.13/lib/python3.10/site-packages/airflow/example_dags/example_datasets.py took 0.103 seconds
[2024-06-23T18:29:15.254+0000] {processor.py:157} INFO - Started process (PID=26672) to work on /usr/local/python/3.10.13/lib/python3.10/site-packages/airflow/example_dags/example_datasets.py
[2024-06-23T18:29:15.255+0000] {processor.py:826} INFO - Processing file /usr/local/python/3.10.13/lib/python3.10/site-packages/airflow/example_dags/example_datasets.py for tasks to queue
[2024-06-23T18:29:15.256+0000] {logging_mixin.py:150} INFO - [2024-06-23T18:29:15.256+0000] {dagbag.py:541} INFO - Filling up the DagBag from /usr/local/python/3.10.13/lib/python3.10/site-packages/airflow/example_dags/example_datasets.py
[2024-06-23T18:29:15.266+0000] {processor.py:836} INFO - DAG(s) dict_keys(['dataset_consumes_1_never_scheduled', 'dataset_produces_2', 'dataset_consumes_1_and_2', 'dataset_consumes_unknown_never_scheduled', 'dataset_produces_1', 'dataset_consumes_1']) retrieved from /usr/local/python/3.10.13/lib/python3.10/site-packages/airflow/example_dags/example_datasets.py
[2024-06-23T18:29:15.290+0000] {logging_mixin.py:150} INFO - [2024-06-23T18:29:15.290+0000] {dag.py:2742} INFO - Sync 6 DAGs
[2024-06-23T18:29:15.306+0000] {logging_mixin.py:150} INFO - [2024-06-23T18:29:15.306+0000] {dag.py:3504} INFO - Setting next_dagrun for dataset_consumes_1 to None, run_after=None
[2024-06-23T18:29:15.309+0000] {logging_mixin.py:150} INFO - [2024-06-23T18:29:15.309+0000] {dag.py:3504} INFO - Setting next_dagrun for dataset_consumes_1_and_2 to None, run_after=None
[2024-06-23T18:29:15.309+0000] {logging_mixin.py:150} INFO - [2024-06-23T18:29:15.309+0000] {dag.py:3504} INFO - Setting next_dagrun for dataset_consumes_1_never_scheduled to None, run_after=None
[2024-06-23T18:29:15.310+0000] {logging_mixin.py:150} INFO - [2024-06-23T18:29:15.310+0000] {dag.py:3504} INFO - Setting next_dagrun for dataset_consumes_unknown_never_scheduled to None, run_after=None
[2024-06-23T18:29:15.312+0000] {logging_mixin.py:150} INFO - [2024-06-23T18:29:15.312+0000] {dag.py:3504} INFO - Setting next_dagrun for dataset_produces_1 to 2024-06-22T00:00:00+00:00, run_after=2024-06-23T00:00:00+00:00
[2024-06-23T18:29:15.313+0000] {logging_mixin.py:150} INFO - [2024-06-23T18:29:15.313+0000] {dag.py:3504} INFO - Setting next_dagrun for dataset_produces_2 to None, run_after=None
[2024-06-23T18:29:15.357+0000] {processor.py:179} INFO - Processing /usr/local/python/3.10.13/lib/python3.10/site-packages/airflow/example_dags/example_datasets.py took 0.106 seconds
[2024-06-23T18:30:00.775+0000] {processor.py:157} INFO - Started process (PID=26979) to work on /usr/local/python/3.10.13/lib/python3.10/site-packages/airflow/example_dags/example_datasets.py
[2024-06-23T18:30:00.775+0000] {processor.py:826} INFO - Processing file /usr/local/python/3.10.13/lib/python3.10/site-packages/airflow/example_dags/example_datasets.py for tasks to queue
[2024-06-23T18:30:00.776+0000] {logging_mixin.py:150} INFO - [2024-06-23T18:30:00.776+0000] {dagbag.py:541} INFO - Filling up the DagBag from /usr/local/python/3.10.13/lib/python3.10/site-packages/airflow/example_dags/example_datasets.py
[2024-06-23T18:30:00.783+0000] {processor.py:836} INFO - DAG(s) dict_keys(['dataset_consumes_1_never_scheduled', 'dataset_consumes_unknown_never_scheduled', 'dataset_consumes_1', 'dataset_produces_2', 'dataset_produces_1', 'dataset_consumes_1_and_2']) retrieved from /usr/local/python/3.10.13/lib/python3.10/site-packages/airflow/example_dags/example_datasets.py
[2024-06-23T18:30:00.804+0000] {logging_mixin.py:150} INFO - [2024-06-23T18:30:00.804+0000] {dag.py:2742} INFO - Sync 6 DAGs
[2024-06-23T18:30:00.819+0000] {logging_mixin.py:150} INFO - [2024-06-23T18:30:00.819+0000] {dag.py:3504} INFO - Setting next_dagrun for dataset_consumes_1 to None, run_after=None
[2024-06-23T18:30:00.821+0000] {logging_mixin.py:150} INFO - [2024-06-23T18:30:00.821+0000] {dag.py:3504} INFO - Setting next_dagrun for dataset_consumes_1_and_2 to None, run_after=None
[2024-06-23T18:30:00.822+0000] {logging_mixin.py:150} INFO - [2024-06-23T18:30:00.822+0000] {dag.py:3504} INFO - Setting next_dagrun for dataset_consumes_1_never_scheduled to None, run_after=None
[2024-06-23T18:30:00.823+0000] {logging_mixin.py:150} INFO - [2024-06-23T18:30:00.823+0000] {dag.py:3504} INFO - Setting next_dagrun for dataset_consumes_unknown_never_scheduled to None, run_after=None
[2024-06-23T18:30:00.825+0000] {logging_mixin.py:150} INFO - [2024-06-23T18:30:00.825+0000] {dag.py:3504} INFO - Setting next_dagrun for dataset_produces_1 to 2024-06-22T00:00:00+00:00, run_after=2024-06-23T00:00:00+00:00
[2024-06-23T18:30:00.826+0000] {logging_mixin.py:150} INFO - [2024-06-23T18:30:00.825+0000] {dag.py:3504} INFO - Setting next_dagrun for dataset_produces_2 to None, run_after=None
[2024-06-23T18:30:00.872+0000] {processor.py:179} INFO - Processing /usr/local/python/3.10.13/lib/python3.10/site-packages/airflow/example_dags/example_datasets.py took 0.099 seconds
[2024-06-23T18:30:44.129+0000] {processor.py:157} INFO - Started process (PID=27295) to work on /usr/local/python/3.10.13/lib/python3.10/site-packages/airflow/example_dags/example_datasets.py
[2024-06-23T18:30:44.129+0000] {processor.py:826} INFO - Processing file /usr/local/python/3.10.13/lib/python3.10/site-packages/airflow/example_dags/example_datasets.py for tasks to queue
[2024-06-23T18:30:44.130+0000] {logging_mixin.py:150} INFO - [2024-06-23T18:30:44.130+0000] {dagbag.py:541} INFO - Filling up the DagBag from /usr/local/python/3.10.13/lib/python3.10/site-packages/airflow/example_dags/example_datasets.py
[2024-06-23T18:30:44.137+0000] {processor.py:836} INFO - DAG(s) dict_keys(['dataset_produces_1', 'dataset_consumes_unknown_never_scheduled', 'dataset_consumes_1_and_2', 'dataset_consumes_1_never_scheduled', 'dataset_produces_2', 'dataset_consumes_1']) retrieved from /usr/local/python/3.10.13/lib/python3.10/site-packages/airflow/example_dags/example_datasets.py
[2024-06-23T18:30:44.158+0000] {logging_mixin.py:150} INFO - [2024-06-23T18:30:44.158+0000] {dag.py:2742} INFO - Sync 6 DAGs
[2024-06-23T18:30:44.174+0000] {logging_mixin.py:150} INFO - [2024-06-23T18:30:44.173+0000] {dag.py:3504} INFO - Setting next_dagrun for dataset_consumes_1 to None, run_after=None
[2024-06-23T18:30:44.176+0000] {logging_mixin.py:150} INFO - [2024-06-23T18:30:44.176+0000] {dag.py:3504} INFO - Setting next_dagrun for dataset_consumes_1_and_2 to None, run_after=None
[2024-06-23T18:30:44.177+0000] {logging_mixin.py:150} INFO - [2024-06-23T18:30:44.177+0000] {dag.py:3504} INFO - Setting next_dagrun for dataset_consumes_1_never_scheduled to None, run_after=None
[2024-06-23T18:30:44.177+0000] {logging_mixin.py:150} INFO - [2024-06-23T18:30:44.177+0000] {dag.py:3504} INFO - Setting next_dagrun for dataset_consumes_unknown_never_scheduled to None, run_after=None
[2024-06-23T18:30:44.179+0000] {logging_mixin.py:150} INFO - [2024-06-23T18:30:44.179+0000] {dag.py:3504} INFO - Setting next_dagrun for dataset_produces_1 to 2024-06-22T00:00:00+00:00, run_after=2024-06-23T00:00:00+00:00
[2024-06-23T18:30:44.180+0000] {logging_mixin.py:150} INFO - [2024-06-23T18:30:44.180+0000] {dag.py:3504} INFO - Setting next_dagrun for dataset_produces_2 to None, run_after=None
[2024-06-23T18:30:44.226+0000] {processor.py:179} INFO - Processing /usr/local/python/3.10.13/lib/python3.10/site-packages/airflow/example_dags/example_datasets.py took 0.099 seconds
[2024-06-23T18:31:35.760+0000] {processor.py:157} INFO - Started process (PID=27654) to work on /usr/local/python/3.10.13/lib/python3.10/site-packages/airflow/example_dags/example_datasets.py
[2024-06-23T18:31:35.761+0000] {processor.py:826} INFO - Processing file /usr/local/python/3.10.13/lib/python3.10/site-packages/airflow/example_dags/example_datasets.py for tasks to queue
[2024-06-23T18:31:35.761+0000] {logging_mixin.py:150} INFO - [2024-06-23T18:31:35.761+0000] {dagbag.py:541} INFO - Filling up the DagBag from /usr/local/python/3.10.13/lib/python3.10/site-packages/airflow/example_dags/example_datasets.py
[2024-06-23T18:31:35.768+0000] {processor.py:836} INFO - DAG(s) dict_keys(['dataset_produces_2', 'dataset_produces_1', 'dataset_consumes_1', 'dataset_consumes_unknown_never_scheduled', 'dataset_consumes_1_never_scheduled', 'dataset_consumes_1_and_2']) retrieved from /usr/local/python/3.10.13/lib/python3.10/site-packages/airflow/example_dags/example_datasets.py
[2024-06-23T18:31:35.790+0000] {logging_mixin.py:150} INFO - [2024-06-23T18:31:35.789+0000] {dag.py:2742} INFO - Sync 6 DAGs
[2024-06-23T18:31:35.806+0000] {logging_mixin.py:150} INFO - [2024-06-23T18:31:35.806+0000] {dag.py:3504} INFO - Setting next_dagrun for dataset_consumes_1 to None, run_after=None
[2024-06-23T18:31:35.808+0000] {logging_mixin.py:150} INFO - [2024-06-23T18:31:35.808+0000] {dag.py:3504} INFO - Setting next_dagrun for dataset_consumes_1_and_2 to None, run_after=None
[2024-06-23T18:31:35.809+0000] {logging_mixin.py:150} INFO - [2024-06-23T18:31:35.809+0000] {dag.py:3504} INFO - Setting next_dagrun for dataset_consumes_1_never_scheduled to None, run_after=None
[2024-06-23T18:31:35.809+0000] {logging_mixin.py:150} INFO - [2024-06-23T18:31:35.809+0000] {dag.py:3504} INFO - Setting next_dagrun for dataset_consumes_unknown_never_scheduled to None, run_after=None
[2024-06-23T18:31:35.812+0000] {logging_mixin.py:150} INFO - [2024-06-23T18:31:35.811+0000] {dag.py:3504} INFO - Setting next_dagrun for dataset_produces_1 to 2024-06-22T00:00:00+00:00, run_after=2024-06-23T00:00:00+00:00
[2024-06-23T18:31:35.812+0000] {logging_mixin.py:150} INFO - [2024-06-23T18:31:35.812+0000] {dag.py:3504} INFO - Setting next_dagrun for dataset_produces_2 to None, run_after=None
[2024-06-23T18:31:35.856+0000] {processor.py:179} INFO - Processing /usr/local/python/3.10.13/lib/python3.10/site-packages/airflow/example_dags/example_datasets.py took 0.098 seconds
[2024-06-23T18:32:26.685+0000] {processor.py:157} INFO - Started process (PID=28030) to work on /usr/local/python/3.10.13/lib/python3.10/site-packages/airflow/example_dags/example_datasets.py
[2024-06-23T18:32:26.686+0000] {processor.py:826} INFO - Processing file /usr/local/python/3.10.13/lib/python3.10/site-packages/airflow/example_dags/example_datasets.py for tasks to queue
[2024-06-23T18:32:26.687+0000] {logging_mixin.py:150} INFO - [2024-06-23T18:32:26.686+0000] {dagbag.py:541} INFO - Filling up the DagBag from /usr/local/python/3.10.13/lib/python3.10/site-packages/airflow/example_dags/example_datasets.py
[2024-06-23T18:32:26.694+0000] {processor.py:836} INFO - DAG(s) dict_keys(['dataset_consumes_unknown_never_scheduled', 'dataset_consumes_1_never_scheduled', 'dataset_produces_1', 'dataset_consumes_1_and_2', 'dataset_consumes_1', 'dataset_produces_2']) retrieved from /usr/local/python/3.10.13/lib/python3.10/site-packages/airflow/example_dags/example_datasets.py
[2024-06-23T18:32:26.715+0000] {logging_mixin.py:150} INFO - [2024-06-23T18:32:26.715+0000] {dag.py:2742} INFO - Sync 6 DAGs
[2024-06-23T18:32:26.730+0000] {logging_mixin.py:150} INFO - [2024-06-23T18:32:26.730+0000] {dag.py:3504} INFO - Setting next_dagrun for dataset_consumes_1 to None, run_after=None
[2024-06-23T18:32:26.732+0000] {logging_mixin.py:150} INFO - [2024-06-23T18:32:26.732+0000] {dag.py:3504} INFO - Setting next_dagrun for dataset_consumes_1_and_2 to None, run_after=None
[2024-06-23T18:32:26.733+0000] {logging_mixin.py:150} INFO - [2024-06-23T18:32:26.733+0000] {dag.py:3504} INFO - Setting next_dagrun for dataset_consumes_1_never_scheduled to None, run_after=None
[2024-06-23T18:32:26.734+0000] {logging_mixin.py:150} INFO - [2024-06-23T18:32:26.734+0000] {dag.py:3504} INFO - Setting next_dagrun for dataset_consumes_unknown_never_scheduled to None, run_after=None
[2024-06-23T18:32:26.736+0000] {logging_mixin.py:150} INFO - [2024-06-23T18:32:26.736+0000] {dag.py:3504} INFO - Setting next_dagrun for dataset_produces_1 to 2024-06-22T00:00:00+00:00, run_after=2024-06-23T00:00:00+00:00
[2024-06-23T18:32:26.736+0000] {logging_mixin.py:150} INFO - [2024-06-23T18:32:26.736+0000] {dag.py:3504} INFO - Setting next_dagrun for dataset_produces_2 to None, run_after=None
[2024-06-23T18:32:26.782+0000] {processor.py:179} INFO - Processing /usr/local/python/3.10.13/lib/python3.10/site-packages/airflow/example_dags/example_datasets.py took 0.099 seconds
[2024-06-23T18:33:21.254+0000] {processor.py:157} INFO - Started process (PID=28405) to work on /usr/local/python/3.10.13/lib/python3.10/site-packages/airflow/example_dags/example_datasets.py
[2024-06-23T18:33:21.255+0000] {processor.py:826} INFO - Processing file /usr/local/python/3.10.13/lib/python3.10/site-packages/airflow/example_dags/example_datasets.py for tasks to queue
[2024-06-23T18:33:21.255+0000] {logging_mixin.py:150} INFO - [2024-06-23T18:33:21.255+0000] {dagbag.py:541} INFO - Filling up the DagBag from /usr/local/python/3.10.13/lib/python3.10/site-packages/airflow/example_dags/example_datasets.py
[2024-06-23T18:33:21.262+0000] {processor.py:836} INFO - DAG(s) dict_keys(['dataset_consumes_1_never_scheduled', 'dataset_produces_1', 'dataset_consumes_unknown_never_scheduled', 'dataset_produces_2', 'dataset_consumes_1_and_2', 'dataset_consumes_1']) retrieved from /usr/local/python/3.10.13/lib/python3.10/site-packages/airflow/example_dags/example_datasets.py
[2024-06-23T18:33:21.285+0000] {logging_mixin.py:150} INFO - [2024-06-23T18:33:21.285+0000] {dag.py:2742} INFO - Sync 6 DAGs
[2024-06-23T18:33:21.300+0000] {logging_mixin.py:150} INFO - [2024-06-23T18:33:21.300+0000] {dag.py:3504} INFO - Setting next_dagrun for dataset_consumes_1 to None, run_after=None
[2024-06-23T18:33:21.302+0000] {logging_mixin.py:150} INFO - [2024-06-23T18:33:21.302+0000] {dag.py:3504} INFO - Setting next_dagrun for dataset_consumes_1_and_2 to None, run_after=None
[2024-06-23T18:33:21.303+0000] {logging_mixin.py:150} INFO - [2024-06-23T18:33:21.303+0000] {dag.py:3504} INFO - Setting next_dagrun for dataset_consumes_1_never_scheduled to None, run_after=None
[2024-06-23T18:33:21.304+0000] {logging_mixin.py:150} INFO - [2024-06-23T18:33:21.304+0000] {dag.py:3504} INFO - Setting next_dagrun for dataset_consumes_unknown_never_scheduled to None, run_after=None
[2024-06-23T18:33:21.306+0000] {logging_mixin.py:150} INFO - [2024-06-23T18:33:21.306+0000] {dag.py:3504} INFO - Setting next_dagrun for dataset_produces_1 to 2024-06-22T00:00:00+00:00, run_after=2024-06-23T00:00:00+00:00
[2024-06-23T18:33:21.307+0000] {logging_mixin.py:150} INFO - [2024-06-23T18:33:21.307+0000] {dag.py:3504} INFO - Setting next_dagrun for dataset_produces_2 to None, run_after=None
[2024-06-23T18:33:21.352+0000] {processor.py:179} INFO - Processing /usr/local/python/3.10.13/lib/python3.10/site-packages/airflow/example_dags/example_datasets.py took 0.100 seconds
[2024-06-23T18:34:13.445+0000] {processor.py:157} INFO - Started process (PID=28773) to work on /usr/local/python/3.10.13/lib/python3.10/site-packages/airflow/example_dags/example_datasets.py
[2024-06-23T18:34:13.446+0000] {processor.py:826} INFO - Processing file /usr/local/python/3.10.13/lib/python3.10/site-packages/airflow/example_dags/example_datasets.py for tasks to queue
[2024-06-23T18:34:13.447+0000] {logging_mixin.py:150} INFO - [2024-06-23T18:34:13.446+0000] {dagbag.py:541} INFO - Filling up the DagBag from /usr/local/python/3.10.13/lib/python3.10/site-packages/airflow/example_dags/example_datasets.py
[2024-06-23T18:34:13.454+0000] {processor.py:836} INFO - DAG(s) dict_keys(['dataset_produces_2', 'dataset_consumes_1', 'dataset_produces_1', 'dataset_consumes_1_and_2', 'dataset_consumes_unknown_never_scheduled', 'dataset_consumes_1_never_scheduled']) retrieved from /usr/local/python/3.10.13/lib/python3.10/site-packages/airflow/example_dags/example_datasets.py
[2024-06-23T18:34:13.475+0000] {logging_mixin.py:150} INFO - [2024-06-23T18:34:13.475+0000] {dag.py:2742} INFO - Sync 6 DAGs
[2024-06-23T18:34:13.491+0000] {logging_mixin.py:150} INFO - [2024-06-23T18:34:13.491+0000] {dag.py:3504} INFO - Setting next_dagrun for dataset_consumes_1 to None, run_after=None
[2024-06-23T18:34:13.494+0000] {logging_mixin.py:150} INFO - [2024-06-23T18:34:13.493+0000] {dag.py:3504} INFO - Setting next_dagrun for dataset_consumes_1_and_2 to None, run_after=None
[2024-06-23T18:34:13.494+0000] {logging_mixin.py:150} INFO - [2024-06-23T18:34:13.494+0000] {dag.py:3504} INFO - Setting next_dagrun for dataset_consumes_1_never_scheduled to None, run_after=None
[2024-06-23T18:34:13.495+0000] {logging_mixin.py:150} INFO - [2024-06-23T18:34:13.495+0000] {dag.py:3504} INFO - Setting next_dagrun for dataset_consumes_unknown_never_scheduled to None, run_after=None
[2024-06-23T18:34:13.497+0000] {logging_mixin.py:150} INFO - [2024-06-23T18:34:13.497+0000] {dag.py:3504} INFO - Setting next_dagrun for dataset_produces_1 to 2024-06-22T00:00:00+00:00, run_after=2024-06-23T00:00:00+00:00
[2024-06-23T18:34:13.498+0000] {logging_mixin.py:150} INFO - [2024-06-23T18:34:13.498+0000] {dag.py:3504} INFO - Setting next_dagrun for dataset_produces_2 to None, run_after=None
[2024-06-23T18:34:13.542+0000] {processor.py:179} INFO - Processing /usr/local/python/3.10.13/lib/python3.10/site-packages/airflow/example_dags/example_datasets.py took 0.098 seconds
[2024-06-23T18:35:01.343+0000] {processor.py:157} INFO - Started process (PID=29111) to work on /usr/local/python/3.10.13/lib/python3.10/site-packages/airflow/example_dags/example_datasets.py
[2024-06-23T18:35:01.344+0000] {processor.py:826} INFO - Processing file /usr/local/python/3.10.13/lib/python3.10/site-packages/airflow/example_dags/example_datasets.py for tasks to queue
[2024-06-23T18:35:01.344+0000] {logging_mixin.py:150} INFO - [2024-06-23T18:35:01.344+0000] {dagbag.py:541} INFO - Filling up the DagBag from /usr/local/python/3.10.13/lib/python3.10/site-packages/airflow/example_dags/example_datasets.py
[2024-06-23T18:35:01.351+0000] {processor.py:836} INFO - DAG(s) dict_keys(['dataset_consumes_1_and_2', 'dataset_consumes_unknown_never_scheduled', 'dataset_consumes_1', 'dataset_produces_2', 'dataset_consumes_1_never_scheduled', 'dataset_produces_1']) retrieved from /usr/local/python/3.10.13/lib/python3.10/site-packages/airflow/example_dags/example_datasets.py
[2024-06-23T18:35:01.374+0000] {logging_mixin.py:150} INFO - [2024-06-23T18:35:01.374+0000] {dag.py:2742} INFO - Sync 6 DAGs
[2024-06-23T18:35:01.390+0000] {logging_mixin.py:150} INFO - [2024-06-23T18:35:01.389+0000] {dag.py:3504} INFO - Setting next_dagrun for dataset_consumes_1 to None, run_after=None
[2024-06-23T18:35:01.392+0000] {logging_mixin.py:150} INFO - [2024-06-23T18:35:01.392+0000] {dag.py:3504} INFO - Setting next_dagrun for dataset_consumes_1_and_2 to None, run_after=None
[2024-06-23T18:35:01.393+0000] {logging_mixin.py:150} INFO - [2024-06-23T18:35:01.393+0000] {dag.py:3504} INFO - Setting next_dagrun for dataset_consumes_1_never_scheduled to None, run_after=None
[2024-06-23T18:35:01.393+0000] {logging_mixin.py:150} INFO - [2024-06-23T18:35:01.393+0000] {dag.py:3504} INFO - Setting next_dagrun for dataset_consumes_unknown_never_scheduled to None, run_after=None
[2024-06-23T18:35:01.396+0000] {logging_mixin.py:150} INFO - [2024-06-23T18:35:01.395+0000] {dag.py:3504} INFO - Setting next_dagrun for dataset_produces_1 to 2024-06-22T00:00:00+00:00, run_after=2024-06-23T00:00:00+00:00
[2024-06-23T18:35:01.396+0000] {logging_mixin.py:150} INFO - [2024-06-23T18:35:01.396+0000] {dag.py:3504} INFO - Setting next_dagrun for dataset_produces_2 to None, run_after=None
[2024-06-23T18:35:01.442+0000] {processor.py:179} INFO - Processing /usr/local/python/3.10.13/lib/python3.10/site-packages/airflow/example_dags/example_datasets.py took 0.101 seconds
[2024-06-23T18:35:55.394+0000] {processor.py:157} INFO - Started process (PID=29511) to work on /usr/local/python/3.10.13/lib/python3.10/site-packages/airflow/example_dags/example_datasets.py
[2024-06-23T18:35:55.395+0000] {processor.py:826} INFO - Processing file /usr/local/python/3.10.13/lib/python3.10/site-packages/airflow/example_dags/example_datasets.py for tasks to queue
[2024-06-23T18:35:55.396+0000] {logging_mixin.py:150} INFO - [2024-06-23T18:35:55.396+0000] {dagbag.py:541} INFO - Filling up the DagBag from /usr/local/python/3.10.13/lib/python3.10/site-packages/airflow/example_dags/example_datasets.py
[2024-06-23T18:35:55.408+0000] {processor.py:836} INFO - DAG(s) dict_keys(['dataset_produces_1', 'dataset_consumes_1_and_2', 'dataset_consumes_unknown_never_scheduled', 'dataset_produces_2', 'dataset_consumes_1_never_scheduled', 'dataset_consumes_1']) retrieved from /usr/local/python/3.10.13/lib/python3.10/site-packages/airflow/example_dags/example_datasets.py
[2024-06-23T18:35:55.440+0000] {logging_mixin.py:150} INFO - [2024-06-23T18:35:55.440+0000] {dag.py:2742} INFO - Sync 6 DAGs
[2024-06-23T18:35:55.457+0000] {logging_mixin.py:150} INFO - [2024-06-23T18:35:55.456+0000] {dag.py:3504} INFO - Setting next_dagrun for dataset_consumes_1 to None, run_after=None
[2024-06-23T18:35:55.459+0000] {logging_mixin.py:150} INFO - [2024-06-23T18:35:55.459+0000] {dag.py:3504} INFO - Setting next_dagrun for dataset_consumes_1_and_2 to None, run_after=None
[2024-06-23T18:35:55.460+0000] {logging_mixin.py:150} INFO - [2024-06-23T18:35:55.459+0000] {dag.py:3504} INFO - Setting next_dagrun for dataset_consumes_1_never_scheduled to None, run_after=None
[2024-06-23T18:35:55.460+0000] {logging_mixin.py:150} INFO - [2024-06-23T18:35:55.460+0000] {dag.py:3504} INFO - Setting next_dagrun for dataset_consumes_unknown_never_scheduled to None, run_after=None
[2024-06-23T18:35:55.462+0000] {logging_mixin.py:150} INFO - [2024-06-23T18:35:55.462+0000] {dag.py:3504} INFO - Setting next_dagrun for dataset_produces_1 to 2024-06-22T00:00:00+00:00, run_after=2024-06-23T00:00:00+00:00
[2024-06-23T18:35:55.463+0000] {logging_mixin.py:150} INFO - [2024-06-23T18:35:55.463+0000] {dag.py:3504} INFO - Setting next_dagrun for dataset_produces_2 to None, run_after=None
[2024-06-23T18:35:55.528+0000] {processor.py:179} INFO - Processing /usr/local/python/3.10.13/lib/python3.10/site-packages/airflow/example_dags/example_datasets.py took 0.137 seconds
