[2024-06-23T18:26:42.039+0000] {processor.py:157} INFO - Started process (PID=25389) to work on /usr/local/python/3.10.13/lib/python3.10/site-packages/airflow/example_dags/example_dynamic_task_mapping.py
[2024-06-23T18:26:42.040+0000] {processor.py:826} INFO - Processing file /usr/local/python/3.10.13/lib/python3.10/site-packages/airflow/example_dags/example_dynamic_task_mapping.py for tasks to queue
[2024-06-23T18:26:42.040+0000] {logging_mixin.py:150} INFO - [2024-06-23T18:26:42.040+0000] {dagbag.py:541} INFO - Filling up the DagBag from /usr/local/python/3.10.13/lib/python3.10/site-packages/airflow/example_dags/example_dynamic_task_mapping.py
[2024-06-23T18:26:42.045+0000] {processor.py:836} INFO - DAG(s) dict_keys(['example_dynamic_task_mapping']) retrieved from /usr/local/python/3.10.13/lib/python3.10/site-packages/airflow/example_dags/example_dynamic_task_mapping.py
[2024-06-23T18:26:42.228+0000] {logging_mixin.py:150} INFO - [2024-06-23T18:26:42.228+0000] {manager.py:504} INFO - Created Permission View: can delete on DAG:example_dynamic_task_mapping
[2024-06-23T18:26:42.258+0000] {logging_mixin.py:150} INFO - [2024-06-23T18:26:42.258+0000] {manager.py:504} INFO - Created Permission View: can edit on DAG:example_dynamic_task_mapping
[2024-06-23T18:26:42.285+0000] {logging_mixin.py:150} INFO - [2024-06-23T18:26:42.285+0000] {manager.py:504} INFO - Created Permission View: can read on DAG:example_dynamic_task_mapping
[2024-06-23T18:26:42.299+0000] {logging_mixin.py:150} INFO - [2024-06-23T18:26:42.299+0000] {dag.py:2742} INFO - Sync 1 DAGs
[2024-06-23T18:26:42.310+0000] {logging_mixin.py:150} INFO - [2024-06-23T18:26:42.310+0000] {dag.py:2763} INFO - Creating ORM DAG for example_dynamic_task_mapping
[2024-06-23T18:26:42.320+0000] {logging_mixin.py:150} INFO - [2024-06-23T18:26:42.320+0000] {dag.py:3504} INFO - Setting next_dagrun for example_dynamic_task_mapping to 2022-03-04T00:00:00+00:00, run_after=2022-03-05T00:00:00+00:00
[2024-06-23T18:26:42.359+0000] {processor.py:179} INFO - Processing /usr/local/python/3.10.13/lib/python3.10/site-packages/airflow/example_dags/example_dynamic_task_mapping.py took 0.322 seconds
[2024-06-23T18:27:34.488+0000] {processor.py:157} INFO - Started process (PID=25849) to work on /usr/local/python/3.10.13/lib/python3.10/site-packages/airflow/example_dags/example_dynamic_task_mapping.py
[2024-06-23T18:27:34.489+0000] {processor.py:826} INFO - Processing file /usr/local/python/3.10.13/lib/python3.10/site-packages/airflow/example_dags/example_dynamic_task_mapping.py for tasks to queue
[2024-06-23T18:27:34.489+0000] {logging_mixin.py:150} INFO - [2024-06-23T18:27:34.489+0000] {dagbag.py:541} INFO - Filling up the DagBag from /usr/local/python/3.10.13/lib/python3.10/site-packages/airflow/example_dags/example_dynamic_task_mapping.py
[2024-06-23T18:27:34.495+0000] {processor.py:836} INFO - DAG(s) dict_keys(['example_dynamic_task_mapping']) retrieved from /usr/local/python/3.10.13/lib/python3.10/site-packages/airflow/example_dags/example_dynamic_task_mapping.py
[2024-06-23T18:27:34.506+0000] {logging_mixin.py:150} INFO - [2024-06-23T18:27:34.506+0000] {dag.py:2742} INFO - Sync 1 DAGs
[2024-06-23T18:27:34.520+0000] {logging_mixin.py:150} INFO - [2024-06-23T18:27:34.520+0000] {dag.py:3504} INFO - Setting next_dagrun for example_dynamic_task_mapping to 2022-03-04T00:00:00+00:00, run_after=2022-03-05T00:00:00+00:00
[2024-06-23T18:27:34.566+0000] {processor.py:179} INFO - Processing /usr/local/python/3.10.13/lib/python3.10/site-packages/airflow/example_dags/example_dynamic_task_mapping.py took 0.080 seconds
[2024-06-23T18:28:19.260+0000] {processor.py:157} INFO - Started process (PID=26266) to work on /usr/local/python/3.10.13/lib/python3.10/site-packages/airflow/example_dags/example_dynamic_task_mapping.py
[2024-06-23T18:28:19.261+0000] {processor.py:826} INFO - Processing file /usr/local/python/3.10.13/lib/python3.10/site-packages/airflow/example_dags/example_dynamic_task_mapping.py for tasks to queue
[2024-06-23T18:28:19.262+0000] {logging_mixin.py:150} INFO - [2024-06-23T18:28:19.261+0000] {dagbag.py:541} INFO - Filling up the DagBag from /usr/local/python/3.10.13/lib/python3.10/site-packages/airflow/example_dags/example_dynamic_task_mapping.py
[2024-06-23T18:28:19.267+0000] {processor.py:836} INFO - DAG(s) dict_keys(['example_dynamic_task_mapping']) retrieved from /usr/local/python/3.10.13/lib/python3.10/site-packages/airflow/example_dags/example_dynamic_task_mapping.py
[2024-06-23T18:28:19.315+0000] {logging_mixin.py:150} INFO - [2024-06-23T18:28:19.315+0000] {dag.py:2742} INFO - Sync 1 DAGs
[2024-06-23T18:28:19.368+0000] {logging_mixin.py:150} INFO - [2024-06-23T18:28:19.367+0000] {dag.py:3504} INFO - Setting next_dagrun for example_dynamic_task_mapping to 2022-03-04T00:00:00+00:00, run_after=2022-03-05T00:00:00+00:00
[2024-06-23T18:28:19.407+0000] {processor.py:179} INFO - Processing /usr/local/python/3.10.13/lib/python3.10/site-packages/airflow/example_dags/example_dynamic_task_mapping.py took 0.149 seconds
[2024-06-23T18:29:05.410+0000] {processor.py:157} INFO - Started process (PID=26601) to work on /usr/local/python/3.10.13/lib/python3.10/site-packages/airflow/example_dags/example_dynamic_task_mapping.py
[2024-06-23T18:29:05.411+0000] {processor.py:826} INFO - Processing file /usr/local/python/3.10.13/lib/python3.10/site-packages/airflow/example_dags/example_dynamic_task_mapping.py for tasks to queue
[2024-06-23T18:29:05.412+0000] {logging_mixin.py:150} INFO - [2024-06-23T18:29:05.412+0000] {dagbag.py:541} INFO - Filling up the DagBag from /usr/local/python/3.10.13/lib/python3.10/site-packages/airflow/example_dags/example_dynamic_task_mapping.py
[2024-06-23T18:29:05.417+0000] {processor.py:836} INFO - DAG(s) dict_keys(['example_dynamic_task_mapping']) retrieved from /usr/local/python/3.10.13/lib/python3.10/site-packages/airflow/example_dags/example_dynamic_task_mapping.py
[2024-06-23T18:29:05.428+0000] {logging_mixin.py:150} INFO - [2024-06-23T18:29:05.428+0000] {dag.py:2742} INFO - Sync 1 DAGs
[2024-06-23T18:29:05.443+0000] {logging_mixin.py:150} INFO - [2024-06-23T18:29:05.443+0000] {dag.py:3504} INFO - Setting next_dagrun for example_dynamic_task_mapping to 2022-03-04T00:00:00+00:00, run_after=2022-03-05T00:00:00+00:00
[2024-06-23T18:29:05.484+0000] {processor.py:179} INFO - Processing /usr/local/python/3.10.13/lib/python3.10/site-packages/airflow/example_dags/example_dynamic_task_mapping.py took 0.076 seconds
[2024-06-23T18:29:49.707+0000] {processor.py:157} INFO - Started process (PID=26900) to work on /usr/local/python/3.10.13/lib/python3.10/site-packages/airflow/example_dags/example_dynamic_task_mapping.py
[2024-06-23T18:29:49.708+0000] {processor.py:826} INFO - Processing file /usr/local/python/3.10.13/lib/python3.10/site-packages/airflow/example_dags/example_dynamic_task_mapping.py for tasks to queue
[2024-06-23T18:29:49.709+0000] {logging_mixin.py:150} INFO - [2024-06-23T18:29:49.708+0000] {dagbag.py:541} INFO - Filling up the DagBag from /usr/local/python/3.10.13/lib/python3.10/site-packages/airflow/example_dags/example_dynamic_task_mapping.py
[2024-06-23T18:29:49.714+0000] {processor.py:836} INFO - DAG(s) dict_keys(['example_dynamic_task_mapping']) retrieved from /usr/local/python/3.10.13/lib/python3.10/site-packages/airflow/example_dags/example_dynamic_task_mapping.py
[2024-06-23T18:29:49.724+0000] {logging_mixin.py:150} INFO - [2024-06-23T18:29:49.724+0000] {dag.py:2742} INFO - Sync 1 DAGs
[2024-06-23T18:29:49.739+0000] {logging_mixin.py:150} INFO - [2024-06-23T18:29:49.739+0000] {dag.py:3504} INFO - Setting next_dagrun for example_dynamic_task_mapping to 2022-03-04T00:00:00+00:00, run_after=2022-03-05T00:00:00+00:00
[2024-06-23T18:29:49.777+0000] {processor.py:179} INFO - Processing /usr/local/python/3.10.13/lib/python3.10/site-packages/airflow/example_dags/example_dynamic_task_mapping.py took 0.072 seconds
[2024-06-23T18:30:33.522+0000] {processor.py:157} INFO - Started process (PID=27224) to work on /usr/local/python/3.10.13/lib/python3.10/site-packages/airflow/example_dags/example_dynamic_task_mapping.py
[2024-06-23T18:30:33.522+0000] {processor.py:826} INFO - Processing file /usr/local/python/3.10.13/lib/python3.10/site-packages/airflow/example_dags/example_dynamic_task_mapping.py for tasks to queue
[2024-06-23T18:30:33.523+0000] {logging_mixin.py:150} INFO - [2024-06-23T18:30:33.523+0000] {dagbag.py:541} INFO - Filling up the DagBag from /usr/local/python/3.10.13/lib/python3.10/site-packages/airflow/example_dags/example_dynamic_task_mapping.py
[2024-06-23T18:30:33.528+0000] {processor.py:836} INFO - DAG(s) dict_keys(['example_dynamic_task_mapping']) retrieved from /usr/local/python/3.10.13/lib/python3.10/site-packages/airflow/example_dags/example_dynamic_task_mapping.py
[2024-06-23T18:30:33.539+0000] {logging_mixin.py:150} INFO - [2024-06-23T18:30:33.539+0000] {dag.py:2742} INFO - Sync 1 DAGs
[2024-06-23T18:30:33.554+0000] {logging_mixin.py:150} INFO - [2024-06-23T18:30:33.554+0000] {dag.py:3504} INFO - Setting next_dagrun for example_dynamic_task_mapping to 2022-03-04T00:00:00+00:00, run_after=2022-03-05T00:00:00+00:00
[2024-06-23T18:30:33.594+0000] {processor.py:179} INFO - Processing /usr/local/python/3.10.13/lib/python3.10/site-packages/airflow/example_dags/example_dynamic_task_mapping.py took 0.074 seconds
[2024-06-23T18:31:17.695+0000] {processor.py:157} INFO - Started process (PID=27523) to work on /usr/local/python/3.10.13/lib/python3.10/site-packages/airflow/example_dags/example_dynamic_task_mapping.py
[2024-06-23T18:31:17.695+0000] {processor.py:826} INFO - Processing file /usr/local/python/3.10.13/lib/python3.10/site-packages/airflow/example_dags/example_dynamic_task_mapping.py for tasks to queue
[2024-06-23T18:31:17.696+0000] {logging_mixin.py:150} INFO - [2024-06-23T18:31:17.696+0000] {dagbag.py:541} INFO - Filling up the DagBag from /usr/local/python/3.10.13/lib/python3.10/site-packages/airflow/example_dags/example_dynamic_task_mapping.py
[2024-06-23T18:31:17.702+0000] {processor.py:836} INFO - DAG(s) dict_keys(['example_dynamic_task_mapping']) retrieved from /usr/local/python/3.10.13/lib/python3.10/site-packages/airflow/example_dags/example_dynamic_task_mapping.py
[2024-06-23T18:31:17.712+0000] {logging_mixin.py:150} INFO - [2024-06-23T18:31:17.712+0000] {dag.py:2742} INFO - Sync 1 DAGs
[2024-06-23T18:31:17.727+0000] {logging_mixin.py:150} INFO - [2024-06-23T18:31:17.727+0000] {dag.py:3504} INFO - Setting next_dagrun for example_dynamic_task_mapping to 2022-03-04T00:00:00+00:00, run_after=2022-03-05T00:00:00+00:00
[2024-06-23T18:31:17.766+0000] {processor.py:179} INFO - Processing /usr/local/python/3.10.13/lib/python3.10/site-packages/airflow/example_dags/example_dynamic_task_mapping.py took 0.074 seconds
[2024-06-23T18:32:07.775+0000] {processor.py:157} INFO - Started process (PID=27898) to work on /usr/local/python/3.10.13/lib/python3.10/site-packages/airflow/example_dags/example_dynamic_task_mapping.py
[2024-06-23T18:32:07.776+0000] {processor.py:826} INFO - Processing file /usr/local/python/3.10.13/lib/python3.10/site-packages/airflow/example_dags/example_dynamic_task_mapping.py for tasks to queue
[2024-06-23T18:32:07.777+0000] {logging_mixin.py:150} INFO - [2024-06-23T18:32:07.776+0000] {dagbag.py:541} INFO - Filling up the DagBag from /usr/local/python/3.10.13/lib/python3.10/site-packages/airflow/example_dags/example_dynamic_task_mapping.py
[2024-06-23T18:32:07.782+0000] {processor.py:836} INFO - DAG(s) dict_keys(['example_dynamic_task_mapping']) retrieved from /usr/local/python/3.10.13/lib/python3.10/site-packages/airflow/example_dags/example_dynamic_task_mapping.py
[2024-06-23T18:32:07.792+0000] {logging_mixin.py:150} INFO - [2024-06-23T18:32:07.792+0000] {dag.py:2742} INFO - Sync 1 DAGs
[2024-06-23T18:32:07.807+0000] {logging_mixin.py:150} INFO - [2024-06-23T18:32:07.807+0000] {dag.py:3504} INFO - Setting next_dagrun for example_dynamic_task_mapping to 2022-03-04T00:00:00+00:00, run_after=2022-03-05T00:00:00+00:00
[2024-06-23T18:32:07.846+0000] {processor.py:179} INFO - Processing /usr/local/python/3.10.13/lib/python3.10/site-packages/airflow/example_dags/example_dynamic_task_mapping.py took 0.072 seconds
[2024-06-23T18:32:59.843+0000] {processor.py:157} INFO - Started process (PID=28258) to work on /usr/local/python/3.10.13/lib/python3.10/site-packages/airflow/example_dags/example_dynamic_task_mapping.py
[2024-06-23T18:32:59.844+0000] {processor.py:826} INFO - Processing file /usr/local/python/3.10.13/lib/python3.10/site-packages/airflow/example_dags/example_dynamic_task_mapping.py for tasks to queue
[2024-06-23T18:32:59.845+0000] {logging_mixin.py:150} INFO - [2024-06-23T18:32:59.845+0000] {dagbag.py:541} INFO - Filling up the DagBag from /usr/local/python/3.10.13/lib/python3.10/site-packages/airflow/example_dags/example_dynamic_task_mapping.py
[2024-06-23T18:32:59.851+0000] {processor.py:836} INFO - DAG(s) dict_keys(['example_dynamic_task_mapping']) retrieved from /usr/local/python/3.10.13/lib/python3.10/site-packages/airflow/example_dags/example_dynamic_task_mapping.py
[2024-06-23T18:32:59.862+0000] {logging_mixin.py:150} INFO - [2024-06-23T18:32:59.862+0000] {dag.py:2742} INFO - Sync 1 DAGs
[2024-06-23T18:32:59.877+0000] {logging_mixin.py:150} INFO - [2024-06-23T18:32:59.877+0000] {dag.py:3504} INFO - Setting next_dagrun for example_dynamic_task_mapping to 2022-03-04T00:00:00+00:00, run_after=2022-03-05T00:00:00+00:00
[2024-06-23T18:32:59.915+0000] {processor.py:179} INFO - Processing /usr/local/python/3.10.13/lib/python3.10/site-packages/airflow/example_dags/example_dynamic_task_mapping.py took 0.075 seconds
[2024-06-23T18:33:53.923+0000] {processor.py:157} INFO - Started process (PID=28630) to work on /usr/local/python/3.10.13/lib/python3.10/site-packages/airflow/example_dags/example_dynamic_task_mapping.py
[2024-06-23T18:33:53.924+0000] {processor.py:826} INFO - Processing file /usr/local/python/3.10.13/lib/python3.10/site-packages/airflow/example_dags/example_dynamic_task_mapping.py for tasks to queue
[2024-06-23T18:33:53.924+0000] {logging_mixin.py:150} INFO - [2024-06-23T18:33:53.924+0000] {dagbag.py:541} INFO - Filling up the DagBag from /usr/local/python/3.10.13/lib/python3.10/site-packages/airflow/example_dags/example_dynamic_task_mapping.py
[2024-06-23T18:33:53.930+0000] {processor.py:836} INFO - DAG(s) dict_keys(['example_dynamic_task_mapping']) retrieved from /usr/local/python/3.10.13/lib/python3.10/site-packages/airflow/example_dags/example_dynamic_task_mapping.py
[2024-06-23T18:33:53.940+0000] {logging_mixin.py:150} INFO - [2024-06-23T18:33:53.940+0000] {dag.py:2742} INFO - Sync 1 DAGs
[2024-06-23T18:33:53.955+0000] {logging_mixin.py:150} INFO - [2024-06-23T18:33:53.955+0000] {dag.py:3504} INFO - Setting next_dagrun for example_dynamic_task_mapping to 2022-03-04T00:00:00+00:00, run_after=2022-03-05T00:00:00+00:00
[2024-06-23T18:33:53.993+0000] {processor.py:179} INFO - Processing /usr/local/python/3.10.13/lib/python3.10/site-packages/airflow/example_dags/example_dynamic_task_mapping.py took 0.072 seconds
[2024-06-23T18:34:41.073+0000] {processor.py:157} INFO - Started process (PID=28968) to work on /usr/local/python/3.10.13/lib/python3.10/site-packages/airflow/example_dags/example_dynamic_task_mapping.py
[2024-06-23T18:34:41.074+0000] {processor.py:826} INFO - Processing file /usr/local/python/3.10.13/lib/python3.10/site-packages/airflow/example_dags/example_dynamic_task_mapping.py for tasks to queue
[2024-06-23T18:34:41.074+0000] {logging_mixin.py:150} INFO - [2024-06-23T18:34:41.074+0000] {dagbag.py:541} INFO - Filling up the DagBag from /usr/local/python/3.10.13/lib/python3.10/site-packages/airflow/example_dags/example_dynamic_task_mapping.py
[2024-06-23T18:34:41.080+0000] {processor.py:836} INFO - DAG(s) dict_keys(['example_dynamic_task_mapping']) retrieved from /usr/local/python/3.10.13/lib/python3.10/site-packages/airflow/example_dags/example_dynamic_task_mapping.py
[2024-06-23T18:34:41.090+0000] {logging_mixin.py:150} INFO - [2024-06-23T18:34:41.090+0000] {dag.py:2742} INFO - Sync 1 DAGs
[2024-06-23T18:34:41.104+0000] {logging_mixin.py:150} INFO - [2024-06-23T18:34:41.104+0000] {dag.py:3504} INFO - Setting next_dagrun for example_dynamic_task_mapping to 2022-03-04T00:00:00+00:00, run_after=2022-03-05T00:00:00+00:00
[2024-06-23T18:34:41.143+0000] {processor.py:179} INFO - Processing /usr/local/python/3.10.13/lib/python3.10/site-packages/airflow/example_dags/example_dynamic_task_mapping.py took 0.072 seconds
[2024-06-23T18:35:34.737+0000] {processor.py:157} INFO - Started process (PID=29338) to work on /usr/local/python/3.10.13/lib/python3.10/site-packages/airflow/example_dags/example_dynamic_task_mapping.py
[2024-06-23T18:35:34.737+0000] {processor.py:826} INFO - Processing file /usr/local/python/3.10.13/lib/python3.10/site-packages/airflow/example_dags/example_dynamic_task_mapping.py for tasks to queue
[2024-06-23T18:35:34.738+0000] {logging_mixin.py:150} INFO - [2024-06-23T18:35:34.738+0000] {dagbag.py:541} INFO - Filling up the DagBag from /usr/local/python/3.10.13/lib/python3.10/site-packages/airflow/example_dags/example_dynamic_task_mapping.py
[2024-06-23T18:35:34.743+0000] {processor.py:836} INFO - DAG(s) dict_keys(['example_dynamic_task_mapping']) retrieved from /usr/local/python/3.10.13/lib/python3.10/site-packages/airflow/example_dags/example_dynamic_task_mapping.py
[2024-06-23T18:35:34.754+0000] {logging_mixin.py:150} INFO - [2024-06-23T18:35:34.753+0000] {dag.py:2742} INFO - Sync 1 DAGs
[2024-06-23T18:35:34.768+0000] {logging_mixin.py:150} INFO - [2024-06-23T18:35:34.768+0000] {dag.py:3504} INFO - Setting next_dagrun for example_dynamic_task_mapping to 2022-03-04T00:00:00+00:00, run_after=2022-03-05T00:00:00+00:00
[2024-06-23T18:35:34.806+0000] {processor.py:179} INFO - Processing /usr/local/python/3.10.13/lib/python3.10/site-packages/airflow/example_dags/example_dynamic_task_mapping.py took 0.072 seconds
