[2024-06-23T18:26:51.416+0000] {processor.py:157} INFO - Started process (PID=25457) to work on /usr/local/python/3.10.13/lib/python3.10/site-packages/airflow/example_dags/example_kubernetes_executor.py
[2024-06-23T18:26:51.417+0000] {processor.py:826} INFO - Processing file /usr/local/python/3.10.13/lib/python3.10/site-packages/airflow/example_dags/example_kubernetes_executor.py for tasks to queue
[2024-06-23T18:26:51.418+0000] {logging_mixin.py:150} INFO - [2024-06-23T18:26:51.417+0000] {dagbag.py:541} INFO - Filling up the DagBag from /usr/local/python/3.10.13/lib/python3.10/site-packages/airflow/example_dags/example_kubernetes_executor.py
[2024-06-23T18:26:51.420+0000] {logging_mixin.py:150} INFO - [2024-06-23T18:26:51.420+0000] {example_kubernetes_executor.py:41} WARNING - The example_kubernetes_executor example DAG requires the kubernetes provider. Please install it with: pip install apache-airflow[cncf.kubernetes]
[2024-06-23T18:26:51.420+0000] {processor.py:838} WARNING - No viable dags retrieved from /usr/local/python/3.10.13/lib/python3.10/site-packages/airflow/example_dags/example_kubernetes_executor.py
[2024-06-23T18:26:51.426+0000] {processor.py:179} INFO - Processing /usr/local/python/3.10.13/lib/python3.10/site-packages/airflow/example_dags/example_kubernetes_executor.py took 0.012 seconds
[2024-06-23T18:27:42.702+0000] {processor.py:157} INFO - Started process (PID=25980) to work on /usr/local/python/3.10.13/lib/python3.10/site-packages/airflow/example_dags/example_kubernetes_executor.py
[2024-06-23T18:27:42.703+0000] {processor.py:826} INFO - Processing file /usr/local/python/3.10.13/lib/python3.10/site-packages/airflow/example_dags/example_kubernetes_executor.py for tasks to queue
[2024-06-23T18:27:42.704+0000] {logging_mixin.py:150} INFO - [2024-06-23T18:27:42.703+0000] {dagbag.py:541} INFO - Filling up the DagBag from /usr/local/python/3.10.13/lib/python3.10/site-packages/airflow/example_dags/example_kubernetes_executor.py
[2024-06-23T18:27:42.706+0000] {logging_mixin.py:150} INFO - [2024-06-23T18:27:42.706+0000] {example_kubernetes_executor.py:41} WARNING - The example_kubernetes_executor example DAG requires the kubernetes provider. Please install it with: pip install apache-airflow[cncf.kubernetes]
[2024-06-23T18:27:42.706+0000] {processor.py:838} WARNING - No viable dags retrieved from /usr/local/python/3.10.13/lib/python3.10/site-packages/airflow/example_dags/example_kubernetes_executor.py
[2024-06-23T18:27:42.713+0000] {processor.py:179} INFO - Processing /usr/local/python/3.10.13/lib/python3.10/site-packages/airflow/example_dags/example_kubernetes_executor.py took 0.012 seconds
[2024-06-23T18:28:27.638+0000] {processor.py:157} INFO - Started process (PID=26329) to work on /usr/local/python/3.10.13/lib/python3.10/site-packages/airflow/example_dags/example_kubernetes_executor.py
[2024-06-23T18:28:27.638+0000] {processor.py:826} INFO - Processing file /usr/local/python/3.10.13/lib/python3.10/site-packages/airflow/example_dags/example_kubernetes_executor.py for tasks to queue
[2024-06-23T18:28:27.640+0000] {logging_mixin.py:150} INFO - [2024-06-23T18:28:27.639+0000] {dagbag.py:541} INFO - Filling up the DagBag from /usr/local/python/3.10.13/lib/python3.10/site-packages/airflow/example_dags/example_kubernetes_executor.py
[2024-06-23T18:28:27.643+0000] {logging_mixin.py:150} INFO - [2024-06-23T18:28:27.643+0000] {example_kubernetes_executor.py:41} WARNING - The example_kubernetes_executor example DAG requires the kubernetes provider. Please install it with: pip install apache-airflow[cncf.kubernetes]
[2024-06-23T18:28:27.643+0000] {processor.py:838} WARNING - No viable dags retrieved from /usr/local/python/3.10.13/lib/python3.10/site-packages/airflow/example_dags/example_kubernetes_executor.py
[2024-06-23T18:28:27.650+0000] {processor.py:179} INFO - Processing /usr/local/python/3.10.13/lib/python3.10/site-packages/airflow/example_dags/example_kubernetes_executor.py took 0.015 seconds
[2024-06-23T18:29:12.438+0000] {processor.py:157} INFO - Started process (PID=26653) to work on /usr/local/python/3.10.13/lib/python3.10/site-packages/airflow/example_dags/example_kubernetes_executor.py
[2024-06-23T18:29:12.439+0000] {processor.py:826} INFO - Processing file /usr/local/python/3.10.13/lib/python3.10/site-packages/airflow/example_dags/example_kubernetes_executor.py for tasks to queue
[2024-06-23T18:29:12.440+0000] {logging_mixin.py:150} INFO - [2024-06-23T18:29:12.439+0000] {dagbag.py:541} INFO - Filling up the DagBag from /usr/local/python/3.10.13/lib/python3.10/site-packages/airflow/example_dags/example_kubernetes_executor.py
[2024-06-23T18:29:12.442+0000] {logging_mixin.py:150} INFO - [2024-06-23T18:29:12.442+0000] {example_kubernetes_executor.py:41} WARNING - The example_kubernetes_executor example DAG requires the kubernetes provider. Please install it with: pip install apache-airflow[cncf.kubernetes]
[2024-06-23T18:29:12.442+0000] {processor.py:838} WARNING - No viable dags retrieved from /usr/local/python/3.10.13/lib/python3.10/site-packages/airflow/example_dags/example_kubernetes_executor.py
[2024-06-23T18:29:12.449+0000] {processor.py:179} INFO - Processing /usr/local/python/3.10.13/lib/python3.10/site-packages/airflow/example_dags/example_kubernetes_executor.py took 0.013 seconds
[2024-06-23T18:29:56.570+0000] {processor.py:157} INFO - Started process (PID=26957) to work on /usr/local/python/3.10.13/lib/python3.10/site-packages/airflow/example_dags/example_kubernetes_executor.py
[2024-06-23T18:29:56.570+0000] {processor.py:826} INFO - Processing file /usr/local/python/3.10.13/lib/python3.10/site-packages/airflow/example_dags/example_kubernetes_executor.py for tasks to queue
[2024-06-23T18:29:56.571+0000] {logging_mixin.py:150} INFO - [2024-06-23T18:29:56.571+0000] {dagbag.py:541} INFO - Filling up the DagBag from /usr/local/python/3.10.13/lib/python3.10/site-packages/airflow/example_dags/example_kubernetes_executor.py
[2024-06-23T18:29:56.573+0000] {logging_mixin.py:150} INFO - [2024-06-23T18:29:56.573+0000] {example_kubernetes_executor.py:41} WARNING - The example_kubernetes_executor example DAG requires the kubernetes provider. Please install it with: pip install apache-airflow[cncf.kubernetes]
[2024-06-23T18:29:56.574+0000] {processor.py:838} WARNING - No viable dags retrieved from /usr/local/python/3.10.13/lib/python3.10/site-packages/airflow/example_dags/example_kubernetes_executor.py
[2024-06-23T18:29:56.580+0000] {processor.py:179} INFO - Processing /usr/local/python/3.10.13/lib/python3.10/site-packages/airflow/example_dags/example_kubernetes_executor.py took 0.012 seconds
[2024-06-23T18:30:40.134+0000] {processor.py:157} INFO - Started process (PID=27261) to work on /usr/local/python/3.10.13/lib/python3.10/site-packages/airflow/example_dags/example_kubernetes_executor.py
[2024-06-23T18:30:40.134+0000] {processor.py:826} INFO - Processing file /usr/local/python/3.10.13/lib/python3.10/site-packages/airflow/example_dags/example_kubernetes_executor.py for tasks to queue
[2024-06-23T18:30:40.135+0000] {logging_mixin.py:150} INFO - [2024-06-23T18:30:40.135+0000] {dagbag.py:541} INFO - Filling up the DagBag from /usr/local/python/3.10.13/lib/python3.10/site-packages/airflow/example_dags/example_kubernetes_executor.py
[2024-06-23T18:30:40.137+0000] {logging_mixin.py:150} INFO - [2024-06-23T18:30:40.137+0000] {example_kubernetes_executor.py:41} WARNING - The example_kubernetes_executor example DAG requires the kubernetes provider. Please install it with: pip install apache-airflow[cncf.kubernetes]
[2024-06-23T18:30:40.137+0000] {processor.py:838} WARNING - No viable dags retrieved from /usr/local/python/3.10.13/lib/python3.10/site-packages/airflow/example_dags/example_kubernetes_executor.py
[2024-06-23T18:30:40.146+0000] {processor.py:179} INFO - Processing /usr/local/python/3.10.13/lib/python3.10/site-packages/airflow/example_dags/example_kubernetes_executor.py took 0.014 seconds
[2024-06-23T18:31:31.696+0000] {processor.py:157} INFO - Started process (PID=27613) to work on /usr/local/python/3.10.13/lib/python3.10/site-packages/airflow/example_dags/example_kubernetes_executor.py
[2024-06-23T18:31:31.696+0000] {processor.py:826} INFO - Processing file /usr/local/python/3.10.13/lib/python3.10/site-packages/airflow/example_dags/example_kubernetes_executor.py for tasks to queue
[2024-06-23T18:31:31.697+0000] {logging_mixin.py:150} INFO - [2024-06-23T18:31:31.697+0000] {dagbag.py:541} INFO - Filling up the DagBag from /usr/local/python/3.10.13/lib/python3.10/site-packages/airflow/example_dags/example_kubernetes_executor.py
[2024-06-23T18:31:31.700+0000] {logging_mixin.py:150} INFO - [2024-06-23T18:31:31.699+0000] {example_kubernetes_executor.py:41} WARNING - The example_kubernetes_executor example DAG requires the kubernetes provider. Please install it with: pip install apache-airflow[cncf.kubernetes]
[2024-06-23T18:31:31.700+0000] {processor.py:838} WARNING - No viable dags retrieved from /usr/local/python/3.10.13/lib/python3.10/site-packages/airflow/example_dags/example_kubernetes_executor.py
[2024-06-23T18:31:31.706+0000] {processor.py:179} INFO - Processing /usr/local/python/3.10.13/lib/python3.10/site-packages/airflow/example_dags/example_kubernetes_executor.py took 0.013 seconds
[2024-06-23T18:32:22.113+0000] {processor.py:157} INFO - Started process (PID=27989) to work on /usr/local/python/3.10.13/lib/python3.10/site-packages/airflow/example_dags/example_kubernetes_executor.py
[2024-06-23T18:32:22.113+0000] {processor.py:826} INFO - Processing file /usr/local/python/3.10.13/lib/python3.10/site-packages/airflow/example_dags/example_kubernetes_executor.py for tasks to queue
[2024-06-23T18:32:22.114+0000] {logging_mixin.py:150} INFO - [2024-06-23T18:32:22.114+0000] {dagbag.py:541} INFO - Filling up the DagBag from /usr/local/python/3.10.13/lib/python3.10/site-packages/airflow/example_dags/example_kubernetes_executor.py
[2024-06-23T18:32:22.116+0000] {logging_mixin.py:150} INFO - [2024-06-23T18:32:22.116+0000] {example_kubernetes_executor.py:41} WARNING - The example_kubernetes_executor example DAG requires the kubernetes provider. Please install it with: pip install apache-airflow[cncf.kubernetes]
[2024-06-23T18:32:22.117+0000] {processor.py:838} WARNING - No viable dags retrieved from /usr/local/python/3.10.13/lib/python3.10/site-packages/airflow/example_dags/example_kubernetes_executor.py
[2024-06-23T18:32:22.123+0000] {processor.py:179} INFO - Processing /usr/local/python/3.10.13/lib/python3.10/site-packages/airflow/example_dags/example_kubernetes_executor.py took 0.013 seconds
[2024-06-23T18:33:17.501+0000] {processor.py:157} INFO - Started process (PID=28389) to work on /usr/local/python/3.10.13/lib/python3.10/site-packages/airflow/example_dags/example_kubernetes_executor.py
[2024-06-23T18:33:17.501+0000] {processor.py:826} INFO - Processing file /usr/local/python/3.10.13/lib/python3.10/site-packages/airflow/example_dags/example_kubernetes_executor.py for tasks to queue
[2024-06-23T18:33:17.502+0000] {logging_mixin.py:150} INFO - [2024-06-23T18:33:17.502+0000] {dagbag.py:541} INFO - Filling up the DagBag from /usr/local/python/3.10.13/lib/python3.10/site-packages/airflow/example_dags/example_kubernetes_executor.py
[2024-06-23T18:33:17.504+0000] {logging_mixin.py:150} INFO - [2024-06-23T18:33:17.504+0000] {example_kubernetes_executor.py:41} WARNING - The example_kubernetes_executor example DAG requires the kubernetes provider. Please install it with: pip install apache-airflow[cncf.kubernetes]
[2024-06-23T18:33:17.505+0000] {processor.py:838} WARNING - No viable dags retrieved from /usr/local/python/3.10.13/lib/python3.10/site-packages/airflow/example_dags/example_kubernetes_executor.py
[2024-06-23T18:33:17.511+0000] {processor.py:179} INFO - Processing /usr/local/python/3.10.13/lib/python3.10/site-packages/airflow/example_dags/example_kubernetes_executor.py took 0.013 seconds
[2024-06-23T18:34:10.556+0000] {processor.py:157} INFO - Started process (PID=28751) to work on /usr/local/python/3.10.13/lib/python3.10/site-packages/airflow/example_dags/example_kubernetes_executor.py
[2024-06-23T18:34:10.557+0000] {processor.py:826} INFO - Processing file /usr/local/python/3.10.13/lib/python3.10/site-packages/airflow/example_dags/example_kubernetes_executor.py for tasks to queue
[2024-06-23T18:34:10.557+0000] {logging_mixin.py:150} INFO - [2024-06-23T18:34:10.557+0000] {dagbag.py:541} INFO - Filling up the DagBag from /usr/local/python/3.10.13/lib/python3.10/site-packages/airflow/example_dags/example_kubernetes_executor.py
[2024-06-23T18:34:10.560+0000] {logging_mixin.py:150} INFO - [2024-06-23T18:34:10.560+0000] {example_kubernetes_executor.py:41} WARNING - The example_kubernetes_executor example DAG requires the kubernetes provider. Please install it with: pip install apache-airflow[cncf.kubernetes]
[2024-06-23T18:34:10.560+0000] {processor.py:838} WARNING - No viable dags retrieved from /usr/local/python/3.10.13/lib/python3.10/site-packages/airflow/example_dags/example_kubernetes_executor.py
[2024-06-23T18:34:10.567+0000] {processor.py:179} INFO - Processing /usr/local/python/3.10.13/lib/python3.10/site-packages/airflow/example_dags/example_kubernetes_executor.py took 0.013 seconds
[2024-06-23T18:34:57.507+0000] {processor.py:157} INFO - Started process (PID=29089) to work on /usr/local/python/3.10.13/lib/python3.10/site-packages/airflow/example_dags/example_kubernetes_executor.py
[2024-06-23T18:34:57.507+0000] {processor.py:826} INFO - Processing file /usr/local/python/3.10.13/lib/python3.10/site-packages/airflow/example_dags/example_kubernetes_executor.py for tasks to queue
[2024-06-23T18:34:57.508+0000] {logging_mixin.py:150} INFO - [2024-06-23T18:34:57.508+0000] {dagbag.py:541} INFO - Filling up the DagBag from /usr/local/python/3.10.13/lib/python3.10/site-packages/airflow/example_dags/example_kubernetes_executor.py
[2024-06-23T18:34:57.510+0000] {logging_mixin.py:150} INFO - [2024-06-23T18:34:57.510+0000] {example_kubernetes_executor.py:41} WARNING - The example_kubernetes_executor example DAG requires the kubernetes provider. Please install it with: pip install apache-airflow[cncf.kubernetes]
[2024-06-23T18:34:57.510+0000] {processor.py:838} WARNING - No viable dags retrieved from /usr/local/python/3.10.13/lib/python3.10/site-packages/airflow/example_dags/example_kubernetes_executor.py
[2024-06-23T18:34:57.517+0000] {processor.py:179} INFO - Processing /usr/local/python/3.10.13/lib/python3.10/site-packages/airflow/example_dags/example_kubernetes_executor.py took 0.013 seconds
[2024-06-23T18:35:51.461+0000] {processor.py:157} INFO - Started process (PID=29490) to work on /usr/local/python/3.10.13/lib/python3.10/site-packages/airflow/example_dags/example_kubernetes_executor.py
[2024-06-23T18:35:51.462+0000] {processor.py:826} INFO - Processing file /usr/local/python/3.10.13/lib/python3.10/site-packages/airflow/example_dags/example_kubernetes_executor.py for tasks to queue
[2024-06-23T18:35:51.462+0000] {logging_mixin.py:150} INFO - [2024-06-23T18:35:51.462+0000] {dagbag.py:541} INFO - Filling up the DagBag from /usr/local/python/3.10.13/lib/python3.10/site-packages/airflow/example_dags/example_kubernetes_executor.py
[2024-06-23T18:35:51.464+0000] {logging_mixin.py:150} INFO - [2024-06-23T18:35:51.464+0000] {example_kubernetes_executor.py:41} WARNING - The example_kubernetes_executor example DAG requires the kubernetes provider. Please install it with: pip install apache-airflow[cncf.kubernetes]
[2024-06-23T18:35:51.465+0000] {processor.py:838} WARNING - No viable dags retrieved from /usr/local/python/3.10.13/lib/python3.10/site-packages/airflow/example_dags/example_kubernetes_executor.py
[2024-06-23T18:35:51.471+0000] {processor.py:179} INFO - Processing /usr/local/python/3.10.13/lib/python3.10/site-packages/airflow/example_dags/example_kubernetes_executor.py took 0.012 seconds
