[2024-06-23T18:26:39.237+0000] {processor.py:157} INFO - Started process (PID=25381) to work on /usr/local/python/3.10.13/lib/python3.10/site-packages/airflow/example_dags/example_external_task_marker_dag.py
[2024-06-23T18:26:39.238+0000] {processor.py:826} INFO - Processing file /usr/local/python/3.10.13/lib/python3.10/site-packages/airflow/example_dags/example_external_task_marker_dag.py for tasks to queue
[2024-06-23T18:26:39.238+0000] {logging_mixin.py:150} INFO - [2024-06-23T18:26:39.238+0000] {dagbag.py:541} INFO - Filling up the DagBag from /usr/local/python/3.10.13/lib/python3.10/site-packages/airflow/example_dags/example_external_task_marker_dag.py
[2024-06-23T18:26:39.243+0000] {processor.py:836} INFO - DAG(s) dict_keys(['example_external_task_marker_child', 'example_external_task_marker_parent']) retrieved from /usr/local/python/3.10.13/lib/python3.10/site-packages/airflow/example_dags/example_external_task_marker_dag.py
[2024-06-23T18:26:39.370+0000] {logging_mixin.py:150} INFO - [2024-06-23T18:26:39.370+0000] {manager.py:504} INFO - Created Permission View: can delete on DAG:example_external_task_marker_child
[2024-06-23T18:26:39.402+0000] {logging_mixin.py:150} INFO - [2024-06-23T18:26:39.401+0000] {manager.py:504} INFO - Created Permission View: can edit on DAG:example_external_task_marker_child
[2024-06-23T18:26:39.431+0000] {logging_mixin.py:150} INFO - [2024-06-23T18:26:39.431+0000] {manager.py:504} INFO - Created Permission View: can read on DAG:example_external_task_marker_child
[2024-06-23T18:26:39.503+0000] {logging_mixin.py:150} INFO - [2024-06-23T18:26:39.503+0000] {manager.py:504} INFO - Created Permission View: can delete on DAG:example_external_task_marker_parent
[2024-06-23T18:26:39.530+0000] {logging_mixin.py:150} INFO - [2024-06-23T18:26:39.530+0000] {manager.py:504} INFO - Created Permission View: can edit on DAG:example_external_task_marker_parent
[2024-06-23T18:26:39.558+0000] {logging_mixin.py:150} INFO - [2024-06-23T18:26:39.558+0000] {manager.py:504} INFO - Created Permission View: can read on DAG:example_external_task_marker_parent
[2024-06-23T18:26:39.562+0000] {logging_mixin.py:150} INFO - [2024-06-23T18:26:39.561+0000] {dag.py:2742} INFO - Sync 2 DAGs
[2024-06-23T18:26:39.570+0000] {logging_mixin.py:150} INFO - [2024-06-23T18:26:39.570+0000] {dag.py:2763} INFO - Creating ORM DAG for example_external_task_marker_child
[2024-06-23T18:26:39.571+0000] {logging_mixin.py:150} INFO - [2024-06-23T18:26:39.570+0000] {dag.py:2763} INFO - Creating ORM DAG for example_external_task_marker_parent
[2024-06-23T18:26:39.577+0000] {logging_mixin.py:150} INFO - [2024-06-23T18:26:39.577+0000] {dag.py:3504} INFO - Setting next_dagrun for example_external_task_marker_child to None, run_after=None
[2024-06-23T18:26:39.577+0000] {logging_mixin.py:150} INFO - [2024-06-23T18:26:39.577+0000] {dag.py:3504} INFO - Setting next_dagrun for example_external_task_marker_parent to None, run_after=None
[2024-06-23T18:26:39.625+0000] {processor.py:179} INFO - Processing /usr/local/python/3.10.13/lib/python3.10/site-packages/airflow/example_dags/example_external_task_marker_dag.py took 0.390 seconds
[2024-06-23T18:27:32.660+0000] {processor.py:157} INFO - Started process (PID=25829) to work on /usr/local/python/3.10.13/lib/python3.10/site-packages/airflow/example_dags/example_external_task_marker_dag.py
[2024-06-23T18:27:32.661+0000] {processor.py:826} INFO - Processing file /usr/local/python/3.10.13/lib/python3.10/site-packages/airflow/example_dags/example_external_task_marker_dag.py for tasks to queue
[2024-06-23T18:27:32.662+0000] {logging_mixin.py:150} INFO - [2024-06-23T18:27:32.661+0000] {dagbag.py:541} INFO - Filling up the DagBag from /usr/local/python/3.10.13/lib/python3.10/site-packages/airflow/example_dags/example_external_task_marker_dag.py
[2024-06-23T18:27:32.666+0000] {processor.py:836} INFO - DAG(s) dict_keys(['example_external_task_marker_parent', 'example_external_task_marker_child']) retrieved from /usr/local/python/3.10.13/lib/python3.10/site-packages/airflow/example_dags/example_external_task_marker_dag.py
[2024-06-23T18:27:32.680+0000] {logging_mixin.py:150} INFO - [2024-06-23T18:27:32.680+0000] {dag.py:2742} INFO - Sync 2 DAGs
[2024-06-23T18:27:32.694+0000] {logging_mixin.py:150} INFO - [2024-06-23T18:27:32.694+0000] {dag.py:3504} INFO - Setting next_dagrun for example_external_task_marker_child to None, run_after=None
[2024-06-23T18:27:32.697+0000] {logging_mixin.py:150} INFO - [2024-06-23T18:27:32.697+0000] {dag.py:3504} INFO - Setting next_dagrun for example_external_task_marker_parent to None, run_after=None
[2024-06-23T18:27:32.735+0000] {processor.py:179} INFO - Processing /usr/local/python/3.10.13/lib/python3.10/site-packages/airflow/example_dags/example_external_task_marker_dag.py took 0.077 seconds
[2024-06-23T18:28:16.261+0000] {processor.py:157} INFO - Started process (PID=26255) to work on /usr/local/python/3.10.13/lib/python3.10/site-packages/airflow/example_dags/example_external_task_marker_dag.py
[2024-06-23T18:28:16.262+0000] {processor.py:826} INFO - Processing file /usr/local/python/3.10.13/lib/python3.10/site-packages/airflow/example_dags/example_external_task_marker_dag.py for tasks to queue
[2024-06-23T18:28:16.263+0000] {logging_mixin.py:150} INFO - [2024-06-23T18:28:16.262+0000] {dagbag.py:541} INFO - Filling up the DagBag from /usr/local/python/3.10.13/lib/python3.10/site-packages/airflow/example_dags/example_external_task_marker_dag.py
[2024-06-23T18:28:16.267+0000] {processor.py:836} INFO - DAG(s) dict_keys(['example_external_task_marker_child', 'example_external_task_marker_parent']) retrieved from /usr/local/python/3.10.13/lib/python3.10/site-packages/airflow/example_dags/example_external_task_marker_dag.py
[2024-06-23T18:28:16.281+0000] {logging_mixin.py:150} INFO - [2024-06-23T18:28:16.281+0000] {dag.py:2742} INFO - Sync 2 DAGs
[2024-06-23T18:28:16.296+0000] {logging_mixin.py:150} INFO - [2024-06-23T18:28:16.296+0000] {dag.py:3504} INFO - Setting next_dagrun for example_external_task_marker_child to None, run_after=None
[2024-06-23T18:28:16.298+0000] {logging_mixin.py:150} INFO - [2024-06-23T18:28:16.298+0000] {dag.py:3504} INFO - Setting next_dagrun for example_external_task_marker_parent to None, run_after=None
[2024-06-23T18:28:16.336+0000] {processor.py:179} INFO - Processing /usr/local/python/3.10.13/lib/python3.10/site-packages/airflow/example_dags/example_external_task_marker_dag.py took 0.076 seconds
[2024-06-23T18:29:03.139+0000] {processor.py:157} INFO - Started process (PID=26593) to work on /usr/local/python/3.10.13/lib/python3.10/site-packages/airflow/example_dags/example_external_task_marker_dag.py
[2024-06-23T18:29:03.140+0000] {processor.py:826} INFO - Processing file /usr/local/python/3.10.13/lib/python3.10/site-packages/airflow/example_dags/example_external_task_marker_dag.py for tasks to queue
[2024-06-23T18:29:03.140+0000] {logging_mixin.py:150} INFO - [2024-06-23T18:29:03.140+0000] {dagbag.py:541} INFO - Filling up the DagBag from /usr/local/python/3.10.13/lib/python3.10/site-packages/airflow/example_dags/example_external_task_marker_dag.py
[2024-06-23T18:29:03.145+0000] {processor.py:836} INFO - DAG(s) dict_keys(['example_external_task_marker_child', 'example_external_task_marker_parent']) retrieved from /usr/local/python/3.10.13/lib/python3.10/site-packages/airflow/example_dags/example_external_task_marker_dag.py
[2024-06-23T18:29:03.160+0000] {logging_mixin.py:150} INFO - [2024-06-23T18:29:03.160+0000] {dag.py:2742} INFO - Sync 2 DAGs
[2024-06-23T18:29:03.190+0000] {logging_mixin.py:150} INFO - [2024-06-23T18:29:03.190+0000] {dag.py:3504} INFO - Setting next_dagrun for example_external_task_marker_child to None, run_after=None
[2024-06-23T18:29:03.195+0000] {logging_mixin.py:150} INFO - [2024-06-23T18:29:03.195+0000] {dag.py:3504} INFO - Setting next_dagrun for example_external_task_marker_parent to None, run_after=None
[2024-06-23T18:29:03.234+0000] {processor.py:179} INFO - Processing /usr/local/python/3.10.13/lib/python3.10/site-packages/airflow/example_dags/example_external_task_marker_dag.py took 0.097 seconds
[2024-06-23T18:29:45.635+0000] {processor.py:157} INFO - Started process (PID=26878) to work on /usr/local/python/3.10.13/lib/python3.10/site-packages/airflow/example_dags/example_external_task_marker_dag.py
[2024-06-23T18:29:45.636+0000] {processor.py:826} INFO - Processing file /usr/local/python/3.10.13/lib/python3.10/site-packages/airflow/example_dags/example_external_task_marker_dag.py for tasks to queue
[2024-06-23T18:29:45.637+0000] {logging_mixin.py:150} INFO - [2024-06-23T18:29:45.637+0000] {dagbag.py:541} INFO - Filling up the DagBag from /usr/local/python/3.10.13/lib/python3.10/site-packages/airflow/example_dags/example_external_task_marker_dag.py
[2024-06-23T18:29:45.644+0000] {processor.py:836} INFO - DAG(s) dict_keys(['example_external_task_marker_parent', 'example_external_task_marker_child']) retrieved from /usr/local/python/3.10.13/lib/python3.10/site-packages/airflow/example_dags/example_external_task_marker_dag.py
[2024-06-23T18:29:45.660+0000] {logging_mixin.py:150} INFO - [2024-06-23T18:29:45.660+0000] {dag.py:2742} INFO - Sync 2 DAGs
[2024-06-23T18:29:45.675+0000] {logging_mixin.py:150} INFO - [2024-06-23T18:29:45.674+0000] {dag.py:3504} INFO - Setting next_dagrun for example_external_task_marker_child to None, run_after=None
[2024-06-23T18:29:45.677+0000] {logging_mixin.py:150} INFO - [2024-06-23T18:29:45.677+0000] {dag.py:3504} INFO - Setting next_dagrun for example_external_task_marker_parent to None, run_after=None
[2024-06-23T18:29:45.716+0000] {processor.py:179} INFO - Processing /usr/local/python/3.10.13/lib/python3.10/site-packages/airflow/example_dags/example_external_task_marker_dag.py took 0.084 seconds
[2024-06-23T18:30:30.836+0000] {processor.py:157} INFO - Started process (PID=27197) to work on /usr/local/python/3.10.13/lib/python3.10/site-packages/airflow/example_dags/example_external_task_marker_dag.py
[2024-06-23T18:30:30.837+0000] {processor.py:826} INFO - Processing file /usr/local/python/3.10.13/lib/python3.10/site-packages/airflow/example_dags/example_external_task_marker_dag.py for tasks to queue
[2024-06-23T18:30:30.838+0000] {logging_mixin.py:150} INFO - [2024-06-23T18:30:30.838+0000] {dagbag.py:541} INFO - Filling up the DagBag from /usr/local/python/3.10.13/lib/python3.10/site-packages/airflow/example_dags/example_external_task_marker_dag.py
[2024-06-23T18:30:30.842+0000] {processor.py:836} INFO - DAG(s) dict_keys(['example_external_task_marker_child', 'example_external_task_marker_parent']) retrieved from /usr/local/python/3.10.13/lib/python3.10/site-packages/airflow/example_dags/example_external_task_marker_dag.py
[2024-06-23T18:30:30.858+0000] {logging_mixin.py:150} INFO - [2024-06-23T18:30:30.858+0000] {dag.py:2742} INFO - Sync 2 DAGs
[2024-06-23T18:30:30.873+0000] {logging_mixin.py:150} INFO - [2024-06-23T18:30:30.873+0000] {dag.py:3504} INFO - Setting next_dagrun for example_external_task_marker_child to None, run_after=None
[2024-06-23T18:30:30.875+0000] {logging_mixin.py:150} INFO - [2024-06-23T18:30:30.875+0000] {dag.py:3504} INFO - Setting next_dagrun for example_external_task_marker_parent to None, run_after=None
[2024-06-23T18:30:30.913+0000] {processor.py:179} INFO - Processing /usr/local/python/3.10.13/lib/python3.10/site-packages/airflow/example_dags/example_external_task_marker_dag.py took 0.079 seconds
[2024-06-23T18:31:16.322+0000] {processor.py:157} INFO - Started process (PID=27515) to work on /usr/local/python/3.10.13/lib/python3.10/site-packages/airflow/example_dags/example_external_task_marker_dag.py
[2024-06-23T18:31:16.322+0000] {processor.py:826} INFO - Processing file /usr/local/python/3.10.13/lib/python3.10/site-packages/airflow/example_dags/example_external_task_marker_dag.py for tasks to queue
[2024-06-23T18:31:16.323+0000] {logging_mixin.py:150} INFO - [2024-06-23T18:31:16.323+0000] {dagbag.py:541} INFO - Filling up the DagBag from /usr/local/python/3.10.13/lib/python3.10/site-packages/airflow/example_dags/example_external_task_marker_dag.py
[2024-06-23T18:31:16.327+0000] {processor.py:836} INFO - DAG(s) dict_keys(['example_external_task_marker_parent', 'example_external_task_marker_child']) retrieved from /usr/local/python/3.10.13/lib/python3.10/site-packages/airflow/example_dags/example_external_task_marker_dag.py
[2024-06-23T18:31:16.341+0000] {logging_mixin.py:150} INFO - [2024-06-23T18:31:16.341+0000] {dag.py:2742} INFO - Sync 2 DAGs
[2024-06-23T18:31:16.356+0000] {logging_mixin.py:150} INFO - [2024-06-23T18:31:16.356+0000] {dag.py:3504} INFO - Setting next_dagrun for example_external_task_marker_child to None, run_after=None
[2024-06-23T18:31:16.358+0000] {logging_mixin.py:150} INFO - [2024-06-23T18:31:16.358+0000] {dag.py:3504} INFO - Setting next_dagrun for example_external_task_marker_parent to None, run_after=None
[2024-06-23T18:31:16.397+0000] {processor.py:179} INFO - Processing /usr/local/python/3.10.13/lib/python3.10/site-packages/airflow/example_dags/example_external_task_marker_dag.py took 0.077 seconds
[2024-06-23T18:32:05.477+0000] {processor.py:157} INFO - Started process (PID=27883) to work on /usr/local/python/3.10.13/lib/python3.10/site-packages/airflow/example_dags/example_external_task_marker_dag.py
[2024-06-23T18:32:05.478+0000] {processor.py:826} INFO - Processing file /usr/local/python/3.10.13/lib/python3.10/site-packages/airflow/example_dags/example_external_task_marker_dag.py for tasks to queue
[2024-06-23T18:32:05.479+0000] {logging_mixin.py:150} INFO - [2024-06-23T18:32:05.478+0000] {dagbag.py:541} INFO - Filling up the DagBag from /usr/local/python/3.10.13/lib/python3.10/site-packages/airflow/example_dags/example_external_task_marker_dag.py
[2024-06-23T18:32:05.483+0000] {processor.py:836} INFO - DAG(s) dict_keys(['example_external_task_marker_parent', 'example_external_task_marker_child']) retrieved from /usr/local/python/3.10.13/lib/python3.10/site-packages/airflow/example_dags/example_external_task_marker_dag.py
[2024-06-23T18:32:05.497+0000] {logging_mixin.py:150} INFO - [2024-06-23T18:32:05.497+0000] {dag.py:2742} INFO - Sync 2 DAGs
[2024-06-23T18:32:05.511+0000] {logging_mixin.py:150} INFO - [2024-06-23T18:32:05.511+0000] {dag.py:3504} INFO - Setting next_dagrun for example_external_task_marker_child to None, run_after=None
[2024-06-23T18:32:05.513+0000] {logging_mixin.py:150} INFO - [2024-06-23T18:32:05.513+0000] {dag.py:3504} INFO - Setting next_dagrun for example_external_task_marker_parent to None, run_after=None
[2024-06-23T18:32:05.551+0000] {processor.py:179} INFO - Processing /usr/local/python/3.10.13/lib/python3.10/site-packages/airflow/example_dags/example_external_task_marker_dag.py took 0.076 seconds
[2024-06-23T18:32:58.268+0000] {processor.py:157} INFO - Started process (PID=28252) to work on /usr/local/python/3.10.13/lib/python3.10/site-packages/airflow/example_dags/example_external_task_marker_dag.py
[2024-06-23T18:32:58.269+0000] {processor.py:826} INFO - Processing file /usr/local/python/3.10.13/lib/python3.10/site-packages/airflow/example_dags/example_external_task_marker_dag.py for tasks to queue
[2024-06-23T18:32:58.270+0000] {logging_mixin.py:150} INFO - [2024-06-23T18:32:58.269+0000] {dagbag.py:541} INFO - Filling up the DagBag from /usr/local/python/3.10.13/lib/python3.10/site-packages/airflow/example_dags/example_external_task_marker_dag.py
[2024-06-23T18:32:58.274+0000] {processor.py:836} INFO - DAG(s) dict_keys(['example_external_task_marker_parent', 'example_external_task_marker_child']) retrieved from /usr/local/python/3.10.13/lib/python3.10/site-packages/airflow/example_dags/example_external_task_marker_dag.py
[2024-06-23T18:32:58.288+0000] {logging_mixin.py:150} INFO - [2024-06-23T18:32:58.288+0000] {dag.py:2742} INFO - Sync 2 DAGs
[2024-06-23T18:32:58.303+0000] {logging_mixin.py:150} INFO - [2024-06-23T18:32:58.303+0000] {dag.py:3504} INFO - Setting next_dagrun for example_external_task_marker_child to None, run_after=None
[2024-06-23T18:32:58.305+0000] {logging_mixin.py:150} INFO - [2024-06-23T18:32:58.305+0000] {dag.py:3504} INFO - Setting next_dagrun for example_external_task_marker_parent to None, run_after=None
[2024-06-23T18:32:58.342+0000] {processor.py:179} INFO - Processing /usr/local/python/3.10.13/lib/python3.10/site-packages/airflow/example_dags/example_external_task_marker_dag.py took 0.076 seconds
[2024-06-23T18:33:51.657+0000] {processor.py:157} INFO - Started process (PID=28622) to work on /usr/local/python/3.10.13/lib/python3.10/site-packages/airflow/example_dags/example_external_task_marker_dag.py
[2024-06-23T18:33:51.657+0000] {processor.py:826} INFO - Processing file /usr/local/python/3.10.13/lib/python3.10/site-packages/airflow/example_dags/example_external_task_marker_dag.py for tasks to queue
[2024-06-23T18:33:51.658+0000] {logging_mixin.py:150} INFO - [2024-06-23T18:33:51.658+0000] {dagbag.py:541} INFO - Filling up the DagBag from /usr/local/python/3.10.13/lib/python3.10/site-packages/airflow/example_dags/example_external_task_marker_dag.py
[2024-06-23T18:33:51.662+0000] {processor.py:836} INFO - DAG(s) dict_keys(['example_external_task_marker_child', 'example_external_task_marker_parent']) retrieved from /usr/local/python/3.10.13/lib/python3.10/site-packages/airflow/example_dags/example_external_task_marker_dag.py
[2024-06-23T18:33:51.676+0000] {logging_mixin.py:150} INFO - [2024-06-23T18:33:51.676+0000] {dag.py:2742} INFO - Sync 2 DAGs
[2024-06-23T18:33:51.691+0000] {logging_mixin.py:150} INFO - [2024-06-23T18:33:51.691+0000] {dag.py:3504} INFO - Setting next_dagrun for example_external_task_marker_child to None, run_after=None
[2024-06-23T18:33:51.693+0000] {logging_mixin.py:150} INFO - [2024-06-23T18:33:51.693+0000] {dag.py:3504} INFO - Setting next_dagrun for example_external_task_marker_parent to None, run_after=None
[2024-06-23T18:33:51.733+0000] {processor.py:179} INFO - Processing /usr/local/python/3.10.13/lib/python3.10/site-packages/airflow/example_dags/example_external_task_marker_dag.py took 0.079 seconds
[2024-06-23T18:34:38.904+0000] {processor.py:157} INFO - Started process (PID=28960) to work on /usr/local/python/3.10.13/lib/python3.10/site-packages/airflow/example_dags/example_external_task_marker_dag.py
[2024-06-23T18:34:38.904+0000] {processor.py:826} INFO - Processing file /usr/local/python/3.10.13/lib/python3.10/site-packages/airflow/example_dags/example_external_task_marker_dag.py for tasks to queue
[2024-06-23T18:34:38.905+0000] {logging_mixin.py:150} INFO - [2024-06-23T18:34:38.905+0000] {dagbag.py:541} INFO - Filling up the DagBag from /usr/local/python/3.10.13/lib/python3.10/site-packages/airflow/example_dags/example_external_task_marker_dag.py
[2024-06-23T18:34:38.909+0000] {processor.py:836} INFO - DAG(s) dict_keys(['example_external_task_marker_child', 'example_external_task_marker_parent']) retrieved from /usr/local/python/3.10.13/lib/python3.10/site-packages/airflow/example_dags/example_external_task_marker_dag.py
[2024-06-23T18:34:38.923+0000] {logging_mixin.py:150} INFO - [2024-06-23T18:34:38.923+0000] {dag.py:2742} INFO - Sync 2 DAGs
[2024-06-23T18:34:38.938+0000] {logging_mixin.py:150} INFO - [2024-06-23T18:34:38.938+0000] {dag.py:3504} INFO - Setting next_dagrun for example_external_task_marker_child to None, run_after=None
[2024-06-23T18:34:38.940+0000] {logging_mixin.py:150} INFO - [2024-06-23T18:34:38.940+0000] {dag.py:3504} INFO - Setting next_dagrun for example_external_task_marker_parent to None, run_after=None
[2024-06-23T18:34:38.978+0000] {processor.py:179} INFO - Processing /usr/local/python/3.10.13/lib/python3.10/site-packages/airflow/example_dags/example_external_task_marker_dag.py took 0.076 seconds
[2024-06-23T18:35:32.972+0000] {processor.py:157} INFO - Started process (PID=29336) to work on /usr/local/python/3.10.13/lib/python3.10/site-packages/airflow/example_dags/example_external_task_marker_dag.py
[2024-06-23T18:35:32.973+0000] {processor.py:826} INFO - Processing file /usr/local/python/3.10.13/lib/python3.10/site-packages/airflow/example_dags/example_external_task_marker_dag.py for tasks to queue
[2024-06-23T18:35:32.974+0000] {logging_mixin.py:150} INFO - [2024-06-23T18:35:32.973+0000] {dagbag.py:541} INFO - Filling up the DagBag from /usr/local/python/3.10.13/lib/python3.10/site-packages/airflow/example_dags/example_external_task_marker_dag.py
[2024-06-23T18:35:32.978+0000] {processor.py:836} INFO - DAG(s) dict_keys(['example_external_task_marker_parent', 'example_external_task_marker_child']) retrieved from /usr/local/python/3.10.13/lib/python3.10/site-packages/airflow/example_dags/example_external_task_marker_dag.py
[2024-06-23T18:35:32.992+0000] {logging_mixin.py:150} INFO - [2024-06-23T18:35:32.992+0000] {dag.py:2742} INFO - Sync 2 DAGs
[2024-06-23T18:35:33.006+0000] {logging_mixin.py:150} INFO - [2024-06-23T18:35:33.006+0000] {dag.py:3504} INFO - Setting next_dagrun for example_external_task_marker_child to None, run_after=None
[2024-06-23T18:35:33.009+0000] {logging_mixin.py:150} INFO - [2024-06-23T18:35:33.009+0000] {dag.py:3504} INFO - Setting next_dagrun for example_external_task_marker_parent to None, run_after=None
[2024-06-23T18:35:33.046+0000] {processor.py:179} INFO - Processing /usr/local/python/3.10.13/lib/python3.10/site-packages/airflow/example_dags/example_external_task_marker_dag.py took 0.076 seconds
