[2024-06-23T18:26:55.020+0000] {processor.py:157} INFO - Started process (PID=25478) to work on /usr/local/python/3.10.13/lib/python3.10/site-packages/airflow/example_dags/example_latest_only_with_trigger.py
[2024-06-23T18:26:55.021+0000] {processor.py:826} INFO - Processing file /usr/local/python/3.10.13/lib/python3.10/site-packages/airflow/example_dags/example_latest_only_with_trigger.py for tasks to queue
[2024-06-23T18:26:55.022+0000] {logging_mixin.py:150} INFO - [2024-06-23T18:26:55.021+0000] {dagbag.py:541} INFO - Filling up the DagBag from /usr/local/python/3.10.13/lib/python3.10/site-packages/airflow/example_dags/example_latest_only_with_trigger.py
[2024-06-23T18:26:55.027+0000] {processor.py:836} INFO - DAG(s) dict_keys(['latest_only_with_trigger']) retrieved from /usr/local/python/3.10.13/lib/python3.10/site-packages/airflow/example_dags/example_latest_only_with_trigger.py
[2024-06-23T18:26:55.163+0000] {logging_mixin.py:150} INFO - [2024-06-23T18:26:55.162+0000] {manager.py:504} INFO - Created Permission View: can delete on DAG:latest_only_with_trigger
[2024-06-23T18:26:55.196+0000] {logging_mixin.py:150} INFO - [2024-06-23T18:26:55.196+0000] {manager.py:504} INFO - Created Permission View: can edit on DAG:latest_only_with_trigger
[2024-06-23T18:26:55.227+0000] {logging_mixin.py:150} INFO - [2024-06-23T18:26:55.227+0000] {manager.py:504} INFO - Created Permission View: can read on DAG:latest_only_with_trigger
[2024-06-23T18:26:55.239+0000] {logging_mixin.py:150} INFO - [2024-06-23T18:26:55.238+0000] {dag.py:2742} INFO - Sync 1 DAGs
[2024-06-23T18:26:55.250+0000] {logging_mixin.py:150} INFO - [2024-06-23T18:26:55.250+0000] {dag.py:2763} INFO - Creating ORM DAG for latest_only_with_trigger
[2024-06-23T18:26:55.260+0000] {logging_mixin.py:150} INFO - [2024-06-23T18:26:55.260+0000] {dag.py:3504} INFO - Setting next_dagrun for latest_only_with_trigger to 2024-06-23T14:26:55.260026+00:00, run_after=2024-06-23T18:26:55.260026+00:00
[2024-06-23T18:26:55.307+0000] {processor.py:179} INFO - Processing /usr/local/python/3.10.13/lib/python3.10/site-packages/airflow/example_dags/example_latest_only_with_trigger.py took 0.289 seconds
[2024-06-23T18:27:44.429+0000] {processor.py:157} INFO - Started process (PID=26001) to work on /usr/local/python/3.10.13/lib/python3.10/site-packages/airflow/example_dags/example_latest_only_with_trigger.py
[2024-06-23T18:27:44.430+0000] {processor.py:826} INFO - Processing file /usr/local/python/3.10.13/lib/python3.10/site-packages/airflow/example_dags/example_latest_only_with_trigger.py for tasks to queue
[2024-06-23T18:27:44.430+0000] {logging_mixin.py:150} INFO - [2024-06-23T18:27:44.430+0000] {dagbag.py:541} INFO - Filling up the DagBag from /usr/local/python/3.10.13/lib/python3.10/site-packages/airflow/example_dags/example_latest_only_with_trigger.py
[2024-06-23T18:27:44.435+0000] {processor.py:836} INFO - DAG(s) dict_keys(['latest_only_with_trigger']) retrieved from /usr/local/python/3.10.13/lib/python3.10/site-packages/airflow/example_dags/example_latest_only_with_trigger.py
[2024-06-23T18:27:44.447+0000] {logging_mixin.py:150} INFO - [2024-06-23T18:27:44.447+0000] {dag.py:2742} INFO - Sync 1 DAGs
[2024-06-23T18:27:44.463+0000] {logging_mixin.py:150} INFO - [2024-06-23T18:27:44.463+0000] {dag.py:3504} INFO - Setting next_dagrun for latest_only_with_trigger to 2024-06-23T14:27:44.463286+00:00, run_after=2024-06-23T18:27:44.463286+00:00
[2024-06-23T18:27:44.502+0000] {processor.py:179} INFO - Processing /usr/local/python/3.10.13/lib/python3.10/site-packages/airflow/example_dags/example_latest_only_with_trigger.py took 0.076 seconds
[2024-06-23T18:28:30.979+0000] {processor.py:157} INFO - Started process (PID=26370) to work on /usr/local/python/3.10.13/lib/python3.10/site-packages/airflow/example_dags/example_latest_only_with_trigger.py
[2024-06-23T18:28:30.980+0000] {processor.py:826} INFO - Processing file /usr/local/python/3.10.13/lib/python3.10/site-packages/airflow/example_dags/example_latest_only_with_trigger.py for tasks to queue
[2024-06-23T18:28:30.980+0000] {logging_mixin.py:150} INFO - [2024-06-23T18:28:30.980+0000] {dagbag.py:541} INFO - Filling up the DagBag from /usr/local/python/3.10.13/lib/python3.10/site-packages/airflow/example_dags/example_latest_only_with_trigger.py
[2024-06-23T18:28:30.985+0000] {processor.py:836} INFO - DAG(s) dict_keys(['latest_only_with_trigger']) retrieved from /usr/local/python/3.10.13/lib/python3.10/site-packages/airflow/example_dags/example_latest_only_with_trigger.py
[2024-06-23T18:28:30.998+0000] {logging_mixin.py:150} INFO - [2024-06-23T18:28:30.998+0000] {dag.py:2742} INFO - Sync 1 DAGs
[2024-06-23T18:28:31.021+0000] {logging_mixin.py:150} INFO - [2024-06-23T18:28:31.021+0000] {dag.py:3504} INFO - Setting next_dagrun for latest_only_with_trigger to 2024-06-23T14:28:31.021193+00:00, run_after=2024-06-23T18:28:31.021193+00:00
[2024-06-23T18:28:31.069+0000] {processor.py:179} INFO - Processing /usr/local/python/3.10.13/lib/python3.10/site-packages/airflow/example_dags/example_latest_only_with_trigger.py took 0.093 seconds
[2024-06-23T18:29:14.315+0000] {processor.py:157} INFO - Started process (PID=26668) to work on /usr/local/python/3.10.13/lib/python3.10/site-packages/airflow/example_dags/example_latest_only_with_trigger.py
[2024-06-23T18:29:14.316+0000] {processor.py:826} INFO - Processing file /usr/local/python/3.10.13/lib/python3.10/site-packages/airflow/example_dags/example_latest_only_with_trigger.py for tasks to queue
[2024-06-23T18:29:14.316+0000] {logging_mixin.py:150} INFO - [2024-06-23T18:29:14.316+0000] {dagbag.py:541} INFO - Filling up the DagBag from /usr/local/python/3.10.13/lib/python3.10/site-packages/airflow/example_dags/example_latest_only_with_trigger.py
[2024-06-23T18:29:14.321+0000] {processor.py:836} INFO - DAG(s) dict_keys(['latest_only_with_trigger']) retrieved from /usr/local/python/3.10.13/lib/python3.10/site-packages/airflow/example_dags/example_latest_only_with_trigger.py
[2024-06-23T18:29:14.332+0000] {logging_mixin.py:150} INFO - [2024-06-23T18:29:14.332+0000] {dag.py:2742} INFO - Sync 1 DAGs
[2024-06-23T18:29:14.347+0000] {logging_mixin.py:150} INFO - [2024-06-23T18:29:14.347+0000] {dag.py:3504} INFO - Setting next_dagrun for latest_only_with_trigger to 2024-06-23T14:29:14.347049+00:00, run_after=2024-06-23T18:29:14.347049+00:00
[2024-06-23T18:29:14.387+0000] {processor.py:179} INFO - Processing /usr/local/python/3.10.13/lib/python3.10/site-packages/airflow/example_dags/example_latest_only_with_trigger.py took 0.074 seconds
[2024-06-23T18:30:00.003+0000] {processor.py:157} INFO - Started process (PID=26972) to work on /usr/local/python/3.10.13/lib/python3.10/site-packages/airflow/example_dags/example_latest_only_with_trigger.py
[2024-06-23T18:30:00.004+0000] {processor.py:826} INFO - Processing file /usr/local/python/3.10.13/lib/python3.10/site-packages/airflow/example_dags/example_latest_only_with_trigger.py for tasks to queue
[2024-06-23T18:30:00.005+0000] {logging_mixin.py:150} INFO - [2024-06-23T18:30:00.004+0000] {dagbag.py:541} INFO - Filling up the DagBag from /usr/local/python/3.10.13/lib/python3.10/site-packages/airflow/example_dags/example_latest_only_with_trigger.py
[2024-06-23T18:30:00.010+0000] {processor.py:836} INFO - DAG(s) dict_keys(['latest_only_with_trigger']) retrieved from /usr/local/python/3.10.13/lib/python3.10/site-packages/airflow/example_dags/example_latest_only_with_trigger.py
[2024-06-23T18:30:00.023+0000] {logging_mixin.py:150} INFO - [2024-06-23T18:30:00.022+0000] {dag.py:2742} INFO - Sync 1 DAGs
[2024-06-23T18:30:00.038+0000] {logging_mixin.py:150} INFO - [2024-06-23T18:30:00.038+0000] {dag.py:3504} INFO - Setting next_dagrun for latest_only_with_trigger to 2024-06-23T14:30:00.038592+00:00, run_after=2024-06-23T18:30:00.038592+00:00
[2024-06-23T18:30:00.090+0000] {processor.py:179} INFO - Processing /usr/local/python/3.10.13/lib/python3.10/site-packages/airflow/example_dags/example_latest_only_with_trigger.py took 0.090 seconds
[2024-06-23T18:30:43.537+0000] {processor.py:157} INFO - Started process (PID=27294) to work on /usr/local/python/3.10.13/lib/python3.10/site-packages/airflow/example_dags/example_latest_only_with_trigger.py
[2024-06-23T18:30:43.538+0000] {processor.py:826} INFO - Processing file /usr/local/python/3.10.13/lib/python3.10/site-packages/airflow/example_dags/example_latest_only_with_trigger.py for tasks to queue
[2024-06-23T18:30:43.539+0000] {logging_mixin.py:150} INFO - [2024-06-23T18:30:43.539+0000] {dagbag.py:541} INFO - Filling up the DagBag from /usr/local/python/3.10.13/lib/python3.10/site-packages/airflow/example_dags/example_latest_only_with_trigger.py
[2024-06-23T18:30:43.544+0000] {processor.py:836} INFO - DAG(s) dict_keys(['latest_only_with_trigger']) retrieved from /usr/local/python/3.10.13/lib/python3.10/site-packages/airflow/example_dags/example_latest_only_with_trigger.py
[2024-06-23T18:30:43.556+0000] {logging_mixin.py:150} INFO - [2024-06-23T18:30:43.556+0000] {dag.py:2742} INFO - Sync 1 DAGs
[2024-06-23T18:30:43.571+0000] {logging_mixin.py:150} INFO - [2024-06-23T18:30:43.571+0000] {dag.py:3504} INFO - Setting next_dagrun for latest_only_with_trigger to 2024-06-23T14:30:43.571060+00:00, run_after=2024-06-23T18:30:43.571060+00:00
[2024-06-23T18:30:43.610+0000] {processor.py:179} INFO - Processing /usr/local/python/3.10.13/lib/python3.10/site-packages/airflow/example_dags/example_latest_only_with_trigger.py took 0.075 seconds
[2024-06-23T18:31:35.101+0000] {processor.py:157} INFO - Started process (PID=27653) to work on /usr/local/python/3.10.13/lib/python3.10/site-packages/airflow/example_dags/example_latest_only_with_trigger.py
[2024-06-23T18:31:35.102+0000] {processor.py:826} INFO - Processing file /usr/local/python/3.10.13/lib/python3.10/site-packages/airflow/example_dags/example_latest_only_with_trigger.py for tasks to queue
[2024-06-23T18:31:35.103+0000] {logging_mixin.py:150} INFO - [2024-06-23T18:31:35.102+0000] {dagbag.py:541} INFO - Filling up the DagBag from /usr/local/python/3.10.13/lib/python3.10/site-packages/airflow/example_dags/example_latest_only_with_trigger.py
[2024-06-23T18:31:35.107+0000] {processor.py:836} INFO - DAG(s) dict_keys(['latest_only_with_trigger']) retrieved from /usr/local/python/3.10.13/lib/python3.10/site-packages/airflow/example_dags/example_latest_only_with_trigger.py
[2024-06-23T18:31:35.119+0000] {logging_mixin.py:150} INFO - [2024-06-23T18:31:35.119+0000] {dag.py:2742} INFO - Sync 1 DAGs
[2024-06-23T18:31:35.134+0000] {logging_mixin.py:150} INFO - [2024-06-23T18:31:35.134+0000] {dag.py:3504} INFO - Setting next_dagrun for latest_only_with_trigger to 2024-06-23T14:31:35.134359+00:00, run_after=2024-06-23T18:31:35.134359+00:00
[2024-06-23T18:31:35.173+0000] {processor.py:179} INFO - Processing /usr/local/python/3.10.13/lib/python3.10/site-packages/airflow/example_dags/example_latest_only_with_trigger.py took 0.074 seconds
[2024-06-23T18:32:25.552+0000] {processor.py:157} INFO - Started process (PID=28029) to work on /usr/local/python/3.10.13/lib/python3.10/site-packages/airflow/example_dags/example_latest_only_with_trigger.py
[2024-06-23T18:32:25.552+0000] {processor.py:826} INFO - Processing file /usr/local/python/3.10.13/lib/python3.10/site-packages/airflow/example_dags/example_latest_only_with_trigger.py for tasks to queue
[2024-06-23T18:32:25.553+0000] {logging_mixin.py:150} INFO - [2024-06-23T18:32:25.553+0000] {dagbag.py:541} INFO - Filling up the DagBag from /usr/local/python/3.10.13/lib/python3.10/site-packages/airflow/example_dags/example_latest_only_with_trigger.py
[2024-06-23T18:32:25.558+0000] {processor.py:836} INFO - DAG(s) dict_keys(['latest_only_with_trigger']) retrieved from /usr/local/python/3.10.13/lib/python3.10/site-packages/airflow/example_dags/example_latest_only_with_trigger.py
[2024-06-23T18:32:25.570+0000] {logging_mixin.py:150} INFO - [2024-06-23T18:32:25.570+0000] {dag.py:2742} INFO - Sync 1 DAGs
[2024-06-23T18:32:25.586+0000] {logging_mixin.py:150} INFO - [2024-06-23T18:32:25.586+0000] {dag.py:3504} INFO - Setting next_dagrun for latest_only_with_trigger to 2024-06-23T14:32:25.585851+00:00, run_after=2024-06-23T18:32:25.585851+00:00
[2024-06-23T18:32:25.624+0000] {processor.py:179} INFO - Processing /usr/local/python/3.10.13/lib/python3.10/site-packages/airflow/example_dags/example_latest_only_with_trigger.py took 0.075 seconds
[2024-06-23T18:33:20.119+0000] {processor.py:157} INFO - Started process (PID=28398) to work on /usr/local/python/3.10.13/lib/python3.10/site-packages/airflow/example_dags/example_latest_only_with_trigger.py
[2024-06-23T18:33:20.120+0000] {processor.py:826} INFO - Processing file /usr/local/python/3.10.13/lib/python3.10/site-packages/airflow/example_dags/example_latest_only_with_trigger.py for tasks to queue
[2024-06-23T18:33:20.121+0000] {logging_mixin.py:150} INFO - [2024-06-23T18:33:20.120+0000] {dagbag.py:541} INFO - Filling up the DagBag from /usr/local/python/3.10.13/lib/python3.10/site-packages/airflow/example_dags/example_latest_only_with_trigger.py
[2024-06-23T18:33:20.125+0000] {processor.py:836} INFO - DAG(s) dict_keys(['latest_only_with_trigger']) retrieved from /usr/local/python/3.10.13/lib/python3.10/site-packages/airflow/example_dags/example_latest_only_with_trigger.py
[2024-06-23T18:33:20.137+0000] {logging_mixin.py:150} INFO - [2024-06-23T18:33:20.137+0000] {dag.py:2742} INFO - Sync 1 DAGs
[2024-06-23T18:33:20.152+0000] {logging_mixin.py:150} INFO - [2024-06-23T18:33:20.151+0000] {dag.py:3504} INFO - Setting next_dagrun for latest_only_with_trigger to 2024-06-23T14:33:20.151799+00:00, run_after=2024-06-23T18:33:20.151799+00:00
[2024-06-23T18:33:20.189+0000] {processor.py:179} INFO - Processing /usr/local/python/3.10.13/lib/python3.10/site-packages/airflow/example_dags/example_latest_only_with_trigger.py took 0.072 seconds
[2024-06-23T18:34:13.057+0000] {processor.py:157} INFO - Started process (PID=28766) to work on /usr/local/python/3.10.13/lib/python3.10/site-packages/airflow/example_dags/example_latest_only_with_trigger.py
[2024-06-23T18:34:13.058+0000] {processor.py:826} INFO - Processing file /usr/local/python/3.10.13/lib/python3.10/site-packages/airflow/example_dags/example_latest_only_with_trigger.py for tasks to queue
[2024-06-23T18:34:13.059+0000] {logging_mixin.py:150} INFO - [2024-06-23T18:34:13.058+0000] {dagbag.py:541} INFO - Filling up the DagBag from /usr/local/python/3.10.13/lib/python3.10/site-packages/airflow/example_dags/example_latest_only_with_trigger.py
[2024-06-23T18:34:13.063+0000] {processor.py:836} INFO - DAG(s) dict_keys(['latest_only_with_trigger']) retrieved from /usr/local/python/3.10.13/lib/python3.10/site-packages/airflow/example_dags/example_latest_only_with_trigger.py
[2024-06-23T18:34:13.075+0000] {logging_mixin.py:150} INFO - [2024-06-23T18:34:13.075+0000] {dag.py:2742} INFO - Sync 1 DAGs
[2024-06-23T18:34:13.089+0000] {logging_mixin.py:150} INFO - [2024-06-23T18:34:13.089+0000] {dag.py:3504} INFO - Setting next_dagrun for latest_only_with_trigger to 2024-06-23T14:34:13.089516+00:00, run_after=2024-06-23T18:34:13.089516+00:00
[2024-06-23T18:34:13.131+0000] {processor.py:179} INFO - Processing /usr/local/python/3.10.13/lib/python3.10/site-packages/airflow/example_dags/example_latest_only_with_trigger.py took 0.076 seconds
[2024-06-23T18:35:00.943+0000] {processor.py:157} INFO - Started process (PID=29110) to work on /usr/local/python/3.10.13/lib/python3.10/site-packages/airflow/example_dags/example_latest_only_with_trigger.py
[2024-06-23T18:35:00.944+0000] {processor.py:826} INFO - Processing file /usr/local/python/3.10.13/lib/python3.10/site-packages/airflow/example_dags/example_latest_only_with_trigger.py for tasks to queue
[2024-06-23T18:35:00.944+0000] {logging_mixin.py:150} INFO - [2024-06-23T18:35:00.944+0000] {dagbag.py:541} INFO - Filling up the DagBag from /usr/local/python/3.10.13/lib/python3.10/site-packages/airflow/example_dags/example_latest_only_with_trigger.py
[2024-06-23T18:35:00.949+0000] {processor.py:836} INFO - DAG(s) dict_keys(['latest_only_with_trigger']) retrieved from /usr/local/python/3.10.13/lib/python3.10/site-packages/airflow/example_dags/example_latest_only_with_trigger.py
[2024-06-23T18:35:00.961+0000] {logging_mixin.py:150} INFO - [2024-06-23T18:35:00.961+0000] {dag.py:2742} INFO - Sync 1 DAGs
[2024-06-23T18:35:00.976+0000] {logging_mixin.py:150} INFO - [2024-06-23T18:35:00.976+0000] {dag.py:3504} INFO - Setting next_dagrun for latest_only_with_trigger to 2024-06-23T14:35:00.975965+00:00, run_after=2024-06-23T18:35:00.975965+00:00
[2024-06-23T18:35:01.016+0000] {processor.py:179} INFO - Processing /usr/local/python/3.10.13/lib/python3.10/site-packages/airflow/example_dags/example_latest_only_with_trigger.py took 0.075 seconds
[2024-06-23T18:35:54.226+0000] {processor.py:157} INFO - Started process (PID=29509) to work on /usr/local/python/3.10.13/lib/python3.10/site-packages/airflow/example_dags/example_latest_only_with_trigger.py
[2024-06-23T18:35:54.227+0000] {processor.py:826} INFO - Processing file /usr/local/python/3.10.13/lib/python3.10/site-packages/airflow/example_dags/example_latest_only_with_trigger.py for tasks to queue
[2024-06-23T18:35:54.227+0000] {logging_mixin.py:150} INFO - [2024-06-23T18:35:54.227+0000] {dagbag.py:541} INFO - Filling up the DagBag from /usr/local/python/3.10.13/lib/python3.10/site-packages/airflow/example_dags/example_latest_only_with_trigger.py
[2024-06-23T18:35:54.232+0000] {processor.py:836} INFO - DAG(s) dict_keys(['latest_only_with_trigger']) retrieved from /usr/local/python/3.10.13/lib/python3.10/site-packages/airflow/example_dags/example_latest_only_with_trigger.py
[2024-06-23T18:35:54.244+0000] {logging_mixin.py:150} INFO - [2024-06-23T18:35:54.244+0000] {dag.py:2742} INFO - Sync 1 DAGs
[2024-06-23T18:35:54.259+0000] {logging_mixin.py:150} INFO - [2024-06-23T18:35:54.259+0000] {dag.py:3504} INFO - Setting next_dagrun for latest_only_with_trigger to 2024-06-23T14:35:54.258954+00:00, run_after=2024-06-23T18:35:54.258954+00:00
[2024-06-23T18:35:54.296+0000] {processor.py:179} INFO - Processing /usr/local/python/3.10.13/lib/python3.10/site-packages/airflow/example_dags/example_latest_only_with_trigger.py took 0.072 seconds
