[2024-06-23T18:26:47.182+0000] {processor.py:157} INFO - Started process (PID=25417) to work on /usr/local/python/3.10.13/lib/python3.10/site-packages/airflow/example_dags/example_params_ui_tutorial.py
[2024-06-23T18:26:47.182+0000] {processor.py:826} INFO - Processing file /usr/local/python/3.10.13/lib/python3.10/site-packages/airflow/example_dags/example_params_ui_tutorial.py for tasks to queue
[2024-06-23T18:26:47.183+0000] {logging_mixin.py:150} INFO - [2024-06-23T18:26:47.183+0000] {dagbag.py:541} INFO - Filling up the DagBag from /usr/local/python/3.10.13/lib/python3.10/site-packages/airflow/example_dags/example_params_ui_tutorial.py
[2024-06-23T18:26:47.201+0000] {processor.py:836} INFO - DAG(s) dict_keys(['example_params_ui_tutorial']) retrieved from /usr/local/python/3.10.13/lib/python3.10/site-packages/airflow/example_dags/example_params_ui_tutorial.py
[2024-06-23T18:26:47.342+0000] {logging_mixin.py:150} INFO - [2024-06-23T18:26:47.341+0000] {manager.py:504} INFO - Created Permission View: can delete on DAG:example_params_ui_tutorial
[2024-06-23T18:26:47.374+0000] {logging_mixin.py:150} INFO - [2024-06-23T18:26:47.374+0000] {manager.py:504} INFO - Created Permission View: can edit on DAG:example_params_ui_tutorial
[2024-06-23T18:26:47.402+0000] {logging_mixin.py:150} INFO - [2024-06-23T18:26:47.402+0000] {manager.py:504} INFO - Created Permission View: can read on DAG:example_params_ui_tutorial
[2024-06-23T18:26:47.410+0000] {logging_mixin.py:150} INFO - [2024-06-23T18:26:47.410+0000] {dag.py:2742} INFO - Sync 1 DAGs
[2024-06-23T18:26:47.417+0000] {logging_mixin.py:150} INFO - [2024-06-23T18:26:47.417+0000] {dag.py:2763} INFO - Creating ORM DAG for example_params_ui_tutorial
[2024-06-23T18:26:47.424+0000] {logging_mixin.py:150} INFO - [2024-06-23T18:26:47.424+0000] {dag.py:3504} INFO - Setting next_dagrun for example_params_ui_tutorial to None, run_after=None
[2024-06-23T18:26:47.471+0000] {processor.py:179} INFO - Processing /usr/local/python/3.10.13/lib/python3.10/site-packages/airflow/example_dags/example_params_ui_tutorial.py took 0.292 seconds
[2024-06-23T18:27:38.989+0000] {processor.py:157} INFO - Started process (PID=25883) to work on /usr/local/python/3.10.13/lib/python3.10/site-packages/airflow/example_dags/example_params_ui_tutorial.py
[2024-06-23T18:27:38.990+0000] {processor.py:826} INFO - Processing file /usr/local/python/3.10.13/lib/python3.10/site-packages/airflow/example_dags/example_params_ui_tutorial.py for tasks to queue
[2024-06-23T18:27:38.991+0000] {logging_mixin.py:150} INFO - [2024-06-23T18:27:38.990+0000] {dagbag.py:541} INFO - Filling up the DagBag from /usr/local/python/3.10.13/lib/python3.10/site-packages/airflow/example_dags/example_params_ui_tutorial.py
[2024-06-23T18:27:39.012+0000] {processor.py:836} INFO - DAG(s) dict_keys(['example_params_ui_tutorial']) retrieved from /usr/local/python/3.10.13/lib/python3.10/site-packages/airflow/example_dags/example_params_ui_tutorial.py
[2024-06-23T18:27:39.039+0000] {logging_mixin.py:150} INFO - [2024-06-23T18:27:39.039+0000] {dag.py:2742} INFO - Sync 1 DAGs
[2024-06-23T18:27:39.054+0000] {logging_mixin.py:150} INFO - [2024-06-23T18:27:39.054+0000] {dag.py:3504} INFO - Setting next_dagrun for example_params_ui_tutorial to None, run_after=None
[2024-06-23T18:27:39.094+0000] {processor.py:179} INFO - Processing /usr/local/python/3.10.13/lib/python3.10/site-packages/airflow/example_dags/example_params_ui_tutorial.py took 0.108 seconds
[2024-06-23T18:28:24.557+0000] {processor.py:157} INFO - Started process (PID=26313) to work on /usr/local/python/3.10.13/lib/python3.10/site-packages/airflow/example_dags/example_params_ui_tutorial.py
[2024-06-23T18:28:24.558+0000] {processor.py:826} INFO - Processing file /usr/local/python/3.10.13/lib/python3.10/site-packages/airflow/example_dags/example_params_ui_tutorial.py for tasks to queue
[2024-06-23T18:28:24.559+0000] {logging_mixin.py:150} INFO - [2024-06-23T18:28:24.558+0000] {dagbag.py:541} INFO - Filling up the DagBag from /usr/local/python/3.10.13/lib/python3.10/site-packages/airflow/example_dags/example_params_ui_tutorial.py
[2024-06-23T18:28:24.579+0000] {processor.py:836} INFO - DAG(s) dict_keys(['example_params_ui_tutorial']) retrieved from /usr/local/python/3.10.13/lib/python3.10/site-packages/airflow/example_dags/example_params_ui_tutorial.py
[2024-06-23T18:28:24.614+0000] {logging_mixin.py:150} INFO - [2024-06-23T18:28:24.614+0000] {dag.py:2742} INFO - Sync 1 DAGs
[2024-06-23T18:28:24.629+0000] {logging_mixin.py:150} INFO - [2024-06-23T18:28:24.629+0000] {dag.py:3504} INFO - Setting next_dagrun for example_params_ui_tutorial to None, run_after=None
[2024-06-23T18:28:24.668+0000] {processor.py:179} INFO - Processing /usr/local/python/3.10.13/lib/python3.10/site-packages/airflow/example_dags/example_params_ui_tutorial.py took 0.113 seconds
[2024-06-23T18:29:09.440+0000] {processor.py:157} INFO - Started process (PID=26625) to work on /usr/local/python/3.10.13/lib/python3.10/site-packages/airflow/example_dags/example_params_ui_tutorial.py
[2024-06-23T18:29:09.441+0000] {processor.py:826} INFO - Processing file /usr/local/python/3.10.13/lib/python3.10/site-packages/airflow/example_dags/example_params_ui_tutorial.py for tasks to queue
[2024-06-23T18:29:09.442+0000] {logging_mixin.py:150} INFO - [2024-06-23T18:29:09.442+0000] {dagbag.py:541} INFO - Filling up the DagBag from /usr/local/python/3.10.13/lib/python3.10/site-packages/airflow/example_dags/example_params_ui_tutorial.py
[2024-06-23T18:29:09.460+0000] {processor.py:836} INFO - DAG(s) dict_keys(['example_params_ui_tutorial']) retrieved from /usr/local/python/3.10.13/lib/python3.10/site-packages/airflow/example_dags/example_params_ui_tutorial.py
[2024-06-23T18:29:09.488+0000] {logging_mixin.py:150} INFO - [2024-06-23T18:29:09.488+0000] {dag.py:2742} INFO - Sync 1 DAGs
[2024-06-23T18:29:09.502+0000] {logging_mixin.py:150} INFO - [2024-06-23T18:29:09.502+0000] {dag.py:3504} INFO - Setting next_dagrun for example_params_ui_tutorial to None, run_after=None
[2024-06-23T18:29:09.545+0000] {processor.py:179} INFO - Processing /usr/local/python/3.10.13/lib/python3.10/site-packages/airflow/example_dags/example_params_ui_tutorial.py took 0.107 seconds
[2024-06-23T18:29:53.736+0000] {processor.py:157} INFO - Started process (PID=26942) to work on /usr/local/python/3.10.13/lib/python3.10/site-packages/airflow/example_dags/example_params_ui_tutorial.py
[2024-06-23T18:29:53.737+0000] {processor.py:826} INFO - Processing file /usr/local/python/3.10.13/lib/python3.10/site-packages/airflow/example_dags/example_params_ui_tutorial.py for tasks to queue
[2024-06-23T18:29:53.738+0000] {logging_mixin.py:150} INFO - [2024-06-23T18:29:53.738+0000] {dagbag.py:541} INFO - Filling up the DagBag from /usr/local/python/3.10.13/lib/python3.10/site-packages/airflow/example_dags/example_params_ui_tutorial.py
[2024-06-23T18:29:53.757+0000] {processor.py:836} INFO - DAG(s) dict_keys(['example_params_ui_tutorial']) retrieved from /usr/local/python/3.10.13/lib/python3.10/site-packages/airflow/example_dags/example_params_ui_tutorial.py
[2024-06-23T18:29:53.783+0000] {logging_mixin.py:150} INFO - [2024-06-23T18:29:53.783+0000] {dag.py:2742} INFO - Sync 1 DAGs
[2024-06-23T18:29:53.797+0000] {logging_mixin.py:150} INFO - [2024-06-23T18:29:53.797+0000] {dag.py:3504} INFO - Setting next_dagrun for example_params_ui_tutorial to None, run_after=None
[2024-06-23T18:29:53.840+0000] {processor.py:179} INFO - Processing /usr/local/python/3.10.13/lib/python3.10/site-packages/airflow/example_dags/example_params_ui_tutorial.py took 0.105 seconds
[2024-06-23T18:30:37.042+0000] {processor.py:157} INFO - Started process (PID=27246) to work on /usr/local/python/3.10.13/lib/python3.10/site-packages/airflow/example_dags/example_params_ui_tutorial.py
[2024-06-23T18:30:37.043+0000] {processor.py:826} INFO - Processing file /usr/local/python/3.10.13/lib/python3.10/site-packages/airflow/example_dags/example_params_ui_tutorial.py for tasks to queue
[2024-06-23T18:30:37.043+0000] {logging_mixin.py:150} INFO - [2024-06-23T18:30:37.043+0000] {dagbag.py:541} INFO - Filling up the DagBag from /usr/local/python/3.10.13/lib/python3.10/site-packages/airflow/example_dags/example_params_ui_tutorial.py
[2024-06-23T18:30:37.062+0000] {processor.py:836} INFO - DAG(s) dict_keys(['example_params_ui_tutorial']) retrieved from /usr/local/python/3.10.13/lib/python3.10/site-packages/airflow/example_dags/example_params_ui_tutorial.py
[2024-06-23T18:30:37.090+0000] {logging_mixin.py:150} INFO - [2024-06-23T18:30:37.090+0000] {dag.py:2742} INFO - Sync 1 DAGs
[2024-06-23T18:30:37.105+0000] {logging_mixin.py:150} INFO - [2024-06-23T18:30:37.104+0000] {dag.py:3504} INFO - Setting next_dagrun for example_params_ui_tutorial to None, run_after=None
[2024-06-23T18:30:37.142+0000] {processor.py:179} INFO - Processing /usr/local/python/3.10.13/lib/python3.10/site-packages/airflow/example_dags/example_params_ui_tutorial.py took 0.102 seconds
[2024-06-23T18:31:28.128+0000] {processor.py:157} INFO - Started process (PID=27597) to work on /usr/local/python/3.10.13/lib/python3.10/site-packages/airflow/example_dags/example_params_ui_tutorial.py
[2024-06-23T18:31:28.129+0000] {processor.py:826} INFO - Processing file /usr/local/python/3.10.13/lib/python3.10/site-packages/airflow/example_dags/example_params_ui_tutorial.py for tasks to queue
[2024-06-23T18:31:28.129+0000] {logging_mixin.py:150} INFO - [2024-06-23T18:31:28.129+0000] {dagbag.py:541} INFO - Filling up the DagBag from /usr/local/python/3.10.13/lib/python3.10/site-packages/airflow/example_dags/example_params_ui_tutorial.py
[2024-06-23T18:31:28.147+0000] {processor.py:836} INFO - DAG(s) dict_keys(['example_params_ui_tutorial']) retrieved from /usr/local/python/3.10.13/lib/python3.10/site-packages/airflow/example_dags/example_params_ui_tutorial.py
[2024-06-23T18:31:28.175+0000] {logging_mixin.py:150} INFO - [2024-06-23T18:31:28.174+0000] {dag.py:2742} INFO - Sync 1 DAGs
[2024-06-23T18:31:28.189+0000] {logging_mixin.py:150} INFO - [2024-06-23T18:31:28.189+0000] {dag.py:3504} INFO - Setting next_dagrun for example_params_ui_tutorial to None, run_after=None
[2024-06-23T18:31:28.227+0000] {processor.py:179} INFO - Processing /usr/local/python/3.10.13/lib/python3.10/site-packages/airflow/example_dags/example_params_ui_tutorial.py took 0.101 seconds
[2024-06-23T18:32:18.923+0000] {processor.py:157} INFO - Started process (PID=27977) to work on /usr/local/python/3.10.13/lib/python3.10/site-packages/airflow/example_dags/example_params_ui_tutorial.py
[2024-06-23T18:32:18.924+0000] {processor.py:826} INFO - Processing file /usr/local/python/3.10.13/lib/python3.10/site-packages/airflow/example_dags/example_params_ui_tutorial.py for tasks to queue
[2024-06-23T18:32:18.931+0000] {logging_mixin.py:150} INFO - [2024-06-23T18:32:18.931+0000] {dagbag.py:541} INFO - Filling up the DagBag from /usr/local/python/3.10.13/lib/python3.10/site-packages/airflow/example_dags/example_params_ui_tutorial.py
[2024-06-23T18:32:18.985+0000] {processor.py:836} INFO - DAG(s) dict_keys(['example_params_ui_tutorial']) retrieved from /usr/local/python/3.10.13/lib/python3.10/site-packages/airflow/example_dags/example_params_ui_tutorial.py
[2024-06-23T18:32:19.015+0000] {logging_mixin.py:150} INFO - [2024-06-23T18:32:19.015+0000] {dag.py:2742} INFO - Sync 1 DAGs
[2024-06-23T18:32:19.031+0000] {logging_mixin.py:150} INFO - [2024-06-23T18:32:19.031+0000] {dag.py:3504} INFO - Setting next_dagrun for example_params_ui_tutorial to None, run_after=None
[2024-06-23T18:32:19.072+0000] {processor.py:179} INFO - Processing /usr/local/python/3.10.13/lib/python3.10/site-packages/airflow/example_dags/example_params_ui_tutorial.py took 0.152 seconds
[2024-06-23T18:33:13.778+0000] {processor.py:157} INFO - Started process (PID=28348) to work on /usr/local/python/3.10.13/lib/python3.10/site-packages/airflow/example_dags/example_params_ui_tutorial.py
[2024-06-23T18:33:13.779+0000] {processor.py:826} INFO - Processing file /usr/local/python/3.10.13/lib/python3.10/site-packages/airflow/example_dags/example_params_ui_tutorial.py for tasks to queue
[2024-06-23T18:33:13.779+0000] {logging_mixin.py:150} INFO - [2024-06-23T18:33:13.779+0000] {dagbag.py:541} INFO - Filling up the DagBag from /usr/local/python/3.10.13/lib/python3.10/site-packages/airflow/example_dags/example_params_ui_tutorial.py
[2024-06-23T18:33:13.797+0000] {processor.py:836} INFO - DAG(s) dict_keys(['example_params_ui_tutorial']) retrieved from /usr/local/python/3.10.13/lib/python3.10/site-packages/airflow/example_dags/example_params_ui_tutorial.py
[2024-06-23T18:33:13.824+0000] {logging_mixin.py:150} INFO - [2024-06-23T18:33:13.824+0000] {dag.py:2742} INFO - Sync 1 DAGs
[2024-06-23T18:33:13.839+0000] {logging_mixin.py:150} INFO - [2024-06-23T18:33:13.839+0000] {dag.py:3504} INFO - Setting next_dagrun for example_params_ui_tutorial to None, run_after=None
[2024-06-23T18:33:13.877+0000] {processor.py:179} INFO - Processing /usr/local/python/3.10.13/lib/python3.10/site-packages/airflow/example_dags/example_params_ui_tutorial.py took 0.102 seconds
[2024-06-23T18:34:07.690+0000] {processor.py:157} INFO - Started process (PID=28742) to work on /usr/local/python/3.10.13/lib/python3.10/site-packages/airflow/example_dags/example_params_ui_tutorial.py
[2024-06-23T18:34:07.690+0000] {processor.py:826} INFO - Processing file /usr/local/python/3.10.13/lib/python3.10/site-packages/airflow/example_dags/example_params_ui_tutorial.py for tasks to queue
[2024-06-23T18:34:07.691+0000] {logging_mixin.py:150} INFO - [2024-06-23T18:34:07.691+0000] {dagbag.py:541} INFO - Filling up the DagBag from /usr/local/python/3.10.13/lib/python3.10/site-packages/airflow/example_dags/example_params_ui_tutorial.py
[2024-06-23T18:34:07.709+0000] {processor.py:836} INFO - DAG(s) dict_keys(['example_params_ui_tutorial']) retrieved from /usr/local/python/3.10.13/lib/python3.10/site-packages/airflow/example_dags/example_params_ui_tutorial.py
[2024-06-23T18:34:07.737+0000] {logging_mixin.py:150} INFO - [2024-06-23T18:34:07.737+0000] {dag.py:2742} INFO - Sync 1 DAGs
[2024-06-23T18:34:07.752+0000] {logging_mixin.py:150} INFO - [2024-06-23T18:34:07.752+0000] {dag.py:3504} INFO - Setting next_dagrun for example_params_ui_tutorial to None, run_after=None
[2024-06-23T18:34:07.795+0000] {processor.py:179} INFO - Processing /usr/local/python/3.10.13/lib/python3.10/site-packages/airflow/example_dags/example_params_ui_tutorial.py took 0.108 seconds
[2024-06-23T18:34:54.640+0000] {processor.py:157} INFO - Started process (PID=29061) to work on /usr/local/python/3.10.13/lib/python3.10/site-packages/airflow/example_dags/example_params_ui_tutorial.py
[2024-06-23T18:34:54.640+0000] {processor.py:826} INFO - Processing file /usr/local/python/3.10.13/lib/python3.10/site-packages/airflow/example_dags/example_params_ui_tutorial.py for tasks to queue
[2024-06-23T18:34:54.641+0000] {logging_mixin.py:150} INFO - [2024-06-23T18:34:54.641+0000] {dagbag.py:541} INFO - Filling up the DagBag from /usr/local/python/3.10.13/lib/python3.10/site-packages/airflow/example_dags/example_params_ui_tutorial.py
[2024-06-23T18:34:54.660+0000] {processor.py:836} INFO - DAG(s) dict_keys(['example_params_ui_tutorial']) retrieved from /usr/local/python/3.10.13/lib/python3.10/site-packages/airflow/example_dags/example_params_ui_tutorial.py
[2024-06-23T18:34:54.692+0000] {logging_mixin.py:150} INFO - [2024-06-23T18:34:54.692+0000] {dag.py:2742} INFO - Sync 1 DAGs
[2024-06-23T18:34:54.708+0000] {logging_mixin.py:150} INFO - [2024-06-23T18:34:54.708+0000] {dag.py:3504} INFO - Setting next_dagrun for example_params_ui_tutorial to None, run_after=None
[2024-06-23T18:34:54.746+0000] {processor.py:179} INFO - Processing /usr/local/python/3.10.13/lib/python3.10/site-packages/airflow/example_dags/example_params_ui_tutorial.py took 0.109 seconds
[2024-06-23T18:35:48.576+0000] {processor.py:157} INFO - Started process (PID=29475) to work on /usr/local/python/3.10.13/lib/python3.10/site-packages/airflow/example_dags/example_params_ui_tutorial.py
[2024-06-23T18:35:48.576+0000] {processor.py:826} INFO - Processing file /usr/local/python/3.10.13/lib/python3.10/site-packages/airflow/example_dags/example_params_ui_tutorial.py for tasks to queue
[2024-06-23T18:35:48.577+0000] {logging_mixin.py:150} INFO - [2024-06-23T18:35:48.577+0000] {dagbag.py:541} INFO - Filling up the DagBag from /usr/local/python/3.10.13/lib/python3.10/site-packages/airflow/example_dags/example_params_ui_tutorial.py
[2024-06-23T18:35:48.596+0000] {processor.py:836} INFO - DAG(s) dict_keys(['example_params_ui_tutorial']) retrieved from /usr/local/python/3.10.13/lib/python3.10/site-packages/airflow/example_dags/example_params_ui_tutorial.py
[2024-06-23T18:35:48.624+0000] {logging_mixin.py:150} INFO - [2024-06-23T18:35:48.624+0000] {dag.py:2742} INFO - Sync 1 DAGs
[2024-06-23T18:35:48.647+0000] {logging_mixin.py:150} INFO - [2024-06-23T18:35:48.647+0000] {dag.py:3504} INFO - Setting next_dagrun for example_params_ui_tutorial to None, run_after=None
[2024-06-23T18:35:48.693+0000] {processor.py:179} INFO - Processing /usr/local/python/3.10.13/lib/python3.10/site-packages/airflow/example_dags/example_params_ui_tutorial.py took 0.120 seconds
