[2024-06-23T18:26:48.516+0000] {processor.py:157} INFO - Started process (PID=25443) to work on /usr/local/python/3.10.13/lib/python3.10/site-packages/airflow/example_dags/example_python_operator.py
[2024-06-23T18:26:48.518+0000] {processor.py:826} INFO - Processing file /usr/local/python/3.10.13/lib/python3.10/site-packages/airflow/example_dags/example_python_operator.py for tasks to queue
[2024-06-23T18:26:48.519+0000] {logging_mixin.py:150} INFO - [2024-06-23T18:26:48.518+0000] {dagbag.py:541} INFO - Filling up the DagBag from /usr/local/python/3.10.13/lib/python3.10/site-packages/airflow/example_dags/example_python_operator.py
[2024-06-23T18:26:48.546+0000] {processor.py:836} INFO - DAG(s) dict_keys(['example_python_operator']) retrieved from /usr/local/python/3.10.13/lib/python3.10/site-packages/airflow/example_dags/example_python_operator.py
[2024-06-23T18:26:48.736+0000] {logging_mixin.py:150} INFO - [2024-06-23T18:26:48.736+0000] {manager.py:504} INFO - Created Permission View: can delete on DAG:example_python_operator
[2024-06-23T18:26:48.767+0000] {logging_mixin.py:150} INFO - [2024-06-23T18:26:48.767+0000] {manager.py:504} INFO - Created Permission View: can edit on DAG:example_python_operator
[2024-06-23T18:26:48.794+0000] {logging_mixin.py:150} INFO - [2024-06-23T18:26:48.794+0000] {manager.py:504} INFO - Created Permission View: can read on DAG:example_python_operator
[2024-06-23T18:26:48.803+0000] {logging_mixin.py:150} INFO - [2024-06-23T18:26:48.803+0000] {dag.py:2742} INFO - Sync 1 DAGs
[2024-06-23T18:26:48.810+0000] {logging_mixin.py:150} INFO - [2024-06-23T18:26:48.810+0000] {dag.py:2763} INFO - Creating ORM DAG for example_python_operator
[2024-06-23T18:26:48.817+0000] {logging_mixin.py:150} INFO - [2024-06-23T18:26:48.817+0000] {dag.py:3504} INFO - Setting next_dagrun for example_python_operator to None, run_after=None
[2024-06-23T18:26:48.861+0000] {processor.py:179} INFO - Processing /usr/local/python/3.10.13/lib/python3.10/site-packages/airflow/example_dags/example_python_operator.py took 0.348 seconds
[2024-06-23T18:27:40.228+0000] {processor.py:157} INFO - Started process (PID=25920) to work on /usr/local/python/3.10.13/lib/python3.10/site-packages/airflow/example_dags/example_python_operator.py
[2024-06-23T18:27:40.229+0000] {processor.py:826} INFO - Processing file /usr/local/python/3.10.13/lib/python3.10/site-packages/airflow/example_dags/example_python_operator.py for tasks to queue
[2024-06-23T18:27:40.229+0000] {logging_mixin.py:150} INFO - [2024-06-23T18:27:40.229+0000] {dagbag.py:541} INFO - Filling up the DagBag from /usr/local/python/3.10.13/lib/python3.10/site-packages/airflow/example_dags/example_python_operator.py
[2024-06-23T18:27:40.241+0000] {processor.py:836} INFO - DAG(s) dict_keys(['example_python_operator']) retrieved from /usr/local/python/3.10.13/lib/python3.10/site-packages/airflow/example_dags/example_python_operator.py
[2024-06-23T18:27:40.262+0000] {logging_mixin.py:150} INFO - [2024-06-23T18:27:40.262+0000] {dag.py:2742} INFO - Sync 1 DAGs
[2024-06-23T18:27:40.282+0000] {logging_mixin.py:150} INFO - [2024-06-23T18:27:40.282+0000] {dag.py:3504} INFO - Setting next_dagrun for example_python_operator to None, run_after=None
[2024-06-23T18:27:40.330+0000] {processor.py:179} INFO - Processing /usr/local/python/3.10.13/lib/python3.10/site-packages/airflow/example_dags/example_python_operator.py took 0.105 seconds
[2024-06-23T18:28:25.261+0000] {processor.py:157} INFO - Started process (PID=26321) to work on /usr/local/python/3.10.13/lib/python3.10/site-packages/airflow/example_dags/example_python_operator.py
[2024-06-23T18:28:25.262+0000] {processor.py:826} INFO - Processing file /usr/local/python/3.10.13/lib/python3.10/site-packages/airflow/example_dags/example_python_operator.py for tasks to queue
[2024-06-23T18:28:25.263+0000] {logging_mixin.py:150} INFO - [2024-06-23T18:28:25.263+0000] {dagbag.py:541} INFO - Filling up the DagBag from /usr/local/python/3.10.13/lib/python3.10/site-packages/airflow/example_dags/example_python_operator.py
[2024-06-23T18:28:25.272+0000] {processor.py:836} INFO - DAG(s) dict_keys(['example_python_operator']) retrieved from /usr/local/python/3.10.13/lib/python3.10/site-packages/airflow/example_dags/example_python_operator.py
[2024-06-23T18:28:25.286+0000] {logging_mixin.py:150} INFO - [2024-06-23T18:28:25.286+0000] {dag.py:2742} INFO - Sync 1 DAGs
[2024-06-23T18:28:25.301+0000] {logging_mixin.py:150} INFO - [2024-06-23T18:28:25.300+0000] {dag.py:3504} INFO - Setting next_dagrun for example_python_operator to None, run_after=None
[2024-06-23T18:28:25.342+0000] {processor.py:179} INFO - Processing /usr/local/python/3.10.13/lib/python3.10/site-packages/airflow/example_dags/example_python_operator.py took 0.083 seconds
[2024-06-23T18:29:10.674+0000] {processor.py:157} INFO - Started process (PID=26626) to work on /usr/local/python/3.10.13/lib/python3.10/site-packages/airflow/example_dags/example_python_operator.py
[2024-06-23T18:29:10.675+0000] {processor.py:826} INFO - Processing file /usr/local/python/3.10.13/lib/python3.10/site-packages/airflow/example_dags/example_python_operator.py for tasks to queue
[2024-06-23T18:29:10.675+0000] {logging_mixin.py:150} INFO - [2024-06-23T18:29:10.675+0000] {dagbag.py:541} INFO - Filling up the DagBag from /usr/local/python/3.10.13/lib/python3.10/site-packages/airflow/example_dags/example_python_operator.py
[2024-06-23T18:29:10.684+0000] {processor.py:836} INFO - DAG(s) dict_keys(['example_python_operator']) retrieved from /usr/local/python/3.10.13/lib/python3.10/site-packages/airflow/example_dags/example_python_operator.py
[2024-06-23T18:29:10.698+0000] {logging_mixin.py:150} INFO - [2024-06-23T18:29:10.698+0000] {dag.py:2742} INFO - Sync 1 DAGs
[2024-06-23T18:29:10.713+0000] {logging_mixin.py:150} INFO - [2024-06-23T18:29:10.712+0000] {dag.py:3504} INFO - Setting next_dagrun for example_python_operator to None, run_after=None
[2024-06-23T18:29:10.754+0000] {processor.py:179} INFO - Processing /usr/local/python/3.10.13/lib/python3.10/site-packages/airflow/example_dags/example_python_operator.py took 0.082 seconds
[2024-06-23T18:29:54.970+0000] {processor.py:157} INFO - Started process (PID=26949) to work on /usr/local/python/3.10.13/lib/python3.10/site-packages/airflow/example_dags/example_python_operator.py
[2024-06-23T18:29:54.971+0000] {processor.py:826} INFO - Processing file /usr/local/python/3.10.13/lib/python3.10/site-packages/airflow/example_dags/example_python_operator.py for tasks to queue
[2024-06-23T18:29:54.971+0000] {logging_mixin.py:150} INFO - [2024-06-23T18:29:54.971+0000] {dagbag.py:541} INFO - Filling up the DagBag from /usr/local/python/3.10.13/lib/python3.10/site-packages/airflow/example_dags/example_python_operator.py
[2024-06-23T18:29:54.979+0000] {processor.py:836} INFO - DAG(s) dict_keys(['example_python_operator']) retrieved from /usr/local/python/3.10.13/lib/python3.10/site-packages/airflow/example_dags/example_python_operator.py
[2024-06-23T18:29:54.993+0000] {logging_mixin.py:150} INFO - [2024-06-23T18:29:54.993+0000] {dag.py:2742} INFO - Sync 1 DAGs
[2024-06-23T18:29:55.008+0000] {logging_mixin.py:150} INFO - [2024-06-23T18:29:55.008+0000] {dag.py:3504} INFO - Setting next_dagrun for example_python_operator to None, run_after=None
[2024-06-23T18:29:55.046+0000] {processor.py:179} INFO - Processing /usr/local/python/3.10.13/lib/python3.10/site-packages/airflow/example_dags/example_python_operator.py took 0.078 seconds
[2024-06-23T18:30:38.281+0000] {processor.py:157} INFO - Started process (PID=27247) to work on /usr/local/python/3.10.13/lib/python3.10/site-packages/airflow/example_dags/example_python_operator.py
[2024-06-23T18:30:38.281+0000] {processor.py:826} INFO - Processing file /usr/local/python/3.10.13/lib/python3.10/site-packages/airflow/example_dags/example_python_operator.py for tasks to queue
[2024-06-23T18:30:38.282+0000] {logging_mixin.py:150} INFO - [2024-06-23T18:30:38.282+0000] {dagbag.py:541} INFO - Filling up the DagBag from /usr/local/python/3.10.13/lib/python3.10/site-packages/airflow/example_dags/example_python_operator.py
[2024-06-23T18:30:38.290+0000] {processor.py:836} INFO - DAG(s) dict_keys(['example_python_operator']) retrieved from /usr/local/python/3.10.13/lib/python3.10/site-packages/airflow/example_dags/example_python_operator.py
[2024-06-23T18:30:38.304+0000] {logging_mixin.py:150} INFO - [2024-06-23T18:30:38.304+0000] {dag.py:2742} INFO - Sync 1 DAGs
[2024-06-23T18:30:38.318+0000] {logging_mixin.py:150} INFO - [2024-06-23T18:30:38.318+0000] {dag.py:3504} INFO - Setting next_dagrun for example_python_operator to None, run_after=None
[2024-06-23T18:30:38.358+0000] {processor.py:179} INFO - Processing /usr/local/python/3.10.13/lib/python3.10/site-packages/airflow/example_dags/example_python_operator.py took 0.079 seconds
[2024-06-23T18:31:29.364+0000] {processor.py:157} INFO - Started process (PID=27605) to work on /usr/local/python/3.10.13/lib/python3.10/site-packages/airflow/example_dags/example_python_operator.py
[2024-06-23T18:31:29.364+0000] {processor.py:826} INFO - Processing file /usr/local/python/3.10.13/lib/python3.10/site-packages/airflow/example_dags/example_python_operator.py for tasks to queue
[2024-06-23T18:31:29.365+0000] {logging_mixin.py:150} INFO - [2024-06-23T18:31:29.365+0000] {dagbag.py:541} INFO - Filling up the DagBag from /usr/local/python/3.10.13/lib/python3.10/site-packages/airflow/example_dags/example_python_operator.py
[2024-06-23T18:31:29.373+0000] {processor.py:836} INFO - DAG(s) dict_keys(['example_python_operator']) retrieved from /usr/local/python/3.10.13/lib/python3.10/site-packages/airflow/example_dags/example_python_operator.py
[2024-06-23T18:31:29.387+0000] {logging_mixin.py:150} INFO - [2024-06-23T18:31:29.387+0000] {dag.py:2742} INFO - Sync 1 DAGs
[2024-06-23T18:31:29.402+0000] {logging_mixin.py:150} INFO - [2024-06-23T18:31:29.402+0000] {dag.py:3504} INFO - Setting next_dagrun for example_python_operator to None, run_after=None
[2024-06-23T18:31:29.443+0000] {processor.py:179} INFO - Processing /usr/local/python/3.10.13/lib/python3.10/site-packages/airflow/example_dags/example_python_operator.py took 0.082 seconds
[2024-06-23T18:32:20.134+0000] {processor.py:157} INFO - Started process (PID=27981) to work on /usr/local/python/3.10.13/lib/python3.10/site-packages/airflow/example_dags/example_python_operator.py
[2024-06-23T18:32:20.135+0000] {processor.py:826} INFO - Processing file /usr/local/python/3.10.13/lib/python3.10/site-packages/airflow/example_dags/example_python_operator.py for tasks to queue
[2024-06-23T18:32:20.135+0000] {logging_mixin.py:150} INFO - [2024-06-23T18:32:20.135+0000] {dagbag.py:541} INFO - Filling up the DagBag from /usr/local/python/3.10.13/lib/python3.10/site-packages/airflow/example_dags/example_python_operator.py
[2024-06-23T18:32:20.144+0000] {processor.py:836} INFO - DAG(s) dict_keys(['example_python_operator']) retrieved from /usr/local/python/3.10.13/lib/python3.10/site-packages/airflow/example_dags/example_python_operator.py
[2024-06-23T18:32:20.158+0000] {logging_mixin.py:150} INFO - [2024-06-23T18:32:20.158+0000] {dag.py:2742} INFO - Sync 1 DAGs
[2024-06-23T18:32:20.173+0000] {logging_mixin.py:150} INFO - [2024-06-23T18:32:20.173+0000] {dag.py:3504} INFO - Setting next_dagrun for example_python_operator to None, run_after=None
[2024-06-23T18:32:20.210+0000] {processor.py:179} INFO - Processing /usr/local/python/3.10.13/lib/python3.10/site-packages/airflow/example_dags/example_python_operator.py took 0.078 seconds
[2024-06-23T18:33:15.060+0000] {processor.py:157} INFO - Started process (PID=28361) to work on /usr/local/python/3.10.13/lib/python3.10/site-packages/airflow/example_dags/example_python_operator.py
[2024-06-23T18:33:15.061+0000] {processor.py:826} INFO - Processing file /usr/local/python/3.10.13/lib/python3.10/site-packages/airflow/example_dags/example_python_operator.py for tasks to queue
[2024-06-23T18:33:15.062+0000] {logging_mixin.py:150} INFO - [2024-06-23T18:33:15.062+0000] {dagbag.py:541} INFO - Filling up the DagBag from /usr/local/python/3.10.13/lib/python3.10/site-packages/airflow/example_dags/example_python_operator.py
[2024-06-23T18:33:15.077+0000] {processor.py:836} INFO - DAG(s) dict_keys(['example_python_operator']) retrieved from /usr/local/python/3.10.13/lib/python3.10/site-packages/airflow/example_dags/example_python_operator.py
[2024-06-23T18:33:15.100+0000] {logging_mixin.py:150} INFO - [2024-06-23T18:33:15.100+0000] {dag.py:2742} INFO - Sync 1 DAGs
[2024-06-23T18:33:15.116+0000] {logging_mixin.py:150} INFO - [2024-06-23T18:33:15.116+0000] {dag.py:3504} INFO - Setting next_dagrun for example_python_operator to None, run_after=None
[2024-06-23T18:33:15.164+0000] {processor.py:179} INFO - Processing /usr/local/python/3.10.13/lib/python3.10/site-packages/airflow/example_dags/example_python_operator.py took 0.107 seconds
[2024-06-23T18:34:08.923+0000] {processor.py:157} INFO - Started process (PID=28743) to work on /usr/local/python/3.10.13/lib/python3.10/site-packages/airflow/example_dags/example_python_operator.py
[2024-06-23T18:34:08.923+0000] {processor.py:826} INFO - Processing file /usr/local/python/3.10.13/lib/python3.10/site-packages/airflow/example_dags/example_python_operator.py for tasks to queue
[2024-06-23T18:34:08.924+0000] {logging_mixin.py:150} INFO - [2024-06-23T18:34:08.924+0000] {dagbag.py:541} INFO - Filling up the DagBag from /usr/local/python/3.10.13/lib/python3.10/site-packages/airflow/example_dags/example_python_operator.py
[2024-06-23T18:34:08.932+0000] {processor.py:836} INFO - DAG(s) dict_keys(['example_python_operator']) retrieved from /usr/local/python/3.10.13/lib/python3.10/site-packages/airflow/example_dags/example_python_operator.py
[2024-06-23T18:34:08.947+0000] {logging_mixin.py:150} INFO - [2024-06-23T18:34:08.946+0000] {dag.py:2742} INFO - Sync 1 DAGs
[2024-06-23T18:34:08.961+0000] {logging_mixin.py:150} INFO - [2024-06-23T18:34:08.961+0000] {dag.py:3504} INFO - Setting next_dagrun for example_python_operator to None, run_after=None
[2024-06-23T18:34:09.003+0000] {processor.py:179} INFO - Processing /usr/local/python/3.10.13/lib/python3.10/site-packages/airflow/example_dags/example_python_operator.py took 0.082 seconds
[2024-06-23T18:34:55.873+0000] {processor.py:157} INFO - Started process (PID=29062) to work on /usr/local/python/3.10.13/lib/python3.10/site-packages/airflow/example_dags/example_python_operator.py
[2024-06-23T18:34:55.874+0000] {processor.py:826} INFO - Processing file /usr/local/python/3.10.13/lib/python3.10/site-packages/airflow/example_dags/example_python_operator.py for tasks to queue
[2024-06-23T18:34:55.875+0000] {logging_mixin.py:150} INFO - [2024-06-23T18:34:55.874+0000] {dagbag.py:541} INFO - Filling up the DagBag from /usr/local/python/3.10.13/lib/python3.10/site-packages/airflow/example_dags/example_python_operator.py
[2024-06-23T18:34:55.882+0000] {processor.py:836} INFO - DAG(s) dict_keys(['example_python_operator']) retrieved from /usr/local/python/3.10.13/lib/python3.10/site-packages/airflow/example_dags/example_python_operator.py
[2024-06-23T18:34:55.897+0000] {logging_mixin.py:150} INFO - [2024-06-23T18:34:55.896+0000] {dag.py:2742} INFO - Sync 1 DAGs
[2024-06-23T18:34:55.911+0000] {logging_mixin.py:150} INFO - [2024-06-23T18:34:55.911+0000] {dag.py:3504} INFO - Setting next_dagrun for example_python_operator to None, run_after=None
[2024-06-23T18:34:55.950+0000] {processor.py:179} INFO - Processing /usr/local/python/3.10.13/lib/python3.10/site-packages/airflow/example_dags/example_python_operator.py took 0.079 seconds
[2024-06-23T18:35:49.063+0000] {processor.py:157} INFO - Started process (PID=29476) to work on /usr/local/python/3.10.13/lib/python3.10/site-packages/airflow/example_dags/example_python_operator.py
[2024-06-23T18:35:49.063+0000] {processor.py:826} INFO - Processing file /usr/local/python/3.10.13/lib/python3.10/site-packages/airflow/example_dags/example_python_operator.py for tasks to queue
[2024-06-23T18:35:49.064+0000] {logging_mixin.py:150} INFO - [2024-06-23T18:35:49.064+0000] {dagbag.py:541} INFO - Filling up the DagBag from /usr/local/python/3.10.13/lib/python3.10/site-packages/airflow/example_dags/example_python_operator.py
[2024-06-23T18:35:49.072+0000] {processor.py:836} INFO - DAG(s) dict_keys(['example_python_operator']) retrieved from /usr/local/python/3.10.13/lib/python3.10/site-packages/airflow/example_dags/example_python_operator.py
[2024-06-23T18:35:49.087+0000] {logging_mixin.py:150} INFO - [2024-06-23T18:35:49.087+0000] {dag.py:2742} INFO - Sync 1 DAGs
[2024-06-23T18:35:49.103+0000] {logging_mixin.py:150} INFO - [2024-06-23T18:35:49.103+0000] {dag.py:3504} INFO - Setting next_dagrun for example_python_operator to None, run_after=None
[2024-06-23T18:35:49.146+0000] {processor.py:179} INFO - Processing /usr/local/python/3.10.13/lib/python3.10/site-packages/airflow/example_dags/example_python_operator.py took 0.085 seconds
