[2024-06-23T18:26:36.570+0000] {processor.py:157} INFO - Started process (PID=25349) to work on /usr/local/python/3.10.13/lib/python3.10/site-packages/airflow/example_dags/example_complex.py
[2024-06-23T18:26:36.570+0000] {processor.py:826} INFO - Processing file /usr/local/python/3.10.13/lib/python3.10/site-packages/airflow/example_dags/example_complex.py for tasks to queue
[2024-06-23T18:26:36.571+0000] {logging_mixin.py:150} INFO - [2024-06-23T18:26:36.571+0000] {dagbag.py:541} INFO - Filling up the DagBag from /usr/local/python/3.10.13/lib/python3.10/site-packages/airflow/example_dags/example_complex.py
[2024-06-23T18:26:36.579+0000] {processor.py:836} INFO - DAG(s) dict_keys(['example_complex']) retrieved from /usr/local/python/3.10.13/lib/python3.10/site-packages/airflow/example_dags/example_complex.py
[2024-06-23T18:26:36.726+0000] {logging_mixin.py:150} INFO - [2024-06-23T18:26:36.726+0000] {manager.py:504} INFO - Created Permission View: can delete on DAG:example_complex
[2024-06-23T18:26:36.758+0000] {logging_mixin.py:150} INFO - [2024-06-23T18:26:36.758+0000] {manager.py:504} INFO - Created Permission View: can edit on DAG:example_complex
[2024-06-23T18:26:36.787+0000] {logging_mixin.py:150} INFO - [2024-06-23T18:26:36.787+0000] {manager.py:504} INFO - Created Permission View: can read on DAG:example_complex
[2024-06-23T18:26:36.797+0000] {logging_mixin.py:150} INFO - [2024-06-23T18:26:36.797+0000] {dag.py:2742} INFO - Sync 1 DAGs
[2024-06-23T18:26:36.804+0000] {logging_mixin.py:150} INFO - [2024-06-23T18:26:36.804+0000] {dag.py:2763} INFO - Creating ORM DAG for example_complex
[2024-06-23T18:26:36.811+0000] {logging_mixin.py:150} INFO - [2024-06-23T18:26:36.811+0000] {dag.py:3504} INFO - Setting next_dagrun for example_complex to None, run_after=None
[2024-06-23T18:26:36.854+0000] {processor.py:179} INFO - Processing /usr/local/python/3.10.13/lib/python3.10/site-packages/airflow/example_dags/example_complex.py took 0.286 seconds
[2024-06-23T18:27:30.427+0000] {processor.py:157} INFO - Started process (PID=25796) to work on /usr/local/python/3.10.13/lib/python3.10/site-packages/airflow/example_dags/example_complex.py
[2024-06-23T18:27:30.428+0000] {processor.py:826} INFO - Processing file /usr/local/python/3.10.13/lib/python3.10/site-packages/airflow/example_dags/example_complex.py for tasks to queue
[2024-06-23T18:27:30.429+0000] {logging_mixin.py:150} INFO - [2024-06-23T18:27:30.429+0000] {dagbag.py:541} INFO - Filling up the DagBag from /usr/local/python/3.10.13/lib/python3.10/site-packages/airflow/example_dags/example_complex.py
[2024-06-23T18:27:30.437+0000] {processor.py:836} INFO - DAG(s) dict_keys(['example_complex']) retrieved from /usr/local/python/3.10.13/lib/python3.10/site-packages/airflow/example_dags/example_complex.py
[2024-06-23T18:27:30.458+0000] {logging_mixin.py:150} INFO - [2024-06-23T18:27:30.458+0000] {dag.py:2742} INFO - Sync 1 DAGs
[2024-06-23T18:27:30.473+0000] {logging_mixin.py:150} INFO - [2024-06-23T18:27:30.473+0000] {dag.py:3504} INFO - Setting next_dagrun for example_complex to None, run_after=None
[2024-06-23T18:27:30.514+0000] {processor.py:179} INFO - Processing /usr/local/python/3.10.13/lib/python3.10/site-packages/airflow/example_dags/example_complex.py took 0.089 seconds
[2024-06-23T18:28:14.673+0000] {processor.py:157} INFO - Started process (PID=26247) to work on /usr/local/python/3.10.13/lib/python3.10/site-packages/airflow/example_dags/example_complex.py
[2024-06-23T18:28:14.673+0000] {processor.py:826} INFO - Processing file /usr/local/python/3.10.13/lib/python3.10/site-packages/airflow/example_dags/example_complex.py for tasks to queue
[2024-06-23T18:28:14.674+0000] {logging_mixin.py:150} INFO - [2024-06-23T18:28:14.674+0000] {dagbag.py:541} INFO - Filling up the DagBag from /usr/local/python/3.10.13/lib/python3.10/site-packages/airflow/example_dags/example_complex.py
[2024-06-23T18:28:14.683+0000] {processor.py:836} INFO - DAG(s) dict_keys(['example_complex']) retrieved from /usr/local/python/3.10.13/lib/python3.10/site-packages/airflow/example_dags/example_complex.py
[2024-06-23T18:28:14.703+0000] {logging_mixin.py:150} INFO - [2024-06-23T18:28:14.703+0000] {dag.py:2742} INFO - Sync 1 DAGs
[2024-06-23T18:28:14.718+0000] {logging_mixin.py:150} INFO - [2024-06-23T18:28:14.718+0000] {dag.py:3504} INFO - Setting next_dagrun for example_complex to None, run_after=None
[2024-06-23T18:28:14.756+0000] {processor.py:179} INFO - Processing /usr/local/python/3.10.13/lib/python3.10/site-packages/airflow/example_dags/example_complex.py took 0.086 seconds
[2024-06-23T18:29:00.833+0000] {processor.py:157} INFO - Started process (PID=26573) to work on /usr/local/python/3.10.13/lib/python3.10/site-packages/airflow/example_dags/example_complex.py
[2024-06-23T18:29:00.834+0000] {processor.py:826} INFO - Processing file /usr/local/python/3.10.13/lib/python3.10/site-packages/airflow/example_dags/example_complex.py for tasks to queue
[2024-06-23T18:29:00.834+0000] {logging_mixin.py:150} INFO - [2024-06-23T18:29:00.834+0000] {dagbag.py:541} INFO - Filling up the DagBag from /usr/local/python/3.10.13/lib/python3.10/site-packages/airflow/example_dags/example_complex.py
[2024-06-23T18:29:00.843+0000] {processor.py:836} INFO - DAG(s) dict_keys(['example_complex']) retrieved from /usr/local/python/3.10.13/lib/python3.10/site-packages/airflow/example_dags/example_complex.py
[2024-06-23T18:29:00.864+0000] {logging_mixin.py:150} INFO - [2024-06-23T18:29:00.864+0000] {dag.py:2742} INFO - Sync 1 DAGs
[2024-06-23T18:29:00.880+0000] {logging_mixin.py:150} INFO - [2024-06-23T18:29:00.880+0000] {dag.py:3504} INFO - Setting next_dagrun for example_complex to None, run_after=None
[2024-06-23T18:29:00.918+0000] {processor.py:179} INFO - Processing /usr/local/python/3.10.13/lib/python3.10/site-packages/airflow/example_dags/example_complex.py took 0.088 seconds
[2024-06-23T18:29:43.410+0000] {processor.py:157} INFO - Started process (PID=26870) to work on /usr/local/python/3.10.13/lib/python3.10/site-packages/airflow/example_dags/example_complex.py
[2024-06-23T18:29:43.411+0000] {processor.py:826} INFO - Processing file /usr/local/python/3.10.13/lib/python3.10/site-packages/airflow/example_dags/example_complex.py for tasks to queue
[2024-06-23T18:29:43.411+0000] {logging_mixin.py:150} INFO - [2024-06-23T18:29:43.411+0000] {dagbag.py:541} INFO - Filling up the DagBag from /usr/local/python/3.10.13/lib/python3.10/site-packages/airflow/example_dags/example_complex.py
[2024-06-23T18:29:43.420+0000] {processor.py:836} INFO - DAG(s) dict_keys(['example_complex']) retrieved from /usr/local/python/3.10.13/lib/python3.10/site-packages/airflow/example_dags/example_complex.py
[2024-06-23T18:29:43.440+0000] {logging_mixin.py:150} INFO - [2024-06-23T18:29:43.440+0000] {dag.py:2742} INFO - Sync 1 DAGs
[2024-06-23T18:29:43.459+0000] {logging_mixin.py:150} INFO - [2024-06-23T18:29:43.459+0000] {dag.py:3504} INFO - Setting next_dagrun for example_complex to None, run_after=None
[2024-06-23T18:29:43.503+0000] {processor.py:179} INFO - Processing /usr/local/python/3.10.13/lib/python3.10/site-packages/airflow/example_dags/example_complex.py took 0.095 seconds
[2024-06-23T18:30:28.536+0000] {processor.py:157} INFO - Started process (PID=27177) to work on /usr/local/python/3.10.13/lib/python3.10/site-packages/airflow/example_dags/example_complex.py
[2024-06-23T18:30:28.537+0000] {processor.py:826} INFO - Processing file /usr/local/python/3.10.13/lib/python3.10/site-packages/airflow/example_dags/example_complex.py for tasks to queue
[2024-06-23T18:30:28.537+0000] {logging_mixin.py:150} INFO - [2024-06-23T18:30:28.537+0000] {dagbag.py:541} INFO - Filling up the DagBag from /usr/local/python/3.10.13/lib/python3.10/site-packages/airflow/example_dags/example_complex.py
[2024-06-23T18:30:28.546+0000] {processor.py:836} INFO - DAG(s) dict_keys(['example_complex']) retrieved from /usr/local/python/3.10.13/lib/python3.10/site-packages/airflow/example_dags/example_complex.py
[2024-06-23T18:30:28.566+0000] {logging_mixin.py:150} INFO - [2024-06-23T18:30:28.566+0000] {dag.py:2742} INFO - Sync 1 DAGs
[2024-06-23T18:30:28.581+0000] {logging_mixin.py:150} INFO - [2024-06-23T18:30:28.581+0000] {dag.py:3504} INFO - Setting next_dagrun for example_complex to None, run_after=None
[2024-06-23T18:30:28.620+0000] {processor.py:179} INFO - Processing /usr/local/python/3.10.13/lib/python3.10/site-packages/airflow/example_dags/example_complex.py took 0.086 seconds
[2024-06-23T18:31:14.669+0000] {processor.py:157} INFO - Started process (PID=27507) to work on /usr/local/python/3.10.13/lib/python3.10/site-packages/airflow/example_dags/example_complex.py
[2024-06-23T18:31:14.669+0000] {processor.py:826} INFO - Processing file /usr/local/python/3.10.13/lib/python3.10/site-packages/airflow/example_dags/example_complex.py for tasks to queue
[2024-06-23T18:31:14.670+0000] {logging_mixin.py:150} INFO - [2024-06-23T18:31:14.670+0000] {dagbag.py:541} INFO - Filling up the DagBag from /usr/local/python/3.10.13/lib/python3.10/site-packages/airflow/example_dags/example_complex.py
[2024-06-23T18:31:14.679+0000] {processor.py:836} INFO - DAG(s) dict_keys(['example_complex']) retrieved from /usr/local/python/3.10.13/lib/python3.10/site-packages/airflow/example_dags/example_complex.py
[2024-06-23T18:31:14.699+0000] {logging_mixin.py:150} INFO - [2024-06-23T18:31:14.698+0000] {dag.py:2742} INFO - Sync 1 DAGs
[2024-06-23T18:31:14.713+0000] {logging_mixin.py:150} INFO - [2024-06-23T18:31:14.713+0000] {dag.py:3504} INFO - Setting next_dagrun for example_complex to None, run_after=None
[2024-06-23T18:31:14.752+0000] {processor.py:179} INFO - Processing /usr/local/python/3.10.13/lib/python3.10/site-packages/airflow/example_dags/example_complex.py took 0.086 seconds
[2024-06-23T18:32:03.113+0000] {processor.py:157} INFO - Started process (PID=27853) to work on /usr/local/python/3.10.13/lib/python3.10/site-packages/airflow/example_dags/example_complex.py
[2024-06-23T18:32:03.114+0000] {processor.py:826} INFO - Processing file /usr/local/python/3.10.13/lib/python3.10/site-packages/airflow/example_dags/example_complex.py for tasks to queue
[2024-06-23T18:32:03.115+0000] {logging_mixin.py:150} INFO - [2024-06-23T18:32:03.115+0000] {dagbag.py:541} INFO - Filling up the DagBag from /usr/local/python/3.10.13/lib/python3.10/site-packages/airflow/example_dags/example_complex.py
[2024-06-23T18:32:03.133+0000] {processor.py:836} INFO - DAG(s) dict_keys(['example_complex']) retrieved from /usr/local/python/3.10.13/lib/python3.10/site-packages/airflow/example_dags/example_complex.py
[2024-06-23T18:32:03.165+0000] {logging_mixin.py:150} INFO - [2024-06-23T18:32:03.165+0000] {dag.py:2742} INFO - Sync 1 DAGs
[2024-06-23T18:32:03.187+0000] {logging_mixin.py:150} INFO - [2024-06-23T18:32:03.187+0000] {dag.py:3504} INFO - Setting next_dagrun for example_complex to None, run_after=None
[2024-06-23T18:32:03.227+0000] {processor.py:179} INFO - Processing /usr/local/python/3.10.13/lib/python3.10/site-packages/airflow/example_dags/example_complex.py took 0.117 seconds
[2024-06-23T18:32:56.538+0000] {processor.py:157} INFO - Started process (PID=28244) to work on /usr/local/python/3.10.13/lib/python3.10/site-packages/airflow/example_dags/example_complex.py
[2024-06-23T18:32:56.538+0000] {processor.py:826} INFO - Processing file /usr/local/python/3.10.13/lib/python3.10/site-packages/airflow/example_dags/example_complex.py for tasks to queue
[2024-06-23T18:32:56.539+0000] {logging_mixin.py:150} INFO - [2024-06-23T18:32:56.539+0000] {dagbag.py:541} INFO - Filling up the DagBag from /usr/local/python/3.10.13/lib/python3.10/site-packages/airflow/example_dags/example_complex.py
[2024-06-23T18:32:56.548+0000] {processor.py:836} INFO - DAG(s) dict_keys(['example_complex']) retrieved from /usr/local/python/3.10.13/lib/python3.10/site-packages/airflow/example_dags/example_complex.py
[2024-06-23T18:32:56.568+0000] {logging_mixin.py:150} INFO - [2024-06-23T18:32:56.568+0000] {dag.py:2742} INFO - Sync 1 DAGs
[2024-06-23T18:32:56.583+0000] {logging_mixin.py:150} INFO - [2024-06-23T18:32:56.583+0000] {dag.py:3504} INFO - Setting next_dagrun for example_complex to None, run_after=None
[2024-06-23T18:32:56.622+0000] {processor.py:179} INFO - Processing /usr/local/python/3.10.13/lib/python3.10/site-packages/airflow/example_dags/example_complex.py took 0.086 seconds
[2024-06-23T18:33:49.956+0000] {processor.py:157} INFO - Started process (PID=28614) to work on /usr/local/python/3.10.13/lib/python3.10/site-packages/airflow/example_dags/example_complex.py
[2024-06-23T18:33:49.957+0000] {processor.py:826} INFO - Processing file /usr/local/python/3.10.13/lib/python3.10/site-packages/airflow/example_dags/example_complex.py for tasks to queue
[2024-06-23T18:33:49.958+0000] {logging_mixin.py:150} INFO - [2024-06-23T18:33:49.958+0000] {dagbag.py:541} INFO - Filling up the DagBag from /usr/local/python/3.10.13/lib/python3.10/site-packages/airflow/example_dags/example_complex.py
[2024-06-23T18:33:49.966+0000] {processor.py:836} INFO - DAG(s) dict_keys(['example_complex']) retrieved from /usr/local/python/3.10.13/lib/python3.10/site-packages/airflow/example_dags/example_complex.py
[2024-06-23T18:33:49.986+0000] {logging_mixin.py:150} INFO - [2024-06-23T18:33:49.986+0000] {dag.py:2742} INFO - Sync 1 DAGs
[2024-06-23T18:33:50.001+0000] {logging_mixin.py:150} INFO - [2024-06-23T18:33:50.001+0000] {dag.py:3504} INFO - Setting next_dagrun for example_complex to None, run_after=None
[2024-06-23T18:33:50.041+0000] {processor.py:179} INFO - Processing /usr/local/python/3.10.13/lib/python3.10/site-packages/airflow/example_dags/example_complex.py took 0.087 seconds
[2024-06-23T18:34:36.509+0000] {processor.py:157} INFO - Started process (PID=28940) to work on /usr/local/python/3.10.13/lib/python3.10/site-packages/airflow/example_dags/example_complex.py
[2024-06-23T18:34:36.510+0000] {processor.py:826} INFO - Processing file /usr/local/python/3.10.13/lib/python3.10/site-packages/airflow/example_dags/example_complex.py for tasks to queue
[2024-06-23T18:34:36.512+0000] {logging_mixin.py:150} INFO - [2024-06-23T18:34:36.511+0000] {dagbag.py:541} INFO - Filling up the DagBag from /usr/local/python/3.10.13/lib/python3.10/site-packages/airflow/example_dags/example_complex.py
[2024-06-23T18:34:36.526+0000] {processor.py:836} INFO - DAG(s) dict_keys(['example_complex']) retrieved from /usr/local/python/3.10.13/lib/python3.10/site-packages/airflow/example_dags/example_complex.py
[2024-06-23T18:34:36.564+0000] {logging_mixin.py:150} INFO - [2024-06-23T18:34:36.563+0000] {dag.py:2742} INFO - Sync 1 DAGs
[2024-06-23T18:34:36.587+0000] {logging_mixin.py:150} INFO - [2024-06-23T18:34:36.587+0000] {dag.py:3504} INFO - Setting next_dagrun for example_complex to None, run_after=None
[2024-06-23T18:34:36.630+0000] {processor.py:179} INFO - Processing /usr/local/python/3.10.13/lib/python3.10/site-packages/airflow/example_dags/example_complex.py took 0.124 seconds
[2024-06-23T18:35:30.705+0000] {processor.py:157} INFO - Started process (PID=29316) to work on /usr/local/python/3.10.13/lib/python3.10/site-packages/airflow/example_dags/example_complex.py
[2024-06-23T18:35:30.705+0000] {processor.py:826} INFO - Processing file /usr/local/python/3.10.13/lib/python3.10/site-packages/airflow/example_dags/example_complex.py for tasks to queue
[2024-06-23T18:35:30.706+0000] {logging_mixin.py:150} INFO - [2024-06-23T18:35:30.706+0000] {dagbag.py:541} INFO - Filling up the DagBag from /usr/local/python/3.10.13/lib/python3.10/site-packages/airflow/example_dags/example_complex.py
[2024-06-23T18:35:30.715+0000] {processor.py:836} INFO - DAG(s) dict_keys(['example_complex']) retrieved from /usr/local/python/3.10.13/lib/python3.10/site-packages/airflow/example_dags/example_complex.py
[2024-06-23T18:35:30.734+0000] {logging_mixin.py:150} INFO - [2024-06-23T18:35:30.734+0000] {dag.py:2742} INFO - Sync 1 DAGs
[2024-06-23T18:35:30.749+0000] {logging_mixin.py:150} INFO - [2024-06-23T18:35:30.748+0000] {dag.py:3504} INFO - Setting next_dagrun for example_complex to None, run_after=None
[2024-06-23T18:35:30.787+0000] {processor.py:179} INFO - Processing /usr/local/python/3.10.13/lib/python3.10/site-packages/airflow/example_dags/example_complex.py took 0.085 seconds
[2024-06-23T18:36:23.952+0000] {processor.py:157} INFO - Started process (PID=29823) to work on /usr/local/python/3.10.13/lib/python3.10/site-packages/airflow/example_dags/example_complex.py
[2024-06-23T18:36:23.952+0000] {processor.py:826} INFO - Processing file /usr/local/python/3.10.13/lib/python3.10/site-packages/airflow/example_dags/example_complex.py for tasks to queue
[2024-06-23T18:36:23.953+0000] {logging_mixin.py:150} INFO - [2024-06-23T18:36:23.953+0000] {dagbag.py:541} INFO - Filling up the DagBag from /usr/local/python/3.10.13/lib/python3.10/site-packages/airflow/example_dags/example_complex.py
[2024-06-23T18:36:23.961+0000] {processor.py:836} INFO - DAG(s) dict_keys(['example_complex']) retrieved from /usr/local/python/3.10.13/lib/python3.10/site-packages/airflow/example_dags/example_complex.py
[2024-06-23T18:36:23.981+0000] {logging_mixin.py:150} INFO - [2024-06-23T18:36:23.981+0000] {dag.py:2742} INFO - Sync 1 DAGs
[2024-06-23T18:36:23.996+0000] {logging_mixin.py:150} INFO - [2024-06-23T18:36:23.996+0000] {dag.py:3504} INFO - Setting next_dagrun for example_complex to None, run_after=None
[2024-06-23T18:36:24.036+0000] {processor.py:179} INFO - Processing /usr/local/python/3.10.13/lib/python3.10/site-packages/airflow/example_dags/example_complex.py took 0.086 seconds
