[2024-06-23T18:26:19.352+0000] {processor.py:157} INFO - Started process (PID=25232) to work on /usr/local/python/3.10.13/lib/python3.10/site-packages/airflow/example_dags/example_task_group.py
[2024-06-23T18:26:19.352+0000] {processor.py:826} INFO - Processing file /usr/local/python/3.10.13/lib/python3.10/site-packages/airflow/example_dags/example_task_group.py for tasks to queue
[2024-06-23T18:26:19.353+0000] {logging_mixin.py:150} INFO - [2024-06-23T18:26:19.353+0000] {dagbag.py:541} INFO - Filling up the DagBag from /usr/local/python/3.10.13/lib/python3.10/site-packages/airflow/example_dags/example_task_group.py
[2024-06-23T18:26:19.361+0000] {processor.py:836} INFO - DAG(s) dict_keys(['example_task_group']) retrieved from /usr/local/python/3.10.13/lib/python3.10/site-packages/airflow/example_dags/example_task_group.py
[2024-06-23T18:26:19.490+0000] {logging_mixin.py:150} INFO - [2024-06-23T18:26:19.490+0000] {manager.py:504} INFO - Created Permission View: can delete on DAG:example_task_group
[2024-06-23T18:26:19.524+0000] {logging_mixin.py:150} INFO - [2024-06-23T18:26:19.523+0000] {manager.py:504} INFO - Created Permission View: can edit on DAG:example_task_group
[2024-06-23T18:26:19.555+0000] {logging_mixin.py:150} INFO - [2024-06-23T18:26:19.555+0000] {manager.py:504} INFO - Created Permission View: can read on DAG:example_task_group
[2024-06-23T18:26:19.563+0000] {logging_mixin.py:150} INFO - [2024-06-23T18:26:19.563+0000] {dag.py:2742} INFO - Sync 1 DAGs
[2024-06-23T18:26:19.570+0000] {logging_mixin.py:150} INFO - [2024-06-23T18:26:19.570+0000] {dag.py:2763} INFO - Creating ORM DAG for example_task_group
[2024-06-23T18:26:19.578+0000] {logging_mixin.py:150} INFO - [2024-06-23T18:26:19.578+0000] {dag.py:3504} INFO - Setting next_dagrun for example_task_group to 2024-06-22T18:26:19.578706+00:00, run_after=2024-06-23T18:26:19.578706+00:00
[2024-06-23T18:26:19.621+0000] {processor.py:179} INFO - Processing /usr/local/python/3.10.13/lib/python3.10/site-packages/airflow/example_dags/example_task_group.py took 0.271 seconds
[2024-06-23T18:27:14.216+0000] {processor.py:157} INFO - Started process (PID=25609) to work on /usr/local/python/3.10.13/lib/python3.10/site-packages/airflow/example_dags/example_task_group.py
[2024-06-23T18:27:14.216+0000] {processor.py:826} INFO - Processing file /usr/local/python/3.10.13/lib/python3.10/site-packages/airflow/example_dags/example_task_group.py for tasks to queue
[2024-06-23T18:27:14.217+0000] {logging_mixin.py:150} INFO - [2024-06-23T18:27:14.217+0000] {dagbag.py:541} INFO - Filling up the DagBag from /usr/local/python/3.10.13/lib/python3.10/site-packages/airflow/example_dags/example_task_group.py
[2024-06-23T18:27:14.224+0000] {processor.py:836} INFO - DAG(s) dict_keys(['example_task_group']) retrieved from /usr/local/python/3.10.13/lib/python3.10/site-packages/airflow/example_dags/example_task_group.py
[2024-06-23T18:27:14.239+0000] {logging_mixin.py:150} INFO - [2024-06-23T18:27:14.238+0000] {dag.py:2742} INFO - Sync 1 DAGs
[2024-06-23T18:27:14.256+0000] {logging_mixin.py:150} INFO - [2024-06-23T18:27:14.255+0000] {dag.py:3504} INFO - Setting next_dagrun for example_task_group to 2024-06-22T18:27:14.255689+00:00, run_after=2024-06-23T18:27:14.255689+00:00
[2024-06-23T18:27:14.296+0000] {processor.py:179} INFO - Processing /usr/local/python/3.10.13/lib/python3.10/site-packages/airflow/example_dags/example_task_group.py took 0.082 seconds
[2024-06-23T18:27:55.993+0000] {processor.py:157} INFO - Started process (PID=26099) to work on /usr/local/python/3.10.13/lib/python3.10/site-packages/airflow/example_dags/example_task_group.py
[2024-06-23T18:27:55.994+0000] {processor.py:826} INFO - Processing file /usr/local/python/3.10.13/lib/python3.10/site-packages/airflow/example_dags/example_task_group.py for tasks to queue
[2024-06-23T18:27:55.994+0000] {logging_mixin.py:150} INFO - [2024-06-23T18:27:55.994+0000] {dagbag.py:541} INFO - Filling up the DagBag from /usr/local/python/3.10.13/lib/python3.10/site-packages/airflow/example_dags/example_task_group.py
[2024-06-23T18:27:56.000+0000] {processor.py:836} INFO - DAG(s) dict_keys(['example_task_group']) retrieved from /usr/local/python/3.10.13/lib/python3.10/site-packages/airflow/example_dags/example_task_group.py
[2024-06-23T18:27:56.013+0000] {logging_mixin.py:150} INFO - [2024-06-23T18:27:56.013+0000] {dag.py:2742} INFO - Sync 1 DAGs
[2024-06-23T18:27:56.028+0000] {logging_mixin.py:150} INFO - [2024-06-23T18:27:56.028+0000] {dag.py:3504} INFO - Setting next_dagrun for example_task_group to 2024-06-22T18:27:56.028125+00:00, run_after=2024-06-23T18:27:56.028125+00:00
[2024-06-23T18:27:56.067+0000] {processor.py:179} INFO - Processing /usr/local/python/3.10.13/lib/python3.10/site-packages/airflow/example_dags/example_task_group.py took 0.076 seconds
[2024-06-23T18:28:42.427+0000] {processor.py:157} INFO - Started process (PID=26444) to work on /usr/local/python/3.10.13/lib/python3.10/site-packages/airflow/example_dags/example_task_group.py
[2024-06-23T18:28:42.428+0000] {processor.py:826} INFO - Processing file /usr/local/python/3.10.13/lib/python3.10/site-packages/airflow/example_dags/example_task_group.py for tasks to queue
[2024-06-23T18:28:42.428+0000] {logging_mixin.py:150} INFO - [2024-06-23T18:28:42.428+0000] {dagbag.py:541} INFO - Filling up the DagBag from /usr/local/python/3.10.13/lib/python3.10/site-packages/airflow/example_dags/example_task_group.py
[2024-06-23T18:28:42.434+0000] {processor.py:836} INFO - DAG(s) dict_keys(['example_task_group']) retrieved from /usr/local/python/3.10.13/lib/python3.10/site-packages/airflow/example_dags/example_task_group.py
[2024-06-23T18:28:42.446+0000] {logging_mixin.py:150} INFO - [2024-06-23T18:28:42.446+0000] {dag.py:2742} INFO - Sync 1 DAGs
[2024-06-23T18:28:42.461+0000] {logging_mixin.py:150} INFO - [2024-06-23T18:28:42.461+0000] {dag.py:3504} INFO - Setting next_dagrun for example_task_group to 2024-06-22T18:28:42.461238+00:00, run_after=2024-06-23T18:28:42.461238+00:00
[2024-06-23T18:28:42.499+0000] {processor.py:179} INFO - Processing /usr/local/python/3.10.13/lib/python3.10/site-packages/airflow/example_dags/example_task_group.py took 0.074 seconds
[2024-06-23T18:29:25.026+0000] {processor.py:157} INFO - Started process (PID=26741) to work on /usr/local/python/3.10.13/lib/python3.10/site-packages/airflow/example_dags/example_task_group.py
[2024-06-23T18:29:25.027+0000] {processor.py:826} INFO - Processing file /usr/local/python/3.10.13/lib/python3.10/site-packages/airflow/example_dags/example_task_group.py for tasks to queue
[2024-06-23T18:29:25.028+0000] {logging_mixin.py:150} INFO - [2024-06-23T18:29:25.027+0000] {dagbag.py:541} INFO - Filling up the DagBag from /usr/local/python/3.10.13/lib/python3.10/site-packages/airflow/example_dags/example_task_group.py
[2024-06-23T18:29:25.034+0000] {processor.py:836} INFO - DAG(s) dict_keys(['example_task_group']) retrieved from /usr/local/python/3.10.13/lib/python3.10/site-packages/airflow/example_dags/example_task_group.py
[2024-06-23T18:29:25.046+0000] {logging_mixin.py:150} INFO - [2024-06-23T18:29:25.046+0000] {dag.py:2742} INFO - Sync 1 DAGs
[2024-06-23T18:29:25.062+0000] {logging_mixin.py:150} INFO - [2024-06-23T18:29:25.062+0000] {dag.py:3504} INFO - Setting next_dagrun for example_task_group to 2024-06-22T18:29:25.061918+00:00, run_after=2024-06-23T18:29:25.061918+00:00
[2024-06-23T18:29:25.103+0000] {processor.py:179} INFO - Processing /usr/local/python/3.10.13/lib/python3.10/site-packages/airflow/example_dags/example_task_group.py took 0.079 seconds
[2024-06-23T18:30:08.036+0000] {processor.py:157} INFO - Started process (PID=27038) to work on /usr/local/python/3.10.13/lib/python3.10/site-packages/airflow/example_dags/example_task_group.py
[2024-06-23T18:30:08.036+0000] {processor.py:826} INFO - Processing file /usr/local/python/3.10.13/lib/python3.10/site-packages/airflow/example_dags/example_task_group.py for tasks to queue
[2024-06-23T18:30:08.037+0000] {logging_mixin.py:150} INFO - [2024-06-23T18:30:08.037+0000] {dagbag.py:541} INFO - Filling up the DagBag from /usr/local/python/3.10.13/lib/python3.10/site-packages/airflow/example_dags/example_task_group.py
[2024-06-23T18:30:08.044+0000] {processor.py:836} INFO - DAG(s) dict_keys(['example_task_group']) retrieved from /usr/local/python/3.10.13/lib/python3.10/site-packages/airflow/example_dags/example_task_group.py
[2024-06-23T18:30:08.057+0000] {logging_mixin.py:150} INFO - [2024-06-23T18:30:08.057+0000] {dag.py:2742} INFO - Sync 1 DAGs
[2024-06-23T18:30:08.072+0000] {logging_mixin.py:150} INFO - [2024-06-23T18:30:08.072+0000] {dag.py:3504} INFO - Setting next_dagrun for example_task_group to 2024-06-22T18:30:08.072285+00:00, run_after=2024-06-23T18:30:08.072285+00:00
[2024-06-23T18:30:08.110+0000] {processor.py:179} INFO - Processing /usr/local/python/3.10.13/lib/python3.10/site-packages/airflow/example_dags/example_task_group.py took 0.077 seconds
[2024-06-23T18:30:51.688+0000] {processor.py:157} INFO - Started process (PID=27339) to work on /usr/local/python/3.10.13/lib/python3.10/site-packages/airflow/example_dags/example_task_group.py
[2024-06-23T18:30:51.688+0000] {processor.py:826} INFO - Processing file /usr/local/python/3.10.13/lib/python3.10/site-packages/airflow/example_dags/example_task_group.py for tasks to queue
[2024-06-23T18:30:51.689+0000] {logging_mixin.py:150} INFO - [2024-06-23T18:30:51.689+0000] {dagbag.py:541} INFO - Filling up the DagBag from /usr/local/python/3.10.13/lib/python3.10/site-packages/airflow/example_dags/example_task_group.py
[2024-06-23T18:30:51.695+0000] {processor.py:836} INFO - DAG(s) dict_keys(['example_task_group']) retrieved from /usr/local/python/3.10.13/lib/python3.10/site-packages/airflow/example_dags/example_task_group.py
[2024-06-23T18:30:51.707+0000] {logging_mixin.py:150} INFO - [2024-06-23T18:30:51.707+0000] {dag.py:2742} INFO - Sync 1 DAGs
[2024-06-23T18:30:51.723+0000] {logging_mixin.py:150} INFO - [2024-06-23T18:30:51.722+0000] {dag.py:3504} INFO - Setting next_dagrun for example_task_group to 2024-06-22T18:30:51.722714+00:00, run_after=2024-06-23T18:30:51.722714+00:00
[2024-06-23T18:30:51.761+0000] {processor.py:179} INFO - Processing /usr/local/python/3.10.13/lib/python3.10/site-packages/airflow/example_dags/example_task_group.py took 0.076 seconds
[2024-06-23T18:31:39.501+0000] {processor.py:157} INFO - Started process (PID=27670) to work on /usr/local/python/3.10.13/lib/python3.10/site-packages/airflow/example_dags/example_task_group.py
[2024-06-23T18:31:39.502+0000] {processor.py:826} INFO - Processing file /usr/local/python/3.10.13/lib/python3.10/site-packages/airflow/example_dags/example_task_group.py for tasks to queue
[2024-06-23T18:31:39.503+0000] {logging_mixin.py:150} INFO - [2024-06-23T18:31:39.503+0000] {dagbag.py:541} INFO - Filling up the DagBag from /usr/local/python/3.10.13/lib/python3.10/site-packages/airflow/example_dags/example_task_group.py
[2024-06-23T18:31:39.513+0000] {processor.py:836} INFO - DAG(s) dict_keys(['example_task_group']) retrieved from /usr/local/python/3.10.13/lib/python3.10/site-packages/airflow/example_dags/example_task_group.py
[2024-06-23T18:31:39.531+0000] {logging_mixin.py:150} INFO - [2024-06-23T18:31:39.531+0000] {dag.py:2742} INFO - Sync 1 DAGs
[2024-06-23T18:31:39.554+0000] {logging_mixin.py:150} INFO - [2024-06-23T18:31:39.554+0000] {dag.py:3504} INFO - Setting next_dagrun for example_task_group to 2024-06-22T18:31:39.554317+00:00, run_after=2024-06-23T18:31:39.554317+00:00
[2024-06-23T18:31:39.594+0000] {processor.py:179} INFO - Processing /usr/local/python/3.10.13/lib/python3.10/site-packages/airflow/example_dags/example_task_group.py took 0.096 seconds
[2024-06-23T18:32:13.213+0000] {processor.py:157} INFO - Started process (PID=27931) to work on /usr/local/python/3.10.13/lib/python3.10/site-packages/airflow/example_dags/example_task_group.py
[2024-06-23T18:32:13.214+0000] {processor.py:826} INFO - Processing file /usr/local/python/3.10.13/lib/python3.10/site-packages/airflow/example_dags/example_task_group.py for tasks to queue
[2024-06-23T18:32:13.216+0000] {logging_mixin.py:150} INFO - [2024-06-23T18:32:13.216+0000] {dagbag.py:541} INFO - Filling up the DagBag from /usr/local/python/3.10.13/lib/python3.10/site-packages/airflow/example_dags/example_task_group.py
[2024-06-23T18:32:13.229+0000] {processor.py:836} INFO - DAG(s) dict_keys(['example_task_group']) retrieved from /usr/local/python/3.10.13/lib/python3.10/site-packages/airflow/example_dags/example_task_group.py
[2024-06-23T18:32:13.252+0000] {logging_mixin.py:150} INFO - [2024-06-23T18:32:13.251+0000] {dag.py:2742} INFO - Sync 1 DAGs
[2024-06-23T18:32:13.274+0000] {logging_mixin.py:150} INFO - [2024-06-23T18:32:13.274+0000] {dag.py:3504} INFO - Setting next_dagrun for example_task_group to 2024-06-22T18:32:13.273904+00:00, run_after=2024-06-23T18:32:13.273904+00:00
[2024-06-23T18:32:13.318+0000] {processor.py:179} INFO - Processing /usr/local/python/3.10.13/lib/python3.10/site-packages/airflow/example_dags/example_task_group.py took 0.107 seconds
[2024-06-23T18:32:49.186+0000] {processor.py:157} INFO - Started process (PID=28181) to work on /usr/local/python/3.10.13/lib/python3.10/site-packages/airflow/example_dags/example_task_group.py
[2024-06-23T18:32:49.187+0000] {processor.py:826} INFO - Processing file /usr/local/python/3.10.13/lib/python3.10/site-packages/airflow/example_dags/example_task_group.py for tasks to queue
[2024-06-23T18:32:49.188+0000] {logging_mixin.py:150} INFO - [2024-06-23T18:32:49.188+0000] {dagbag.py:541} INFO - Filling up the DagBag from /usr/local/python/3.10.13/lib/python3.10/site-packages/airflow/example_dags/example_task_group.py
[2024-06-23T18:32:49.194+0000] {processor.py:836} INFO - DAG(s) dict_keys(['example_task_group']) retrieved from /usr/local/python/3.10.13/lib/python3.10/site-packages/airflow/example_dags/example_task_group.py
[2024-06-23T18:32:49.207+0000] {logging_mixin.py:150} INFO - [2024-06-23T18:32:49.206+0000] {dag.py:2742} INFO - Sync 1 DAGs
[2024-06-23T18:32:49.221+0000] {logging_mixin.py:150} INFO - [2024-06-23T18:32:49.221+0000] {dag.py:3504} INFO - Setting next_dagrun for example_task_group to 2024-06-22T18:32:49.221557+00:00, run_after=2024-06-23T18:32:49.221557+00:00
[2024-06-23T18:32:49.260+0000] {processor.py:179} INFO - Processing /usr/local/python/3.10.13/lib/python3.10/site-packages/airflow/example_dags/example_task_group.py took 0.076 seconds
[2024-06-23T18:33:26.512+0000] {processor.py:157} INFO - Started process (PID=28453) to work on /usr/local/python/3.10.13/lib/python3.10/site-packages/airflow/example_dags/example_task_group.py
[2024-06-23T18:33:26.513+0000] {processor.py:826} INFO - Processing file /usr/local/python/3.10.13/lib/python3.10/site-packages/airflow/example_dags/example_task_group.py for tasks to queue
[2024-06-23T18:33:26.514+0000] {logging_mixin.py:150} INFO - [2024-06-23T18:33:26.514+0000] {dagbag.py:541} INFO - Filling up the DagBag from /usr/local/python/3.10.13/lib/python3.10/site-packages/airflow/example_dags/example_task_group.py
[2024-06-23T18:33:26.520+0000] {processor.py:836} INFO - DAG(s) dict_keys(['example_task_group']) retrieved from /usr/local/python/3.10.13/lib/python3.10/site-packages/airflow/example_dags/example_task_group.py
[2024-06-23T18:33:26.532+0000] {logging_mixin.py:150} INFO - [2024-06-23T18:33:26.532+0000] {dag.py:2742} INFO - Sync 1 DAGs
[2024-06-23T18:33:26.547+0000] {logging_mixin.py:150} INFO - [2024-06-23T18:33:26.547+0000] {dag.py:3504} INFO - Setting next_dagrun for example_task_group to 2024-06-22T18:33:26.546943+00:00, run_after=2024-06-23T18:33:26.546943+00:00
[2024-06-23T18:33:26.597+0000] {processor.py:179} INFO - Processing /usr/local/python/3.10.13/lib/python3.10/site-packages/airflow/example_dags/example_task_group.py took 0.087 seconds
[2024-06-23T18:34:01.791+0000] {processor.py:157} INFO - Started process (PID=28693) to work on /usr/local/python/3.10.13/lib/python3.10/site-packages/airflow/example_dags/example_task_group.py
[2024-06-23T18:34:01.791+0000] {processor.py:826} INFO - Processing file /usr/local/python/3.10.13/lib/python3.10/site-packages/airflow/example_dags/example_task_group.py for tasks to queue
[2024-06-23T18:34:01.792+0000] {logging_mixin.py:150} INFO - [2024-06-23T18:34:01.792+0000] {dagbag.py:541} INFO - Filling up the DagBag from /usr/local/python/3.10.13/lib/python3.10/site-packages/airflow/example_dags/example_task_group.py
[2024-06-23T18:34:01.798+0000] {processor.py:836} INFO - DAG(s) dict_keys(['example_task_group']) retrieved from /usr/local/python/3.10.13/lib/python3.10/site-packages/airflow/example_dags/example_task_group.py
[2024-06-23T18:34:01.810+0000] {logging_mixin.py:150} INFO - [2024-06-23T18:34:01.810+0000] {dag.py:2742} INFO - Sync 1 DAGs
[2024-06-23T18:34:01.825+0000] {logging_mixin.py:150} INFO - [2024-06-23T18:34:01.825+0000] {dag.py:3504} INFO - Setting next_dagrun for example_task_group to 2024-06-22T18:34:01.825115+00:00, run_after=2024-06-23T18:34:01.825115+00:00
[2024-06-23T18:34:01.866+0000] {processor.py:179} INFO - Processing /usr/local/python/3.10.13/lib/python3.10/site-packages/airflow/example_dags/example_task_group.py took 0.077 seconds
[2024-06-23T18:34:48.234+0000] {processor.py:157} INFO - Started process (PID=29025) to work on /usr/local/python/3.10.13/lib/python3.10/site-packages/airflow/example_dags/example_task_group.py
[2024-06-23T18:34:48.235+0000] {processor.py:826} INFO - Processing file /usr/local/python/3.10.13/lib/python3.10/site-packages/airflow/example_dags/example_task_group.py for tasks to queue
[2024-06-23T18:34:48.236+0000] {logging_mixin.py:150} INFO - [2024-06-23T18:34:48.235+0000] {dagbag.py:541} INFO - Filling up the DagBag from /usr/local/python/3.10.13/lib/python3.10/site-packages/airflow/example_dags/example_task_group.py
[2024-06-23T18:34:48.242+0000] {processor.py:836} INFO - DAG(s) dict_keys(['example_task_group']) retrieved from /usr/local/python/3.10.13/lib/python3.10/site-packages/airflow/example_dags/example_task_group.py
[2024-06-23T18:34:48.254+0000] {logging_mixin.py:150} INFO - [2024-06-23T18:34:48.254+0000] {dag.py:2742} INFO - Sync 1 DAGs
[2024-06-23T18:34:48.269+0000] {logging_mixin.py:150} INFO - [2024-06-23T18:34:48.269+0000] {dag.py:3504} INFO - Setting next_dagrun for example_task_group to 2024-06-22T18:34:48.269500+00:00, run_after=2024-06-23T18:34:48.269500+00:00
[2024-06-23T18:34:48.309+0000] {processor.py:179} INFO - Processing /usr/local/python/3.10.13/lib/python3.10/site-packages/airflow/example_dags/example_task_group.py took 0.077 seconds
[2024-06-23T18:35:24.410+0000] {processor.py:157} INFO - Started process (PID=29265) to work on /usr/local/python/3.10.13/lib/python3.10/site-packages/airflow/example_dags/example_task_group.py
[2024-06-23T18:35:24.411+0000] {processor.py:826} INFO - Processing file /usr/local/python/3.10.13/lib/python3.10/site-packages/airflow/example_dags/example_task_group.py for tasks to queue
[2024-06-23T18:35:24.412+0000] {logging_mixin.py:150} INFO - [2024-06-23T18:35:24.411+0000] {dagbag.py:541} INFO - Filling up the DagBag from /usr/local/python/3.10.13/lib/python3.10/site-packages/airflow/example_dags/example_task_group.py
[2024-06-23T18:35:24.418+0000] {processor.py:836} INFO - DAG(s) dict_keys(['example_task_group']) retrieved from /usr/local/python/3.10.13/lib/python3.10/site-packages/airflow/example_dags/example_task_group.py
[2024-06-23T18:35:24.430+0000] {logging_mixin.py:150} INFO - [2024-06-23T18:35:24.430+0000] {dag.py:2742} INFO - Sync 1 DAGs
[2024-06-23T18:35:24.446+0000] {logging_mixin.py:150} INFO - [2024-06-23T18:35:24.446+0000] {dag.py:3504} INFO - Setting next_dagrun for example_task_group to 2024-06-22T18:35:24.446341+00:00, run_after=2024-06-23T18:35:24.446341+00:00
[2024-06-23T18:35:24.484+0000] {processor.py:179} INFO - Processing /usr/local/python/3.10.13/lib/python3.10/site-packages/airflow/example_dags/example_task_group.py took 0.076 seconds
[2024-06-23T18:36:00.578+0000] {processor.py:157} INFO - Started process (PID=29563) to work on /usr/local/python/3.10.13/lib/python3.10/site-packages/airflow/example_dags/example_task_group.py
[2024-06-23T18:36:00.579+0000] {processor.py:826} INFO - Processing file /usr/local/python/3.10.13/lib/python3.10/site-packages/airflow/example_dags/example_task_group.py for tasks to queue
[2024-06-23T18:36:00.579+0000] {logging_mixin.py:150} INFO - [2024-06-23T18:36:00.579+0000] {dagbag.py:541} INFO - Filling up the DagBag from /usr/local/python/3.10.13/lib/python3.10/site-packages/airflow/example_dags/example_task_group.py
[2024-06-23T18:36:00.587+0000] {processor.py:836} INFO - DAG(s) dict_keys(['example_task_group']) retrieved from /usr/local/python/3.10.13/lib/python3.10/site-packages/airflow/example_dags/example_task_group.py
[2024-06-23T18:36:00.607+0000] {logging_mixin.py:150} INFO - [2024-06-23T18:36:00.606+0000] {dag.py:2742} INFO - Sync 1 DAGs
[2024-06-23T18:36:00.630+0000] {logging_mixin.py:150} INFO - [2024-06-23T18:36:00.630+0000] {dag.py:3504} INFO - Setting next_dagrun for example_task_group to 2024-06-22T18:36:00.630413+00:00, run_after=2024-06-23T18:36:00.630413+00:00
[2024-06-23T18:36:00.668+0000] {processor.py:179} INFO - Processing /usr/local/python/3.10.13/lib/python3.10/site-packages/airflow/example_dags/example_task_group.py took 0.092 seconds
