[2024-06-23T18:26:27.905+0000] {processor.py:157} INFO - Started process (PID=25286) to work on /usr/local/python/3.10.13/lib/python3.10/site-packages/airflow/example_dags/example_short_circuit_decorator.py
[2024-06-23T18:26:27.905+0000] {processor.py:826} INFO - Processing file /usr/local/python/3.10.13/lib/python3.10/site-packages/airflow/example_dags/example_short_circuit_decorator.py for tasks to queue
[2024-06-23T18:26:27.906+0000] {logging_mixin.py:150} INFO - [2024-06-23T18:26:27.906+0000] {dagbag.py:541} INFO - Filling up the DagBag from /usr/local/python/3.10.13/lib/python3.10/site-packages/airflow/example_dags/example_short_circuit_decorator.py
[2024-06-23T18:26:27.914+0000] {processor.py:836} INFO - DAG(s) dict_keys(['example_short_circuit_decorator']) retrieved from /usr/local/python/3.10.13/lib/python3.10/site-packages/airflow/example_dags/example_short_circuit_decorator.py
[2024-06-23T18:26:28.042+0000] {logging_mixin.py:150} INFO - [2024-06-23T18:26:28.041+0000] {manager.py:504} INFO - Created Permission View: can delete on DAG:example_short_circuit_decorator
[2024-06-23T18:26:28.073+0000] {logging_mixin.py:150} INFO - [2024-06-23T18:26:28.072+0000] {manager.py:504} INFO - Created Permission View: can edit on DAG:example_short_circuit_decorator
[2024-06-23T18:26:28.108+0000] {logging_mixin.py:150} INFO - [2024-06-23T18:26:28.107+0000] {manager.py:504} INFO - Created Permission View: can read on DAG:example_short_circuit_decorator
[2024-06-23T18:26:28.123+0000] {logging_mixin.py:150} INFO - [2024-06-23T18:26:28.123+0000] {dag.py:2742} INFO - Sync 1 DAGs
[2024-06-23T18:26:28.135+0000] {logging_mixin.py:150} INFO - [2024-06-23T18:26:28.135+0000] {dag.py:2763} INFO - Creating ORM DAG for example_short_circuit_decorator
[2024-06-23T18:26:28.148+0000] {logging_mixin.py:150} INFO - [2024-06-23T18:26:28.148+0000] {dag.py:3504} INFO - Setting next_dagrun for example_short_circuit_decorator to 2024-06-22T18:26:28.147602+00:00, run_after=2024-06-23T18:26:28.147602+00:00
[2024-06-23T18:26:28.202+0000] {processor.py:179} INFO - Processing /usr/local/python/3.10.13/lib/python3.10/site-packages/airflow/example_dags/example_short_circuit_decorator.py took 0.299 seconds
[2024-06-23T18:27:22.338+0000] {processor.py:157} INFO - Started process (PID=25690) to work on /usr/local/python/3.10.13/lib/python3.10/site-packages/airflow/example_dags/example_short_circuit_decorator.py
[2024-06-23T18:27:22.338+0000] {processor.py:826} INFO - Processing file /usr/local/python/3.10.13/lib/python3.10/site-packages/airflow/example_dags/example_short_circuit_decorator.py for tasks to queue
[2024-06-23T18:27:22.339+0000] {logging_mixin.py:150} INFO - [2024-06-23T18:27:22.339+0000] {dagbag.py:541} INFO - Filling up the DagBag from /usr/local/python/3.10.13/lib/python3.10/site-packages/airflow/example_dags/example_short_circuit_decorator.py
[2024-06-23T18:27:22.346+0000] {processor.py:836} INFO - DAG(s) dict_keys(['example_short_circuit_decorator']) retrieved from /usr/local/python/3.10.13/lib/python3.10/site-packages/airflow/example_dags/example_short_circuit_decorator.py
[2024-06-23T18:27:22.359+0000] {logging_mixin.py:150} INFO - [2024-06-23T18:27:22.359+0000] {dag.py:2742} INFO - Sync 1 DAGs
[2024-06-23T18:27:22.374+0000] {logging_mixin.py:150} INFO - [2024-06-23T18:27:22.374+0000] {dag.py:3504} INFO - Setting next_dagrun for example_short_circuit_decorator to 2024-06-22T18:27:22.374037+00:00, run_after=2024-06-23T18:27:22.374037+00:00
[2024-06-23T18:27:22.413+0000] {processor.py:179} INFO - Processing /usr/local/python/3.10.13/lib/python3.10/site-packages/airflow/example_dags/example_short_circuit_decorator.py took 0.077 seconds
[2024-06-23T18:28:08.395+0000] {processor.py:157} INFO - Started process (PID=26187) to work on /usr/local/python/3.10.13/lib/python3.10/site-packages/airflow/example_dags/example_short_circuit_decorator.py
[2024-06-23T18:28:08.396+0000] {processor.py:826} INFO - Processing file /usr/local/python/3.10.13/lib/python3.10/site-packages/airflow/example_dags/example_short_circuit_decorator.py for tasks to queue
[2024-06-23T18:28:08.396+0000] {logging_mixin.py:150} INFO - [2024-06-23T18:28:08.396+0000] {dagbag.py:541} INFO - Filling up the DagBag from /usr/local/python/3.10.13/lib/python3.10/site-packages/airflow/example_dags/example_short_circuit_decorator.py
[2024-06-23T18:28:08.404+0000] {processor.py:836} INFO - DAG(s) dict_keys(['example_short_circuit_decorator']) retrieved from /usr/local/python/3.10.13/lib/python3.10/site-packages/airflow/example_dags/example_short_circuit_decorator.py
[2024-06-23T18:28:08.418+0000] {logging_mixin.py:150} INFO - [2024-06-23T18:28:08.418+0000] {dag.py:2742} INFO - Sync 1 DAGs
[2024-06-23T18:28:08.433+0000] {logging_mixin.py:150} INFO - [2024-06-23T18:28:08.433+0000] {dag.py:3504} INFO - Setting next_dagrun for example_short_circuit_decorator to 2024-06-22T18:28:08.433564+00:00, run_after=2024-06-23T18:28:08.433564+00:00
[2024-06-23T18:28:08.474+0000] {processor.py:179} INFO - Processing /usr/local/python/3.10.13/lib/python3.10/site-packages/airflow/example_dags/example_short_circuit_decorator.py took 0.082 seconds
[2024-06-23T18:28:52.856+0000] {processor.py:157} INFO - Started process (PID=26523) to work on /usr/local/python/3.10.13/lib/python3.10/site-packages/airflow/example_dags/example_short_circuit_decorator.py
[2024-06-23T18:28:52.857+0000] {processor.py:826} INFO - Processing file /usr/local/python/3.10.13/lib/python3.10/site-packages/airflow/example_dags/example_short_circuit_decorator.py for tasks to queue
[2024-06-23T18:28:52.858+0000] {logging_mixin.py:150} INFO - [2024-06-23T18:28:52.857+0000] {dagbag.py:541} INFO - Filling up the DagBag from /usr/local/python/3.10.13/lib/python3.10/site-packages/airflow/example_dags/example_short_circuit_decorator.py
[2024-06-23T18:28:52.865+0000] {processor.py:836} INFO - DAG(s) dict_keys(['example_short_circuit_decorator']) retrieved from /usr/local/python/3.10.13/lib/python3.10/site-packages/airflow/example_dags/example_short_circuit_decorator.py
[2024-06-23T18:28:52.878+0000] {logging_mixin.py:150} INFO - [2024-06-23T18:28:52.878+0000] {dag.py:2742} INFO - Sync 1 DAGs
[2024-06-23T18:28:52.897+0000] {logging_mixin.py:150} INFO - [2024-06-23T18:28:52.897+0000] {dag.py:3504} INFO - Setting next_dagrun for example_short_circuit_decorator to 2024-06-22T18:28:52.896757+00:00, run_after=2024-06-23T18:28:52.896757+00:00
[2024-06-23T18:28:52.938+0000] {processor.py:179} INFO - Processing /usr/local/python/3.10.13/lib/python3.10/site-packages/airflow/example_dags/example_short_circuit_decorator.py took 0.085 seconds
[2024-06-23T18:29:35.353+0000] {processor.py:157} INFO - Started process (PID=26813) to work on /usr/local/python/3.10.13/lib/python3.10/site-packages/airflow/example_dags/example_short_circuit_decorator.py
[2024-06-23T18:29:35.354+0000] {processor.py:826} INFO - Processing file /usr/local/python/3.10.13/lib/python3.10/site-packages/airflow/example_dags/example_short_circuit_decorator.py for tasks to queue
[2024-06-23T18:29:35.355+0000] {logging_mixin.py:150} INFO - [2024-06-23T18:29:35.354+0000] {dagbag.py:541} INFO - Filling up the DagBag from /usr/local/python/3.10.13/lib/python3.10/site-packages/airflow/example_dags/example_short_circuit_decorator.py
[2024-06-23T18:29:35.366+0000] {processor.py:836} INFO - DAG(s) dict_keys(['example_short_circuit_decorator']) retrieved from /usr/local/python/3.10.13/lib/python3.10/site-packages/airflow/example_dags/example_short_circuit_decorator.py
[2024-06-23T18:29:35.384+0000] {logging_mixin.py:150} INFO - [2024-06-23T18:29:35.384+0000] {dag.py:2742} INFO - Sync 1 DAGs
[2024-06-23T18:29:35.406+0000] {logging_mixin.py:150} INFO - [2024-06-23T18:29:35.406+0000] {dag.py:3504} INFO - Setting next_dagrun for example_short_circuit_decorator to 2024-06-22T18:29:35.406296+00:00, run_after=2024-06-23T18:29:35.406296+00:00
[2024-06-23T18:29:35.449+0000] {processor.py:179} INFO - Processing /usr/local/python/3.10.13/lib/python3.10/site-packages/airflow/example_dags/example_short_circuit_decorator.py took 0.098 seconds
[2024-06-23T18:30:20.513+0000] {processor.py:157} INFO - Started process (PID=27123) to work on /usr/local/python/3.10.13/lib/python3.10/site-packages/airflow/example_dags/example_short_circuit_decorator.py
[2024-06-23T18:30:20.514+0000] {processor.py:826} INFO - Processing file /usr/local/python/3.10.13/lib/python3.10/site-packages/airflow/example_dags/example_short_circuit_decorator.py for tasks to queue
[2024-06-23T18:30:20.515+0000] {logging_mixin.py:150} INFO - [2024-06-23T18:30:20.515+0000] {dagbag.py:541} INFO - Filling up the DagBag from /usr/local/python/3.10.13/lib/python3.10/site-packages/airflow/example_dags/example_short_circuit_decorator.py
[2024-06-23T18:30:20.525+0000] {processor.py:836} INFO - DAG(s) dict_keys(['example_short_circuit_decorator']) retrieved from /usr/local/python/3.10.13/lib/python3.10/site-packages/airflow/example_dags/example_short_circuit_decorator.py
[2024-06-23T18:30:20.538+0000] {logging_mixin.py:150} INFO - [2024-06-23T18:30:20.538+0000] {dag.py:2742} INFO - Sync 1 DAGs
[2024-06-23T18:30:20.554+0000] {logging_mixin.py:150} INFO - [2024-06-23T18:30:20.553+0000] {dag.py:3504} INFO - Setting next_dagrun for example_short_circuit_decorator to 2024-06-22T18:30:20.553691+00:00, run_after=2024-06-23T18:30:20.553691+00:00
[2024-06-23T18:30:20.594+0000] {processor.py:179} INFO - Processing /usr/local/python/3.10.13/lib/python3.10/site-packages/airflow/example_dags/example_short_circuit_decorator.py took 0.083 seconds
[2024-06-23T18:31:04.833+0000] {processor.py:157} INFO - Started process (PID=27436) to work on /usr/local/python/3.10.13/lib/python3.10/site-packages/airflow/example_dags/example_short_circuit_decorator.py
[2024-06-23T18:31:04.834+0000] {processor.py:826} INFO - Processing file /usr/local/python/3.10.13/lib/python3.10/site-packages/airflow/example_dags/example_short_circuit_decorator.py for tasks to queue
[2024-06-23T18:31:04.835+0000] {logging_mixin.py:150} INFO - [2024-06-23T18:31:04.834+0000] {dagbag.py:541} INFO - Filling up the DagBag from /usr/local/python/3.10.13/lib/python3.10/site-packages/airflow/example_dags/example_short_circuit_decorator.py
[2024-06-23T18:31:04.842+0000] {processor.py:836} INFO - DAG(s) dict_keys(['example_short_circuit_decorator']) retrieved from /usr/local/python/3.10.13/lib/python3.10/site-packages/airflow/example_dags/example_short_circuit_decorator.py
[2024-06-23T18:31:04.856+0000] {logging_mixin.py:150} INFO - [2024-06-23T18:31:04.856+0000] {dag.py:2742} INFO - Sync 1 DAGs
[2024-06-23T18:31:04.871+0000] {logging_mixin.py:150} INFO - [2024-06-23T18:31:04.870+0000] {dag.py:3504} INFO - Setting next_dagrun for example_short_circuit_decorator to 2024-06-22T18:31:04.870803+00:00, run_after=2024-06-23T18:31:04.870803+00:00
[2024-06-23T18:31:04.912+0000] {processor.py:179} INFO - Processing /usr/local/python/3.10.13/lib/python3.10/site-packages/airflow/example_dags/example_short_circuit_decorator.py took 0.080 seconds
[2024-06-23T18:31:46.831+0000] {processor.py:157} INFO - Started process (PID=27732) to work on /usr/local/python/3.10.13/lib/python3.10/site-packages/airflow/example_dags/example_short_circuit_decorator.py
[2024-06-23T18:31:46.831+0000] {processor.py:826} INFO - Processing file /usr/local/python/3.10.13/lib/python3.10/site-packages/airflow/example_dags/example_short_circuit_decorator.py for tasks to queue
[2024-06-23T18:31:46.832+0000] {logging_mixin.py:150} INFO - [2024-06-23T18:31:46.832+0000] {dagbag.py:541} INFO - Filling up the DagBag from /usr/local/python/3.10.13/lib/python3.10/site-packages/airflow/example_dags/example_short_circuit_decorator.py
[2024-06-23T18:31:46.839+0000] {processor.py:836} INFO - DAG(s) dict_keys(['example_short_circuit_decorator']) retrieved from /usr/local/python/3.10.13/lib/python3.10/site-packages/airflow/example_dags/example_short_circuit_decorator.py
[2024-06-23T18:31:46.852+0000] {logging_mixin.py:150} INFO - [2024-06-23T18:31:46.852+0000] {dag.py:2742} INFO - Sync 1 DAGs
[2024-06-23T18:31:46.867+0000] {logging_mixin.py:150} INFO - [2024-06-23T18:31:46.867+0000] {dag.py:3504} INFO - Setting next_dagrun for example_short_circuit_decorator to 2024-06-22T18:31:46.867431+00:00, run_after=2024-06-23T18:31:46.867431+00:00
[2024-06-23T18:31:46.905+0000] {processor.py:179} INFO - Processing /usr/local/python/3.10.13/lib/python3.10/site-packages/airflow/example_dags/example_short_circuit_decorator.py took 0.077 seconds
[2024-06-23T18:32:37.698+0000] {processor.py:157} INFO - Started process (PID=28110) to work on /usr/local/python/3.10.13/lib/python3.10/site-packages/airflow/example_dags/example_short_circuit_decorator.py
[2024-06-23T18:32:37.699+0000] {processor.py:826} INFO - Processing file /usr/local/python/3.10.13/lib/python3.10/site-packages/airflow/example_dags/example_short_circuit_decorator.py for tasks to queue
[2024-06-23T18:32:37.700+0000] {logging_mixin.py:150} INFO - [2024-06-23T18:32:37.699+0000] {dagbag.py:541} INFO - Filling up the DagBag from /usr/local/python/3.10.13/lib/python3.10/site-packages/airflow/example_dags/example_short_circuit_decorator.py
[2024-06-23T18:32:37.707+0000] {processor.py:836} INFO - DAG(s) dict_keys(['example_short_circuit_decorator']) retrieved from /usr/local/python/3.10.13/lib/python3.10/site-packages/airflow/example_dags/example_short_circuit_decorator.py
[2024-06-23T18:32:37.720+0000] {logging_mixin.py:150} INFO - [2024-06-23T18:32:37.720+0000] {dag.py:2742} INFO - Sync 1 DAGs
[2024-06-23T18:32:37.735+0000] {logging_mixin.py:150} INFO - [2024-06-23T18:32:37.735+0000] {dag.py:3504} INFO - Setting next_dagrun for example_short_circuit_decorator to 2024-06-22T18:32:37.734770+00:00, run_after=2024-06-23T18:32:37.734770+00:00
[2024-06-23T18:32:37.773+0000] {processor.py:179} INFO - Processing /usr/local/python/3.10.13/lib/python3.10/site-packages/airflow/example_dags/example_short_circuit_decorator.py took 0.077 seconds
[2024-06-23T18:33:31.406+0000] {processor.py:157} INFO - Started process (PID=28476) to work on /usr/local/python/3.10.13/lib/python3.10/site-packages/airflow/example_dags/example_short_circuit_decorator.py
[2024-06-23T18:33:31.407+0000] {processor.py:826} INFO - Processing file /usr/local/python/3.10.13/lib/python3.10/site-packages/airflow/example_dags/example_short_circuit_decorator.py for tasks to queue
[2024-06-23T18:33:31.408+0000] {logging_mixin.py:150} INFO - [2024-06-23T18:33:31.407+0000] {dagbag.py:541} INFO - Filling up the DagBag from /usr/local/python/3.10.13/lib/python3.10/site-packages/airflow/example_dags/example_short_circuit_decorator.py
[2024-06-23T18:33:31.414+0000] {processor.py:836} INFO - DAG(s) dict_keys(['example_short_circuit_decorator']) retrieved from /usr/local/python/3.10.13/lib/python3.10/site-packages/airflow/example_dags/example_short_circuit_decorator.py
[2024-06-23T18:33:31.428+0000] {logging_mixin.py:150} INFO - [2024-06-23T18:33:31.428+0000] {dag.py:2742} INFO - Sync 1 DAGs
[2024-06-23T18:33:31.443+0000] {logging_mixin.py:150} INFO - [2024-06-23T18:33:31.442+0000] {dag.py:3504} INFO - Setting next_dagrun for example_short_circuit_decorator to 2024-06-22T18:33:31.442820+00:00, run_after=2024-06-23T18:33:31.442820+00:00
[2024-06-23T18:33:31.481+0000] {processor.py:179} INFO - Processing /usr/local/python/3.10.13/lib/python3.10/site-packages/airflow/example_dags/example_short_circuit_decorator.py took 0.077 seconds
[2024-06-23T18:34:20.924+0000] {processor.py:157} INFO - Started process (PID=28826) to work on /usr/local/python/3.10.13/lib/python3.10/site-packages/airflow/example_dags/example_short_circuit_decorator.py
[2024-06-23T18:34:20.925+0000] {processor.py:826} INFO - Processing file /usr/local/python/3.10.13/lib/python3.10/site-packages/airflow/example_dags/example_short_circuit_decorator.py for tasks to queue
[2024-06-23T18:34:20.926+0000] {logging_mixin.py:150} INFO - [2024-06-23T18:34:20.926+0000] {dagbag.py:541} INFO - Filling up the DagBag from /usr/local/python/3.10.13/lib/python3.10/site-packages/airflow/example_dags/example_short_circuit_decorator.py
[2024-06-23T18:34:20.933+0000] {processor.py:836} INFO - DAG(s) dict_keys(['example_short_circuit_decorator']) retrieved from /usr/local/python/3.10.13/lib/python3.10/site-packages/airflow/example_dags/example_short_circuit_decorator.py
[2024-06-23T18:34:20.946+0000] {logging_mixin.py:150} INFO - [2024-06-23T18:34:20.946+0000] {dag.py:2742} INFO - Sync 1 DAGs
[2024-06-23T18:34:20.962+0000] {logging_mixin.py:150} INFO - [2024-06-23T18:34:20.961+0000] {dag.py:3504} INFO - Setting next_dagrun for example_short_circuit_decorator to 2024-06-22T18:34:20.961755+00:00, run_after=2024-06-23T18:34:20.961755+00:00
[2024-06-23T18:34:20.999+0000] {processor.py:179} INFO - Processing /usr/local/python/3.10.13/lib/python3.10/site-packages/airflow/example_dags/example_short_circuit_decorator.py took 0.077 seconds
[2024-06-23T18:35:12.711+0000] {processor.py:157} INFO - Started process (PID=29191) to work on /usr/local/python/3.10.13/lib/python3.10/site-packages/airflow/example_dags/example_short_circuit_decorator.py
[2024-06-23T18:35:12.712+0000] {processor.py:826} INFO - Processing file /usr/local/python/3.10.13/lib/python3.10/site-packages/airflow/example_dags/example_short_circuit_decorator.py for tasks to queue
[2024-06-23T18:35:12.713+0000] {logging_mixin.py:150} INFO - [2024-06-23T18:35:12.713+0000] {dagbag.py:541} INFO - Filling up the DagBag from /usr/local/python/3.10.13/lib/python3.10/site-packages/airflow/example_dags/example_short_circuit_decorator.py
[2024-06-23T18:35:12.720+0000] {processor.py:836} INFO - DAG(s) dict_keys(['example_short_circuit_decorator']) retrieved from /usr/local/python/3.10.13/lib/python3.10/site-packages/airflow/example_dags/example_short_circuit_decorator.py
[2024-06-23T18:35:12.733+0000] {logging_mixin.py:150} INFO - [2024-06-23T18:35:12.733+0000] {dag.py:2742} INFO - Sync 1 DAGs
[2024-06-23T18:35:12.748+0000] {logging_mixin.py:150} INFO - [2024-06-23T18:35:12.748+0000] {dag.py:3504} INFO - Setting next_dagrun for example_short_circuit_decorator to 2024-06-22T18:35:12.748212+00:00, run_after=2024-06-23T18:35:12.748212+00:00
[2024-06-23T18:35:12.788+0000] {processor.py:179} INFO - Processing /usr/local/python/3.10.13/lib/python3.10/site-packages/airflow/example_dags/example_short_circuit_decorator.py took 0.078 seconds
[2024-06-23T18:36:07.001+0000] {processor.py:157} INFO - Started process (PID=29645) to work on /usr/local/python/3.10.13/lib/python3.10/site-packages/airflow/example_dags/example_short_circuit_decorator.py
[2024-06-23T18:36:07.008+0000] {processor.py:826} INFO - Processing file /usr/local/python/3.10.13/lib/python3.10/site-packages/airflow/example_dags/example_short_circuit_decorator.py for tasks to queue
[2024-06-23T18:36:07.008+0000] {logging_mixin.py:150} INFO - [2024-06-23T18:36:07.008+0000] {dagbag.py:541} INFO - Filling up the DagBag from /usr/local/python/3.10.13/lib/python3.10/site-packages/airflow/example_dags/example_short_circuit_decorator.py
[2024-06-23T18:36:07.033+0000] {processor.py:836} INFO - DAG(s) dict_keys(['example_short_circuit_decorator']) retrieved from /usr/local/python/3.10.13/lib/python3.10/site-packages/airflow/example_dags/example_short_circuit_decorator.py
[2024-06-23T18:36:07.099+0000] {logging_mixin.py:150} INFO - [2024-06-23T18:36:07.099+0000] {dag.py:2742} INFO - Sync 1 DAGs
[2024-06-23T18:36:07.133+0000] {logging_mixin.py:150} INFO - [2024-06-23T18:36:07.133+0000] {dag.py:3504} INFO - Setting next_dagrun for example_short_circuit_decorator to 2024-06-22T18:36:07.133101+00:00, run_after=2024-06-23T18:36:07.133101+00:00
[2024-06-23T18:36:07.220+0000] {processor.py:179} INFO - Processing /usr/local/python/3.10.13/lib/python3.10/site-packages/airflow/example_dags/example_short_circuit_decorator.py took 0.222 seconds
