[2024-06-23T18:26:30.075+0000] {processor.py:157} INFO - Started process (PID=25317) to work on /usr/local/python/3.10.13/lib/python3.10/site-packages/airflow/example_dags/example_time_delta_sensor_async.py
[2024-06-23T18:26:30.076+0000] {processor.py:826} INFO - Processing file /usr/local/python/3.10.13/lib/python3.10/site-packages/airflow/example_dags/example_time_delta_sensor_async.py for tasks to queue
[2024-06-23T18:26:30.077+0000] {logging_mixin.py:150} INFO - [2024-06-23T18:26:30.077+0000] {dagbag.py:541} INFO - Filling up the DagBag from /usr/local/python/3.10.13/lib/python3.10/site-packages/airflow/example_dags/example_time_delta_sensor_async.py
[2024-06-23T18:26:30.082+0000] {processor.py:836} INFO - DAG(s) dict_keys(['example_time_delta_sensor_async']) retrieved from /usr/local/python/3.10.13/lib/python3.10/site-packages/airflow/example_dags/example_time_delta_sensor_async.py
[2024-06-23T18:26:30.205+0000] {logging_mixin.py:150} INFO - [2024-06-23T18:26:30.205+0000] {manager.py:504} INFO - Created Permission View: can delete on DAG:example_time_delta_sensor_async
[2024-06-23T18:26:30.234+0000] {logging_mixin.py:150} INFO - [2024-06-23T18:26:30.234+0000] {manager.py:504} INFO - Created Permission View: can edit on DAG:example_time_delta_sensor_async
[2024-06-23T18:26:30.265+0000] {logging_mixin.py:150} INFO - [2024-06-23T18:26:30.265+0000] {manager.py:504} INFO - Created Permission View: can read on DAG:example_time_delta_sensor_async
[2024-06-23T18:26:30.274+0000] {logging_mixin.py:150} INFO - [2024-06-23T18:26:30.274+0000] {dag.py:2742} INFO - Sync 1 DAGs
[2024-06-23T18:26:30.282+0000] {logging_mixin.py:150} INFO - [2024-06-23T18:26:30.282+0000] {dag.py:2763} INFO - Creating ORM DAG for example_time_delta_sensor_async
[2024-06-23T18:26:30.290+0000] {logging_mixin.py:150} INFO - [2024-06-23T18:26:30.289+0000] {dag.py:3504} INFO - Setting next_dagrun for example_time_delta_sensor_async to None, run_after=None
[2024-06-23T18:26:30.333+0000] {processor.py:179} INFO - Processing /usr/local/python/3.10.13/lib/python3.10/site-packages/airflow/example_dags/example_time_delta_sensor_async.py took 0.259 seconds
[2024-06-23T18:27:24.354+0000] {processor.py:157} INFO - Started process (PID=25707) to work on /usr/local/python/3.10.13/lib/python3.10/site-packages/airflow/example_dags/example_time_delta_sensor_async.py
[2024-06-23T18:27:24.355+0000] {processor.py:826} INFO - Processing file /usr/local/python/3.10.13/lib/python3.10/site-packages/airflow/example_dags/example_time_delta_sensor_async.py for tasks to queue
[2024-06-23T18:27:24.356+0000] {logging_mixin.py:150} INFO - [2024-06-23T18:27:24.355+0000] {dagbag.py:541} INFO - Filling up the DagBag from /usr/local/python/3.10.13/lib/python3.10/site-packages/airflow/example_dags/example_time_delta_sensor_async.py
[2024-06-23T18:27:24.359+0000] {processor.py:836} INFO - DAG(s) dict_keys(['example_time_delta_sensor_async']) retrieved from /usr/local/python/3.10.13/lib/python3.10/site-packages/airflow/example_dags/example_time_delta_sensor_async.py
[2024-06-23T18:27:24.370+0000] {logging_mixin.py:150} INFO - [2024-06-23T18:27:24.370+0000] {dag.py:2742} INFO - Sync 1 DAGs
[2024-06-23T18:27:24.387+0000] {logging_mixin.py:150} INFO - [2024-06-23T18:27:24.387+0000] {dag.py:3504} INFO - Setting next_dagrun for example_time_delta_sensor_async to None, run_after=None
[2024-06-23T18:27:24.427+0000] {processor.py:179} INFO - Processing /usr/local/python/3.10.13/lib/python3.10/site-packages/airflow/example_dags/example_time_delta_sensor_async.py took 0.074 seconds
[2024-06-23T18:28:09.876+0000] {processor.py:157} INFO - Started process (PID=26201) to work on /usr/local/python/3.10.13/lib/python3.10/site-packages/airflow/example_dags/example_time_delta_sensor_async.py
[2024-06-23T18:28:09.878+0000] {processor.py:826} INFO - Processing file /usr/local/python/3.10.13/lib/python3.10/site-packages/airflow/example_dags/example_time_delta_sensor_async.py for tasks to queue
[2024-06-23T18:28:09.879+0000] {logging_mixin.py:150} INFO - [2024-06-23T18:28:09.878+0000] {dagbag.py:541} INFO - Filling up the DagBag from /usr/local/python/3.10.13/lib/python3.10/site-packages/airflow/example_dags/example_time_delta_sensor_async.py
[2024-06-23T18:28:09.884+0000] {processor.py:836} INFO - DAG(s) dict_keys(['example_time_delta_sensor_async']) retrieved from /usr/local/python/3.10.13/lib/python3.10/site-packages/airflow/example_dags/example_time_delta_sensor_async.py
[2024-06-23T18:28:09.925+0000] {logging_mixin.py:150} INFO - [2024-06-23T18:28:09.924+0000] {dag.py:2742} INFO - Sync 1 DAGs
[2024-06-23T18:28:09.963+0000] {logging_mixin.py:150} INFO - [2024-06-23T18:28:09.963+0000] {dag.py:3504} INFO - Setting next_dagrun for example_time_delta_sensor_async to None, run_after=None
[2024-06-23T18:28:10.013+0000] {processor.py:179} INFO - Processing /usr/local/python/3.10.13/lib/python3.10/site-packages/airflow/example_dags/example_time_delta_sensor_async.py took 0.140 seconds
[2024-06-23T18:28:55.123+0000] {processor.py:157} INFO - Started process (PID=26531) to work on /usr/local/python/3.10.13/lib/python3.10/site-packages/airflow/example_dags/example_time_delta_sensor_async.py
[2024-06-23T18:28:55.124+0000] {processor.py:826} INFO - Processing file /usr/local/python/3.10.13/lib/python3.10/site-packages/airflow/example_dags/example_time_delta_sensor_async.py for tasks to queue
[2024-06-23T18:28:55.125+0000] {logging_mixin.py:150} INFO - [2024-06-23T18:28:55.125+0000] {dagbag.py:541} INFO - Filling up the DagBag from /usr/local/python/3.10.13/lib/python3.10/site-packages/airflow/example_dags/example_time_delta_sensor_async.py
[2024-06-23T18:28:55.128+0000] {processor.py:836} INFO - DAG(s) dict_keys(['example_time_delta_sensor_async']) retrieved from /usr/local/python/3.10.13/lib/python3.10/site-packages/airflow/example_dags/example_time_delta_sensor_async.py
[2024-06-23T18:28:55.140+0000] {logging_mixin.py:150} INFO - [2024-06-23T18:28:55.140+0000] {dag.py:2742} INFO - Sync 1 DAGs
[2024-06-23T18:28:55.154+0000] {logging_mixin.py:150} INFO - [2024-06-23T18:28:55.154+0000] {dag.py:3504} INFO - Setting next_dagrun for example_time_delta_sensor_async to None, run_after=None
[2024-06-23T18:28:55.195+0000] {processor.py:179} INFO - Processing /usr/local/python/3.10.13/lib/python3.10/site-packages/airflow/example_dags/example_time_delta_sensor_async.py took 0.073 seconds
[2024-06-23T18:29:37.085+0000] {processor.py:157} INFO - Started process (PID=26821) to work on /usr/local/python/3.10.13/lib/python3.10/site-packages/airflow/example_dags/example_time_delta_sensor_async.py
[2024-06-23T18:29:37.086+0000] {processor.py:826} INFO - Processing file /usr/local/python/3.10.13/lib/python3.10/site-packages/airflow/example_dags/example_time_delta_sensor_async.py for tasks to queue
[2024-06-23T18:29:37.087+0000] {logging_mixin.py:150} INFO - [2024-06-23T18:29:37.086+0000] {dagbag.py:541} INFO - Filling up the DagBag from /usr/local/python/3.10.13/lib/python3.10/site-packages/airflow/example_dags/example_time_delta_sensor_async.py
[2024-06-23T18:29:37.090+0000] {processor.py:836} INFO - DAG(s) dict_keys(['example_time_delta_sensor_async']) retrieved from /usr/local/python/3.10.13/lib/python3.10/site-packages/airflow/example_dags/example_time_delta_sensor_async.py
[2024-06-23T18:29:37.101+0000] {logging_mixin.py:150} INFO - [2024-06-23T18:29:37.101+0000] {dag.py:2742} INFO - Sync 1 DAGs
[2024-06-23T18:29:37.117+0000] {logging_mixin.py:150} INFO - [2024-06-23T18:29:37.117+0000] {dag.py:3504} INFO - Setting next_dagrun for example_time_delta_sensor_async to None, run_after=None
[2024-06-23T18:29:37.155+0000] {processor.py:179} INFO - Processing /usr/local/python/3.10.13/lib/python3.10/site-packages/airflow/example_dags/example_time_delta_sensor_async.py took 0.071 seconds
[2024-06-23T18:30:22.776+0000] {processor.py:157} INFO - Started process (PID=27153) to work on /usr/local/python/3.10.13/lib/python3.10/site-packages/airflow/example_dags/example_time_delta_sensor_async.py
[2024-06-23T18:30:22.777+0000] {processor.py:826} INFO - Processing file /usr/local/python/3.10.13/lib/python3.10/site-packages/airflow/example_dags/example_time_delta_sensor_async.py for tasks to queue
[2024-06-23T18:30:22.778+0000] {logging_mixin.py:150} INFO - [2024-06-23T18:30:22.777+0000] {dagbag.py:541} INFO - Filling up the DagBag from /usr/local/python/3.10.13/lib/python3.10/site-packages/airflow/example_dags/example_time_delta_sensor_async.py
[2024-06-23T18:30:22.781+0000] {processor.py:836} INFO - DAG(s) dict_keys(['example_time_delta_sensor_async']) retrieved from /usr/local/python/3.10.13/lib/python3.10/site-packages/airflow/example_dags/example_time_delta_sensor_async.py
[2024-06-23T18:30:22.793+0000] {logging_mixin.py:150} INFO - [2024-06-23T18:30:22.792+0000] {dag.py:2742} INFO - Sync 1 DAGs
[2024-06-23T18:30:22.807+0000] {logging_mixin.py:150} INFO - [2024-06-23T18:30:22.807+0000] {dag.py:3504} INFO - Setting next_dagrun for example_time_delta_sensor_async to None, run_after=None
[2024-06-23T18:30:22.849+0000] {processor.py:179} INFO - Processing /usr/local/python/3.10.13/lib/python3.10/site-packages/airflow/example_dags/example_time_delta_sensor_async.py took 0.075 seconds
[2024-06-23T18:31:07.134+0000] {processor.py:157} INFO - Started process (PID=27450) to work on /usr/local/python/3.10.13/lib/python3.10/site-packages/airflow/example_dags/example_time_delta_sensor_async.py
[2024-06-23T18:31:07.135+0000] {processor.py:826} INFO - Processing file /usr/local/python/3.10.13/lib/python3.10/site-packages/airflow/example_dags/example_time_delta_sensor_async.py for tasks to queue
[2024-06-23T18:31:07.135+0000] {logging_mixin.py:150} INFO - [2024-06-23T18:31:07.135+0000] {dagbag.py:541} INFO - Filling up the DagBag from /usr/local/python/3.10.13/lib/python3.10/site-packages/airflow/example_dags/example_time_delta_sensor_async.py
[2024-06-23T18:31:07.139+0000] {processor.py:836} INFO - DAG(s) dict_keys(['example_time_delta_sensor_async']) retrieved from /usr/local/python/3.10.13/lib/python3.10/site-packages/airflow/example_dags/example_time_delta_sensor_async.py
[2024-06-23T18:31:07.151+0000] {logging_mixin.py:150} INFO - [2024-06-23T18:31:07.151+0000] {dag.py:2742} INFO - Sync 1 DAGs
[2024-06-23T18:31:07.166+0000] {logging_mixin.py:150} INFO - [2024-06-23T18:31:07.166+0000] {dag.py:3504} INFO - Setting next_dagrun for example_time_delta_sensor_async to None, run_after=None
[2024-06-23T18:31:07.208+0000] {processor.py:179} INFO - Processing /usr/local/python/3.10.13/lib/python3.10/site-packages/airflow/example_dags/example_time_delta_sensor_async.py took 0.076 seconds
[2024-06-23T18:31:48.500+0000] {processor.py:157} INFO - Started process (PID=27740) to work on /usr/local/python/3.10.13/lib/python3.10/site-packages/airflow/example_dags/example_time_delta_sensor_async.py
[2024-06-23T18:31:48.501+0000] {processor.py:826} INFO - Processing file /usr/local/python/3.10.13/lib/python3.10/site-packages/airflow/example_dags/example_time_delta_sensor_async.py for tasks to queue
[2024-06-23T18:31:48.502+0000] {logging_mixin.py:150} INFO - [2024-06-23T18:31:48.502+0000] {dagbag.py:541} INFO - Filling up the DagBag from /usr/local/python/3.10.13/lib/python3.10/site-packages/airflow/example_dags/example_time_delta_sensor_async.py
[2024-06-23T18:31:48.506+0000] {processor.py:836} INFO - DAG(s) dict_keys(['example_time_delta_sensor_async']) retrieved from /usr/local/python/3.10.13/lib/python3.10/site-packages/airflow/example_dags/example_time_delta_sensor_async.py
[2024-06-23T18:31:48.519+0000] {logging_mixin.py:150} INFO - [2024-06-23T18:31:48.519+0000] {dag.py:2742} INFO - Sync 1 DAGs
[2024-06-23T18:31:48.535+0000] {logging_mixin.py:150} INFO - [2024-06-23T18:31:48.535+0000] {dag.py:3504} INFO - Setting next_dagrun for example_time_delta_sensor_async to None, run_after=None
[2024-06-23T18:31:48.574+0000] {processor.py:179} INFO - Processing /usr/local/python/3.10.13/lib/python3.10/site-packages/airflow/example_dags/example_time_delta_sensor_async.py took 0.077 seconds
[2024-06-23T18:32:39.570+0000] {processor.py:157} INFO - Started process (PID=28124) to work on /usr/local/python/3.10.13/lib/python3.10/site-packages/airflow/example_dags/example_time_delta_sensor_async.py
[2024-06-23T18:32:39.570+0000] {processor.py:826} INFO - Processing file /usr/local/python/3.10.13/lib/python3.10/site-packages/airflow/example_dags/example_time_delta_sensor_async.py for tasks to queue
[2024-06-23T18:32:39.571+0000] {logging_mixin.py:150} INFO - [2024-06-23T18:32:39.571+0000] {dagbag.py:541} INFO - Filling up the DagBag from /usr/local/python/3.10.13/lib/python3.10/site-packages/airflow/example_dags/example_time_delta_sensor_async.py
[2024-06-23T18:32:39.574+0000] {processor.py:836} INFO - DAG(s) dict_keys(['example_time_delta_sensor_async']) retrieved from /usr/local/python/3.10.13/lib/python3.10/site-packages/airflow/example_dags/example_time_delta_sensor_async.py
[2024-06-23T18:32:39.586+0000] {logging_mixin.py:150} INFO - [2024-06-23T18:32:39.586+0000] {dag.py:2742} INFO - Sync 1 DAGs
[2024-06-23T18:32:39.601+0000] {logging_mixin.py:150} INFO - [2024-06-23T18:32:39.601+0000] {dag.py:3504} INFO - Setting next_dagrun for example_time_delta_sensor_async to None, run_after=None
[2024-06-23T18:32:39.639+0000] {processor.py:179} INFO - Processing /usr/local/python/3.10.13/lib/python3.10/site-packages/airflow/example_dags/example_time_delta_sensor_async.py took 0.072 seconds
[2024-06-23T18:33:33.679+0000] {processor.py:157} INFO - Started process (PID=28491) to work on /usr/local/python/3.10.13/lib/python3.10/site-packages/airflow/example_dags/example_time_delta_sensor_async.py
[2024-06-23T18:33:33.680+0000] {processor.py:826} INFO - Processing file /usr/local/python/3.10.13/lib/python3.10/site-packages/airflow/example_dags/example_time_delta_sensor_async.py for tasks to queue
[2024-06-23T18:33:33.681+0000] {logging_mixin.py:150} INFO - [2024-06-23T18:33:33.680+0000] {dagbag.py:541} INFO - Filling up the DagBag from /usr/local/python/3.10.13/lib/python3.10/site-packages/airflow/example_dags/example_time_delta_sensor_async.py
[2024-06-23T18:33:33.684+0000] {processor.py:836} INFO - DAG(s) dict_keys(['example_time_delta_sensor_async']) retrieved from /usr/local/python/3.10.13/lib/python3.10/site-packages/airflow/example_dags/example_time_delta_sensor_async.py
[2024-06-23T18:33:33.696+0000] {logging_mixin.py:150} INFO - [2024-06-23T18:33:33.696+0000] {dag.py:2742} INFO - Sync 1 DAGs
[2024-06-23T18:33:33.711+0000] {logging_mixin.py:150} INFO - [2024-06-23T18:33:33.711+0000] {dag.py:3504} INFO - Setting next_dagrun for example_time_delta_sensor_async to None, run_after=None
[2024-06-23T18:33:33.751+0000] {processor.py:179} INFO - Processing /usr/local/python/3.10.13/lib/python3.10/site-packages/airflow/example_dags/example_time_delta_sensor_async.py took 0.074 seconds
[2024-06-23T18:34:22.353+0000] {processor.py:157} INFO - Started process (PID=28840) to work on /usr/local/python/3.10.13/lib/python3.10/site-packages/airflow/example_dags/example_time_delta_sensor_async.py
[2024-06-23T18:34:22.354+0000] {processor.py:826} INFO - Processing file /usr/local/python/3.10.13/lib/python3.10/site-packages/airflow/example_dags/example_time_delta_sensor_async.py for tasks to queue
[2024-06-23T18:34:22.354+0000] {logging_mixin.py:150} INFO - [2024-06-23T18:34:22.354+0000] {dagbag.py:541} INFO - Filling up the DagBag from /usr/local/python/3.10.13/lib/python3.10/site-packages/airflow/example_dags/example_time_delta_sensor_async.py
[2024-06-23T18:34:22.358+0000] {processor.py:836} INFO - DAG(s) dict_keys(['example_time_delta_sensor_async']) retrieved from /usr/local/python/3.10.13/lib/python3.10/site-packages/airflow/example_dags/example_time_delta_sensor_async.py
[2024-06-23T18:34:22.376+0000] {logging_mixin.py:150} INFO - [2024-06-23T18:34:22.376+0000] {dag.py:2742} INFO - Sync 1 DAGs
[2024-06-23T18:34:22.391+0000] {logging_mixin.py:150} INFO - [2024-06-23T18:34:22.391+0000] {dag.py:3504} INFO - Setting next_dagrun for example_time_delta_sensor_async to None, run_after=None
[2024-06-23T18:34:22.430+0000] {processor.py:179} INFO - Processing /usr/local/python/3.10.13/lib/python3.10/site-packages/airflow/example_dags/example_time_delta_sensor_async.py took 0.080 seconds
[2024-06-23T18:35:14.166+0000] {processor.py:157} INFO - Started process (PID=29193) to work on /usr/local/python/3.10.13/lib/python3.10/site-packages/airflow/example_dags/example_time_delta_sensor_async.py
[2024-06-23T18:35:14.167+0000] {processor.py:826} INFO - Processing file /usr/local/python/3.10.13/lib/python3.10/site-packages/airflow/example_dags/example_time_delta_sensor_async.py for tasks to queue
[2024-06-23T18:35:14.168+0000] {logging_mixin.py:150} INFO - [2024-06-23T18:35:14.167+0000] {dagbag.py:541} INFO - Filling up the DagBag from /usr/local/python/3.10.13/lib/python3.10/site-packages/airflow/example_dags/example_time_delta_sensor_async.py
[2024-06-23T18:35:14.171+0000] {processor.py:836} INFO - DAG(s) dict_keys(['example_time_delta_sensor_async']) retrieved from /usr/local/python/3.10.13/lib/python3.10/site-packages/airflow/example_dags/example_time_delta_sensor_async.py
[2024-06-23T18:35:14.183+0000] {logging_mixin.py:150} INFO - [2024-06-23T18:35:14.183+0000] {dag.py:2742} INFO - Sync 1 DAGs
[2024-06-23T18:35:14.197+0000] {logging_mixin.py:150} INFO - [2024-06-23T18:35:14.197+0000] {dag.py:3504} INFO - Setting next_dagrun for example_time_delta_sensor_async to None, run_after=None
[2024-06-23T18:35:14.238+0000] {processor.py:179} INFO - Processing /usr/local/python/3.10.13/lib/python3.10/site-packages/airflow/example_dags/example_time_delta_sensor_async.py took 0.074 seconds
[2024-06-23T18:36:09.478+0000] {processor.py:157} INFO - Started process (PID=29686) to work on /usr/local/python/3.10.13/lib/python3.10/site-packages/airflow/example_dags/example_time_delta_sensor_async.py
[2024-06-23T18:36:09.479+0000] {processor.py:826} INFO - Processing file /usr/local/python/3.10.13/lib/python3.10/site-packages/airflow/example_dags/example_time_delta_sensor_async.py for tasks to queue
[2024-06-23T18:36:09.480+0000] {logging_mixin.py:150} INFO - [2024-06-23T18:36:09.480+0000] {dagbag.py:541} INFO - Filling up the DagBag from /usr/local/python/3.10.13/lib/python3.10/site-packages/airflow/example_dags/example_time_delta_sensor_async.py
[2024-06-23T18:36:09.483+0000] {processor.py:836} INFO - DAG(s) dict_keys(['example_time_delta_sensor_async']) retrieved from /usr/local/python/3.10.13/lib/python3.10/site-packages/airflow/example_dags/example_time_delta_sensor_async.py
[2024-06-23T18:36:09.499+0000] {logging_mixin.py:150} INFO - [2024-06-23T18:36:09.498+0000] {dag.py:2742} INFO - Sync 1 DAGs
[2024-06-23T18:36:09.518+0000] {logging_mixin.py:150} INFO - [2024-06-23T18:36:09.518+0000] {dag.py:3504} INFO - Setting next_dagrun for example_time_delta_sensor_async to None, run_after=None
[2024-06-23T18:36:09.558+0000] {processor.py:179} INFO - Processing /usr/local/python/3.10.13/lib/python3.10/site-packages/airflow/example_dags/example_time_delta_sensor_async.py took 0.082 seconds
