[2024-06-23T18:26:23.349+0000] {processor.py:157} INFO - Started process (PID=25255) to work on /usr/local/python/3.10.13/lib/python3.10/site-packages/airflow/example_dags/example_skip_dag.py
[2024-06-23T18:26:23.350+0000] {processor.py:826} INFO - Processing file /usr/local/python/3.10.13/lib/python3.10/site-packages/airflow/example_dags/example_skip_dag.py for tasks to queue
[2024-06-23T18:26:23.350+0000] {logging_mixin.py:150} INFO - [2024-06-23T18:26:23.350+0000] {dagbag.py:541} INFO - Filling up the DagBag from /usr/local/python/3.10.13/lib/python3.10/site-packages/airflow/example_dags/example_skip_dag.py
[2024-06-23T18:26:23.357+0000] {processor.py:836} INFO - DAG(s) dict_keys(['example_skip_dag']) retrieved from /usr/local/python/3.10.13/lib/python3.10/site-packages/airflow/example_dags/example_skip_dag.py
[2024-06-23T18:26:23.486+0000] {logging_mixin.py:150} INFO - [2024-06-23T18:26:23.486+0000] {manager.py:504} INFO - Created Permission View: can delete on DAG:example_skip_dag
[2024-06-23T18:26:23.517+0000] {logging_mixin.py:150} INFO - [2024-06-23T18:26:23.517+0000] {manager.py:504} INFO - Created Permission View: can edit on DAG:example_skip_dag
[2024-06-23T18:26:23.545+0000] {logging_mixin.py:150} INFO - [2024-06-23T18:26:23.545+0000] {manager.py:504} INFO - Created Permission View: can read on DAG:example_skip_dag
[2024-06-23T18:26:23.554+0000] {logging_mixin.py:150} INFO - [2024-06-23T18:26:23.554+0000] {dag.py:2742} INFO - Sync 1 DAGs
[2024-06-23T18:26:23.561+0000] {logging_mixin.py:150} INFO - [2024-06-23T18:26:23.561+0000] {dag.py:2763} INFO - Creating ORM DAG for example_skip_dag
[2024-06-23T18:26:23.571+0000] {logging_mixin.py:150} INFO - [2024-06-23T18:26:23.571+0000] {dag.py:3504} INFO - Setting next_dagrun for example_skip_dag to 2024-06-22T18:26:23.570842+00:00, run_after=2024-06-23T18:26:23.570842+00:00
[2024-06-23T18:26:23.612+0000] {processor.py:179} INFO - Processing /usr/local/python/3.10.13/lib/python3.10/site-packages/airflow/example_dags/example_skip_dag.py took 0.265 seconds
[2024-06-23T18:27:18.338+0000] {processor.py:157} INFO - Started process (PID=25634) to work on /usr/local/python/3.10.13/lib/python3.10/site-packages/airflow/example_dags/example_skip_dag.py
[2024-06-23T18:27:18.339+0000] {processor.py:826} INFO - Processing file /usr/local/python/3.10.13/lib/python3.10/site-packages/airflow/example_dags/example_skip_dag.py for tasks to queue
[2024-06-23T18:27:18.339+0000] {logging_mixin.py:150} INFO - [2024-06-23T18:27:18.339+0000] {dagbag.py:541} INFO - Filling up the DagBag from /usr/local/python/3.10.13/lib/python3.10/site-packages/airflow/example_dags/example_skip_dag.py
[2024-06-23T18:27:18.345+0000] {processor.py:836} INFO - DAG(s) dict_keys(['example_skip_dag']) retrieved from /usr/local/python/3.10.13/lib/python3.10/site-packages/airflow/example_dags/example_skip_dag.py
[2024-06-23T18:27:18.357+0000] {logging_mixin.py:150} INFO - [2024-06-23T18:27:18.357+0000] {dag.py:2742} INFO - Sync 1 DAGs
[2024-06-23T18:27:18.372+0000] {logging_mixin.py:150} INFO - [2024-06-23T18:27:18.372+0000] {dag.py:3504} INFO - Setting next_dagrun for example_skip_dag to 2024-06-22T18:27:18.372073+00:00, run_after=2024-06-23T18:27:18.372073+00:00
[2024-06-23T18:27:18.417+0000] {processor.py:179} INFO - Processing /usr/local/python/3.10.13/lib/python3.10/site-packages/airflow/example_dags/example_skip_dag.py took 0.082 seconds
[2024-06-23T18:28:00.670+0000] {processor.py:157} INFO - Started process (PID=26144) to work on /usr/local/python/3.10.13/lib/python3.10/site-packages/airflow/example_dags/example_skip_dag.py
[2024-06-23T18:28:00.671+0000] {processor.py:826} INFO - Processing file /usr/local/python/3.10.13/lib/python3.10/site-packages/airflow/example_dags/example_skip_dag.py for tasks to queue
[2024-06-23T18:28:00.672+0000] {logging_mixin.py:150} INFO - [2024-06-23T18:28:00.671+0000] {dagbag.py:541} INFO - Filling up the DagBag from /usr/local/python/3.10.13/lib/python3.10/site-packages/airflow/example_dags/example_skip_dag.py
[2024-06-23T18:28:00.677+0000] {processor.py:836} INFO - DAG(s) dict_keys(['example_skip_dag']) retrieved from /usr/local/python/3.10.13/lib/python3.10/site-packages/airflow/example_dags/example_skip_dag.py
[2024-06-23T18:28:00.689+0000] {logging_mixin.py:150} INFO - [2024-06-23T18:28:00.689+0000] {dag.py:2742} INFO - Sync 1 DAGs
[2024-06-23T18:28:00.704+0000] {logging_mixin.py:150} INFO - [2024-06-23T18:28:00.704+0000] {dag.py:3504} INFO - Setting next_dagrun for example_skip_dag to 2024-06-22T18:28:00.704487+00:00, run_after=2024-06-23T18:28:00.704487+00:00
[2024-06-23T18:28:00.744+0000] {processor.py:179} INFO - Processing /usr/local/python/3.10.13/lib/python3.10/site-packages/airflow/example_dags/example_skip_dag.py took 0.076 seconds
[2024-06-23T18:28:45.294+0000] {processor.py:157} INFO - Started process (PID=26460) to work on /usr/local/python/3.10.13/lib/python3.10/site-packages/airflow/example_dags/example_skip_dag.py
[2024-06-23T18:28:45.294+0000] {processor.py:826} INFO - Processing file /usr/local/python/3.10.13/lib/python3.10/site-packages/airflow/example_dags/example_skip_dag.py for tasks to queue
[2024-06-23T18:28:45.295+0000] {logging_mixin.py:150} INFO - [2024-06-23T18:28:45.295+0000] {dagbag.py:541} INFO - Filling up the DagBag from /usr/local/python/3.10.13/lib/python3.10/site-packages/airflow/example_dags/example_skip_dag.py
[2024-06-23T18:28:45.301+0000] {processor.py:836} INFO - DAG(s) dict_keys(['example_skip_dag']) retrieved from /usr/local/python/3.10.13/lib/python3.10/site-packages/airflow/example_dags/example_skip_dag.py
[2024-06-23T18:28:45.313+0000] {logging_mixin.py:150} INFO - [2024-06-23T18:28:45.313+0000] {dag.py:2742} INFO - Sync 1 DAGs
[2024-06-23T18:28:45.329+0000] {logging_mixin.py:150} INFO - [2024-06-23T18:28:45.329+0000] {dag.py:3504} INFO - Setting next_dagrun for example_skip_dag to 2024-06-22T18:28:45.328879+00:00, run_after=2024-06-23T18:28:45.328879+00:00
[2024-06-23T18:28:45.367+0000] {processor.py:179} INFO - Processing /usr/local/python/3.10.13/lib/python3.10/site-packages/airflow/example_dags/example_skip_dag.py took 0.076 seconds
[2024-06-23T18:29:29.054+0000] {processor.py:157} INFO - Started process (PID=26757) to work on /usr/local/python/3.10.13/lib/python3.10/site-packages/airflow/example_dags/example_skip_dag.py
[2024-06-23T18:29:29.055+0000] {processor.py:826} INFO - Processing file /usr/local/python/3.10.13/lib/python3.10/site-packages/airflow/example_dags/example_skip_dag.py for tasks to queue
[2024-06-23T18:29:29.055+0000] {logging_mixin.py:150} INFO - [2024-06-23T18:29:29.055+0000] {dagbag.py:541} INFO - Filling up the DagBag from /usr/local/python/3.10.13/lib/python3.10/site-packages/airflow/example_dags/example_skip_dag.py
[2024-06-23T18:29:29.061+0000] {processor.py:836} INFO - DAG(s) dict_keys(['example_skip_dag']) retrieved from /usr/local/python/3.10.13/lib/python3.10/site-packages/airflow/example_dags/example_skip_dag.py
[2024-06-23T18:29:29.073+0000] {logging_mixin.py:150} INFO - [2024-06-23T18:29:29.073+0000] {dag.py:2742} INFO - Sync 1 DAGs
[2024-06-23T18:29:29.088+0000] {logging_mixin.py:150} INFO - [2024-06-23T18:29:29.087+0000] {dag.py:3504} INFO - Setting next_dagrun for example_skip_dag to 2024-06-22T18:29:29.087789+00:00, run_after=2024-06-23T18:29:29.087789+00:00
[2024-06-23T18:29:29.127+0000] {processor.py:179} INFO - Processing /usr/local/python/3.10.13/lib/python3.10/site-packages/airflow/example_dags/example_skip_dag.py took 0.075 seconds
[2024-06-23T18:30:12.598+0000] {processor.py:157} INFO - Started process (PID=27080) to work on /usr/local/python/3.10.13/lib/python3.10/site-packages/airflow/example_dags/example_skip_dag.py
[2024-06-23T18:30:12.598+0000] {processor.py:826} INFO - Processing file /usr/local/python/3.10.13/lib/python3.10/site-packages/airflow/example_dags/example_skip_dag.py for tasks to queue
[2024-06-23T18:30:12.599+0000] {logging_mixin.py:150} INFO - [2024-06-23T18:30:12.599+0000] {dagbag.py:541} INFO - Filling up the DagBag from /usr/local/python/3.10.13/lib/python3.10/site-packages/airflow/example_dags/example_skip_dag.py
[2024-06-23T18:30:12.605+0000] {processor.py:836} INFO - DAG(s) dict_keys(['example_skip_dag']) retrieved from /usr/local/python/3.10.13/lib/python3.10/site-packages/airflow/example_dags/example_skip_dag.py
[2024-06-23T18:30:12.617+0000] {logging_mixin.py:150} INFO - [2024-06-23T18:30:12.617+0000] {dag.py:2742} INFO - Sync 1 DAGs
[2024-06-23T18:30:12.632+0000] {logging_mixin.py:150} INFO - [2024-06-23T18:30:12.632+0000] {dag.py:3504} INFO - Setting next_dagrun for example_skip_dag to 2024-06-22T18:30:12.631942+00:00, run_after=2024-06-23T18:30:12.631942+00:00
[2024-06-23T18:30:12.674+0000] {processor.py:179} INFO - Processing /usr/local/python/3.10.13/lib/python3.10/site-packages/airflow/example_dags/example_skip_dag.py took 0.078 seconds
[2024-06-23T18:30:55.715+0000] {processor.py:157} INFO - Started process (PID=27373) to work on /usr/local/python/3.10.13/lib/python3.10/site-packages/airflow/example_dags/example_skip_dag.py
[2024-06-23T18:30:55.716+0000] {processor.py:826} INFO - Processing file /usr/local/python/3.10.13/lib/python3.10/site-packages/airflow/example_dags/example_skip_dag.py for tasks to queue
[2024-06-23T18:30:55.717+0000] {logging_mixin.py:150} INFO - [2024-06-23T18:30:55.716+0000] {dagbag.py:541} INFO - Filling up the DagBag from /usr/local/python/3.10.13/lib/python3.10/site-packages/airflow/example_dags/example_skip_dag.py
[2024-06-23T18:30:55.722+0000] {processor.py:836} INFO - DAG(s) dict_keys(['example_skip_dag']) retrieved from /usr/local/python/3.10.13/lib/python3.10/site-packages/airflow/example_dags/example_skip_dag.py
[2024-06-23T18:30:55.734+0000] {logging_mixin.py:150} INFO - [2024-06-23T18:30:55.734+0000] {dag.py:2742} INFO - Sync 1 DAGs
[2024-06-23T18:30:55.749+0000] {logging_mixin.py:150} INFO - [2024-06-23T18:30:55.749+0000] {dag.py:3504} INFO - Setting next_dagrun for example_skip_dag to 2024-06-22T18:30:55.748777+00:00, run_after=2024-06-23T18:30:55.748777+00:00
[2024-06-23T18:30:55.793+0000] {processor.py:179} INFO - Processing /usr/local/python/3.10.13/lib/python3.10/site-packages/airflow/example_dags/example_skip_dag.py took 0.080 seconds
[2024-06-23T18:31:43.229+0000] {processor.py:157} INFO - Started process (PID=27692) to work on /usr/local/python/3.10.13/lib/python3.10/site-packages/airflow/example_dags/example_skip_dag.py
[2024-06-23T18:31:43.230+0000] {processor.py:826} INFO - Processing file /usr/local/python/3.10.13/lib/python3.10/site-packages/airflow/example_dags/example_skip_dag.py for tasks to queue
[2024-06-23T18:31:43.231+0000] {logging_mixin.py:150} INFO - [2024-06-23T18:31:43.230+0000] {dagbag.py:541} INFO - Filling up the DagBag from /usr/local/python/3.10.13/lib/python3.10/site-packages/airflow/example_dags/example_skip_dag.py
[2024-06-23T18:31:43.236+0000] {processor.py:836} INFO - DAG(s) dict_keys(['example_skip_dag']) retrieved from /usr/local/python/3.10.13/lib/python3.10/site-packages/airflow/example_dags/example_skip_dag.py
[2024-06-23T18:31:43.248+0000] {logging_mixin.py:150} INFO - [2024-06-23T18:31:43.248+0000] {dag.py:2742} INFO - Sync 1 DAGs
[2024-06-23T18:31:43.263+0000] {logging_mixin.py:150} INFO - [2024-06-23T18:31:43.263+0000] {dag.py:3504} INFO - Setting next_dagrun for example_skip_dag to 2024-06-22T18:31:43.263044+00:00, run_after=2024-06-23T18:31:43.263044+00:00
[2024-06-23T18:31:43.301+0000] {processor.py:179} INFO - Processing /usr/local/python/3.10.13/lib/python3.10/site-packages/airflow/example_dags/example_skip_dag.py took 0.074 seconds
[2024-06-23T18:32:33.699+0000] {processor.py:157} INFO - Started process (PID=28076) to work on /usr/local/python/3.10.13/lib/python3.10/site-packages/airflow/example_dags/example_skip_dag.py
[2024-06-23T18:32:33.700+0000] {processor.py:826} INFO - Processing file /usr/local/python/3.10.13/lib/python3.10/site-packages/airflow/example_dags/example_skip_dag.py for tasks to queue
[2024-06-23T18:32:33.701+0000] {logging_mixin.py:150} INFO - [2024-06-23T18:32:33.700+0000] {dagbag.py:541} INFO - Filling up the DagBag from /usr/local/python/3.10.13/lib/python3.10/site-packages/airflow/example_dags/example_skip_dag.py
[2024-06-23T18:32:33.706+0000] {processor.py:836} INFO - DAG(s) dict_keys(['example_skip_dag']) retrieved from /usr/local/python/3.10.13/lib/python3.10/site-packages/airflow/example_dags/example_skip_dag.py
[2024-06-23T18:32:33.719+0000] {logging_mixin.py:150} INFO - [2024-06-23T18:32:33.719+0000] {dag.py:2742} INFO - Sync 1 DAGs
[2024-06-23T18:32:33.734+0000] {logging_mixin.py:150} INFO - [2024-06-23T18:32:33.734+0000] {dag.py:3504} INFO - Setting next_dagrun for example_skip_dag to 2024-06-22T18:32:33.733963+00:00, run_after=2024-06-23T18:32:33.733963+00:00
[2024-06-23T18:32:33.772+0000] {processor.py:179} INFO - Processing /usr/local/python/3.10.13/lib/python3.10/site-packages/airflow/example_dags/example_skip_dag.py took 0.075 seconds
[2024-06-23T18:33:11.119+0000] {processor.py:157} INFO - Started process (PID=28332) to work on /usr/local/python/3.10.13/lib/python3.10/site-packages/airflow/example_dags/example_skip_dag.py
[2024-06-23T18:33:11.120+0000] {processor.py:826} INFO - Processing file /usr/local/python/3.10.13/lib/python3.10/site-packages/airflow/example_dags/example_skip_dag.py for tasks to queue
[2024-06-23T18:33:11.121+0000] {logging_mixin.py:150} INFO - [2024-06-23T18:33:11.121+0000] {dagbag.py:541} INFO - Filling up the DagBag from /usr/local/python/3.10.13/lib/python3.10/site-packages/airflow/example_dags/example_skip_dag.py
[2024-06-23T18:33:11.127+0000] {processor.py:836} INFO - DAG(s) dict_keys(['example_skip_dag']) retrieved from /usr/local/python/3.10.13/lib/python3.10/site-packages/airflow/example_dags/example_skip_dag.py
[2024-06-23T18:33:11.139+0000] {logging_mixin.py:150} INFO - [2024-06-23T18:33:11.139+0000] {dag.py:2742} INFO - Sync 1 DAGs
[2024-06-23T18:33:11.154+0000] {logging_mixin.py:150} INFO - [2024-06-23T18:33:11.154+0000] {dag.py:3504} INFO - Setting next_dagrun for example_skip_dag to 2024-06-22T18:33:11.154308+00:00, run_after=2024-06-23T18:33:11.154308+00:00
[2024-06-23T18:33:11.194+0000] {processor.py:179} INFO - Processing /usr/local/python/3.10.13/lib/python3.10/site-packages/airflow/example_dags/example_skip_dag.py took 0.077 seconds
[2024-06-23T18:33:47.160+0000] {processor.py:157} INFO - Started process (PID=28599) to work on /usr/local/python/3.10.13/lib/python3.10/site-packages/airflow/example_dags/example_skip_dag.py
[2024-06-23T18:33:47.161+0000] {processor.py:826} INFO - Processing file /usr/local/python/3.10.13/lib/python3.10/site-packages/airflow/example_dags/example_skip_dag.py for tasks to queue
[2024-06-23T18:33:47.162+0000] {logging_mixin.py:150} INFO - [2024-06-23T18:33:47.162+0000] {dagbag.py:541} INFO - Filling up the DagBag from /usr/local/python/3.10.13/lib/python3.10/site-packages/airflow/example_dags/example_skip_dag.py
[2024-06-23T18:33:47.167+0000] {processor.py:836} INFO - DAG(s) dict_keys(['example_skip_dag']) retrieved from /usr/local/python/3.10.13/lib/python3.10/site-packages/airflow/example_dags/example_skip_dag.py
[2024-06-23T18:33:47.179+0000] {logging_mixin.py:150} INFO - [2024-06-23T18:33:47.179+0000] {dag.py:2742} INFO - Sync 1 DAGs
[2024-06-23T18:33:47.194+0000] {logging_mixin.py:150} INFO - [2024-06-23T18:33:47.194+0000] {dag.py:3504} INFO - Setting next_dagrun for example_skip_dag to 2024-06-22T18:33:47.193990+00:00, run_after=2024-06-23T18:33:47.193990+00:00
[2024-06-23T18:33:47.233+0000] {processor.py:179} INFO - Processing /usr/local/python/3.10.13/lib/python3.10/site-packages/airflow/example_dags/example_skip_dag.py took 0.075 seconds
[2024-06-23T18:34:33.099+0000] {processor.py:157} INFO - Started process (PID=28912) to work on /usr/local/python/3.10.13/lib/python3.10/site-packages/airflow/example_dags/example_skip_dag.py
[2024-06-23T18:34:33.100+0000] {processor.py:826} INFO - Processing file /usr/local/python/3.10.13/lib/python3.10/site-packages/airflow/example_dags/example_skip_dag.py for tasks to queue
[2024-06-23T18:34:33.101+0000] {logging_mixin.py:150} INFO - [2024-06-23T18:34:33.100+0000] {dagbag.py:541} INFO - Filling up the DagBag from /usr/local/python/3.10.13/lib/python3.10/site-packages/airflow/example_dags/example_skip_dag.py
[2024-06-23T18:34:33.106+0000] {processor.py:836} INFO - DAG(s) dict_keys(['example_skip_dag']) retrieved from /usr/local/python/3.10.13/lib/python3.10/site-packages/airflow/example_dags/example_skip_dag.py
[2024-06-23T18:34:33.119+0000] {logging_mixin.py:150} INFO - [2024-06-23T18:34:33.119+0000] {dag.py:2742} INFO - Sync 1 DAGs
[2024-06-23T18:34:33.135+0000] {logging_mixin.py:150} INFO - [2024-06-23T18:34:33.134+0000] {dag.py:3504} INFO - Setting next_dagrun for example_skip_dag to 2024-06-22T18:34:33.134790+00:00, run_after=2024-06-23T18:34:33.134790+00:00
[2024-06-23T18:34:33.172+0000] {processor.py:179} INFO - Processing /usr/local/python/3.10.13/lib/python3.10/site-packages/airflow/example_dags/example_skip_dag.py took 0.075 seconds
[2024-06-23T18:35:11.373+0000] {processor.py:157} INFO - Started process (PID=29183) to work on /usr/local/python/3.10.13/lib/python3.10/site-packages/airflow/example_dags/example_skip_dag.py
[2024-06-23T18:35:11.374+0000] {processor.py:826} INFO - Processing file /usr/local/python/3.10.13/lib/python3.10/site-packages/airflow/example_dags/example_skip_dag.py for tasks to queue
[2024-06-23T18:35:11.375+0000] {logging_mixin.py:150} INFO - [2024-06-23T18:35:11.374+0000] {dagbag.py:541} INFO - Filling up the DagBag from /usr/local/python/3.10.13/lib/python3.10/site-packages/airflow/example_dags/example_skip_dag.py
[2024-06-23T18:35:11.380+0000] {processor.py:836} INFO - DAG(s) dict_keys(['example_skip_dag']) retrieved from /usr/local/python/3.10.13/lib/python3.10/site-packages/airflow/example_dags/example_skip_dag.py
[2024-06-23T18:35:11.392+0000] {logging_mixin.py:150} INFO - [2024-06-23T18:35:11.392+0000] {dag.py:2742} INFO - Sync 1 DAGs
[2024-06-23T18:35:11.408+0000] {logging_mixin.py:150} INFO - [2024-06-23T18:35:11.408+0000] {dag.py:3504} INFO - Setting next_dagrun for example_skip_dag to 2024-06-22T18:35:11.408422+00:00, run_after=2024-06-23T18:35:11.408422+00:00
[2024-06-23T18:35:11.448+0000] {processor.py:179} INFO - Processing /usr/local/python/3.10.13/lib/python3.10/site-packages/airflow/example_dags/example_skip_dag.py took 0.077 seconds
[2024-06-23T18:36:03.679+0000] {processor.py:157} INFO - Started process (PID=29590) to work on /usr/local/python/3.10.13/lib/python3.10/site-packages/airflow/example_dags/example_skip_dag.py
[2024-06-23T18:36:03.680+0000] {processor.py:826} INFO - Processing file /usr/local/python/3.10.13/lib/python3.10/site-packages/airflow/example_dags/example_skip_dag.py for tasks to queue
[2024-06-23T18:36:03.680+0000] {logging_mixin.py:150} INFO - [2024-06-23T18:36:03.680+0000] {dagbag.py:541} INFO - Filling up the DagBag from /usr/local/python/3.10.13/lib/python3.10/site-packages/airflow/example_dags/example_skip_dag.py
[2024-06-23T18:36:03.686+0000] {processor.py:836} INFO - DAG(s) dict_keys(['example_skip_dag']) retrieved from /usr/local/python/3.10.13/lib/python3.10/site-packages/airflow/example_dags/example_skip_dag.py
[2024-06-23T18:36:03.697+0000] {logging_mixin.py:150} INFO - [2024-06-23T18:36:03.697+0000] {dag.py:2742} INFO - Sync 1 DAGs
[2024-06-23T18:36:03.712+0000] {logging_mixin.py:150} INFO - [2024-06-23T18:36:03.712+0000] {dag.py:3504} INFO - Setting next_dagrun for example_skip_dag to 2024-06-22T18:36:03.712595+00:00, run_after=2024-06-23T18:36:03.712595+00:00
[2024-06-23T18:36:03.755+0000] {processor.py:179} INFO - Processing /usr/local/python/3.10.13/lib/python3.10/site-packages/airflow/example_dags/example_skip_dag.py took 0.078 seconds
