[2024-06-23T18:26:35.236+0000] {processor.py:157} INFO - Started process (PID=25342) to work on /usr/local/python/3.10.13/lib/python3.10/site-packages/airflow/example_dags/example_nested_branch_dag.py
[2024-06-23T18:26:35.236+0000] {processor.py:826} INFO - Processing file /usr/local/python/3.10.13/lib/python3.10/site-packages/airflow/example_dags/example_nested_branch_dag.py for tasks to queue
[2024-06-23T18:26:35.237+0000] {logging_mixin.py:150} INFO - [2024-06-23T18:26:35.237+0000] {dagbag.py:541} INFO - Filling up the DagBag from /usr/local/python/3.10.13/lib/python3.10/site-packages/airflow/example_dags/example_nested_branch_dag.py
[2024-06-23T18:26:35.244+0000] {processor.py:836} INFO - DAG(s) dict_keys(['example_nested_branch_dag']) retrieved from /usr/local/python/3.10.13/lib/python3.10/site-packages/airflow/example_dags/example_nested_branch_dag.py
[2024-06-23T18:26:35.382+0000] {logging_mixin.py:150} INFO - [2024-06-23T18:26:35.382+0000] {manager.py:504} INFO - Created Permission View: can delete on DAG:example_nested_branch_dag
[2024-06-23T18:26:35.412+0000] {logging_mixin.py:150} INFO - [2024-06-23T18:26:35.412+0000] {manager.py:504} INFO - Created Permission View: can edit on DAG:example_nested_branch_dag
[2024-06-23T18:26:35.440+0000] {logging_mixin.py:150} INFO - [2024-06-23T18:26:35.440+0000] {manager.py:504} INFO - Created Permission View: can read on DAG:example_nested_branch_dag
[2024-06-23T18:26:35.448+0000] {logging_mixin.py:150} INFO - [2024-06-23T18:26:35.448+0000] {dag.py:2742} INFO - Sync 1 DAGs
[2024-06-23T18:26:35.457+0000] {logging_mixin.py:150} INFO - [2024-06-23T18:26:35.457+0000] {dag.py:2763} INFO - Creating ORM DAG for example_nested_branch_dag
[2024-06-23T18:26:35.465+0000] {logging_mixin.py:150} INFO - [2024-06-23T18:26:35.465+0000] {dag.py:3504} INFO - Setting next_dagrun for example_nested_branch_dag to 2024-06-22T00:00:00+00:00, run_after=2024-06-23T00:00:00+00:00
[2024-06-23T18:26:35.508+0000] {processor.py:179} INFO - Processing /usr/local/python/3.10.13/lib/python3.10/site-packages/airflow/example_dags/example_nested_branch_dag.py took 0.274 seconds
[2024-06-23T18:27:29.195+0000] {processor.py:157} INFO - Started process (PID=25764) to work on /usr/local/python/3.10.13/lib/python3.10/site-packages/airflow/example_dags/example_nested_branch_dag.py
[2024-06-23T18:27:29.196+0000] {processor.py:826} INFO - Processing file /usr/local/python/3.10.13/lib/python3.10/site-packages/airflow/example_dags/example_nested_branch_dag.py for tasks to queue
[2024-06-23T18:27:29.197+0000] {logging_mixin.py:150} INFO - [2024-06-23T18:27:29.197+0000] {dagbag.py:541} INFO - Filling up the DagBag from /usr/local/python/3.10.13/lib/python3.10/site-packages/airflow/example_dags/example_nested_branch_dag.py
[2024-06-23T18:27:29.213+0000] {processor.py:836} INFO - DAG(s) dict_keys(['example_nested_branch_dag']) retrieved from /usr/local/python/3.10.13/lib/python3.10/site-packages/airflow/example_dags/example_nested_branch_dag.py
[2024-06-23T18:27:29.234+0000] {logging_mixin.py:150} INFO - [2024-06-23T18:27:29.234+0000] {dag.py:2742} INFO - Sync 1 DAGs
[2024-06-23T18:27:29.261+0000] {logging_mixin.py:150} INFO - [2024-06-23T18:27:29.261+0000] {dag.py:3504} INFO - Setting next_dagrun for example_nested_branch_dag to 2024-06-22T00:00:00+00:00, run_after=2024-06-23T00:00:00+00:00
[2024-06-23T18:27:29.315+0000] {processor.py:179} INFO - Processing /usr/local/python/3.10.13/lib/python3.10/site-packages/airflow/example_dags/example_nested_branch_dag.py took 0.124 seconds
[2024-06-23T18:28:13.875+0000] {processor.py:157} INFO - Started process (PID=26234) to work on /usr/local/python/3.10.13/lib/python3.10/site-packages/airflow/example_dags/example_nested_branch_dag.py
[2024-06-23T18:28:13.876+0000] {processor.py:826} INFO - Processing file /usr/local/python/3.10.13/lib/python3.10/site-packages/airflow/example_dags/example_nested_branch_dag.py for tasks to queue
[2024-06-23T18:28:13.876+0000] {logging_mixin.py:150} INFO - [2024-06-23T18:28:13.876+0000] {dagbag.py:541} INFO - Filling up the DagBag from /usr/local/python/3.10.13/lib/python3.10/site-packages/airflow/example_dags/example_nested_branch_dag.py
[2024-06-23T18:28:13.884+0000] {processor.py:836} INFO - DAG(s) dict_keys(['example_nested_branch_dag']) retrieved from /usr/local/python/3.10.13/lib/python3.10/site-packages/airflow/example_dags/example_nested_branch_dag.py
[2024-06-23T18:28:13.896+0000] {logging_mixin.py:150} INFO - [2024-06-23T18:28:13.896+0000] {dag.py:2742} INFO - Sync 1 DAGs
[2024-06-23T18:28:13.912+0000] {logging_mixin.py:150} INFO - [2024-06-23T18:28:13.912+0000] {dag.py:3504} INFO - Setting next_dagrun for example_nested_branch_dag to 2024-06-22T00:00:00+00:00, run_after=2024-06-23T00:00:00+00:00
[2024-06-23T18:28:13.954+0000] {processor.py:179} INFO - Processing /usr/local/python/3.10.13/lib/python3.10/site-packages/airflow/example_dags/example_nested_branch_dag.py took 0.081 seconds
[2024-06-23T18:29:00.111+0000] {processor.py:157} INFO - Started process (PID=26554) to work on /usr/local/python/3.10.13/lib/python3.10/site-packages/airflow/example_dags/example_nested_branch_dag.py
[2024-06-23T18:29:00.112+0000] {processor.py:826} INFO - Processing file /usr/local/python/3.10.13/lib/python3.10/site-packages/airflow/example_dags/example_nested_branch_dag.py for tasks to queue
[2024-06-23T18:29:00.113+0000] {logging_mixin.py:150} INFO - [2024-06-23T18:29:00.113+0000] {dagbag.py:541} INFO - Filling up the DagBag from /usr/local/python/3.10.13/lib/python3.10/site-packages/airflow/example_dags/example_nested_branch_dag.py
[2024-06-23T18:29:00.120+0000] {processor.py:836} INFO - DAG(s) dict_keys(['example_nested_branch_dag']) retrieved from /usr/local/python/3.10.13/lib/python3.10/site-packages/airflow/example_dags/example_nested_branch_dag.py
[2024-06-23T18:29:00.133+0000] {logging_mixin.py:150} INFO - [2024-06-23T18:29:00.133+0000] {dag.py:2742} INFO - Sync 1 DAGs
[2024-06-23T18:29:00.149+0000] {logging_mixin.py:150} INFO - [2024-06-23T18:29:00.149+0000] {dag.py:3504} INFO - Setting next_dagrun for example_nested_branch_dag to 2024-06-22T00:00:00+00:00, run_after=2024-06-23T00:00:00+00:00
[2024-06-23T18:29:00.189+0000] {processor.py:179} INFO - Processing /usr/local/python/3.10.13/lib/python3.10/site-packages/airflow/example_dags/example_nested_branch_dag.py took 0.080 seconds
[2024-06-23T18:29:42.248+0000] {processor.py:157} INFO - Started process (PID=26869) to work on /usr/local/python/3.10.13/lib/python3.10/site-packages/airflow/example_dags/example_nested_branch_dag.py
[2024-06-23T18:29:42.248+0000] {processor.py:826} INFO - Processing file /usr/local/python/3.10.13/lib/python3.10/site-packages/airflow/example_dags/example_nested_branch_dag.py for tasks to queue
[2024-06-23T18:29:42.249+0000] {logging_mixin.py:150} INFO - [2024-06-23T18:29:42.249+0000] {dagbag.py:541} INFO - Filling up the DagBag from /usr/local/python/3.10.13/lib/python3.10/site-packages/airflow/example_dags/example_nested_branch_dag.py
[2024-06-23T18:29:42.256+0000] {processor.py:836} INFO - DAG(s) dict_keys(['example_nested_branch_dag']) retrieved from /usr/local/python/3.10.13/lib/python3.10/site-packages/airflow/example_dags/example_nested_branch_dag.py
[2024-06-23T18:29:42.271+0000] {logging_mixin.py:150} INFO - [2024-06-23T18:29:42.271+0000] {dag.py:2742} INFO - Sync 1 DAGs
[2024-06-23T18:29:42.286+0000] {logging_mixin.py:150} INFO - [2024-06-23T18:29:42.286+0000] {dag.py:3504} INFO - Setting next_dagrun for example_nested_branch_dag to 2024-06-22T00:00:00+00:00, run_after=2024-06-23T00:00:00+00:00
[2024-06-23T18:29:42.326+0000] {processor.py:179} INFO - Processing /usr/local/python/3.10.13/lib/python3.10/site-packages/airflow/example_dags/example_nested_branch_dag.py took 0.081 seconds
[2024-06-23T18:30:28.042+0000] {processor.py:157} INFO - Started process (PID=27176) to work on /usr/local/python/3.10.13/lib/python3.10/site-packages/airflow/example_dags/example_nested_branch_dag.py
[2024-06-23T18:30:28.042+0000] {processor.py:826} INFO - Processing file /usr/local/python/3.10.13/lib/python3.10/site-packages/airflow/example_dags/example_nested_branch_dag.py for tasks to queue
[2024-06-23T18:30:28.043+0000] {logging_mixin.py:150} INFO - [2024-06-23T18:30:28.043+0000] {dagbag.py:541} INFO - Filling up the DagBag from /usr/local/python/3.10.13/lib/python3.10/site-packages/airflow/example_dags/example_nested_branch_dag.py
[2024-06-23T18:30:28.051+0000] {processor.py:836} INFO - DAG(s) dict_keys(['example_nested_branch_dag']) retrieved from /usr/local/python/3.10.13/lib/python3.10/site-packages/airflow/example_dags/example_nested_branch_dag.py
[2024-06-23T18:30:28.064+0000] {logging_mixin.py:150} INFO - [2024-06-23T18:30:28.064+0000] {dag.py:2742} INFO - Sync 1 DAGs
[2024-06-23T18:30:28.081+0000] {logging_mixin.py:150} INFO - [2024-06-23T18:30:28.081+0000] {dag.py:3504} INFO - Setting next_dagrun for example_nested_branch_dag to 2024-06-22T00:00:00+00:00, run_after=2024-06-23T00:00:00+00:00
[2024-06-23T18:30:28.119+0000] {processor.py:179} INFO - Processing /usr/local/python/3.10.13/lib/python3.10/site-packages/airflow/example_dags/example_nested_branch_dag.py took 0.079 seconds
[2024-06-23T18:31:12.290+0000] {processor.py:157} INFO - Started process (PID=27473) to work on /usr/local/python/3.10.13/lib/python3.10/site-packages/airflow/example_dags/example_nested_branch_dag.py
[2024-06-23T18:31:12.291+0000] {processor.py:826} INFO - Processing file /usr/local/python/3.10.13/lib/python3.10/site-packages/airflow/example_dags/example_nested_branch_dag.py for tasks to queue
[2024-06-23T18:31:12.292+0000] {logging_mixin.py:150} INFO - [2024-06-23T18:31:12.292+0000] {dagbag.py:541} INFO - Filling up the DagBag from /usr/local/python/3.10.13/lib/python3.10/site-packages/airflow/example_dags/example_nested_branch_dag.py
[2024-06-23T18:31:12.299+0000] {processor.py:836} INFO - DAG(s) dict_keys(['example_nested_branch_dag']) retrieved from /usr/local/python/3.10.13/lib/python3.10/site-packages/airflow/example_dags/example_nested_branch_dag.py
[2024-06-23T18:31:12.312+0000] {logging_mixin.py:150} INFO - [2024-06-23T18:31:12.312+0000] {dag.py:2742} INFO - Sync 1 DAGs
[2024-06-23T18:31:12.334+0000] {logging_mixin.py:150} INFO - [2024-06-23T18:31:12.333+0000] {dag.py:3504} INFO - Setting next_dagrun for example_nested_branch_dag to 2024-06-22T00:00:00+00:00, run_after=2024-06-23T00:00:00+00:00
[2024-06-23T18:31:12.373+0000] {processor.py:179} INFO - Processing /usr/local/python/3.10.13/lib/python3.10/site-packages/airflow/example_dags/example_nested_branch_dag.py took 0.085 seconds
[2024-06-23T18:32:01.971+0000] {processor.py:157} INFO - Started process (PID=27846) to work on /usr/local/python/3.10.13/lib/python3.10/site-packages/airflow/example_dags/example_nested_branch_dag.py
[2024-06-23T18:32:01.971+0000] {processor.py:826} INFO - Processing file /usr/local/python/3.10.13/lib/python3.10/site-packages/airflow/example_dags/example_nested_branch_dag.py for tasks to queue
[2024-06-23T18:32:01.972+0000] {logging_mixin.py:150} INFO - [2024-06-23T18:32:01.972+0000] {dagbag.py:541} INFO - Filling up the DagBag from /usr/local/python/3.10.13/lib/python3.10/site-packages/airflow/example_dags/example_nested_branch_dag.py
[2024-06-23T18:32:01.980+0000] {processor.py:836} INFO - DAG(s) dict_keys(['example_nested_branch_dag']) retrieved from /usr/local/python/3.10.13/lib/python3.10/site-packages/airflow/example_dags/example_nested_branch_dag.py
[2024-06-23T18:32:01.992+0000] {logging_mixin.py:150} INFO - [2024-06-23T18:32:01.992+0000] {dag.py:2742} INFO - Sync 1 DAGs
[2024-06-23T18:32:02.008+0000] {logging_mixin.py:150} INFO - [2024-06-23T18:32:02.008+0000] {dag.py:3504} INFO - Setting next_dagrun for example_nested_branch_dag to 2024-06-22T00:00:00+00:00, run_after=2024-06-23T00:00:00+00:00
[2024-06-23T18:32:02.047+0000] {processor.py:179} INFO - Processing /usr/local/python/3.10.13/lib/python3.10/site-packages/airflow/example_dags/example_nested_branch_dag.py took 0.078 seconds
[2024-06-23T18:32:55.403+0000] {processor.py:157} INFO - Started process (PID=28237) to work on /usr/local/python/3.10.13/lib/python3.10/site-packages/airflow/example_dags/example_nested_branch_dag.py
[2024-06-23T18:32:55.404+0000] {processor.py:826} INFO - Processing file /usr/local/python/3.10.13/lib/python3.10/site-packages/airflow/example_dags/example_nested_branch_dag.py for tasks to queue
[2024-06-23T18:32:55.405+0000] {logging_mixin.py:150} INFO - [2024-06-23T18:32:55.404+0000] {dagbag.py:541} INFO - Filling up the DagBag from /usr/local/python/3.10.13/lib/python3.10/site-packages/airflow/example_dags/example_nested_branch_dag.py
[2024-06-23T18:32:55.412+0000] {processor.py:836} INFO - DAG(s) dict_keys(['example_nested_branch_dag']) retrieved from /usr/local/python/3.10.13/lib/python3.10/site-packages/airflow/example_dags/example_nested_branch_dag.py
[2024-06-23T18:32:55.425+0000] {logging_mixin.py:150} INFO - [2024-06-23T18:32:55.425+0000] {dag.py:2742} INFO - Sync 1 DAGs
[2024-06-23T18:32:55.443+0000] {logging_mixin.py:150} INFO - [2024-06-23T18:32:55.443+0000] {dag.py:3504} INFO - Setting next_dagrun for example_nested_branch_dag to 2024-06-22T00:00:00+00:00, run_after=2024-06-23T00:00:00+00:00
[2024-06-23T18:32:55.490+0000] {processor.py:179} INFO - Processing /usr/local/python/3.10.13/lib/python3.10/site-packages/airflow/example_dags/example_nested_branch_dag.py took 0.089 seconds
[2024-06-23T18:33:48.822+0000] {processor.py:157} INFO - Started process (PID=28601) to work on /usr/local/python/3.10.13/lib/python3.10/site-packages/airflow/example_dags/example_nested_branch_dag.py
[2024-06-23T18:33:48.823+0000] {processor.py:826} INFO - Processing file /usr/local/python/3.10.13/lib/python3.10/site-packages/airflow/example_dags/example_nested_branch_dag.py for tasks to queue
[2024-06-23T18:33:48.824+0000] {logging_mixin.py:150} INFO - [2024-06-23T18:33:48.824+0000] {dagbag.py:541} INFO - Filling up the DagBag from /usr/local/python/3.10.13/lib/python3.10/site-packages/airflow/example_dags/example_nested_branch_dag.py
[2024-06-23T18:33:48.831+0000] {processor.py:836} INFO - DAG(s) dict_keys(['example_nested_branch_dag']) retrieved from /usr/local/python/3.10.13/lib/python3.10/site-packages/airflow/example_dags/example_nested_branch_dag.py
[2024-06-23T18:33:48.845+0000] {logging_mixin.py:150} INFO - [2024-06-23T18:33:48.845+0000] {dag.py:2742} INFO - Sync 1 DAGs
[2024-06-23T18:33:48.869+0000] {logging_mixin.py:150} INFO - [2024-06-23T18:33:48.869+0000] {dag.py:3504} INFO - Setting next_dagrun for example_nested_branch_dag to 2024-06-22T00:00:00+00:00, run_after=2024-06-23T00:00:00+00:00
[2024-06-23T18:33:48.911+0000] {processor.py:179} INFO - Processing /usr/local/python/3.10.13/lib/python3.10/site-packages/airflow/example_dags/example_nested_branch_dag.py took 0.091 seconds
[2024-06-23T18:34:35.367+0000] {processor.py:157} INFO - Started process (PID=28920) to work on /usr/local/python/3.10.13/lib/python3.10/site-packages/airflow/example_dags/example_nested_branch_dag.py
[2024-06-23T18:34:35.368+0000] {processor.py:826} INFO - Processing file /usr/local/python/3.10.13/lib/python3.10/site-packages/airflow/example_dags/example_nested_branch_dag.py for tasks to queue
[2024-06-23T18:34:35.369+0000] {logging_mixin.py:150} INFO - [2024-06-23T18:34:35.369+0000] {dagbag.py:541} INFO - Filling up the DagBag from /usr/local/python/3.10.13/lib/python3.10/site-packages/airflow/example_dags/example_nested_branch_dag.py
[2024-06-23T18:34:35.376+0000] {processor.py:836} INFO - DAG(s) dict_keys(['example_nested_branch_dag']) retrieved from /usr/local/python/3.10.13/lib/python3.10/site-packages/airflow/example_dags/example_nested_branch_dag.py
[2024-06-23T18:34:35.389+0000] {logging_mixin.py:150} INFO - [2024-06-23T18:34:35.389+0000] {dag.py:2742} INFO - Sync 1 DAGs
[2024-06-23T18:34:35.406+0000] {logging_mixin.py:150} INFO - [2024-06-23T18:34:35.405+0000] {dag.py:3504} INFO - Setting next_dagrun for example_nested_branch_dag to 2024-06-22T00:00:00+00:00, run_after=2024-06-23T00:00:00+00:00
[2024-06-23T18:34:35.446+0000] {processor.py:179} INFO - Processing /usr/local/python/3.10.13/lib/python3.10/site-packages/airflow/example_dags/example_nested_branch_dag.py took 0.081 seconds
[2024-06-23T18:35:29.572+0000] {processor.py:157} INFO - Started process (PID=29315) to work on /usr/local/python/3.10.13/lib/python3.10/site-packages/airflow/example_dags/example_nested_branch_dag.py
[2024-06-23T18:35:29.573+0000] {processor.py:826} INFO - Processing file /usr/local/python/3.10.13/lib/python3.10/site-packages/airflow/example_dags/example_nested_branch_dag.py for tasks to queue
[2024-06-23T18:35:29.573+0000] {logging_mixin.py:150} INFO - [2024-06-23T18:35:29.573+0000] {dagbag.py:541} INFO - Filling up the DagBag from /usr/local/python/3.10.13/lib/python3.10/site-packages/airflow/example_dags/example_nested_branch_dag.py
[2024-06-23T18:35:29.581+0000] {processor.py:836} INFO - DAG(s) dict_keys(['example_nested_branch_dag']) retrieved from /usr/local/python/3.10.13/lib/python3.10/site-packages/airflow/example_dags/example_nested_branch_dag.py
[2024-06-23T18:35:29.594+0000] {logging_mixin.py:150} INFO - [2024-06-23T18:35:29.594+0000] {dag.py:2742} INFO - Sync 1 DAGs
[2024-06-23T18:35:29.610+0000] {logging_mixin.py:150} INFO - [2024-06-23T18:35:29.610+0000] {dag.py:3504} INFO - Setting next_dagrun for example_nested_branch_dag to 2024-06-22T00:00:00+00:00, run_after=2024-06-23T00:00:00+00:00
[2024-06-23T18:35:29.649+0000] {processor.py:179} INFO - Processing /usr/local/python/3.10.13/lib/python3.10/site-packages/airflow/example_dags/example_nested_branch_dag.py took 0.079 seconds
[2024-06-23T18:36:22.816+0000] {processor.py:157} INFO - Started process (PID=29813) to work on /usr/local/python/3.10.13/lib/python3.10/site-packages/airflow/example_dags/example_nested_branch_dag.py
[2024-06-23T18:36:22.817+0000] {processor.py:826} INFO - Processing file /usr/local/python/3.10.13/lib/python3.10/site-packages/airflow/example_dags/example_nested_branch_dag.py for tasks to queue
[2024-06-23T18:36:22.817+0000] {logging_mixin.py:150} INFO - [2024-06-23T18:36:22.817+0000] {dagbag.py:541} INFO - Filling up the DagBag from /usr/local/python/3.10.13/lib/python3.10/site-packages/airflow/example_dags/example_nested_branch_dag.py
[2024-06-23T18:36:22.825+0000] {processor.py:836} INFO - DAG(s) dict_keys(['example_nested_branch_dag']) retrieved from /usr/local/python/3.10.13/lib/python3.10/site-packages/airflow/example_dags/example_nested_branch_dag.py
[2024-06-23T18:36:22.838+0000] {logging_mixin.py:150} INFO - [2024-06-23T18:36:22.838+0000] {dag.py:2742} INFO - Sync 1 DAGs
[2024-06-23T18:36:22.854+0000] {logging_mixin.py:150} INFO - [2024-06-23T18:36:22.854+0000] {dag.py:3504} INFO - Setting next_dagrun for example_nested_branch_dag to 2024-06-22T00:00:00+00:00, run_after=2024-06-23T00:00:00+00:00
[2024-06-23T18:36:22.891+0000] {processor.py:179} INFO - Processing /usr/local/python/3.10.13/lib/python3.10/site-packages/airflow/example_dags/example_nested_branch_dag.py took 0.077 seconds
