[2024-06-23T18:26:32.745+0000] {processor.py:157} INFO - Started process (PID=25333) to work on /usr/local/python/3.10.13/lib/python3.10/site-packages/airflow/example_dags/example_xcomargs.py
[2024-06-23T18:26:32.746+0000] {processor.py:826} INFO - Processing file /usr/local/python/3.10.13/lib/python3.10/site-packages/airflow/example_dags/example_xcomargs.py for tasks to queue
[2024-06-23T18:26:32.746+0000] {logging_mixin.py:150} INFO - [2024-06-23T18:26:32.746+0000] {dagbag.py:541} INFO - Filling up the DagBag from /usr/local/python/3.10.13/lib/python3.10/site-packages/airflow/example_dags/example_xcomargs.py
[2024-06-23T18:26:32.754+0000] {processor.py:836} INFO - DAG(s) dict_keys(['example_xcom_args_with_operators', 'example_xcom_args']) retrieved from /usr/local/python/3.10.13/lib/python3.10/site-packages/airflow/example_dags/example_xcomargs.py
[2024-06-23T18:26:32.880+0000] {logging_mixin.py:150} INFO - [2024-06-23T18:26:32.880+0000] {manager.py:504} INFO - Created Permission View: can delete on DAG:example_xcom_args_with_operators
[2024-06-23T18:26:32.909+0000] {logging_mixin.py:150} INFO - [2024-06-23T18:26:32.909+0000] {manager.py:504} INFO - Created Permission View: can edit on DAG:example_xcom_args_with_operators
[2024-06-23T18:26:32.936+0000] {logging_mixin.py:150} INFO - [2024-06-23T18:26:32.936+0000] {manager.py:504} INFO - Created Permission View: can read on DAG:example_xcom_args_with_operators
[2024-06-23T18:26:33.007+0000] {logging_mixin.py:150} INFO - [2024-06-23T18:26:33.006+0000] {manager.py:504} INFO - Created Permission View: can delete on DAG:example_xcom_args
[2024-06-23T18:26:33.034+0000] {logging_mixin.py:150} INFO - [2024-06-23T18:26:33.034+0000] {manager.py:504} INFO - Created Permission View: can edit on DAG:example_xcom_args
[2024-06-23T18:26:33.061+0000] {logging_mixin.py:150} INFO - [2024-06-23T18:26:33.061+0000] {manager.py:504} INFO - Created Permission View: can read on DAG:example_xcom_args
[2024-06-23T18:26:33.065+0000] {logging_mixin.py:150} INFO - [2024-06-23T18:26:33.065+0000] {dag.py:2742} INFO - Sync 2 DAGs
[2024-06-23T18:26:33.073+0000] {logging_mixin.py:150} INFO - [2024-06-23T18:26:33.073+0000] {dag.py:2763} INFO - Creating ORM DAG for example_xcom_args
[2024-06-23T18:26:33.074+0000] {logging_mixin.py:150} INFO - [2024-06-23T18:26:33.074+0000] {dag.py:2763} INFO - Creating ORM DAG for example_xcom_args_with_operators
[2024-06-23T18:26:33.080+0000] {logging_mixin.py:150} INFO - [2024-06-23T18:26:33.080+0000] {dag.py:3504} INFO - Setting next_dagrun for example_xcom_args to None, run_after=None
[2024-06-23T18:26:33.081+0000] {logging_mixin.py:150} INFO - [2024-06-23T18:26:33.081+0000] {dag.py:3504} INFO - Setting next_dagrun for example_xcom_args_with_operators to None, run_after=None
[2024-06-23T18:26:33.122+0000] {processor.py:179} INFO - Processing /usr/local/python/3.10.13/lib/python3.10/site-packages/airflow/example_dags/example_xcomargs.py took 0.379 seconds
[2024-06-23T18:27:26.725+0000] {processor.py:157} INFO - Started process (PID=25737) to work on /usr/local/python/3.10.13/lib/python3.10/site-packages/airflow/example_dags/example_xcomargs.py
[2024-06-23T18:27:26.726+0000] {processor.py:826} INFO - Processing file /usr/local/python/3.10.13/lib/python3.10/site-packages/airflow/example_dags/example_xcomargs.py for tasks to queue
[2024-06-23T18:27:26.726+0000] {logging_mixin.py:150} INFO - [2024-06-23T18:27:26.726+0000] {dagbag.py:541} INFO - Filling up the DagBag from /usr/local/python/3.10.13/lib/python3.10/site-packages/airflow/example_dags/example_xcomargs.py
[2024-06-23T18:27:26.732+0000] {processor.py:836} INFO - DAG(s) dict_keys(['example_xcom_args_with_operators', 'example_xcom_args']) retrieved from /usr/local/python/3.10.13/lib/python3.10/site-packages/airflow/example_dags/example_xcomargs.py
[2024-06-23T18:27:26.746+0000] {logging_mixin.py:150} INFO - [2024-06-23T18:27:26.746+0000] {dag.py:2742} INFO - Sync 2 DAGs
[2024-06-23T18:27:26.761+0000] {logging_mixin.py:150} INFO - [2024-06-23T18:27:26.761+0000] {dag.py:3504} INFO - Setting next_dagrun for example_xcom_args to None, run_after=None
[2024-06-23T18:27:26.763+0000] {logging_mixin.py:150} INFO - [2024-06-23T18:27:26.763+0000] {dag.py:3504} INFO - Setting next_dagrun for example_xcom_args_with_operators to None, run_after=None
[2024-06-23T18:27:26.802+0000] {processor.py:179} INFO - Processing /usr/local/python/3.10.13/lib/python3.10/site-packages/airflow/example_dags/example_xcomargs.py took 0.079 seconds
[2024-06-23T18:28:12.244+0000] {processor.py:157} INFO - Started process (PID=26231) to work on /usr/local/python/3.10.13/lib/python3.10/site-packages/airflow/example_dags/example_xcomargs.py
[2024-06-23T18:28:12.245+0000] {processor.py:826} INFO - Processing file /usr/local/python/3.10.13/lib/python3.10/site-packages/airflow/example_dags/example_xcomargs.py for tasks to queue
[2024-06-23T18:28:12.246+0000] {logging_mixin.py:150} INFO - [2024-06-23T18:28:12.245+0000] {dagbag.py:541} INFO - Filling up the DagBag from /usr/local/python/3.10.13/lib/python3.10/site-packages/airflow/example_dags/example_xcomargs.py
[2024-06-23T18:28:12.252+0000] {processor.py:836} INFO - DAG(s) dict_keys(['example_xcom_args', 'example_xcom_args_with_operators']) retrieved from /usr/local/python/3.10.13/lib/python3.10/site-packages/airflow/example_dags/example_xcomargs.py
[2024-06-23T18:28:12.268+0000] {logging_mixin.py:150} INFO - [2024-06-23T18:28:12.267+0000] {dag.py:2742} INFO - Sync 2 DAGs
[2024-06-23T18:28:12.284+0000] {logging_mixin.py:150} INFO - [2024-06-23T18:28:12.284+0000] {dag.py:3504} INFO - Setting next_dagrun for example_xcom_args to None, run_after=None
[2024-06-23T18:28:12.286+0000] {logging_mixin.py:150} INFO - [2024-06-23T18:28:12.286+0000] {dag.py:3504} INFO - Setting next_dagrun for example_xcom_args_with_operators to None, run_after=None
[2024-06-23T18:28:12.324+0000] {processor.py:179} INFO - Processing /usr/local/python/3.10.13/lib/python3.10/site-packages/airflow/example_dags/example_xcomargs.py took 0.083 seconds
[2024-06-23T18:28:56.836+0000] {processor.py:157} INFO - Started process (PID=26534) to work on /usr/local/python/3.10.13/lib/python3.10/site-packages/airflow/example_dags/example_xcomargs.py
[2024-06-23T18:28:56.837+0000] {processor.py:826} INFO - Processing file /usr/local/python/3.10.13/lib/python3.10/site-packages/airflow/example_dags/example_xcomargs.py for tasks to queue
[2024-06-23T18:28:56.838+0000] {logging_mixin.py:150} INFO - [2024-06-23T18:28:56.838+0000] {dagbag.py:541} INFO - Filling up the DagBag from /usr/local/python/3.10.13/lib/python3.10/site-packages/airflow/example_dags/example_xcomargs.py
[2024-06-23T18:28:56.847+0000] {processor.py:836} INFO - DAG(s) dict_keys(['example_xcom_args_with_operators', 'example_xcom_args']) retrieved from /usr/local/python/3.10.13/lib/python3.10/site-packages/airflow/example_dags/example_xcomargs.py
[2024-06-23T18:28:56.868+0000] {logging_mixin.py:150} INFO - [2024-06-23T18:28:56.868+0000] {dag.py:2742} INFO - Sync 2 DAGs
[2024-06-23T18:28:56.887+0000] {logging_mixin.py:150} INFO - [2024-06-23T18:28:56.887+0000] {dag.py:3504} INFO - Setting next_dagrun for example_xcom_args to None, run_after=None
[2024-06-23T18:28:56.889+0000] {logging_mixin.py:150} INFO - [2024-06-23T18:28:56.889+0000] {dag.py:3504} INFO - Setting next_dagrun for example_xcom_args_with_operators to None, run_after=None
[2024-06-23T18:28:56.929+0000] {processor.py:179} INFO - Processing /usr/local/python/3.10.13/lib/python3.10/site-packages/airflow/example_dags/example_xcomargs.py took 0.096 seconds
[2024-06-23T18:29:39.381+0000] {processor.py:157} INFO - Started process (PID=26829) to work on /usr/local/python/3.10.13/lib/python3.10/site-packages/airflow/example_dags/example_xcomargs.py
[2024-06-23T18:29:39.382+0000] {processor.py:826} INFO - Processing file /usr/local/python/3.10.13/lib/python3.10/site-packages/airflow/example_dags/example_xcomargs.py for tasks to queue
[2024-06-23T18:29:39.382+0000] {logging_mixin.py:150} INFO - [2024-06-23T18:29:39.382+0000] {dagbag.py:541} INFO - Filling up the DagBag from /usr/local/python/3.10.13/lib/python3.10/site-packages/airflow/example_dags/example_xcomargs.py
[2024-06-23T18:29:39.388+0000] {processor.py:836} INFO - DAG(s) dict_keys(['example_xcom_args', 'example_xcom_args_with_operators']) retrieved from /usr/local/python/3.10.13/lib/python3.10/site-packages/airflow/example_dags/example_xcomargs.py
[2024-06-23T18:29:39.406+0000] {logging_mixin.py:150} INFO - [2024-06-23T18:29:39.406+0000] {dag.py:2742} INFO - Sync 2 DAGs
[2024-06-23T18:29:39.423+0000] {logging_mixin.py:150} INFO - [2024-06-23T18:29:39.422+0000] {dag.py:3504} INFO - Setting next_dagrun for example_xcom_args to None, run_after=None
[2024-06-23T18:29:39.425+0000] {logging_mixin.py:150} INFO - [2024-06-23T18:29:39.425+0000] {dag.py:3504} INFO - Setting next_dagrun for example_xcom_args_with_operators to None, run_after=None
[2024-06-23T18:29:39.465+0000] {processor.py:179} INFO - Processing /usr/local/python/3.10.13/lib/python3.10/site-packages/airflow/example_dags/example_xcomargs.py took 0.086 seconds
[2024-06-23T18:30:24.536+0000] {processor.py:157} INFO - Started process (PID=27161) to work on /usr/local/python/3.10.13/lib/python3.10/site-packages/airflow/example_dags/example_xcomargs.py
[2024-06-23T18:30:24.537+0000] {processor.py:826} INFO - Processing file /usr/local/python/3.10.13/lib/python3.10/site-packages/airflow/example_dags/example_xcomargs.py for tasks to queue
[2024-06-23T18:30:24.537+0000] {logging_mixin.py:150} INFO - [2024-06-23T18:30:24.537+0000] {dagbag.py:541} INFO - Filling up the DagBag from /usr/local/python/3.10.13/lib/python3.10/site-packages/airflow/example_dags/example_xcomargs.py
[2024-06-23T18:30:24.543+0000] {processor.py:836} INFO - DAG(s) dict_keys(['example_xcom_args', 'example_xcom_args_with_operators']) retrieved from /usr/local/python/3.10.13/lib/python3.10/site-packages/airflow/example_dags/example_xcomargs.py
[2024-06-23T18:30:24.557+0000] {logging_mixin.py:150} INFO - [2024-06-23T18:30:24.557+0000] {dag.py:2742} INFO - Sync 2 DAGs
[2024-06-23T18:30:24.580+0000] {logging_mixin.py:150} INFO - [2024-06-23T18:30:24.580+0000] {dag.py:3504} INFO - Setting next_dagrun for example_xcom_args to None, run_after=None
[2024-06-23T18:30:24.583+0000] {logging_mixin.py:150} INFO - [2024-06-23T18:30:24.583+0000] {dag.py:3504} INFO - Setting next_dagrun for example_xcom_args_with_operators to None, run_after=None
[2024-06-23T18:30:24.624+0000] {processor.py:179} INFO - Processing /usr/local/python/3.10.13/lib/python3.10/site-packages/airflow/example_dags/example_xcomargs.py took 0.090 seconds
[2024-06-23T18:31:08.985+0000] {processor.py:157} INFO - Started process (PID=27458) to work on /usr/local/python/3.10.13/lib/python3.10/site-packages/airflow/example_dags/example_xcomargs.py
[2024-06-23T18:31:08.986+0000] {processor.py:826} INFO - Processing file /usr/local/python/3.10.13/lib/python3.10/site-packages/airflow/example_dags/example_xcomargs.py for tasks to queue
[2024-06-23T18:31:08.987+0000] {logging_mixin.py:150} INFO - [2024-06-23T18:31:08.986+0000] {dagbag.py:541} INFO - Filling up the DagBag from /usr/local/python/3.10.13/lib/python3.10/site-packages/airflow/example_dags/example_xcomargs.py
[2024-06-23T18:31:08.992+0000] {processor.py:836} INFO - DAG(s) dict_keys(['example_xcom_args_with_operators', 'example_xcom_args']) retrieved from /usr/local/python/3.10.13/lib/python3.10/site-packages/airflow/example_dags/example_xcomargs.py
[2024-06-23T18:31:09.006+0000] {logging_mixin.py:150} INFO - [2024-06-23T18:31:09.006+0000] {dag.py:2742} INFO - Sync 2 DAGs
[2024-06-23T18:31:09.021+0000] {logging_mixin.py:150} INFO - [2024-06-23T18:31:09.021+0000] {dag.py:3504} INFO - Setting next_dagrun for example_xcom_args to None, run_after=None
[2024-06-23T18:31:09.023+0000] {logging_mixin.py:150} INFO - [2024-06-23T18:31:09.023+0000] {dag.py:3504} INFO - Setting next_dagrun for example_xcom_args_with_operators to None, run_after=None
[2024-06-23T18:31:09.061+0000] {processor.py:179} INFO - Processing /usr/local/python/3.10.13/lib/python3.10/site-packages/airflow/example_dags/example_xcomargs.py took 0.078 seconds
[2024-06-23T18:31:59.761+0000] {processor.py:157} INFO - Started process (PID=27824) to work on /usr/local/python/3.10.13/lib/python3.10/site-packages/airflow/example_dags/example_xcomargs.py
[2024-06-23T18:31:59.762+0000] {processor.py:826} INFO - Processing file /usr/local/python/3.10.13/lib/python3.10/site-packages/airflow/example_dags/example_xcomargs.py for tasks to queue
[2024-06-23T18:31:59.762+0000] {logging_mixin.py:150} INFO - [2024-06-23T18:31:59.762+0000] {dagbag.py:541} INFO - Filling up the DagBag from /usr/local/python/3.10.13/lib/python3.10/site-packages/airflow/example_dags/example_xcomargs.py
[2024-06-23T18:31:59.770+0000] {processor.py:836} INFO - DAG(s) dict_keys(['example_xcom_args', 'example_xcom_args_with_operators']) retrieved from /usr/local/python/3.10.13/lib/python3.10/site-packages/airflow/example_dags/example_xcomargs.py
[2024-06-23T18:31:59.784+0000] {logging_mixin.py:150} INFO - [2024-06-23T18:31:59.784+0000] {dag.py:2742} INFO - Sync 2 DAGs
[2024-06-23T18:31:59.799+0000] {logging_mixin.py:150} INFO - [2024-06-23T18:31:59.799+0000] {dag.py:3504} INFO - Setting next_dagrun for example_xcom_args to None, run_after=None
[2024-06-23T18:31:59.802+0000] {logging_mixin.py:150} INFO - [2024-06-23T18:31:59.801+0000] {dag.py:3504} INFO - Setting next_dagrun for example_xcom_args_with_operators to None, run_after=None
[2024-06-23T18:31:59.849+0000] {processor.py:179} INFO - Processing /usr/local/python/3.10.13/lib/python3.10/site-packages/airflow/example_dags/example_xcomargs.py took 0.089 seconds
[2024-06-23T18:32:51.971+0000] {processor.py:157} INFO - Started process (PID=28202) to work on /usr/local/python/3.10.13/lib/python3.10/site-packages/airflow/example_dags/example_xcomargs.py
[2024-06-23T18:32:51.972+0000] {processor.py:826} INFO - Processing file /usr/local/python/3.10.13/lib/python3.10/site-packages/airflow/example_dags/example_xcomargs.py for tasks to queue
[2024-06-23T18:32:51.973+0000] {logging_mixin.py:150} INFO - [2024-06-23T18:32:51.972+0000] {dagbag.py:541} INFO - Filling up the DagBag from /usr/local/python/3.10.13/lib/python3.10/site-packages/airflow/example_dags/example_xcomargs.py
[2024-06-23T18:32:51.979+0000] {processor.py:836} INFO - DAG(s) dict_keys(['example_xcom_args_with_operators', 'example_xcom_args']) retrieved from /usr/local/python/3.10.13/lib/python3.10/site-packages/airflow/example_dags/example_xcomargs.py
[2024-06-23T18:32:51.992+0000] {logging_mixin.py:150} INFO - [2024-06-23T18:32:51.992+0000] {dag.py:2742} INFO - Sync 2 DAGs
[2024-06-23T18:32:52.007+0000] {logging_mixin.py:150} INFO - [2024-06-23T18:32:52.007+0000] {dag.py:3504} INFO - Setting next_dagrun for example_xcom_args to None, run_after=None
[2024-06-23T18:32:52.009+0000] {logging_mixin.py:150} INFO - [2024-06-23T18:32:52.009+0000] {dag.py:3504} INFO - Setting next_dagrun for example_xcom_args_with_operators to None, run_after=None
[2024-06-23T18:32:52.050+0000] {processor.py:179} INFO - Processing /usr/local/python/3.10.13/lib/python3.10/site-packages/airflow/example_dags/example_xcomargs.py took 0.080 seconds
[2024-06-23T18:33:35.707+0000] {processor.py:157} INFO - Started process (PID=28517) to work on /usr/local/python/3.10.13/lib/python3.10/site-packages/airflow/example_dags/example_xcomargs.py
[2024-06-23T18:33:35.707+0000] {processor.py:826} INFO - Processing file /usr/local/python/3.10.13/lib/python3.10/site-packages/airflow/example_dags/example_xcomargs.py for tasks to queue
[2024-06-23T18:33:35.708+0000] {logging_mixin.py:150} INFO - [2024-06-23T18:33:35.708+0000] {dagbag.py:541} INFO - Filling up the DagBag from /usr/local/python/3.10.13/lib/python3.10/site-packages/airflow/example_dags/example_xcomargs.py
[2024-06-23T18:33:35.714+0000] {processor.py:836} INFO - DAG(s) dict_keys(['example_xcom_args_with_operators', 'example_xcom_args']) retrieved from /usr/local/python/3.10.13/lib/python3.10/site-packages/airflow/example_dags/example_xcomargs.py
[2024-06-23T18:33:35.728+0000] {logging_mixin.py:150} INFO - [2024-06-23T18:33:35.728+0000] {dag.py:2742} INFO - Sync 2 DAGs
[2024-06-23T18:33:35.743+0000] {logging_mixin.py:150} INFO - [2024-06-23T18:33:35.743+0000] {dag.py:3504} INFO - Setting next_dagrun for example_xcom_args to None, run_after=None
[2024-06-23T18:33:35.745+0000] {logging_mixin.py:150} INFO - [2024-06-23T18:33:35.745+0000] {dag.py:3504} INFO - Setting next_dagrun for example_xcom_args_with_operators to None, run_after=None
[2024-06-23T18:33:35.782+0000] {processor.py:179} INFO - Processing /usr/local/python/3.10.13/lib/python3.10/site-packages/airflow/example_dags/example_xcomargs.py took 0.077 seconds
[2024-06-23T18:34:24.623+0000] {processor.py:157} INFO - Started process (PID=28848) to work on /usr/local/python/3.10.13/lib/python3.10/site-packages/airflow/example_dags/example_xcomargs.py
[2024-06-23T18:34:24.624+0000] {processor.py:826} INFO - Processing file /usr/local/python/3.10.13/lib/python3.10/site-packages/airflow/example_dags/example_xcomargs.py for tasks to queue
[2024-06-23T18:34:24.625+0000] {logging_mixin.py:150} INFO - [2024-06-23T18:34:24.624+0000] {dagbag.py:541} INFO - Filling up the DagBag from /usr/local/python/3.10.13/lib/python3.10/site-packages/airflow/example_dags/example_xcomargs.py
[2024-06-23T18:34:24.631+0000] {processor.py:836} INFO - DAG(s) dict_keys(['example_xcom_args_with_operators', 'example_xcom_args']) retrieved from /usr/local/python/3.10.13/lib/python3.10/site-packages/airflow/example_dags/example_xcomargs.py
[2024-06-23T18:34:24.644+0000] {logging_mixin.py:150} INFO - [2024-06-23T18:34:24.644+0000] {dag.py:2742} INFO - Sync 2 DAGs
[2024-06-23T18:34:24.663+0000] {logging_mixin.py:150} INFO - [2024-06-23T18:34:24.663+0000] {dag.py:3504} INFO - Setting next_dagrun for example_xcom_args to None, run_after=None
[2024-06-23T18:34:24.666+0000] {logging_mixin.py:150} INFO - [2024-06-23T18:34:24.666+0000] {dag.py:3504} INFO - Setting next_dagrun for example_xcom_args_with_operators to None, run_after=None
[2024-06-23T18:34:24.710+0000] {processor.py:179} INFO - Processing /usr/local/python/3.10.13/lib/python3.10/site-packages/airflow/example_dags/example_xcomargs.py took 0.089 seconds
[2024-06-23T18:35:16.436+0000] {processor.py:157} INFO - Started process (PID=29207) to work on /usr/local/python/3.10.13/lib/python3.10/site-packages/airflow/example_dags/example_xcomargs.py
[2024-06-23T18:35:16.436+0000] {processor.py:826} INFO - Processing file /usr/local/python/3.10.13/lib/python3.10/site-packages/airflow/example_dags/example_xcomargs.py for tasks to queue
[2024-06-23T18:35:16.437+0000] {logging_mixin.py:150} INFO - [2024-06-23T18:35:16.437+0000] {dagbag.py:541} INFO - Filling up the DagBag from /usr/local/python/3.10.13/lib/python3.10/site-packages/airflow/example_dags/example_xcomargs.py
[2024-06-23T18:35:16.445+0000] {processor.py:836} INFO - DAG(s) dict_keys(['example_xcom_args', 'example_xcom_args_with_operators']) retrieved from /usr/local/python/3.10.13/lib/python3.10/site-packages/airflow/example_dags/example_xcomargs.py
[2024-06-23T18:35:16.466+0000] {logging_mixin.py:150} INFO - [2024-06-23T18:35:16.466+0000] {dag.py:2742} INFO - Sync 2 DAGs
[2024-06-23T18:35:16.483+0000] {logging_mixin.py:150} INFO - [2024-06-23T18:35:16.483+0000] {dag.py:3504} INFO - Setting next_dagrun for example_xcom_args to None, run_after=None
[2024-06-23T18:35:16.485+0000] {logging_mixin.py:150} INFO - [2024-06-23T18:35:16.485+0000] {dag.py:3504} INFO - Setting next_dagrun for example_xcom_args_with_operators to None, run_after=None
[2024-06-23T18:35:16.522+0000] {processor.py:179} INFO - Processing /usr/local/python/3.10.13/lib/python3.10/site-packages/airflow/example_dags/example_xcomargs.py took 0.088 seconds
[2024-06-23T18:36:10.909+0000] {processor.py:157} INFO - Started process (PID=29712) to work on /usr/local/python/3.10.13/lib/python3.10/site-packages/airflow/example_dags/example_xcomargs.py
[2024-06-23T18:36:10.910+0000] {processor.py:826} INFO - Processing file /usr/local/python/3.10.13/lib/python3.10/site-packages/airflow/example_dags/example_xcomargs.py for tasks to queue
[2024-06-23T18:36:10.911+0000] {logging_mixin.py:150} INFO - [2024-06-23T18:36:10.910+0000] {dagbag.py:541} INFO - Filling up the DagBag from /usr/local/python/3.10.13/lib/python3.10/site-packages/airflow/example_dags/example_xcomargs.py
[2024-06-23T18:36:10.917+0000] {processor.py:836} INFO - DAG(s) dict_keys(['example_xcom_args_with_operators', 'example_xcom_args']) retrieved from /usr/local/python/3.10.13/lib/python3.10/site-packages/airflow/example_dags/example_xcomargs.py
[2024-06-23T18:36:10.931+0000] {logging_mixin.py:150} INFO - [2024-06-23T18:36:10.931+0000] {dag.py:2742} INFO - Sync 2 DAGs
[2024-06-23T18:36:10.946+0000] {logging_mixin.py:150} INFO - [2024-06-23T18:36:10.946+0000] {dag.py:3504} INFO - Setting next_dagrun for example_xcom_args to None, run_after=None
[2024-06-23T18:36:10.948+0000] {logging_mixin.py:150} INFO - [2024-06-23T18:36:10.948+0000] {dag.py:3504} INFO - Setting next_dagrun for example_xcom_args_with_operators to None, run_after=None
[2024-06-23T18:36:10.986+0000] {processor.py:179} INFO - Processing /usr/local/python/3.10.13/lib/python3.10/site-packages/airflow/example_dags/example_xcomargs.py took 0.079 seconds
