[2024-06-23T18:27:08.010+0000] {processor.py:157} INFO - Started process (PID=25556) to work on /usr/local/python/3.10.13/lib/python3.10/site-packages/airflow/example_dags/example_branch_datetime_operator.py
[2024-06-23T18:27:08.011+0000] {processor.py:826} INFO - Processing file /usr/local/python/3.10.13/lib/python3.10/site-packages/airflow/example_dags/example_branch_datetime_operator.py for tasks to queue
[2024-06-23T18:27:08.012+0000] {logging_mixin.py:150} INFO - [2024-06-23T18:27:08.011+0000] {dagbag.py:541} INFO - Filling up the DagBag from /usr/local/python/3.10.13/lib/python3.10/site-packages/airflow/example_dags/example_branch_datetime_operator.py
[2024-06-23T18:27:08.019+0000] {processor.py:836} INFO - DAG(s) dict_keys(['example_branch_datetime_operator', 'example_branch_datetime_operator_3', 'example_branch_datetime_operator_2']) retrieved from /usr/local/python/3.10.13/lib/python3.10/site-packages/airflow/example_dags/example_branch_datetime_operator.py
[2024-06-23T18:27:08.149+0000] {logging_mixin.py:150} INFO - [2024-06-23T18:27:08.149+0000] {manager.py:504} INFO - Created Permission View: can delete on DAG:example_branch_datetime_operator
[2024-06-23T18:27:08.179+0000] {logging_mixin.py:150} INFO - [2024-06-23T18:27:08.179+0000] {manager.py:504} INFO - Created Permission View: can edit on DAG:example_branch_datetime_operator
[2024-06-23T18:27:08.209+0000] {logging_mixin.py:150} INFO - [2024-06-23T18:27:08.209+0000] {manager.py:504} INFO - Created Permission View: can read on DAG:example_branch_datetime_operator
[2024-06-23T18:27:08.282+0000] {logging_mixin.py:150} INFO - [2024-06-23T18:27:08.282+0000] {manager.py:504} INFO - Created Permission View: can delete on DAG:example_branch_datetime_operator_3
[2024-06-23T18:27:08.311+0000] {logging_mixin.py:150} INFO - [2024-06-23T18:27:08.311+0000] {manager.py:504} INFO - Created Permission View: can edit on DAG:example_branch_datetime_operator_3
[2024-06-23T18:27:08.339+0000] {logging_mixin.py:150} INFO - [2024-06-23T18:27:08.339+0000] {manager.py:504} INFO - Created Permission View: can read on DAG:example_branch_datetime_operator_3
[2024-06-23T18:27:08.402+0000] {logging_mixin.py:150} INFO - [2024-06-23T18:27:08.402+0000] {manager.py:504} INFO - Created Permission View: can delete on DAG:example_branch_datetime_operator_2
[2024-06-23T18:27:08.443+0000] {logging_mixin.py:150} INFO - [2024-06-23T18:27:08.443+0000] {manager.py:504} INFO - Created Permission View: can edit on DAG:example_branch_datetime_operator_2
[2024-06-23T18:27:08.472+0000] {logging_mixin.py:150} INFO - [2024-06-23T18:27:08.471+0000] {manager.py:504} INFO - Created Permission View: can read on DAG:example_branch_datetime_operator_2
[2024-06-23T18:27:08.475+0000] {logging_mixin.py:150} INFO - [2024-06-23T18:27:08.475+0000] {dag.py:2742} INFO - Sync 3 DAGs
[2024-06-23T18:27:08.482+0000] {logging_mixin.py:150} INFO - [2024-06-23T18:27:08.482+0000] {dag.py:2763} INFO - Creating ORM DAG for example_branch_datetime_operator_3
[2024-06-23T18:27:08.483+0000] {logging_mixin.py:150} INFO - [2024-06-23T18:27:08.483+0000] {dag.py:2763} INFO - Creating ORM DAG for example_branch_datetime_operator
[2024-06-23T18:27:08.483+0000] {logging_mixin.py:150} INFO - [2024-06-23T18:27:08.483+0000] {dag.py:2763} INFO - Creating ORM DAG for example_branch_datetime_operator_2
[2024-06-23T18:27:08.491+0000] {logging_mixin.py:150} INFO - [2024-06-23T18:27:08.491+0000] {dag.py:3504} INFO - Setting next_dagrun for example_branch_datetime_operator to 2024-06-22T00:00:00+00:00, run_after=2024-06-23T00:00:00+00:00
[2024-06-23T18:27:08.493+0000] {logging_mixin.py:150} INFO - [2024-06-23T18:27:08.493+0000] {dag.py:3504} INFO - Setting next_dagrun for example_branch_datetime_operator_2 to 2024-06-22T00:00:00+00:00, run_after=2024-06-23T00:00:00+00:00
[2024-06-23T18:27:08.495+0000] {logging_mixin.py:150} INFO - [2024-06-23T18:27:08.494+0000] {dag.py:3504} INFO - Setting next_dagrun for example_branch_datetime_operator_3 to 2024-06-22T00:00:00+00:00, run_after=2024-06-23T00:00:00+00:00
[2024-06-23T18:27:08.538+0000] {processor.py:179} INFO - Processing /usr/local/python/3.10.13/lib/python3.10/site-packages/airflow/example_dags/example_branch_datetime_operator.py took 0.529 seconds
[2024-06-23T18:28:06.128+0000] {processor.py:157} INFO - Started process (PID=26176) to work on /usr/local/python/3.10.13/lib/python3.10/site-packages/airflow/example_dags/example_branch_datetime_operator.py
[2024-06-23T18:28:06.129+0000] {processor.py:826} INFO - Processing file /usr/local/python/3.10.13/lib/python3.10/site-packages/airflow/example_dags/example_branch_datetime_operator.py for tasks to queue
[2024-06-23T18:28:06.129+0000] {logging_mixin.py:150} INFO - [2024-06-23T18:28:06.129+0000] {dagbag.py:541} INFO - Filling up the DagBag from /usr/local/python/3.10.13/lib/python3.10/site-packages/airflow/example_dags/example_branch_datetime_operator.py
[2024-06-23T18:28:06.137+0000] {processor.py:836} INFO - DAG(s) dict_keys(['example_branch_datetime_operator_3', 'example_branch_datetime_operator', 'example_branch_datetime_operator_2']) retrieved from /usr/local/python/3.10.13/lib/python3.10/site-packages/airflow/example_dags/example_branch_datetime_operator.py
[2024-06-23T18:28:06.154+0000] {logging_mixin.py:150} INFO - [2024-06-23T18:28:06.154+0000] {dag.py:2742} INFO - Sync 3 DAGs
[2024-06-23T18:28:06.172+0000] {logging_mixin.py:150} INFO - [2024-06-23T18:28:06.171+0000] {dag.py:3504} INFO - Setting next_dagrun for example_branch_datetime_operator to 2024-06-22T00:00:00+00:00, run_after=2024-06-23T00:00:00+00:00
[2024-06-23T18:28:06.175+0000] {logging_mixin.py:150} INFO - [2024-06-23T18:28:06.175+0000] {dag.py:3504} INFO - Setting next_dagrun for example_branch_datetime_operator_2 to 2024-06-22T00:00:00+00:00, run_after=2024-06-23T00:00:00+00:00
[2024-06-23T18:28:06.178+0000] {logging_mixin.py:150} INFO - [2024-06-23T18:28:06.177+0000] {dag.py:3504} INFO - Setting next_dagrun for example_branch_datetime_operator_3 to 2024-06-22T00:00:00+00:00, run_after=2024-06-23T00:00:00+00:00
[2024-06-23T18:28:06.215+0000] {processor.py:179} INFO - Processing /usr/local/python/3.10.13/lib/python3.10/site-packages/airflow/example_dags/example_branch_datetime_operator.py took 0.089 seconds
[2024-06-23T18:28:51.722+0000] {processor.py:157} INFO - Started process (PID=26510) to work on /usr/local/python/3.10.13/lib/python3.10/site-packages/airflow/example_dags/example_branch_datetime_operator.py
[2024-06-23T18:28:51.722+0000] {processor.py:826} INFO - Processing file /usr/local/python/3.10.13/lib/python3.10/site-packages/airflow/example_dags/example_branch_datetime_operator.py for tasks to queue
[2024-06-23T18:28:51.723+0000] {logging_mixin.py:150} INFO - [2024-06-23T18:28:51.723+0000] {dagbag.py:541} INFO - Filling up the DagBag from /usr/local/python/3.10.13/lib/python3.10/site-packages/airflow/example_dags/example_branch_datetime_operator.py
[2024-06-23T18:28:51.731+0000] {processor.py:836} INFO - DAG(s) dict_keys(['example_branch_datetime_operator_3', 'example_branch_datetime_operator_2', 'example_branch_datetime_operator']) retrieved from /usr/local/python/3.10.13/lib/python3.10/site-packages/airflow/example_dags/example_branch_datetime_operator.py
[2024-06-23T18:28:51.747+0000] {logging_mixin.py:150} INFO - [2024-06-23T18:28:51.747+0000] {dag.py:2742} INFO - Sync 3 DAGs
[2024-06-23T18:28:51.763+0000] {logging_mixin.py:150} INFO - [2024-06-23T18:28:51.763+0000] {dag.py:3504} INFO - Setting next_dagrun for example_branch_datetime_operator to 2024-06-22T00:00:00+00:00, run_after=2024-06-23T00:00:00+00:00
[2024-06-23T18:28:51.766+0000] {logging_mixin.py:150} INFO - [2024-06-23T18:28:51.766+0000] {dag.py:3504} INFO - Setting next_dagrun for example_branch_datetime_operator_2 to 2024-06-22T00:00:00+00:00, run_after=2024-06-23T00:00:00+00:00
[2024-06-23T18:28:51.768+0000] {logging_mixin.py:150} INFO - [2024-06-23T18:28:51.768+0000] {dag.py:3504} INFO - Setting next_dagrun for example_branch_datetime_operator_3 to 2024-06-22T00:00:00+00:00, run_after=2024-06-23T00:00:00+00:00
[2024-06-23T18:28:51.806+0000] {processor.py:179} INFO - Processing /usr/local/python/3.10.13/lib/python3.10/site-packages/airflow/example_dags/example_branch_datetime_operator.py took 0.086 seconds
[2024-06-23T18:29:47.409+0000] {processor.py:157} INFO - Started process (PID=26892) to work on /usr/local/python/3.10.13/lib/python3.10/site-packages/airflow/example_dags/example_branch_datetime_operator.py
[2024-06-23T18:29:47.410+0000] {processor.py:826} INFO - Processing file /usr/local/python/3.10.13/lib/python3.10/site-packages/airflow/example_dags/example_branch_datetime_operator.py for tasks to queue
[2024-06-23T18:29:47.411+0000] {logging_mixin.py:150} INFO - [2024-06-23T18:29:47.410+0000] {dagbag.py:541} INFO - Filling up the DagBag from /usr/local/python/3.10.13/lib/python3.10/site-packages/airflow/example_dags/example_branch_datetime_operator.py
[2024-06-23T18:29:47.418+0000] {processor.py:836} INFO - DAG(s) dict_keys(['example_branch_datetime_operator_2', 'example_branch_datetime_operator', 'example_branch_datetime_operator_3']) retrieved from /usr/local/python/3.10.13/lib/python3.10/site-packages/airflow/example_dags/example_branch_datetime_operator.py
[2024-06-23T18:29:47.435+0000] {logging_mixin.py:150} INFO - [2024-06-23T18:29:47.434+0000] {dag.py:2742} INFO - Sync 3 DAGs
[2024-06-23T18:29:47.451+0000] {logging_mixin.py:150} INFO - [2024-06-23T18:29:47.451+0000] {dag.py:3504} INFO - Setting next_dagrun for example_branch_datetime_operator to 2024-06-22T00:00:00+00:00, run_after=2024-06-23T00:00:00+00:00
[2024-06-23T18:29:47.454+0000] {logging_mixin.py:150} INFO - [2024-06-23T18:29:47.454+0000] {dag.py:3504} INFO - Setting next_dagrun for example_branch_datetime_operator_2 to 2024-06-22T00:00:00+00:00, run_after=2024-06-23T00:00:00+00:00
[2024-06-23T18:29:47.456+0000] {logging_mixin.py:150} INFO - [2024-06-23T18:29:47.456+0000] {dag.py:3504} INFO - Setting next_dagrun for example_branch_datetime_operator_3 to 2024-06-22T00:00:00+00:00, run_after=2024-06-23T00:00:00+00:00
[2024-06-23T18:29:47.499+0000] {processor.py:179} INFO - Processing /usr/local/python/3.10.13/lib/python3.10/site-packages/airflow/example_dags/example_branch_datetime_operator.py took 0.092 seconds
[2024-06-23T18:30:32.291+0000] {processor.py:157} INFO - Started process (PID=27199) to work on /usr/local/python/3.10.13/lib/python3.10/site-packages/airflow/example_dags/example_branch_datetime_operator.py
[2024-06-23T18:30:32.292+0000] {processor.py:826} INFO - Processing file /usr/local/python/3.10.13/lib/python3.10/site-packages/airflow/example_dags/example_branch_datetime_operator.py for tasks to queue
[2024-06-23T18:30:32.293+0000] {logging_mixin.py:150} INFO - [2024-06-23T18:30:32.293+0000] {dagbag.py:541} INFO - Filling up the DagBag from /usr/local/python/3.10.13/lib/python3.10/site-packages/airflow/example_dags/example_branch_datetime_operator.py
[2024-06-23T18:30:32.306+0000] {processor.py:836} INFO - DAG(s) dict_keys(['example_branch_datetime_operator_2', 'example_branch_datetime_operator_3', 'example_branch_datetime_operator']) retrieved from /usr/local/python/3.10.13/lib/python3.10/site-packages/airflow/example_dags/example_branch_datetime_operator.py
[2024-06-23T18:30:32.332+0000] {logging_mixin.py:150} INFO - [2024-06-23T18:30:32.332+0000] {dag.py:2742} INFO - Sync 3 DAGs
[2024-06-23T18:30:32.357+0000] {logging_mixin.py:150} INFO - [2024-06-23T18:30:32.356+0000] {dag.py:3504} INFO - Setting next_dagrun for example_branch_datetime_operator to 2024-06-22T00:00:00+00:00, run_after=2024-06-23T00:00:00+00:00
[2024-06-23T18:30:32.362+0000] {logging_mixin.py:150} INFO - [2024-06-23T18:30:32.362+0000] {dag.py:3504} INFO - Setting next_dagrun for example_branch_datetime_operator_2 to 2024-06-22T00:00:00+00:00, run_after=2024-06-23T00:00:00+00:00
[2024-06-23T18:30:32.366+0000] {logging_mixin.py:150} INFO - [2024-06-23T18:30:32.366+0000] {dag.py:3504} INFO - Setting next_dagrun for example_branch_datetime_operator_3 to 2024-06-22T00:00:00+00:00, run_after=2024-06-23T00:00:00+00:00
[2024-06-23T18:30:32.414+0000] {processor.py:179} INFO - Processing /usr/local/python/3.10.13/lib/python3.10/site-packages/airflow/example_dags/example_branch_datetime_operator.py took 0.125 seconds
[2024-06-23T18:31:20.261+0000] {processor.py:157} INFO - Started process (PID=27538) to work on /usr/local/python/3.10.13/lib/python3.10/site-packages/airflow/example_dags/example_branch_datetime_operator.py
[2024-06-23T18:31:20.262+0000] {processor.py:826} INFO - Processing file /usr/local/python/3.10.13/lib/python3.10/site-packages/airflow/example_dags/example_branch_datetime_operator.py for tasks to queue
[2024-06-23T18:31:20.263+0000] {logging_mixin.py:150} INFO - [2024-06-23T18:31:20.262+0000] {dagbag.py:541} INFO - Filling up the DagBag from /usr/local/python/3.10.13/lib/python3.10/site-packages/airflow/example_dags/example_branch_datetime_operator.py
[2024-06-23T18:31:20.271+0000] {processor.py:836} INFO - DAG(s) dict_keys(['example_branch_datetime_operator_3', 'example_branch_datetime_operator_2', 'example_branch_datetime_operator']) retrieved from /usr/local/python/3.10.13/lib/python3.10/site-packages/airflow/example_dags/example_branch_datetime_operator.py
[2024-06-23T18:31:20.287+0000] {logging_mixin.py:150} INFO - [2024-06-23T18:31:20.287+0000] {dag.py:2742} INFO - Sync 3 DAGs
[2024-06-23T18:31:20.304+0000] {logging_mixin.py:150} INFO - [2024-06-23T18:31:20.304+0000] {dag.py:3504} INFO - Setting next_dagrun for example_branch_datetime_operator to 2024-06-22T00:00:00+00:00, run_after=2024-06-23T00:00:00+00:00
[2024-06-23T18:31:20.307+0000] {logging_mixin.py:150} INFO - [2024-06-23T18:31:20.307+0000] {dag.py:3504} INFO - Setting next_dagrun for example_branch_datetime_operator_2 to 2024-06-22T00:00:00+00:00, run_after=2024-06-23T00:00:00+00:00
[2024-06-23T18:31:20.309+0000] {logging_mixin.py:150} INFO - [2024-06-23T18:31:20.309+0000] {dag.py:3504} INFO - Setting next_dagrun for example_branch_datetime_operator_3 to 2024-06-22T00:00:00+00:00, run_after=2024-06-23T00:00:00+00:00
[2024-06-23T18:31:20.348+0000] {processor.py:179} INFO - Processing /usr/local/python/3.10.13/lib/python3.10/site-packages/airflow/example_dags/example_branch_datetime_operator.py took 0.089 seconds
[2024-06-23T18:32:11.029+0000] {processor.py:157} INFO - Started process (PID=27916) to work on /usr/local/python/3.10.13/lib/python3.10/site-packages/airflow/example_dags/example_branch_datetime_operator.py
[2024-06-23T18:32:11.029+0000] {processor.py:826} INFO - Processing file /usr/local/python/3.10.13/lib/python3.10/site-packages/airflow/example_dags/example_branch_datetime_operator.py for tasks to queue
[2024-06-23T18:32:11.030+0000] {logging_mixin.py:150} INFO - [2024-06-23T18:32:11.030+0000] {dagbag.py:541} INFO - Filling up the DagBag from /usr/local/python/3.10.13/lib/python3.10/site-packages/airflow/example_dags/example_branch_datetime_operator.py
[2024-06-23T18:32:11.038+0000] {processor.py:836} INFO - DAG(s) dict_keys(['example_branch_datetime_operator_2', 'example_branch_datetime_operator', 'example_branch_datetime_operator_3']) retrieved from /usr/local/python/3.10.13/lib/python3.10/site-packages/airflow/example_dags/example_branch_datetime_operator.py
[2024-06-23T18:32:11.054+0000] {logging_mixin.py:150} INFO - [2024-06-23T18:32:11.054+0000] {dag.py:2742} INFO - Sync 3 DAGs
[2024-06-23T18:32:11.070+0000] {logging_mixin.py:150} INFO - [2024-06-23T18:32:11.070+0000] {dag.py:3504} INFO - Setting next_dagrun for example_branch_datetime_operator to 2024-06-22T00:00:00+00:00, run_after=2024-06-23T00:00:00+00:00
[2024-06-23T18:32:11.074+0000] {logging_mixin.py:150} INFO - [2024-06-23T18:32:11.073+0000] {dag.py:3504} INFO - Setting next_dagrun for example_branch_datetime_operator_2 to 2024-06-22T00:00:00+00:00, run_after=2024-06-23T00:00:00+00:00
[2024-06-23T18:32:11.076+0000] {logging_mixin.py:150} INFO - [2024-06-23T18:32:11.075+0000] {dag.py:3504} INFO - Setting next_dagrun for example_branch_datetime_operator_3 to 2024-06-22T00:00:00+00:00, run_after=2024-06-23T00:00:00+00:00
[2024-06-23T18:32:11.115+0000] {processor.py:179} INFO - Processing /usr/local/python/3.10.13/lib/python3.10/site-packages/airflow/example_dags/example_branch_datetime_operator.py took 0.088 seconds
[2024-06-23T18:33:04.608+0000] {processor.py:157} INFO - Started process (PID=28283) to work on /usr/local/python/3.10.13/lib/python3.10/site-packages/airflow/example_dags/example_branch_datetime_operator.py
[2024-06-23T18:33:04.609+0000] {processor.py:826} INFO - Processing file /usr/local/python/3.10.13/lib/python3.10/site-packages/airflow/example_dags/example_branch_datetime_operator.py for tasks to queue
[2024-06-23T18:33:04.610+0000] {logging_mixin.py:150} INFO - [2024-06-23T18:33:04.609+0000] {dagbag.py:541} INFO - Filling up the DagBag from /usr/local/python/3.10.13/lib/python3.10/site-packages/airflow/example_dags/example_branch_datetime_operator.py
[2024-06-23T18:33:04.618+0000] {processor.py:836} INFO - DAG(s) dict_keys(['example_branch_datetime_operator_3', 'example_branch_datetime_operator_2', 'example_branch_datetime_operator']) retrieved from /usr/local/python/3.10.13/lib/python3.10/site-packages/airflow/example_dags/example_branch_datetime_operator.py
[2024-06-23T18:33:04.634+0000] {logging_mixin.py:150} INFO - [2024-06-23T18:33:04.634+0000] {dag.py:2742} INFO - Sync 3 DAGs
[2024-06-23T18:33:04.651+0000] {logging_mixin.py:150} INFO - [2024-06-23T18:33:04.650+0000] {dag.py:3504} INFO - Setting next_dagrun for example_branch_datetime_operator to 2024-06-22T00:00:00+00:00, run_after=2024-06-23T00:00:00+00:00
[2024-06-23T18:33:04.654+0000] {logging_mixin.py:150} INFO - [2024-06-23T18:33:04.654+0000] {dag.py:3504} INFO - Setting next_dagrun for example_branch_datetime_operator_2 to 2024-06-22T00:00:00+00:00, run_after=2024-06-23T00:00:00+00:00
[2024-06-23T18:33:04.656+0000] {logging_mixin.py:150} INFO - [2024-06-23T18:33:04.656+0000] {dag.py:3504} INFO - Setting next_dagrun for example_branch_datetime_operator_3 to 2024-06-22T00:00:00+00:00, run_after=2024-06-23T00:00:00+00:00
[2024-06-23T18:33:04.695+0000] {processor.py:179} INFO - Processing /usr/local/python/3.10.13/lib/python3.10/site-packages/airflow/example_dags/example_branch_datetime_operator.py took 0.089 seconds
[2024-06-23T18:33:59.632+0000] {processor.py:157} INFO - Started process (PID=28678) to work on /usr/local/python/3.10.13/lib/python3.10/site-packages/airflow/example_dags/example_branch_datetime_operator.py
[2024-06-23T18:33:59.633+0000] {processor.py:826} INFO - Processing file /usr/local/python/3.10.13/lib/python3.10/site-packages/airflow/example_dags/example_branch_datetime_operator.py for tasks to queue
[2024-06-23T18:33:59.634+0000] {logging_mixin.py:150} INFO - [2024-06-23T18:33:59.634+0000] {dagbag.py:541} INFO - Filling up the DagBag from /usr/local/python/3.10.13/lib/python3.10/site-packages/airflow/example_dags/example_branch_datetime_operator.py
[2024-06-23T18:33:59.642+0000] {processor.py:836} INFO - DAG(s) dict_keys(['example_branch_datetime_operator', 'example_branch_datetime_operator_3', 'example_branch_datetime_operator_2']) retrieved from /usr/local/python/3.10.13/lib/python3.10/site-packages/airflow/example_dags/example_branch_datetime_operator.py
[2024-06-23T18:33:59.659+0000] {logging_mixin.py:150} INFO - [2024-06-23T18:33:59.659+0000] {dag.py:2742} INFO - Sync 3 DAGs
[2024-06-23T18:33:59.677+0000] {logging_mixin.py:150} INFO - [2024-06-23T18:33:59.677+0000] {dag.py:3504} INFO - Setting next_dagrun for example_branch_datetime_operator to 2024-06-22T00:00:00+00:00, run_after=2024-06-23T00:00:00+00:00
[2024-06-23T18:33:59.681+0000] {logging_mixin.py:150} INFO - [2024-06-23T18:33:59.680+0000] {dag.py:3504} INFO - Setting next_dagrun for example_branch_datetime_operator_2 to 2024-06-22T00:00:00+00:00, run_after=2024-06-23T00:00:00+00:00
[2024-06-23T18:33:59.682+0000] {logging_mixin.py:150} INFO - [2024-06-23T18:33:59.682+0000] {dag.py:3504} INFO - Setting next_dagrun for example_branch_datetime_operator_3 to 2024-06-22T00:00:00+00:00, run_after=2024-06-23T00:00:00+00:00
[2024-06-23T18:33:59.722+0000] {processor.py:179} INFO - Processing /usr/local/python/3.10.13/lib/python3.10/site-packages/airflow/example_dags/example_branch_datetime_operator.py took 0.092 seconds
[2024-06-23T18:34:46.331+0000] {processor.py:157} INFO - Started process (PID=28997) to work on /usr/local/python/3.10.13/lib/python3.10/site-packages/airflow/example_dags/example_branch_datetime_operator.py
[2024-06-23T18:34:46.332+0000] {processor.py:826} INFO - Processing file /usr/local/python/3.10.13/lib/python3.10/site-packages/airflow/example_dags/example_branch_datetime_operator.py for tasks to queue
[2024-06-23T18:34:46.333+0000] {logging_mixin.py:150} INFO - [2024-06-23T18:34:46.332+0000] {dagbag.py:541} INFO - Filling up the DagBag from /usr/local/python/3.10.13/lib/python3.10/site-packages/airflow/example_dags/example_branch_datetime_operator.py
[2024-06-23T18:34:46.340+0000] {processor.py:836} INFO - DAG(s) dict_keys(['example_branch_datetime_operator_2', 'example_branch_datetime_operator', 'example_branch_datetime_operator_3']) retrieved from /usr/local/python/3.10.13/lib/python3.10/site-packages/airflow/example_dags/example_branch_datetime_operator.py
[2024-06-23T18:34:46.357+0000] {logging_mixin.py:150} INFO - [2024-06-23T18:34:46.357+0000] {dag.py:2742} INFO - Sync 3 DAGs
[2024-06-23T18:34:46.374+0000] {logging_mixin.py:150} INFO - [2024-06-23T18:34:46.373+0000] {dag.py:3504} INFO - Setting next_dagrun for example_branch_datetime_operator to 2024-06-22T00:00:00+00:00, run_after=2024-06-23T00:00:00+00:00
[2024-06-23T18:34:46.377+0000] {logging_mixin.py:150} INFO - [2024-06-23T18:34:46.377+0000] {dag.py:3504} INFO - Setting next_dagrun for example_branch_datetime_operator_2 to 2024-06-22T00:00:00+00:00, run_after=2024-06-23T00:00:00+00:00
[2024-06-23T18:34:46.379+0000] {logging_mixin.py:150} INFO - [2024-06-23T18:34:46.379+0000] {dag.py:3504} INFO - Setting next_dagrun for example_branch_datetime_operator_3 to 2024-06-22T00:00:00+00:00, run_after=2024-06-23T00:00:00+00:00
[2024-06-23T18:34:46.417+0000] {processor.py:179} INFO - Processing /usr/local/python/3.10.13/lib/python3.10/site-packages/airflow/example_dags/example_branch_datetime_operator.py took 0.088 seconds
[2024-06-23T18:35:39.908+0000] {processor.py:157} INFO - Started process (PID=29402) to work on /usr/local/python/3.10.13/lib/python3.10/site-packages/airflow/example_dags/example_branch_datetime_operator.py
[2024-06-23T18:35:39.909+0000] {processor.py:826} INFO - Processing file /usr/local/python/3.10.13/lib/python3.10/site-packages/airflow/example_dags/example_branch_datetime_operator.py for tasks to queue
[2024-06-23T18:35:39.910+0000] {logging_mixin.py:150} INFO - [2024-06-23T18:35:39.910+0000] {dagbag.py:541} INFO - Filling up the DagBag from /usr/local/python/3.10.13/lib/python3.10/site-packages/airflow/example_dags/example_branch_datetime_operator.py
[2024-06-23T18:35:39.923+0000] {processor.py:836} INFO - DAG(s) dict_keys(['example_branch_datetime_operator_2', 'example_branch_datetime_operator_3', 'example_branch_datetime_operator']) retrieved from /usr/local/python/3.10.13/lib/python3.10/site-packages/airflow/example_dags/example_branch_datetime_operator.py
[2024-06-23T18:35:39.949+0000] {logging_mixin.py:150} INFO - [2024-06-23T18:35:39.948+0000] {dag.py:2742} INFO - Sync 3 DAGs
[2024-06-23T18:35:39.973+0000] {logging_mixin.py:150} INFO - [2024-06-23T18:35:39.973+0000] {dag.py:3504} INFO - Setting next_dagrun for example_branch_datetime_operator to 2024-06-22T00:00:00+00:00, run_after=2024-06-23T00:00:00+00:00
[2024-06-23T18:35:39.978+0000] {logging_mixin.py:150} INFO - [2024-06-23T18:35:39.978+0000] {dag.py:3504} INFO - Setting next_dagrun for example_branch_datetime_operator_2 to 2024-06-22T00:00:00+00:00, run_after=2024-06-23T00:00:00+00:00
[2024-06-23T18:35:39.982+0000] {logging_mixin.py:150} INFO - [2024-06-23T18:35:39.981+0000] {dag.py:3504} INFO - Setting next_dagrun for example_branch_datetime_operator_3 to 2024-06-22T00:00:00+00:00, run_after=2024-06-23T00:00:00+00:00
[2024-06-23T18:35:40.034+0000] {processor.py:179} INFO - Processing /usr/local/python/3.10.13/lib/python3.10/site-packages/airflow/example_dags/example_branch_datetime_operator.py took 0.129 seconds
