[2024-06-23T18:26:31.410+0000] {processor.py:157} INFO - Started process (PID=25326) to work on /usr/local/python/3.10.13/lib/python3.10/site-packages/airflow/example_dags/example_short_circuit_operator.py
[2024-06-23T18:26:31.411+0000] {processor.py:826} INFO - Processing file /usr/local/python/3.10.13/lib/python3.10/site-packages/airflow/example_dags/example_short_circuit_operator.py for tasks to queue
[2024-06-23T18:26:31.412+0000] {logging_mixin.py:150} INFO - [2024-06-23T18:26:31.412+0000] {dagbag.py:541} INFO - Filling up the DagBag from /usr/local/python/3.10.13/lib/python3.10/site-packages/airflow/example_dags/example_short_circuit_operator.py
[2024-06-23T18:26:31.419+0000] {processor.py:836} INFO - DAG(s) dict_keys(['example_short_circuit_operator']) retrieved from /usr/local/python/3.10.13/lib/python3.10/site-packages/airflow/example_dags/example_short_circuit_operator.py
[2024-06-23T18:26:31.566+0000] {logging_mixin.py:150} INFO - [2024-06-23T18:26:31.566+0000] {manager.py:504} INFO - Created Permission View: can delete on DAG:example_short_circuit_operator
[2024-06-23T18:26:31.596+0000] {logging_mixin.py:150} INFO - [2024-06-23T18:26:31.596+0000] {manager.py:504} INFO - Created Permission View: can edit on DAG:example_short_circuit_operator
[2024-06-23T18:26:31.631+0000] {logging_mixin.py:150} INFO - [2024-06-23T18:26:31.631+0000] {manager.py:504} INFO - Created Permission View: can read on DAG:example_short_circuit_operator
[2024-06-23T18:26:31.643+0000] {logging_mixin.py:150} INFO - [2024-06-23T18:26:31.643+0000] {dag.py:2742} INFO - Sync 1 DAGs
[2024-06-23T18:26:31.656+0000] {logging_mixin.py:150} INFO - [2024-06-23T18:26:31.656+0000] {dag.py:2763} INFO - Creating ORM DAG for example_short_circuit_operator
[2024-06-23T18:26:31.663+0000] {logging_mixin.py:150} INFO - [2024-06-23T18:26:31.663+0000] {dag.py:3504} INFO - Setting next_dagrun for example_short_circuit_operator to 2024-06-22T18:26:31.663119+00:00, run_after=2024-06-23T18:26:31.663119+00:00
[2024-06-23T18:26:31.702+0000] {processor.py:179} INFO - Processing /usr/local/python/3.10.13/lib/python3.10/site-packages/airflow/example_dags/example_short_circuit_operator.py took 0.294 seconds
[2024-06-23T18:27:25.491+0000] {processor.py:157} INFO - Started process (PID=25724) to work on /usr/local/python/3.10.13/lib/python3.10/site-packages/airflow/example_dags/example_short_circuit_operator.py
[2024-06-23T18:27:25.492+0000] {processor.py:826} INFO - Processing file /usr/local/python/3.10.13/lib/python3.10/site-packages/airflow/example_dags/example_short_circuit_operator.py for tasks to queue
[2024-06-23T18:27:25.493+0000] {logging_mixin.py:150} INFO - [2024-06-23T18:27:25.493+0000] {dagbag.py:541} INFO - Filling up the DagBag from /usr/local/python/3.10.13/lib/python3.10/site-packages/airflow/example_dags/example_short_circuit_operator.py
[2024-06-23T18:27:25.503+0000] {processor.py:836} INFO - DAG(s) dict_keys(['example_short_circuit_operator']) retrieved from /usr/local/python/3.10.13/lib/python3.10/site-packages/airflow/example_dags/example_short_circuit_operator.py
[2024-06-23T18:27:25.525+0000] {logging_mixin.py:150} INFO - [2024-06-23T18:27:25.524+0000] {dag.py:2742} INFO - Sync 1 DAGs
[2024-06-23T18:27:25.545+0000] {logging_mixin.py:150} INFO - [2024-06-23T18:27:25.545+0000] {dag.py:3504} INFO - Setting next_dagrun for example_short_circuit_operator to 2024-06-22T18:27:25.545492+00:00, run_after=2024-06-23T18:27:25.545492+00:00
[2024-06-23T18:27:25.597+0000] {processor.py:179} INFO - Processing /usr/local/python/3.10.13/lib/python3.10/site-packages/airflow/example_dags/example_short_circuit_operator.py took 0.109 seconds
[2024-06-23T18:28:11.111+0000] {processor.py:157} INFO - Started process (PID=26221) to work on /usr/local/python/3.10.13/lib/python3.10/site-packages/airflow/example_dags/example_short_circuit_operator.py
[2024-06-23T18:28:11.112+0000] {processor.py:826} INFO - Processing file /usr/local/python/3.10.13/lib/python3.10/site-packages/airflow/example_dags/example_short_circuit_operator.py for tasks to queue
[2024-06-23T18:28:11.112+0000] {logging_mixin.py:150} INFO - [2024-06-23T18:28:11.112+0000] {dagbag.py:541} INFO - Filling up the DagBag from /usr/local/python/3.10.13/lib/python3.10/site-packages/airflow/example_dags/example_short_circuit_operator.py
[2024-06-23T18:28:11.119+0000] {processor.py:836} INFO - DAG(s) dict_keys(['example_short_circuit_operator']) retrieved from /usr/local/python/3.10.13/lib/python3.10/site-packages/airflow/example_dags/example_short_circuit_operator.py
[2024-06-23T18:28:11.133+0000] {logging_mixin.py:150} INFO - [2024-06-23T18:28:11.133+0000] {dag.py:2742} INFO - Sync 1 DAGs
[2024-06-23T18:28:11.148+0000] {logging_mixin.py:150} INFO - [2024-06-23T18:28:11.148+0000] {dag.py:3504} INFO - Setting next_dagrun for example_short_circuit_operator to 2024-06-22T18:28:11.148029+00:00, run_after=2024-06-23T18:28:11.148029+00:00
[2024-06-23T18:28:11.188+0000] {processor.py:179} INFO - Processing /usr/local/python/3.10.13/lib/python3.10/site-packages/airflow/example_dags/example_short_circuit_operator.py took 0.079 seconds
[2024-06-23T18:28:55.667+0000] {processor.py:157} INFO - Started process (PID=26532) to work on /usr/local/python/3.10.13/lib/python3.10/site-packages/airflow/example_dags/example_short_circuit_operator.py
[2024-06-23T18:28:55.668+0000] {processor.py:826} INFO - Processing file /usr/local/python/3.10.13/lib/python3.10/site-packages/airflow/example_dags/example_short_circuit_operator.py for tasks to queue
[2024-06-23T18:28:55.669+0000] {logging_mixin.py:150} INFO - [2024-06-23T18:28:55.668+0000] {dagbag.py:541} INFO - Filling up the DagBag from /usr/local/python/3.10.13/lib/python3.10/site-packages/airflow/example_dags/example_short_circuit_operator.py
[2024-06-23T18:28:55.675+0000] {processor.py:836} INFO - DAG(s) dict_keys(['example_short_circuit_operator']) retrieved from /usr/local/python/3.10.13/lib/python3.10/site-packages/airflow/example_dags/example_short_circuit_operator.py
[2024-06-23T18:28:55.688+0000] {logging_mixin.py:150} INFO - [2024-06-23T18:28:55.688+0000] {dag.py:2742} INFO - Sync 1 DAGs
[2024-06-23T18:28:55.703+0000] {logging_mixin.py:150} INFO - [2024-06-23T18:28:55.703+0000] {dag.py:3504} INFO - Setting next_dagrun for example_short_circuit_operator to 2024-06-22T18:28:55.703065+00:00, run_after=2024-06-23T18:28:55.703065+00:00
[2024-06-23T18:28:55.742+0000] {processor.py:179} INFO - Processing /usr/local/python/3.10.13/lib/python3.10/site-packages/airflow/example_dags/example_short_circuit_operator.py took 0.077 seconds
[2024-06-23T18:29:38.249+0000] {processor.py:157} INFO - Started process (PID=26828) to work on /usr/local/python/3.10.13/lib/python3.10/site-packages/airflow/example_dags/example_short_circuit_operator.py
[2024-06-23T18:29:38.250+0000] {processor.py:826} INFO - Processing file /usr/local/python/3.10.13/lib/python3.10/site-packages/airflow/example_dags/example_short_circuit_operator.py for tasks to queue
[2024-06-23T18:29:38.250+0000] {logging_mixin.py:150} INFO - [2024-06-23T18:29:38.250+0000] {dagbag.py:541} INFO - Filling up the DagBag from /usr/local/python/3.10.13/lib/python3.10/site-packages/airflow/example_dags/example_short_circuit_operator.py
[2024-06-23T18:29:38.256+0000] {processor.py:836} INFO - DAG(s) dict_keys(['example_short_circuit_operator']) retrieved from /usr/local/python/3.10.13/lib/python3.10/site-packages/airflow/example_dags/example_short_circuit_operator.py
[2024-06-23T18:29:38.270+0000] {logging_mixin.py:150} INFO - [2024-06-23T18:29:38.270+0000] {dag.py:2742} INFO - Sync 1 DAGs
[2024-06-23T18:29:38.285+0000] {logging_mixin.py:150} INFO - [2024-06-23T18:29:38.285+0000] {dag.py:3504} INFO - Setting next_dagrun for example_short_circuit_operator to 2024-06-22T18:29:38.284856+00:00, run_after=2024-06-23T18:29:38.284856+00:00
[2024-06-23T18:29:38.324+0000] {processor.py:179} INFO - Processing /usr/local/python/3.10.13/lib/python3.10/site-packages/airflow/example_dags/example_short_circuit_operator.py took 0.078 seconds
[2024-06-23T18:30:23.374+0000] {processor.py:157} INFO - Started process (PID=27154) to work on /usr/local/python/3.10.13/lib/python3.10/site-packages/airflow/example_dags/example_short_circuit_operator.py
[2024-06-23T18:30:23.375+0000] {processor.py:826} INFO - Processing file /usr/local/python/3.10.13/lib/python3.10/site-packages/airflow/example_dags/example_short_circuit_operator.py for tasks to queue
[2024-06-23T18:30:23.375+0000] {logging_mixin.py:150} INFO - [2024-06-23T18:30:23.375+0000] {dagbag.py:541} INFO - Filling up the DagBag from /usr/local/python/3.10.13/lib/python3.10/site-packages/airflow/example_dags/example_short_circuit_operator.py
[2024-06-23T18:30:23.382+0000] {processor.py:836} INFO - DAG(s) dict_keys(['example_short_circuit_operator']) retrieved from /usr/local/python/3.10.13/lib/python3.10/site-packages/airflow/example_dags/example_short_circuit_operator.py
[2024-06-23T18:30:23.396+0000] {logging_mixin.py:150} INFO - [2024-06-23T18:30:23.396+0000] {dag.py:2742} INFO - Sync 1 DAGs
[2024-06-23T18:30:23.412+0000] {logging_mixin.py:150} INFO - [2024-06-23T18:30:23.412+0000] {dag.py:3504} INFO - Setting next_dagrun for example_short_circuit_operator to 2024-06-22T18:30:23.412500+00:00, run_after=2024-06-23T18:30:23.412500+00:00
[2024-06-23T18:30:23.451+0000] {processor.py:179} INFO - Processing /usr/local/python/3.10.13/lib/python3.10/site-packages/airflow/example_dags/example_short_circuit_operator.py took 0.079 seconds
[2024-06-23T18:31:07.851+0000] {processor.py:157} INFO - Started process (PID=27457) to work on /usr/local/python/3.10.13/lib/python3.10/site-packages/airflow/example_dags/example_short_circuit_operator.py
[2024-06-23T18:31:07.852+0000] {processor.py:826} INFO - Processing file /usr/local/python/3.10.13/lib/python3.10/site-packages/airflow/example_dags/example_short_circuit_operator.py for tasks to queue
[2024-06-23T18:31:07.853+0000] {logging_mixin.py:150} INFO - [2024-06-23T18:31:07.852+0000] {dagbag.py:541} INFO - Filling up the DagBag from /usr/local/python/3.10.13/lib/python3.10/site-packages/airflow/example_dags/example_short_circuit_operator.py
[2024-06-23T18:31:07.859+0000] {processor.py:836} INFO - DAG(s) dict_keys(['example_short_circuit_operator']) retrieved from /usr/local/python/3.10.13/lib/python3.10/site-packages/airflow/example_dags/example_short_circuit_operator.py
[2024-06-23T18:31:07.873+0000] {logging_mixin.py:150} INFO - [2024-06-23T18:31:07.873+0000] {dag.py:2742} INFO - Sync 1 DAGs
[2024-06-23T18:31:07.887+0000] {logging_mixin.py:150} INFO - [2024-06-23T18:31:07.887+0000] {dag.py:3504} INFO - Setting next_dagrun for example_short_circuit_operator to 2024-06-22T18:31:07.887646+00:00, run_after=2024-06-23T18:31:07.887646+00:00
[2024-06-23T18:31:07.926+0000] {processor.py:179} INFO - Processing /usr/local/python/3.10.13/lib/python3.10/site-packages/airflow/example_dags/example_short_circuit_operator.py took 0.077 seconds
[2024-06-23T18:31:49.634+0000] {processor.py:157} INFO - Started process (PID=27741) to work on /usr/local/python/3.10.13/lib/python3.10/site-packages/airflow/example_dags/example_short_circuit_operator.py
[2024-06-23T18:31:49.635+0000] {processor.py:826} INFO - Processing file /usr/local/python/3.10.13/lib/python3.10/site-packages/airflow/example_dags/example_short_circuit_operator.py for tasks to queue
[2024-06-23T18:31:49.635+0000] {logging_mixin.py:150} INFO - [2024-06-23T18:31:49.635+0000] {dagbag.py:541} INFO - Filling up the DagBag from /usr/local/python/3.10.13/lib/python3.10/site-packages/airflow/example_dags/example_short_circuit_operator.py
[2024-06-23T18:31:49.642+0000] {processor.py:836} INFO - DAG(s) dict_keys(['example_short_circuit_operator']) retrieved from /usr/local/python/3.10.13/lib/python3.10/site-packages/airflow/example_dags/example_short_circuit_operator.py
[2024-06-23T18:31:49.655+0000] {logging_mixin.py:150} INFO - [2024-06-23T18:31:49.655+0000] {dag.py:2742} INFO - Sync 1 DAGs
[2024-06-23T18:31:49.670+0000] {logging_mixin.py:150} INFO - [2024-06-23T18:31:49.670+0000] {dag.py:3504} INFO - Setting next_dagrun for example_short_circuit_operator to 2024-06-22T18:31:49.670397+00:00, run_after=2024-06-23T18:31:49.670397+00:00
[2024-06-23T18:31:49.726+0000] {processor.py:179} INFO - Processing /usr/local/python/3.10.13/lib/python3.10/site-packages/airflow/example_dags/example_short_circuit_operator.py took 0.094 seconds
[2024-06-23T18:32:40.714+0000] {processor.py:157} INFO - Started process (PID=28125) to work on /usr/local/python/3.10.13/lib/python3.10/site-packages/airflow/example_dags/example_short_circuit_operator.py
[2024-06-23T18:32:40.715+0000] {processor.py:826} INFO - Processing file /usr/local/python/3.10.13/lib/python3.10/site-packages/airflow/example_dags/example_short_circuit_operator.py for tasks to queue
[2024-06-23T18:32:40.716+0000] {logging_mixin.py:150} INFO - [2024-06-23T18:32:40.715+0000] {dagbag.py:541} INFO - Filling up the DagBag from /usr/local/python/3.10.13/lib/python3.10/site-packages/airflow/example_dags/example_short_circuit_operator.py
[2024-06-23T18:32:40.735+0000] {processor.py:836} INFO - DAG(s) dict_keys(['example_short_circuit_operator']) retrieved from /usr/local/python/3.10.13/lib/python3.10/site-packages/airflow/example_dags/example_short_circuit_operator.py
[2024-06-23T18:32:40.983+0000] {logging_mixin.py:150} INFO - [2024-06-23T18:32:40.983+0000] {dag.py:2742} INFO - Sync 1 DAGs
[2024-06-23T18:32:40.998+0000] {logging_mixin.py:150} INFO - [2024-06-23T18:32:40.998+0000] {dag.py:3504} INFO - Setting next_dagrun for example_short_circuit_operator to 2024-06-22T18:32:40.998568+00:00, run_after=2024-06-23T18:32:40.998568+00:00
[2024-06-23T18:32:41.036+0000] {processor.py:179} INFO - Processing /usr/local/python/3.10.13/lib/python3.10/site-packages/airflow/example_dags/example_short_circuit_operator.py took 0.325 seconds
[2024-06-23T18:33:34.543+0000] {processor.py:157} INFO - Started process (PID=28492) to work on /usr/local/python/3.10.13/lib/python3.10/site-packages/airflow/example_dags/example_short_circuit_operator.py
[2024-06-23T18:33:34.544+0000] {processor.py:826} INFO - Processing file /usr/local/python/3.10.13/lib/python3.10/site-packages/airflow/example_dags/example_short_circuit_operator.py for tasks to queue
[2024-06-23T18:33:34.544+0000] {logging_mixin.py:150} INFO - [2024-06-23T18:33:34.544+0000] {dagbag.py:541} INFO - Filling up the DagBag from /usr/local/python/3.10.13/lib/python3.10/site-packages/airflow/example_dags/example_short_circuit_operator.py
[2024-06-23T18:33:34.550+0000] {processor.py:836} INFO - DAG(s) dict_keys(['example_short_circuit_operator']) retrieved from /usr/local/python/3.10.13/lib/python3.10/site-packages/airflow/example_dags/example_short_circuit_operator.py
[2024-06-23T18:33:34.564+0000] {logging_mixin.py:150} INFO - [2024-06-23T18:33:34.564+0000] {dag.py:2742} INFO - Sync 1 DAGs
[2024-06-23T18:33:34.584+0000] {logging_mixin.py:150} INFO - [2024-06-23T18:33:34.584+0000] {dag.py:3504} INFO - Setting next_dagrun for example_short_circuit_operator to 2024-06-22T18:33:34.583891+00:00, run_after=2024-06-23T18:33:34.583891+00:00
[2024-06-23T18:33:34.628+0000] {processor.py:179} INFO - Processing /usr/local/python/3.10.13/lib/python3.10/site-packages/airflow/example_dags/example_short_circuit_operator.py took 0.087 seconds
[2024-06-23T18:34:23.486+0000] {processor.py:157} INFO - Started process (PID=28841) to work on /usr/local/python/3.10.13/lib/python3.10/site-packages/airflow/example_dags/example_short_circuit_operator.py
[2024-06-23T18:34:23.487+0000] {processor.py:826} INFO - Processing file /usr/local/python/3.10.13/lib/python3.10/site-packages/airflow/example_dags/example_short_circuit_operator.py for tasks to queue
[2024-06-23T18:34:23.487+0000] {logging_mixin.py:150} INFO - [2024-06-23T18:34:23.487+0000] {dagbag.py:541} INFO - Filling up the DagBag from /usr/local/python/3.10.13/lib/python3.10/site-packages/airflow/example_dags/example_short_circuit_operator.py
[2024-06-23T18:34:23.494+0000] {processor.py:836} INFO - DAG(s) dict_keys(['example_short_circuit_operator']) retrieved from /usr/local/python/3.10.13/lib/python3.10/site-packages/airflow/example_dags/example_short_circuit_operator.py
[2024-06-23T18:34:23.507+0000] {logging_mixin.py:150} INFO - [2024-06-23T18:34:23.507+0000] {dag.py:2742} INFO - Sync 1 DAGs
[2024-06-23T18:34:23.522+0000] {logging_mixin.py:150} INFO - [2024-06-23T18:34:23.522+0000] {dag.py:3504} INFO - Setting next_dagrun for example_short_circuit_operator to 2024-06-22T18:34:23.522302+00:00, run_after=2024-06-23T18:34:23.522302+00:00
[2024-06-23T18:34:23.567+0000] {processor.py:179} INFO - Processing /usr/local/python/3.10.13/lib/python3.10/site-packages/airflow/example_dags/example_short_circuit_operator.py took 0.083 seconds
[2024-06-23T18:35:15.302+0000] {processor.py:157} INFO - Started process (PID=29200) to work on /usr/local/python/3.10.13/lib/python3.10/site-packages/airflow/example_dags/example_short_circuit_operator.py
[2024-06-23T18:35:15.303+0000] {processor.py:826} INFO - Processing file /usr/local/python/3.10.13/lib/python3.10/site-packages/airflow/example_dags/example_short_circuit_operator.py for tasks to queue
[2024-06-23T18:35:15.303+0000] {logging_mixin.py:150} INFO - [2024-06-23T18:35:15.303+0000] {dagbag.py:541} INFO - Filling up the DagBag from /usr/local/python/3.10.13/lib/python3.10/site-packages/airflow/example_dags/example_short_circuit_operator.py
[2024-06-23T18:35:15.310+0000] {processor.py:836} INFO - DAG(s) dict_keys(['example_short_circuit_operator']) retrieved from /usr/local/python/3.10.13/lib/python3.10/site-packages/airflow/example_dags/example_short_circuit_operator.py
[2024-06-23T18:35:15.325+0000] {logging_mixin.py:150} INFO - [2024-06-23T18:35:15.325+0000] {dag.py:2742} INFO - Sync 1 DAGs
[2024-06-23T18:35:15.340+0000] {logging_mixin.py:150} INFO - [2024-06-23T18:35:15.340+0000] {dag.py:3504} INFO - Setting next_dagrun for example_short_circuit_operator to 2024-06-22T18:35:15.340144+00:00, run_after=2024-06-23T18:35:15.340144+00:00
[2024-06-23T18:35:15.377+0000] {processor.py:179} INFO - Processing /usr/local/python/3.10.13/lib/python3.10/site-packages/airflow/example_dags/example_short_circuit_operator.py took 0.077 seconds
[2024-06-23T18:36:09.745+0000] {processor.py:157} INFO - Started process (PID=29690) to work on /usr/local/python/3.10.13/lib/python3.10/site-packages/airflow/example_dags/example_short_circuit_operator.py
[2024-06-23T18:36:09.746+0000] {processor.py:826} INFO - Processing file /usr/local/python/3.10.13/lib/python3.10/site-packages/airflow/example_dags/example_short_circuit_operator.py for tasks to queue
[2024-06-23T18:36:09.747+0000] {logging_mixin.py:150} INFO - [2024-06-23T18:36:09.746+0000] {dagbag.py:541} INFO - Filling up the DagBag from /usr/local/python/3.10.13/lib/python3.10/site-packages/airflow/example_dags/example_short_circuit_operator.py
[2024-06-23T18:36:09.757+0000] {processor.py:836} INFO - DAG(s) dict_keys(['example_short_circuit_operator']) retrieved from /usr/local/python/3.10.13/lib/python3.10/site-packages/airflow/example_dags/example_short_circuit_operator.py
[2024-06-23T18:36:09.778+0000] {logging_mixin.py:150} INFO - [2024-06-23T18:36:09.778+0000] {dag.py:2742} INFO - Sync 1 DAGs
[2024-06-23T18:36:09.794+0000] {logging_mixin.py:150} INFO - [2024-06-23T18:36:09.794+0000] {dag.py:3504} INFO - Setting next_dagrun for example_short_circuit_operator to 2024-06-22T18:36:09.793902+00:00, run_after=2024-06-23T18:36:09.793902+00:00
[2024-06-23T18:36:09.831+0000] {processor.py:179} INFO - Processing /usr/local/python/3.10.13/lib/python3.10/site-packages/airflow/example_dags/example_short_circuit_operator.py took 0.089 seconds
