[2024-06-23T18:26:26.049+0000] {processor.py:157} INFO - Started process (PID=25278) to work on /usr/local/python/3.10.13/lib/python3.10/site-packages/airflow/example_dags/example_xcom.py
[2024-06-23T18:26:26.050+0000] {processor.py:826} INFO - Processing file /usr/local/python/3.10.13/lib/python3.10/site-packages/airflow/example_dags/example_xcom.py for tasks to queue
[2024-06-23T18:26:26.051+0000] {logging_mixin.py:150} INFO - [2024-06-23T18:26:26.050+0000] {dagbag.py:541} INFO - Filling up the DagBag from /usr/local/python/3.10.13/lib/python3.10/site-packages/airflow/example_dags/example_xcom.py
[2024-06-23T18:26:26.060+0000] {processor.py:836} INFO - DAG(s) dict_keys(['example_xcom']) retrieved from /usr/local/python/3.10.13/lib/python3.10/site-packages/airflow/example_dags/example_xcom.py
[2024-06-23T18:26:26.192+0000] {logging_mixin.py:150} INFO - [2024-06-23T18:26:26.191+0000] {manager.py:504} INFO - Created Permission View: can delete on DAG:example_xcom
[2024-06-23T18:26:26.229+0000] {logging_mixin.py:150} INFO - [2024-06-23T18:26:26.229+0000] {manager.py:504} INFO - Created Permission View: can edit on DAG:example_xcom
[2024-06-23T18:26:26.256+0000] {logging_mixin.py:150} INFO - [2024-06-23T18:26:26.256+0000] {manager.py:504} INFO - Created Permission View: can read on DAG:example_xcom
[2024-06-23T18:26:26.265+0000] {logging_mixin.py:150} INFO - [2024-06-23T18:26:26.264+0000] {dag.py:2742} INFO - Sync 1 DAGs
[2024-06-23T18:26:26.272+0000] {logging_mixin.py:150} INFO - [2024-06-23T18:26:26.272+0000] {dag.py:2763} INFO - Creating ORM DAG for example_xcom
[2024-06-23T18:26:26.279+0000] {logging_mixin.py:150} INFO - [2024-06-23T18:26:26.279+0000] {dag.py:3504} INFO - Setting next_dagrun for example_xcom to 2021-01-01T00:00:00+00:00, run_after=2021-01-01T00:00:00+00:00
[2024-06-23T18:26:26.322+0000] {processor.py:179} INFO - Processing /usr/local/python/3.10.13/lib/python3.10/site-packages/airflow/example_dags/example_xcom.py took 0.275 seconds
[2024-06-23T18:27:20.608+0000] {processor.py:157} INFO - Started process (PID=25682) to work on /usr/local/python/3.10.13/lib/python3.10/site-packages/airflow/example_dags/example_xcom.py
[2024-06-23T18:27:20.609+0000] {processor.py:826} INFO - Processing file /usr/local/python/3.10.13/lib/python3.10/site-packages/airflow/example_dags/example_xcom.py for tasks to queue
[2024-06-23T18:27:20.611+0000] {logging_mixin.py:150} INFO - [2024-06-23T18:27:20.610+0000] {dagbag.py:541} INFO - Filling up the DagBag from /usr/local/python/3.10.13/lib/python3.10/site-packages/airflow/example_dags/example_xcom.py
[2024-06-23T18:27:20.619+0000] {processor.py:836} INFO - DAG(s) dict_keys(['example_xcom']) retrieved from /usr/local/python/3.10.13/lib/python3.10/site-packages/airflow/example_dags/example_xcom.py
[2024-06-23T18:27:20.633+0000] {logging_mixin.py:150} INFO - [2024-06-23T18:27:20.633+0000] {dag.py:2742} INFO - Sync 1 DAGs
[2024-06-23T18:27:20.649+0000] {logging_mixin.py:150} INFO - [2024-06-23T18:27:20.648+0000] {dag.py:3504} INFO - Setting next_dagrun for example_xcom to 2021-01-01T00:00:00+00:00, run_after=2021-01-01T00:00:00+00:00
[2024-06-23T18:27:20.692+0000] {processor.py:179} INFO - Processing /usr/local/python/3.10.13/lib/python3.10/site-packages/airflow/example_dags/example_xcom.py took 0.087 seconds
[2024-06-23T18:28:02.954+0000] {processor.py:157} INFO - Started process (PID=26155) to work on /usr/local/python/3.10.13/lib/python3.10/site-packages/airflow/example_dags/example_xcom.py
[2024-06-23T18:28:02.955+0000] {processor.py:826} INFO - Processing file /usr/local/python/3.10.13/lib/python3.10/site-packages/airflow/example_dags/example_xcom.py for tasks to queue
[2024-06-23T18:28:02.957+0000] {logging_mixin.py:150} INFO - [2024-06-23T18:28:02.957+0000] {dagbag.py:541} INFO - Filling up the DagBag from /usr/local/python/3.10.13/lib/python3.10/site-packages/airflow/example_dags/example_xcom.py
[2024-06-23T18:28:02.967+0000] {processor.py:836} INFO - DAG(s) dict_keys(['example_xcom']) retrieved from /usr/local/python/3.10.13/lib/python3.10/site-packages/airflow/example_dags/example_xcom.py
[2024-06-23T18:28:02.986+0000] {logging_mixin.py:150} INFO - [2024-06-23T18:28:02.986+0000] {dag.py:2742} INFO - Sync 1 DAGs
[2024-06-23T18:28:03.013+0000] {logging_mixin.py:150} INFO - [2024-06-23T18:28:03.013+0000] {dag.py:3504} INFO - Setting next_dagrun for example_xcom to 2021-01-01T00:00:00+00:00, run_after=2021-01-01T00:00:00+00:00
[2024-06-23T18:28:03.069+0000] {processor.py:179} INFO - Processing /usr/local/python/3.10.13/lib/python3.10/site-packages/airflow/example_dags/example_xcom.py took 0.119 seconds
[2024-06-23T18:28:46.673+0000] {processor.py:157} INFO - Started process (PID=26471) to work on /usr/local/python/3.10.13/lib/python3.10/site-packages/airflow/example_dags/example_xcom.py
[2024-06-23T18:28:46.676+0000] {processor.py:826} INFO - Processing file /usr/local/python/3.10.13/lib/python3.10/site-packages/airflow/example_dags/example_xcom.py for tasks to queue
[2024-06-23T18:28:46.677+0000] {logging_mixin.py:150} INFO - [2024-06-23T18:28:46.676+0000] {dagbag.py:541} INFO - Filling up the DagBag from /usr/local/python/3.10.13/lib/python3.10/site-packages/airflow/example_dags/example_xcom.py
[2024-06-23T18:28:46.683+0000] {processor.py:836} INFO - DAG(s) dict_keys(['example_xcom']) retrieved from /usr/local/python/3.10.13/lib/python3.10/site-packages/airflow/example_dags/example_xcom.py
[2024-06-23T18:28:46.696+0000] {logging_mixin.py:150} INFO - [2024-06-23T18:28:46.696+0000] {dag.py:2742} INFO - Sync 1 DAGs
[2024-06-23T18:28:46.711+0000] {logging_mixin.py:150} INFO - [2024-06-23T18:28:46.711+0000] {dag.py:3504} INFO - Setting next_dagrun for example_xcom to 2021-01-01T00:00:00+00:00, run_after=2021-01-01T00:00:00+00:00
[2024-06-23T18:28:46.750+0000] {processor.py:179} INFO - Processing /usr/local/python/3.10.13/lib/python3.10/site-packages/airflow/example_dags/example_xcom.py took 0.080 seconds
[2024-06-23T18:29:30.493+0000] {processor.py:157} INFO - Started process (PID=26771) to work on /usr/local/python/3.10.13/lib/python3.10/site-packages/airflow/example_dags/example_xcom.py
[2024-06-23T18:29:30.493+0000] {processor.py:826} INFO - Processing file /usr/local/python/3.10.13/lib/python3.10/site-packages/airflow/example_dags/example_xcom.py for tasks to queue
[2024-06-23T18:29:30.494+0000] {logging_mixin.py:150} INFO - [2024-06-23T18:29:30.494+0000] {dagbag.py:541} INFO - Filling up the DagBag from /usr/local/python/3.10.13/lib/python3.10/site-packages/airflow/example_dags/example_xcom.py
[2024-06-23T18:29:30.500+0000] {processor.py:836} INFO - DAG(s) dict_keys(['example_xcom']) retrieved from /usr/local/python/3.10.13/lib/python3.10/site-packages/airflow/example_dags/example_xcom.py
[2024-06-23T18:29:30.512+0000] {logging_mixin.py:150} INFO - [2024-06-23T18:29:30.512+0000] {dag.py:2742} INFO - Sync 1 DAGs
[2024-06-23T18:29:30.527+0000] {logging_mixin.py:150} INFO - [2024-06-23T18:29:30.526+0000] {dag.py:3504} INFO - Setting next_dagrun for example_xcom to 2021-01-01T00:00:00+00:00, run_after=2021-01-01T00:00:00+00:00
[2024-06-23T18:29:30.566+0000] {processor.py:179} INFO - Processing /usr/local/python/3.10.13/lib/python3.10/site-packages/airflow/example_dags/example_xcom.py took 0.075 seconds
[2024-06-23T18:30:13.314+0000] {processor.py:157} INFO - Started process (PID=27088) to work on /usr/local/python/3.10.13/lib/python3.10/site-packages/airflow/example_dags/example_xcom.py
[2024-06-23T18:30:13.315+0000] {processor.py:826} INFO - Processing file /usr/local/python/3.10.13/lib/python3.10/site-packages/airflow/example_dags/example_xcom.py for tasks to queue
[2024-06-23T18:30:13.316+0000] {logging_mixin.py:150} INFO - [2024-06-23T18:30:13.316+0000] {dagbag.py:541} INFO - Filling up the DagBag from /usr/local/python/3.10.13/lib/python3.10/site-packages/airflow/example_dags/example_xcom.py
[2024-06-23T18:30:13.322+0000] {processor.py:836} INFO - DAG(s) dict_keys(['example_xcom']) retrieved from /usr/local/python/3.10.13/lib/python3.10/site-packages/airflow/example_dags/example_xcom.py
[2024-06-23T18:30:13.335+0000] {logging_mixin.py:150} INFO - [2024-06-23T18:30:13.335+0000] {dag.py:2742} INFO - Sync 1 DAGs
[2024-06-23T18:30:13.350+0000] {logging_mixin.py:150} INFO - [2024-06-23T18:30:13.349+0000] {dag.py:3504} INFO - Setting next_dagrun for example_xcom to 2021-01-01T00:00:00+00:00, run_after=2021-01-01T00:00:00+00:00
[2024-06-23T18:30:13.388+0000] {processor.py:179} INFO - Processing /usr/local/python/3.10.13/lib/python3.10/site-packages/airflow/example_dags/example_xcom.py took 0.076 seconds
[2024-06-23T18:30:57.716+0000] {processor.py:157} INFO - Started process (PID=27387) to work on /usr/local/python/3.10.13/lib/python3.10/site-packages/airflow/example_dags/example_xcom.py
[2024-06-23T18:30:57.717+0000] {processor.py:826} INFO - Processing file /usr/local/python/3.10.13/lib/python3.10/site-packages/airflow/example_dags/example_xcom.py for tasks to queue
[2024-06-23T18:30:57.718+0000] {logging_mixin.py:150} INFO - [2024-06-23T18:30:57.717+0000] {dagbag.py:541} INFO - Filling up the DagBag from /usr/local/python/3.10.13/lib/python3.10/site-packages/airflow/example_dags/example_xcom.py
[2024-06-23T18:30:57.723+0000] {processor.py:836} INFO - DAG(s) dict_keys(['example_xcom']) retrieved from /usr/local/python/3.10.13/lib/python3.10/site-packages/airflow/example_dags/example_xcom.py
[2024-06-23T18:30:57.735+0000] {logging_mixin.py:150} INFO - [2024-06-23T18:30:57.735+0000] {dag.py:2742} INFO - Sync 1 DAGs
[2024-06-23T18:30:57.750+0000] {logging_mixin.py:150} INFO - [2024-06-23T18:30:57.750+0000] {dag.py:3504} INFO - Setting next_dagrun for example_xcom to 2021-01-01T00:00:00+00:00, run_after=2021-01-01T00:00:00+00:00
[2024-06-23T18:30:57.787+0000] {processor.py:179} INFO - Processing /usr/local/python/3.10.13/lib/python3.10/site-packages/airflow/example_dags/example_xcom.py took 0.073 seconds
[2024-06-23T18:31:45.496+0000] {processor.py:157} INFO - Started process (PID=27724) to work on /usr/local/python/3.10.13/lib/python3.10/site-packages/airflow/example_dags/example_xcom.py
[2024-06-23T18:31:45.496+0000] {processor.py:826} INFO - Processing file /usr/local/python/3.10.13/lib/python3.10/site-packages/airflow/example_dags/example_xcom.py for tasks to queue
[2024-06-23T18:31:45.497+0000] {logging_mixin.py:150} INFO - [2024-06-23T18:31:45.497+0000] {dagbag.py:541} INFO - Filling up the DagBag from /usr/local/python/3.10.13/lib/python3.10/site-packages/airflow/example_dags/example_xcom.py
[2024-06-23T18:31:45.502+0000] {processor.py:836} INFO - DAG(s) dict_keys(['example_xcom']) retrieved from /usr/local/python/3.10.13/lib/python3.10/site-packages/airflow/example_dags/example_xcom.py
[2024-06-23T18:31:45.515+0000] {logging_mixin.py:150} INFO - [2024-06-23T18:31:45.515+0000] {dag.py:2742} INFO - Sync 1 DAGs
[2024-06-23T18:31:45.530+0000] {logging_mixin.py:150} INFO - [2024-06-23T18:31:45.530+0000] {dag.py:3504} INFO - Setting next_dagrun for example_xcom to 2021-01-01T00:00:00+00:00, run_after=2021-01-01T00:00:00+00:00
[2024-06-23T18:31:45.568+0000] {processor.py:179} INFO - Processing /usr/local/python/3.10.13/lib/python3.10/site-packages/airflow/example_dags/example_xcom.py took 0.075 seconds
[2024-06-23T18:32:35.966+0000] {processor.py:157} INFO - Started process (PID=28102) to work on /usr/local/python/3.10.13/lib/python3.10/site-packages/airflow/example_dags/example_xcom.py
[2024-06-23T18:32:35.966+0000] {processor.py:826} INFO - Processing file /usr/local/python/3.10.13/lib/python3.10/site-packages/airflow/example_dags/example_xcom.py for tasks to queue
[2024-06-23T18:32:35.967+0000] {logging_mixin.py:150} INFO - [2024-06-23T18:32:35.967+0000] {dagbag.py:541} INFO - Filling up the DagBag from /usr/local/python/3.10.13/lib/python3.10/site-packages/airflow/example_dags/example_xcom.py
[2024-06-23T18:32:35.973+0000] {processor.py:836} INFO - DAG(s) dict_keys(['example_xcom']) retrieved from /usr/local/python/3.10.13/lib/python3.10/site-packages/airflow/example_dags/example_xcom.py
[2024-06-23T18:32:35.985+0000] {logging_mixin.py:150} INFO - [2024-06-23T18:32:35.985+0000] {dag.py:2742} INFO - Sync 1 DAGs
[2024-06-23T18:32:36.005+0000] {logging_mixin.py:150} INFO - [2024-06-23T18:32:36.004+0000] {dag.py:3504} INFO - Setting next_dagrun for example_xcom to 2021-01-01T00:00:00+00:00, run_after=2021-01-01T00:00:00+00:00
[2024-06-23T18:32:36.056+0000] {processor.py:179} INFO - Processing /usr/local/python/3.10.13/lib/python3.10/site-packages/airflow/example_dags/example_xcom.py took 0.092 seconds
[2024-06-23T18:33:29.381+0000] {processor.py:157} INFO - Started process (PID=28468) to work on /usr/local/python/3.10.13/lib/python3.10/site-packages/airflow/example_dags/example_xcom.py
[2024-06-23T18:33:29.381+0000] {processor.py:826} INFO - Processing file /usr/local/python/3.10.13/lib/python3.10/site-packages/airflow/example_dags/example_xcom.py for tasks to queue
[2024-06-23T18:33:29.382+0000] {logging_mixin.py:150} INFO - [2024-06-23T18:33:29.382+0000] {dagbag.py:541} INFO - Filling up the DagBag from /usr/local/python/3.10.13/lib/python3.10/site-packages/airflow/example_dags/example_xcom.py
[2024-06-23T18:33:29.387+0000] {processor.py:836} INFO - DAG(s) dict_keys(['example_xcom']) retrieved from /usr/local/python/3.10.13/lib/python3.10/site-packages/airflow/example_dags/example_xcom.py
[2024-06-23T18:33:29.399+0000] {logging_mixin.py:150} INFO - [2024-06-23T18:33:29.399+0000] {dag.py:2742} INFO - Sync 1 DAGs
[2024-06-23T18:33:29.414+0000] {logging_mixin.py:150} INFO - [2024-06-23T18:33:29.414+0000] {dag.py:3504} INFO - Setting next_dagrun for example_xcom to 2021-01-01T00:00:00+00:00, run_after=2021-01-01T00:00:00+00:00
[2024-06-23T18:33:29.453+0000] {processor.py:179} INFO - Processing /usr/local/python/3.10.13/lib/python3.10/site-packages/airflow/example_dags/example_xcom.py took 0.074 seconds
[2024-06-23T18:34:05.394+0000] {processor.py:157} INFO - Started process (PID=28709) to work on /usr/local/python/3.10.13/lib/python3.10/site-packages/airflow/example_dags/example_xcom.py
[2024-06-23T18:34:05.395+0000] {processor.py:826} INFO - Processing file /usr/local/python/3.10.13/lib/python3.10/site-packages/airflow/example_dags/example_xcom.py for tasks to queue
[2024-06-23T18:34:05.396+0000] {logging_mixin.py:150} INFO - [2024-06-23T18:34:05.395+0000] {dagbag.py:541} INFO - Filling up the DagBag from /usr/local/python/3.10.13/lib/python3.10/site-packages/airflow/example_dags/example_xcom.py
[2024-06-23T18:34:05.401+0000] {processor.py:836} INFO - DAG(s) dict_keys(['example_xcom']) retrieved from /usr/local/python/3.10.13/lib/python3.10/site-packages/airflow/example_dags/example_xcom.py
[2024-06-23T18:34:05.413+0000] {logging_mixin.py:150} INFO - [2024-06-23T18:34:05.413+0000] {dag.py:2742} INFO - Sync 1 DAGs
[2024-06-23T18:34:05.428+0000] {logging_mixin.py:150} INFO - [2024-06-23T18:34:05.428+0000] {dag.py:3504} INFO - Setting next_dagrun for example_xcom to 2021-01-01T00:00:00+00:00, run_after=2021-01-01T00:00:00+00:00
[2024-06-23T18:34:05.467+0000] {processor.py:179} INFO - Processing /usr/local/python/3.10.13/lib/python3.10/site-packages/airflow/example_dags/example_xcom.py took 0.075 seconds
[2024-06-23T18:34:52.344+0000] {processor.py:157} INFO - Started process (PID=29047) to work on /usr/local/python/3.10.13/lib/python3.10/site-packages/airflow/example_dags/example_xcom.py
[2024-06-23T18:34:52.345+0000] {processor.py:826} INFO - Processing file /usr/local/python/3.10.13/lib/python3.10/site-packages/airflow/example_dags/example_xcom.py for tasks to queue
[2024-06-23T18:34:52.346+0000] {logging_mixin.py:150} INFO - [2024-06-23T18:34:52.345+0000] {dagbag.py:541} INFO - Filling up the DagBag from /usr/local/python/3.10.13/lib/python3.10/site-packages/airflow/example_dags/example_xcom.py
[2024-06-23T18:34:52.351+0000] {processor.py:836} INFO - DAG(s) dict_keys(['example_xcom']) retrieved from /usr/local/python/3.10.13/lib/python3.10/site-packages/airflow/example_dags/example_xcom.py
[2024-06-23T18:34:52.363+0000] {logging_mixin.py:150} INFO - [2024-06-23T18:34:52.363+0000] {dag.py:2742} INFO - Sync 1 DAGs
[2024-06-23T18:34:52.378+0000] {logging_mixin.py:150} INFO - [2024-06-23T18:34:52.378+0000] {dag.py:3504} INFO - Setting next_dagrun for example_xcom to 2021-01-01T00:00:00+00:00, run_after=2021-01-01T00:00:00+00:00
[2024-06-23T18:34:52.416+0000] {processor.py:179} INFO - Processing /usr/local/python/3.10.13/lib/python3.10/site-packages/airflow/example_dags/example_xcom.py took 0.074 seconds
[2024-06-23T18:35:28.410+0000] {processor.py:157} INFO - Started process (PID=29308) to work on /usr/local/python/3.10.13/lib/python3.10/site-packages/airflow/example_dags/example_xcom.py
[2024-06-23T18:35:28.410+0000] {processor.py:826} INFO - Processing file /usr/local/python/3.10.13/lib/python3.10/site-packages/airflow/example_dags/example_xcom.py for tasks to queue
[2024-06-23T18:35:28.411+0000] {logging_mixin.py:150} INFO - [2024-06-23T18:35:28.411+0000] {dagbag.py:541} INFO - Filling up the DagBag from /usr/local/python/3.10.13/lib/python3.10/site-packages/airflow/example_dags/example_xcom.py
[2024-06-23T18:35:28.416+0000] {processor.py:836} INFO - DAG(s) dict_keys(['example_xcom']) retrieved from /usr/local/python/3.10.13/lib/python3.10/site-packages/airflow/example_dags/example_xcom.py
[2024-06-23T18:35:28.428+0000] {logging_mixin.py:150} INFO - [2024-06-23T18:35:28.428+0000] {dag.py:2742} INFO - Sync 1 DAGs
[2024-06-23T18:35:28.442+0000] {logging_mixin.py:150} INFO - [2024-06-23T18:35:28.442+0000] {dag.py:3504} INFO - Setting next_dagrun for example_xcom to 2021-01-01T00:00:00+00:00, run_after=2021-01-01T00:00:00+00:00
[2024-06-23T18:35:28.482+0000] {processor.py:179} INFO - Processing /usr/local/python/3.10.13/lib/python3.10/site-packages/airflow/example_dags/example_xcom.py took 0.074 seconds
[2024-06-23T18:36:04.578+0000] {processor.py:157} INFO - Started process (PID=29601) to work on /usr/local/python/3.10.13/lib/python3.10/site-packages/airflow/example_dags/example_xcom.py
[2024-06-23T18:36:04.579+0000] {processor.py:826} INFO - Processing file /usr/local/python/3.10.13/lib/python3.10/site-packages/airflow/example_dags/example_xcom.py for tasks to queue
[2024-06-23T18:36:04.579+0000] {logging_mixin.py:150} INFO - [2024-06-23T18:36:04.579+0000] {dagbag.py:541} INFO - Filling up the DagBag from /usr/local/python/3.10.13/lib/python3.10/site-packages/airflow/example_dags/example_xcom.py
[2024-06-23T18:36:04.585+0000] {processor.py:836} INFO - DAG(s) dict_keys(['example_xcom']) retrieved from /usr/local/python/3.10.13/lib/python3.10/site-packages/airflow/example_dags/example_xcom.py
[2024-06-23T18:36:04.600+0000] {logging_mixin.py:150} INFO - [2024-06-23T18:36:04.600+0000] {dag.py:2742} INFO - Sync 1 DAGs
[2024-06-23T18:36:04.615+0000] {logging_mixin.py:150} INFO - [2024-06-23T18:36:04.615+0000] {dag.py:3504} INFO - Setting next_dagrun for example_xcom to 2021-01-01T00:00:00+00:00, run_after=2021-01-01T00:00:00+00:00
[2024-06-23T18:36:04.654+0000] {processor.py:179} INFO - Processing /usr/local/python/3.10.13/lib/python3.10/site-packages/airflow/example_dags/example_xcom.py took 0.078 seconds
