[2024-06-23T18:27:02.543+0000] {processor.py:157} INFO - Started process (PID=25533) to work on /usr/local/python/3.10.13/lib/python3.10/site-packages/airflow/example_dags/example_branch_labels.py
[2024-06-23T18:27:02.543+0000] {processor.py:826} INFO - Processing file /usr/local/python/3.10.13/lib/python3.10/site-packages/airflow/example_dags/example_branch_labels.py for tasks to queue
[2024-06-23T18:27:02.544+0000] {logging_mixin.py:150} INFO - [2024-06-23T18:27:02.544+0000] {dagbag.py:541} INFO - Filling up the DagBag from /usr/local/python/3.10.13/lib/python3.10/site-packages/airflow/example_dags/example_branch_labels.py
[2024-06-23T18:27:02.550+0000] {processor.py:836} INFO - DAG(s) dict_keys(['example_branch_labels']) retrieved from /usr/local/python/3.10.13/lib/python3.10/site-packages/airflow/example_dags/example_branch_labels.py
[2024-06-23T18:27:02.687+0000] {logging_mixin.py:150} INFO - [2024-06-23T18:27:02.687+0000] {manager.py:504} INFO - Created Permission View: can delete on DAG:example_branch_labels
[2024-06-23T18:27:02.718+0000] {logging_mixin.py:150} INFO - [2024-06-23T18:27:02.718+0000] {manager.py:504} INFO - Created Permission View: can edit on DAG:example_branch_labels
[2024-06-23T18:27:02.746+0000] {logging_mixin.py:150} INFO - [2024-06-23T18:27:02.746+0000] {manager.py:504} INFO - Created Permission View: can read on DAG:example_branch_labels
[2024-06-23T18:27:02.755+0000] {logging_mixin.py:150} INFO - [2024-06-23T18:27:02.755+0000] {dag.py:2742} INFO - Sync 1 DAGs
[2024-06-23T18:27:02.762+0000] {logging_mixin.py:150} INFO - [2024-06-23T18:27:02.762+0000] {dag.py:2763} INFO - Creating ORM DAG for example_branch_labels
[2024-06-23T18:27:02.770+0000] {logging_mixin.py:150} INFO - [2024-06-23T18:27:02.770+0000] {dag.py:3504} INFO - Setting next_dagrun for example_branch_labels to 2024-06-22T00:00:00+00:00, run_after=2024-06-23T00:00:00+00:00
[2024-06-23T18:27:02.805+0000] {processor.py:179} INFO - Processing /usr/local/python/3.10.13/lib/python3.10/site-packages/airflow/example_dags/example_branch_labels.py took 0.264 seconds
[2024-06-23T18:27:50.457+0000] {processor.py:157} INFO - Started process (PID=26065) to work on /usr/local/python/3.10.13/lib/python3.10/site-packages/airflow/example_dags/example_branch_labels.py
[2024-06-23T18:27:50.458+0000] {processor.py:826} INFO - Processing file /usr/local/python/3.10.13/lib/python3.10/site-packages/airflow/example_dags/example_branch_labels.py for tasks to queue
[2024-06-23T18:27:50.459+0000] {logging_mixin.py:150} INFO - [2024-06-23T18:27:50.459+0000] {dagbag.py:541} INFO - Filling up the DagBag from /usr/local/python/3.10.13/lib/python3.10/site-packages/airflow/example_dags/example_branch_labels.py
[2024-06-23T18:27:50.468+0000] {processor.py:836} INFO - DAG(s) dict_keys(['example_branch_labels']) retrieved from /usr/local/python/3.10.13/lib/python3.10/site-packages/airflow/example_dags/example_branch_labels.py
[2024-06-23T18:27:50.488+0000] {logging_mixin.py:150} INFO - [2024-06-23T18:27:50.488+0000] {dag.py:2742} INFO - Sync 1 DAGs
[2024-06-23T18:27:50.513+0000] {logging_mixin.py:150} INFO - [2024-06-23T18:27:50.513+0000] {dag.py:3504} INFO - Setting next_dagrun for example_branch_labels to 2024-06-22T00:00:00+00:00, run_after=2024-06-23T00:00:00+00:00
[2024-06-23T18:27:50.550+0000] {processor.py:179} INFO - Processing /usr/local/python/3.10.13/lib/python3.10/site-packages/airflow/example_dags/example_branch_labels.py took 0.096 seconds
[2024-06-23T18:28:36.533+0000] {processor.py:157} INFO - Started process (PID=26400) to work on /usr/local/python/3.10.13/lib/python3.10/site-packages/airflow/example_dags/example_branch_labels.py
[2024-06-23T18:28:36.534+0000] {processor.py:826} INFO - Processing file /usr/local/python/3.10.13/lib/python3.10/site-packages/airflow/example_dags/example_branch_labels.py for tasks to queue
[2024-06-23T18:28:36.535+0000] {logging_mixin.py:150} INFO - [2024-06-23T18:28:36.534+0000] {dagbag.py:541} INFO - Filling up the DagBag from /usr/local/python/3.10.13/lib/python3.10/site-packages/airflow/example_dags/example_branch_labels.py
[2024-06-23T18:28:36.541+0000] {processor.py:836} INFO - DAG(s) dict_keys(['example_branch_labels']) retrieved from /usr/local/python/3.10.13/lib/python3.10/site-packages/airflow/example_dags/example_branch_labels.py
[2024-06-23T18:28:36.553+0000] {logging_mixin.py:150} INFO - [2024-06-23T18:28:36.553+0000] {dag.py:2742} INFO - Sync 1 DAGs
[2024-06-23T18:28:36.569+0000] {logging_mixin.py:150} INFO - [2024-06-23T18:28:36.569+0000] {dag.py:3504} INFO - Setting next_dagrun for example_branch_labels to 2024-06-22T00:00:00+00:00, run_after=2024-06-23T00:00:00+00:00
[2024-06-23T18:28:36.606+0000] {processor.py:179} INFO - Processing /usr/local/python/3.10.13/lib/python3.10/site-packages/airflow/example_dags/example_branch_labels.py took 0.075 seconds
[2024-06-23T18:29:19.864+0000] {processor.py:157} INFO - Started process (PID=26698) to work on /usr/local/python/3.10.13/lib/python3.10/site-packages/airflow/example_dags/example_branch_labels.py
[2024-06-23T18:29:19.865+0000] {processor.py:826} INFO - Processing file /usr/local/python/3.10.13/lib/python3.10/site-packages/airflow/example_dags/example_branch_labels.py for tasks to queue
[2024-06-23T18:29:19.866+0000] {logging_mixin.py:150} INFO - [2024-06-23T18:29:19.866+0000] {dagbag.py:541} INFO - Filling up the DagBag from /usr/local/python/3.10.13/lib/python3.10/site-packages/airflow/example_dags/example_branch_labels.py
[2024-06-23T18:29:19.872+0000] {processor.py:836} INFO - DAG(s) dict_keys(['example_branch_labels']) retrieved from /usr/local/python/3.10.13/lib/python3.10/site-packages/airflow/example_dags/example_branch_labels.py
[2024-06-23T18:29:19.884+0000] {logging_mixin.py:150} INFO - [2024-06-23T18:29:19.884+0000] {dag.py:2742} INFO - Sync 1 DAGs
[2024-06-23T18:29:19.901+0000] {logging_mixin.py:150} INFO - [2024-06-23T18:29:19.900+0000] {dag.py:3504} INFO - Setting next_dagrun for example_branch_labels to 2024-06-22T00:00:00+00:00, run_after=2024-06-23T00:00:00+00:00
[2024-06-23T18:29:19.939+0000] {processor.py:179} INFO - Processing /usr/local/python/3.10.13/lib/python3.10/site-packages/airflow/example_dags/example_branch_labels.py took 0.076 seconds
[2024-06-23T18:30:16.009+0000] {processor.py:157} INFO - Started process (PID=27097) to work on /usr/local/python/3.10.13/lib/python3.10/site-packages/airflow/example_dags/example_branch_labels.py
[2024-06-23T18:30:16.010+0000] {processor.py:826} INFO - Processing file /usr/local/python/3.10.13/lib/python3.10/site-packages/airflow/example_dags/example_branch_labels.py for tasks to queue
[2024-06-23T18:30:16.010+0000] {logging_mixin.py:150} INFO - [2024-06-23T18:30:16.010+0000] {dagbag.py:541} INFO - Filling up the DagBag from /usr/local/python/3.10.13/lib/python3.10/site-packages/airflow/example_dags/example_branch_labels.py
[2024-06-23T18:30:16.017+0000] {processor.py:836} INFO - DAG(s) dict_keys(['example_branch_labels']) retrieved from /usr/local/python/3.10.13/lib/python3.10/site-packages/airflow/example_dags/example_branch_labels.py
[2024-06-23T18:30:16.029+0000] {logging_mixin.py:150} INFO - [2024-06-23T18:30:16.029+0000] {dag.py:2742} INFO - Sync 1 DAGs
[2024-06-23T18:30:16.045+0000] {logging_mixin.py:150} INFO - [2024-06-23T18:30:16.045+0000] {dag.py:3504} INFO - Setting next_dagrun for example_branch_labels to 2024-06-22T00:00:00+00:00, run_after=2024-06-23T00:00:00+00:00
[2024-06-23T18:30:16.084+0000] {processor.py:179} INFO - Processing /usr/local/python/3.10.13/lib/python3.10/site-packages/airflow/example_dags/example_branch_labels.py took 0.077 seconds
[2024-06-23T18:31:01.424+0000] {processor.py:157} INFO - Started process (PID=27403) to work on /usr/local/python/3.10.13/lib/python3.10/site-packages/airflow/example_dags/example_branch_labels.py
[2024-06-23T18:31:01.425+0000] {processor.py:826} INFO - Processing file /usr/local/python/3.10.13/lib/python3.10/site-packages/airflow/example_dags/example_branch_labels.py for tasks to queue
[2024-06-23T18:31:01.425+0000] {logging_mixin.py:150} INFO - [2024-06-23T18:31:01.425+0000] {dagbag.py:541} INFO - Filling up the DagBag from /usr/local/python/3.10.13/lib/python3.10/site-packages/airflow/example_dags/example_branch_labels.py
[2024-06-23T18:31:01.431+0000] {processor.py:836} INFO - DAG(s) dict_keys(['example_branch_labels']) retrieved from /usr/local/python/3.10.13/lib/python3.10/site-packages/airflow/example_dags/example_branch_labels.py
[2024-06-23T18:31:01.444+0000] {logging_mixin.py:150} INFO - [2024-06-23T18:31:01.444+0000] {dag.py:2742} INFO - Sync 1 DAGs
[2024-06-23T18:31:01.460+0000] {logging_mixin.py:150} INFO - [2024-06-23T18:31:01.460+0000] {dag.py:3504} INFO - Setting next_dagrun for example_branch_labels to 2024-06-22T00:00:00+00:00, run_after=2024-06-23T00:00:00+00:00
[2024-06-23T18:31:01.498+0000] {processor.py:179} INFO - Processing /usr/local/python/3.10.13/lib/python3.10/site-packages/airflow/example_dags/example_branch_labels.py took 0.076 seconds
[2024-06-23T18:31:52.423+0000] {processor.py:157} INFO - Started process (PID=27762) to work on /usr/local/python/3.10.13/lib/python3.10/site-packages/airflow/example_dags/example_branch_labels.py
[2024-06-23T18:31:52.423+0000] {processor.py:826} INFO - Processing file /usr/local/python/3.10.13/lib/python3.10/site-packages/airflow/example_dags/example_branch_labels.py for tasks to queue
[2024-06-23T18:31:52.424+0000] {logging_mixin.py:150} INFO - [2024-06-23T18:31:52.424+0000] {dagbag.py:541} INFO - Filling up the DagBag from /usr/local/python/3.10.13/lib/python3.10/site-packages/airflow/example_dags/example_branch_labels.py
[2024-06-23T18:31:52.430+0000] {processor.py:836} INFO - DAG(s) dict_keys(['example_branch_labels']) retrieved from /usr/local/python/3.10.13/lib/python3.10/site-packages/airflow/example_dags/example_branch_labels.py
[2024-06-23T18:31:52.443+0000] {logging_mixin.py:150} INFO - [2024-06-23T18:31:52.443+0000] {dag.py:2742} INFO - Sync 1 DAGs
[2024-06-23T18:31:52.459+0000] {logging_mixin.py:150} INFO - [2024-06-23T18:31:52.459+0000] {dag.py:3504} INFO - Setting next_dagrun for example_branch_labels to 2024-06-22T00:00:00+00:00, run_after=2024-06-23T00:00:00+00:00
[2024-06-23T18:31:52.497+0000] {processor.py:179} INFO - Processing /usr/local/python/3.10.13/lib/python3.10/site-packages/airflow/example_dags/example_branch_labels.py took 0.076 seconds
[2024-06-23T18:32:44.956+0000] {processor.py:157} INFO - Started process (PID=28165) to work on /usr/local/python/3.10.13/lib/python3.10/site-packages/airflow/example_dags/example_branch_labels.py
[2024-06-23T18:32:44.957+0000] {processor.py:826} INFO - Processing file /usr/local/python/3.10.13/lib/python3.10/site-packages/airflow/example_dags/example_branch_labels.py for tasks to queue
[2024-06-23T18:32:44.958+0000] {logging_mixin.py:150} INFO - [2024-06-23T18:32:44.957+0000] {dagbag.py:541} INFO - Filling up the DagBag from /usr/local/python/3.10.13/lib/python3.10/site-packages/airflow/example_dags/example_branch_labels.py
[2024-06-23T18:32:44.964+0000] {processor.py:836} INFO - DAG(s) dict_keys(['example_branch_labels']) retrieved from /usr/local/python/3.10.13/lib/python3.10/site-packages/airflow/example_dags/example_branch_labels.py
[2024-06-23T18:32:44.978+0000] {logging_mixin.py:150} INFO - [2024-06-23T18:32:44.977+0000] {dag.py:2742} INFO - Sync 1 DAGs
[2024-06-23T18:32:44.994+0000] {logging_mixin.py:150} INFO - [2024-06-23T18:32:44.994+0000] {dag.py:3504} INFO - Setting next_dagrun for example_branch_labels to 2024-06-22T00:00:00+00:00, run_after=2024-06-23T00:00:00+00:00
[2024-06-23T18:32:45.029+0000] {processor.py:179} INFO - Processing /usr/local/python/3.10.13/lib/python3.10/site-packages/airflow/example_dags/example_branch_labels.py took 0.075 seconds
[2024-06-23T18:33:39.705+0000] {processor.py:157} INFO - Started process (PID=28540) to work on /usr/local/python/3.10.13/lib/python3.10/site-packages/airflow/example_dags/example_branch_labels.py
[2024-06-23T18:33:39.706+0000] {processor.py:826} INFO - Processing file /usr/local/python/3.10.13/lib/python3.10/site-packages/airflow/example_dags/example_branch_labels.py for tasks to queue
[2024-06-23T18:33:39.707+0000] {logging_mixin.py:150} INFO - [2024-06-23T18:33:39.707+0000] {dagbag.py:541} INFO - Filling up the DagBag from /usr/local/python/3.10.13/lib/python3.10/site-packages/airflow/example_dags/example_branch_labels.py
[2024-06-23T18:33:39.713+0000] {processor.py:836} INFO - DAG(s) dict_keys(['example_branch_labels']) retrieved from /usr/local/python/3.10.13/lib/python3.10/site-packages/airflow/example_dags/example_branch_labels.py
[2024-06-23T18:33:39.725+0000] {logging_mixin.py:150} INFO - [2024-06-23T18:33:39.725+0000] {dag.py:2742} INFO - Sync 1 DAGs
[2024-06-23T18:33:39.741+0000] {logging_mixin.py:150} INFO - [2024-06-23T18:33:39.741+0000] {dag.py:3504} INFO - Setting next_dagrun for example_branch_labels to 2024-06-22T00:00:00+00:00, run_after=2024-06-23T00:00:00+00:00
[2024-06-23T18:33:39.778+0000] {processor.py:179} INFO - Processing /usr/local/python/3.10.13/lib/python3.10/site-packages/airflow/example_dags/example_branch_labels.py took 0.075 seconds
[2024-06-23T18:34:28.669+0000] {processor.py:157} INFO - Started process (PID=28889) to work on /usr/local/python/3.10.13/lib/python3.10/site-packages/airflow/example_dags/example_branch_labels.py
[2024-06-23T18:34:28.670+0000] {processor.py:826} INFO - Processing file /usr/local/python/3.10.13/lib/python3.10/site-packages/airflow/example_dags/example_branch_labels.py for tasks to queue
[2024-06-23T18:34:28.671+0000] {logging_mixin.py:150} INFO - [2024-06-23T18:34:28.671+0000] {dagbag.py:541} INFO - Filling up the DagBag from /usr/local/python/3.10.13/lib/python3.10/site-packages/airflow/example_dags/example_branch_labels.py
[2024-06-23T18:34:28.677+0000] {processor.py:836} INFO - DAG(s) dict_keys(['example_branch_labels']) retrieved from /usr/local/python/3.10.13/lib/python3.10/site-packages/airflow/example_dags/example_branch_labels.py
[2024-06-23T18:34:28.689+0000] {logging_mixin.py:150} INFO - [2024-06-23T18:34:28.689+0000] {dag.py:2742} INFO - Sync 1 DAGs
[2024-06-23T18:34:28.705+0000] {logging_mixin.py:150} INFO - [2024-06-23T18:34:28.705+0000] {dag.py:3504} INFO - Setting next_dagrun for example_branch_labels to 2024-06-22T00:00:00+00:00, run_after=2024-06-23T00:00:00+00:00
[2024-06-23T18:34:28.745+0000] {processor.py:179} INFO - Processing /usr/local/python/3.10.13/lib/python3.10/site-packages/airflow/example_dags/example_branch_labels.py took 0.077 seconds
[2024-06-23T18:35:20.795+0000] {processor.py:157} INFO - Started process (PID=29249) to work on /usr/local/python/3.10.13/lib/python3.10/site-packages/airflow/example_dags/example_branch_labels.py
[2024-06-23T18:35:20.796+0000] {processor.py:826} INFO - Processing file /usr/local/python/3.10.13/lib/python3.10/site-packages/airflow/example_dags/example_branch_labels.py for tasks to queue
[2024-06-23T18:35:20.797+0000] {logging_mixin.py:150} INFO - [2024-06-23T18:35:20.796+0000] {dagbag.py:541} INFO - Filling up the DagBag from /usr/local/python/3.10.13/lib/python3.10/site-packages/airflow/example_dags/example_branch_labels.py
[2024-06-23T18:35:20.804+0000] {processor.py:836} INFO - DAG(s) dict_keys(['example_branch_labels']) retrieved from /usr/local/python/3.10.13/lib/python3.10/site-packages/airflow/example_dags/example_branch_labels.py
[2024-06-23T18:35:20.818+0000] {logging_mixin.py:150} INFO - [2024-06-23T18:35:20.817+0000] {dag.py:2742} INFO - Sync 1 DAGs
[2024-06-23T18:35:20.833+0000] {logging_mixin.py:150} INFO - [2024-06-23T18:35:20.833+0000] {dag.py:3504} INFO - Setting next_dagrun for example_branch_labels to 2024-06-22T00:00:00+00:00, run_after=2024-06-23T00:00:00+00:00
[2024-06-23T18:35:20.872+0000] {processor.py:179} INFO - Processing /usr/local/python/3.10.13/lib/python3.10/site-packages/airflow/example_dags/example_branch_labels.py took 0.079 seconds
[2024-06-23T18:36:14.909+0000] {processor.py:157} INFO - Started process (PID=29729) to work on /usr/local/python/3.10.13/lib/python3.10/site-packages/airflow/example_dags/example_branch_labels.py
[2024-06-23T18:36:14.910+0000] {processor.py:826} INFO - Processing file /usr/local/python/3.10.13/lib/python3.10/site-packages/airflow/example_dags/example_branch_labels.py for tasks to queue
[2024-06-23T18:36:14.911+0000] {logging_mixin.py:150} INFO - [2024-06-23T18:36:14.911+0000] {dagbag.py:541} INFO - Filling up the DagBag from /usr/local/python/3.10.13/lib/python3.10/site-packages/airflow/example_dags/example_branch_labels.py
[2024-06-23T18:36:14.917+0000] {processor.py:836} INFO - DAG(s) dict_keys(['example_branch_labels']) retrieved from /usr/local/python/3.10.13/lib/python3.10/site-packages/airflow/example_dags/example_branch_labels.py
[2024-06-23T18:36:14.930+0000] {logging_mixin.py:150} INFO - [2024-06-23T18:36:14.930+0000] {dag.py:2742} INFO - Sync 1 DAGs
[2024-06-23T18:36:14.946+0000] {logging_mixin.py:150} INFO - [2024-06-23T18:36:14.946+0000] {dag.py:3504} INFO - Setting next_dagrun for example_branch_labels to 2024-06-22T00:00:00+00:00, run_after=2024-06-23T00:00:00+00:00
[2024-06-23T18:36:14.983+0000] {processor.py:179} INFO - Processing /usr/local/python/3.10.13/lib/python3.10/site-packages/airflow/example_dags/example_branch_labels.py took 0.075 seconds
