[2024-06-23T18:26:53.684+0000] {processor.py:157} INFO - Started process (PID=25471) to work on /usr/local/python/3.10.13/lib/python3.10/site-packages/airflow/example_dags/example_sensor_decorator.py
[2024-06-23T18:26:53.684+0000] {processor.py:826} INFO - Processing file /usr/local/python/3.10.13/lib/python3.10/site-packages/airflow/example_dags/example_sensor_decorator.py for tasks to queue
[2024-06-23T18:26:53.685+0000] {logging_mixin.py:150} INFO - [2024-06-23T18:26:53.685+0000] {dagbag.py:541} INFO - Filling up the DagBag from /usr/local/python/3.10.13/lib/python3.10/site-packages/airflow/example_dags/example_sensor_decorator.py
[2024-06-23T18:26:53.689+0000] {processor.py:836} INFO - DAG(s) dict_keys(['example_sensor_decorator']) retrieved from /usr/local/python/3.10.13/lib/python3.10/site-packages/airflow/example_dags/example_sensor_decorator.py
[2024-06-23T18:26:53.816+0000] {logging_mixin.py:150} INFO - [2024-06-23T18:26:53.816+0000] {manager.py:504} INFO - Created Permission View: can delete on DAG:example_sensor_decorator
[2024-06-23T18:26:53.846+0000] {logging_mixin.py:150} INFO - [2024-06-23T18:26:53.846+0000] {manager.py:504} INFO - Created Permission View: can edit on DAG:example_sensor_decorator
[2024-06-23T18:26:53.873+0000] {logging_mixin.py:150} INFO - [2024-06-23T18:26:53.873+0000] {manager.py:504} INFO - Created Permission View: can read on DAG:example_sensor_decorator
[2024-06-23T18:26:53.881+0000] {logging_mixin.py:150} INFO - [2024-06-23T18:26:53.881+0000] {dag.py:2742} INFO - Sync 1 DAGs
[2024-06-23T18:26:53.889+0000] {logging_mixin.py:150} INFO - [2024-06-23T18:26:53.889+0000] {dag.py:2763} INFO - Creating ORM DAG for example_sensor_decorator
[2024-06-23T18:26:53.895+0000] {logging_mixin.py:150} INFO - [2024-06-23T18:26:53.895+0000] {dag.py:3504} INFO - Setting next_dagrun for example_sensor_decorator to None, run_after=None
[2024-06-23T18:26:53.932+0000] {processor.py:179} INFO - Processing /usr/local/python/3.10.13/lib/python3.10/site-packages/airflow/example_dags/example_sensor_decorator.py took 0.251 seconds
[2024-06-23T18:27:44.151+0000] {processor.py:157} INFO - Started process (PID=26000) to work on /usr/local/python/3.10.13/lib/python3.10/site-packages/airflow/example_dags/example_sensor_decorator.py
[2024-06-23T18:27:44.152+0000] {processor.py:826} INFO - Processing file /usr/local/python/3.10.13/lib/python3.10/site-packages/airflow/example_dags/example_sensor_decorator.py for tasks to queue
[2024-06-23T18:27:44.153+0000] {logging_mixin.py:150} INFO - [2024-06-23T18:27:44.152+0000] {dagbag.py:541} INFO - Filling up the DagBag from /usr/local/python/3.10.13/lib/python3.10/site-packages/airflow/example_dags/example_sensor_decorator.py
[2024-06-23T18:27:44.157+0000] {processor.py:836} INFO - DAG(s) dict_keys(['example_sensor_decorator']) retrieved from /usr/local/python/3.10.13/lib/python3.10/site-packages/airflow/example_dags/example_sensor_decorator.py
[2024-06-23T18:27:44.169+0000] {logging_mixin.py:150} INFO - [2024-06-23T18:27:44.169+0000] {dag.py:2742} INFO - Sync 1 DAGs
[2024-06-23T18:27:44.184+0000] {logging_mixin.py:150} INFO - [2024-06-23T18:27:44.184+0000] {dag.py:3504} INFO - Setting next_dagrun for example_sensor_decorator to None, run_after=None
[2024-06-23T18:27:44.224+0000] {processor.py:179} INFO - Processing /usr/local/python/3.10.13/lib/python3.10/site-packages/airflow/example_dags/example_sensor_decorator.py took 0.075 seconds
[2024-06-23T18:28:29.815+0000] {processor.py:157} INFO - Started process (PID=26337) to work on /usr/local/python/3.10.13/lib/python3.10/site-packages/airflow/example_dags/example_sensor_decorator.py
[2024-06-23T18:28:29.816+0000] {processor.py:826} INFO - Processing file /usr/local/python/3.10.13/lib/python3.10/site-packages/airflow/example_dags/example_sensor_decorator.py for tasks to queue
[2024-06-23T18:28:29.816+0000] {logging_mixin.py:150} INFO - [2024-06-23T18:28:29.816+0000] {dagbag.py:541} INFO - Filling up the DagBag from /usr/local/python/3.10.13/lib/python3.10/site-packages/airflow/example_dags/example_sensor_decorator.py
[2024-06-23T18:28:29.821+0000] {processor.py:836} INFO - DAG(s) dict_keys(['example_sensor_decorator']) retrieved from /usr/local/python/3.10.13/lib/python3.10/site-packages/airflow/example_dags/example_sensor_decorator.py
[2024-06-23T18:28:29.832+0000] {logging_mixin.py:150} INFO - [2024-06-23T18:28:29.832+0000] {dag.py:2742} INFO - Sync 1 DAGs
[2024-06-23T18:28:29.846+0000] {logging_mixin.py:150} INFO - [2024-06-23T18:28:29.846+0000] {dag.py:3504} INFO - Setting next_dagrun for example_sensor_decorator to None, run_after=None
[2024-06-23T18:28:29.884+0000] {processor.py:179} INFO - Processing /usr/local/python/3.10.13/lib/python3.10/site-packages/airflow/example_dags/example_sensor_decorator.py took 0.071 seconds
[2024-06-23T18:29:13.178+0000] {processor.py:157} INFO - Started process (PID=26655) to work on /usr/local/python/3.10.13/lib/python3.10/site-packages/airflow/example_dags/example_sensor_decorator.py
[2024-06-23T18:29:13.179+0000] {processor.py:826} INFO - Processing file /usr/local/python/3.10.13/lib/python3.10/site-packages/airflow/example_dags/example_sensor_decorator.py for tasks to queue
[2024-06-23T18:29:13.180+0000] {logging_mixin.py:150} INFO - [2024-06-23T18:29:13.180+0000] {dagbag.py:541} INFO - Filling up the DagBag from /usr/local/python/3.10.13/lib/python3.10/site-packages/airflow/example_dags/example_sensor_decorator.py
[2024-06-23T18:29:13.186+0000] {processor.py:836} INFO - DAG(s) dict_keys(['example_sensor_decorator']) retrieved from /usr/local/python/3.10.13/lib/python3.10/site-packages/airflow/example_dags/example_sensor_decorator.py
[2024-06-23T18:29:13.204+0000] {logging_mixin.py:150} INFO - [2024-06-23T18:29:13.204+0000] {dag.py:2742} INFO - Sync 1 DAGs
[2024-06-23T18:29:13.227+0000] {logging_mixin.py:150} INFO - [2024-06-23T18:29:13.227+0000] {dag.py:3504} INFO - Setting next_dagrun for example_sensor_decorator to None, run_after=None
[2024-06-23T18:29:13.266+0000] {processor.py:179} INFO - Processing /usr/local/python/3.10.13/lib/python3.10/site-packages/airflow/example_dags/example_sensor_decorator.py took 0.090 seconds
[2024-06-23T18:29:58.870+0000] {processor.py:157} INFO - Started process (PID=26971) to work on /usr/local/python/3.10.13/lib/python3.10/site-packages/airflow/example_dags/example_sensor_decorator.py
[2024-06-23T18:29:58.870+0000] {processor.py:826} INFO - Processing file /usr/local/python/3.10.13/lib/python3.10/site-packages/airflow/example_dags/example_sensor_decorator.py for tasks to queue
[2024-06-23T18:29:58.871+0000] {logging_mixin.py:150} INFO - [2024-06-23T18:29:58.871+0000] {dagbag.py:541} INFO - Filling up the DagBag from /usr/local/python/3.10.13/lib/python3.10/site-packages/airflow/example_dags/example_sensor_decorator.py
[2024-06-23T18:29:58.876+0000] {processor.py:836} INFO - DAG(s) dict_keys(['example_sensor_decorator']) retrieved from /usr/local/python/3.10.13/lib/python3.10/site-packages/airflow/example_dags/example_sensor_decorator.py
[2024-06-23T18:29:58.887+0000] {logging_mixin.py:150} INFO - [2024-06-23T18:29:58.887+0000] {dag.py:2742} INFO - Sync 1 DAGs
[2024-06-23T18:29:58.901+0000] {logging_mixin.py:150} INFO - [2024-06-23T18:29:58.901+0000] {dag.py:3504} INFO - Setting next_dagrun for example_sensor_decorator to None, run_after=None
[2024-06-23T18:29:58.942+0000] {processor.py:179} INFO - Processing /usr/local/python/3.10.13/lib/python3.10/site-packages/airflow/example_dags/example_sensor_decorator.py took 0.074 seconds
[2024-06-23T18:30:42.399+0000] {processor.py:157} INFO - Started process (PID=27269) to work on /usr/local/python/3.10.13/lib/python3.10/site-packages/airflow/example_dags/example_sensor_decorator.py
[2024-06-23T18:30:42.399+0000] {processor.py:826} INFO - Processing file /usr/local/python/3.10.13/lib/python3.10/site-packages/airflow/example_dags/example_sensor_decorator.py for tasks to queue
[2024-06-23T18:30:42.400+0000] {logging_mixin.py:150} INFO - [2024-06-23T18:30:42.400+0000] {dagbag.py:541} INFO - Filling up the DagBag from /usr/local/python/3.10.13/lib/python3.10/site-packages/airflow/example_dags/example_sensor_decorator.py
[2024-06-23T18:30:42.405+0000] {processor.py:836} INFO - DAG(s) dict_keys(['example_sensor_decorator']) retrieved from /usr/local/python/3.10.13/lib/python3.10/site-packages/airflow/example_dags/example_sensor_decorator.py
[2024-06-23T18:30:42.417+0000] {logging_mixin.py:150} INFO - [2024-06-23T18:30:42.417+0000] {dag.py:2742} INFO - Sync 1 DAGs
[2024-06-23T18:30:42.431+0000] {logging_mixin.py:150} INFO - [2024-06-23T18:30:42.431+0000] {dag.py:3504} INFO - Setting next_dagrun for example_sensor_decorator to None, run_after=None
[2024-06-23T18:30:42.471+0000] {processor.py:179} INFO - Processing /usr/local/python/3.10.13/lib/python3.10/site-packages/airflow/example_dags/example_sensor_decorator.py took 0.074 seconds
[2024-06-23T18:31:33.968+0000] {processor.py:157} INFO - Started process (PID=27646) to work on /usr/local/python/3.10.13/lib/python3.10/site-packages/airflow/example_dags/example_sensor_decorator.py
[2024-06-23T18:31:33.969+0000] {processor.py:826} INFO - Processing file /usr/local/python/3.10.13/lib/python3.10/site-packages/airflow/example_dags/example_sensor_decorator.py for tasks to queue
[2024-06-23T18:31:33.970+0000] {logging_mixin.py:150} INFO - [2024-06-23T18:31:33.970+0000] {dagbag.py:541} INFO - Filling up the DagBag from /usr/local/python/3.10.13/lib/python3.10/site-packages/airflow/example_dags/example_sensor_decorator.py
[2024-06-23T18:31:33.974+0000] {processor.py:836} INFO - DAG(s) dict_keys(['example_sensor_decorator']) retrieved from /usr/local/python/3.10.13/lib/python3.10/site-packages/airflow/example_dags/example_sensor_decorator.py
[2024-06-23T18:31:33.986+0000] {logging_mixin.py:150} INFO - [2024-06-23T18:31:33.986+0000] {dag.py:2742} INFO - Sync 1 DAGs
[2024-06-23T18:31:34.001+0000] {logging_mixin.py:150} INFO - [2024-06-23T18:31:34.000+0000] {dag.py:3504} INFO - Setting next_dagrun for example_sensor_decorator to None, run_after=None
[2024-06-23T18:31:34.042+0000] {processor.py:179} INFO - Processing /usr/local/python/3.10.13/lib/python3.10/site-packages/airflow/example_dags/example_sensor_decorator.py took 0.075 seconds
[2024-06-23T18:32:24.419+0000] {processor.py:157} INFO - Started process (PID=28022) to work on /usr/local/python/3.10.13/lib/python3.10/site-packages/airflow/example_dags/example_sensor_decorator.py
[2024-06-23T18:32:24.420+0000] {processor.py:826} INFO - Processing file /usr/local/python/3.10.13/lib/python3.10/site-packages/airflow/example_dags/example_sensor_decorator.py for tasks to queue
[2024-06-23T18:32:24.420+0000] {logging_mixin.py:150} INFO - [2024-06-23T18:32:24.420+0000] {dagbag.py:541} INFO - Filling up the DagBag from /usr/local/python/3.10.13/lib/python3.10/site-packages/airflow/example_dags/example_sensor_decorator.py
[2024-06-23T18:32:24.425+0000] {processor.py:836} INFO - DAG(s) dict_keys(['example_sensor_decorator']) retrieved from /usr/local/python/3.10.13/lib/python3.10/site-packages/airflow/example_dags/example_sensor_decorator.py
[2024-06-23T18:32:24.436+0000] {logging_mixin.py:150} INFO - [2024-06-23T18:32:24.436+0000] {dag.py:2742} INFO - Sync 1 DAGs
[2024-06-23T18:32:24.451+0000] {logging_mixin.py:150} INFO - [2024-06-23T18:32:24.451+0000] {dag.py:3504} INFO - Setting next_dagrun for example_sensor_decorator to None, run_after=None
[2024-06-23T18:32:24.490+0000] {processor.py:179} INFO - Processing /usr/local/python/3.10.13/lib/python3.10/site-packages/airflow/example_dags/example_sensor_decorator.py took 0.073 seconds
[2024-06-23T18:33:19.053+0000] {processor.py:157} INFO - Started process (PID=28397) to work on /usr/local/python/3.10.13/lib/python3.10/site-packages/airflow/example_dags/example_sensor_decorator.py
[2024-06-23T18:33:19.054+0000] {processor.py:826} INFO - Processing file /usr/local/python/3.10.13/lib/python3.10/site-packages/airflow/example_dags/example_sensor_decorator.py for tasks to queue
[2024-06-23T18:33:19.055+0000] {logging_mixin.py:150} INFO - [2024-06-23T18:33:19.054+0000] {dagbag.py:541} INFO - Filling up the DagBag from /usr/local/python/3.10.13/lib/python3.10/site-packages/airflow/example_dags/example_sensor_decorator.py
[2024-06-23T18:33:19.061+0000] {processor.py:836} INFO - DAG(s) dict_keys(['example_sensor_decorator']) retrieved from /usr/local/python/3.10.13/lib/python3.10/site-packages/airflow/example_dags/example_sensor_decorator.py
[2024-06-23T18:33:19.074+0000] {logging_mixin.py:150} INFO - [2024-06-23T18:33:19.074+0000] {dag.py:2742} INFO - Sync 1 DAGs
[2024-06-23T18:33:19.096+0000] {logging_mixin.py:150} INFO - [2024-06-23T18:33:19.096+0000] {dag.py:3504} INFO - Setting next_dagrun for example_sensor_decorator to None, run_after=None
[2024-06-23T18:33:19.135+0000] {processor.py:179} INFO - Processing /usr/local/python/3.10.13/lib/python3.10/site-packages/airflow/example_dags/example_sensor_decorator.py took 0.085 seconds
[2024-06-23T18:34:11.925+0000] {processor.py:157} INFO - Started process (PID=28765) to work on /usr/local/python/3.10.13/lib/python3.10/site-packages/airflow/example_dags/example_sensor_decorator.py
[2024-06-23T18:34:11.925+0000] {processor.py:826} INFO - Processing file /usr/local/python/3.10.13/lib/python3.10/site-packages/airflow/example_dags/example_sensor_decorator.py for tasks to queue
[2024-06-23T18:34:11.926+0000] {logging_mixin.py:150} INFO - [2024-06-23T18:34:11.926+0000] {dagbag.py:541} INFO - Filling up the DagBag from /usr/local/python/3.10.13/lib/python3.10/site-packages/airflow/example_dags/example_sensor_decorator.py
[2024-06-23T18:34:11.932+0000] {processor.py:836} INFO - DAG(s) dict_keys(['example_sensor_decorator']) retrieved from /usr/local/python/3.10.13/lib/python3.10/site-packages/airflow/example_dags/example_sensor_decorator.py
[2024-06-23T18:34:11.943+0000] {logging_mixin.py:150} INFO - [2024-06-23T18:34:11.943+0000] {dag.py:2742} INFO - Sync 1 DAGs
[2024-06-23T18:34:11.958+0000] {logging_mixin.py:150} INFO - [2024-06-23T18:34:11.958+0000] {dag.py:3504} INFO - Setting next_dagrun for example_sensor_decorator to None, run_after=None
[2024-06-23T18:34:11.997+0000] {processor.py:179} INFO - Processing /usr/local/python/3.10.13/lib/python3.10/site-packages/airflow/example_dags/example_sensor_decorator.py took 0.075 seconds
[2024-06-23T18:34:59.812+0000] {processor.py:157} INFO - Started process (PID=29103) to work on /usr/local/python/3.10.13/lib/python3.10/site-packages/airflow/example_dags/example_sensor_decorator.py
[2024-06-23T18:34:59.813+0000] {processor.py:826} INFO - Processing file /usr/local/python/3.10.13/lib/python3.10/site-packages/airflow/example_dags/example_sensor_decorator.py for tasks to queue
[2024-06-23T18:34:59.814+0000] {logging_mixin.py:150} INFO - [2024-06-23T18:34:59.814+0000] {dagbag.py:541} INFO - Filling up the DagBag from /usr/local/python/3.10.13/lib/python3.10/site-packages/airflow/example_dags/example_sensor_decorator.py
[2024-06-23T18:34:59.821+0000] {processor.py:836} INFO - DAG(s) dict_keys(['example_sensor_decorator']) retrieved from /usr/local/python/3.10.13/lib/python3.10/site-packages/airflow/example_dags/example_sensor_decorator.py
[2024-06-23T18:34:59.835+0000] {logging_mixin.py:150} INFO - [2024-06-23T18:34:59.835+0000] {dag.py:2742} INFO - Sync 1 DAGs
[2024-06-23T18:34:59.850+0000] {logging_mixin.py:150} INFO - [2024-06-23T18:34:59.850+0000] {dag.py:3504} INFO - Setting next_dagrun for example_sensor_decorator to None, run_after=None
[2024-06-23T18:34:59.888+0000] {processor.py:179} INFO - Processing /usr/local/python/3.10.13/lib/python3.10/site-packages/airflow/example_dags/example_sensor_decorator.py took 0.079 seconds
[2024-06-23T18:35:53.543+0000] {processor.py:157} INFO - Started process (PID=29501) to work on /usr/local/python/3.10.13/lib/python3.10/site-packages/airflow/example_dags/example_sensor_decorator.py
[2024-06-23T18:35:53.543+0000] {processor.py:826} INFO - Processing file /usr/local/python/3.10.13/lib/python3.10/site-packages/airflow/example_dags/example_sensor_decorator.py for tasks to queue
[2024-06-23T18:35:53.544+0000] {logging_mixin.py:150} INFO - [2024-06-23T18:35:53.544+0000] {dagbag.py:541} INFO - Filling up the DagBag from /usr/local/python/3.10.13/lib/python3.10/site-packages/airflow/example_dags/example_sensor_decorator.py
[2024-06-23T18:35:53.548+0000] {processor.py:836} INFO - DAG(s) dict_keys(['example_sensor_decorator']) retrieved from /usr/local/python/3.10.13/lib/python3.10/site-packages/airflow/example_dags/example_sensor_decorator.py
[2024-06-23T18:35:53.561+0000] {logging_mixin.py:150} INFO - [2024-06-23T18:35:53.561+0000] {dag.py:2742} INFO - Sync 1 DAGs
[2024-06-23T18:35:53.576+0000] {logging_mixin.py:150} INFO - [2024-06-23T18:35:53.576+0000] {dag.py:3504} INFO - Setting next_dagrun for example_sensor_decorator to None, run_after=None
[2024-06-23T18:35:53.615+0000] {processor.py:179} INFO - Processing /usr/local/python/3.10.13/lib/python3.10/site-packages/airflow/example_dags/example_sensor_decorator.py took 0.074 seconds
