[2024-06-23T18:26:17.912+0000] {processor.py:157} INFO - Started process (PID=25213) to work on /usr/local/python/3.10.13/lib/python3.10/site-packages/airflow/example_dags/example_trigger_controller_dag.py
[2024-06-23T18:26:17.913+0000] {processor.py:826} INFO - Processing file /usr/local/python/3.10.13/lib/python3.10/site-packages/airflow/example_dags/example_trigger_controller_dag.py for tasks to queue
[2024-06-23T18:26:17.914+0000] {logging_mixin.py:150} INFO - [2024-06-23T18:26:17.914+0000] {dagbag.py:541} INFO - Filling up the DagBag from /usr/local/python/3.10.13/lib/python3.10/site-packages/airflow/example_dags/example_trigger_controller_dag.py
[2024-06-23T18:26:17.922+0000] {processor.py:836} INFO - DAG(s) dict_keys(['example_trigger_controller_dag']) retrieved from /usr/local/python/3.10.13/lib/python3.10/site-packages/airflow/example_dags/example_trigger_controller_dag.py
[2024-06-23T18:26:18.086+0000] {logging_mixin.py:150} INFO - [2024-06-23T18:26:18.086+0000] {manager.py:504} INFO - Created Permission View: can delete on DAG:example_trigger_controller_dag
[2024-06-23T18:26:18.117+0000] {logging_mixin.py:150} INFO - [2024-06-23T18:26:18.117+0000] {manager.py:504} INFO - Created Permission View: can edit on DAG:example_trigger_controller_dag
[2024-06-23T18:26:18.147+0000] {logging_mixin.py:150} INFO - [2024-06-23T18:26:18.147+0000] {manager.py:504} INFO - Created Permission View: can read on DAG:example_trigger_controller_dag
[2024-06-23T18:26:18.157+0000] {logging_mixin.py:150} INFO - [2024-06-23T18:26:18.156+0000] {dag.py:2742} INFO - Sync 1 DAGs
[2024-06-23T18:26:18.164+0000] {logging_mixin.py:150} INFO - [2024-06-23T18:26:18.164+0000] {dag.py:2763} INFO - Creating ORM DAG for example_trigger_controller_dag
[2024-06-23T18:26:18.171+0000] {logging_mixin.py:150} INFO - [2024-06-23T18:26:18.171+0000] {dag.py:3504} INFO - Setting next_dagrun for example_trigger_controller_dag to 2021-01-01T00:00:00+00:00, run_after=2021-01-01T00:00:00+00:00
[2024-06-23T18:26:18.208+0000] {processor.py:179} INFO - Processing /usr/local/python/3.10.13/lib/python3.10/site-packages/airflow/example_dags/example_trigger_controller_dag.py took 0.299 seconds
[2024-06-23T18:27:14.045+0000] {processor.py:157} INFO - Started process (PID=25608) to work on /usr/local/python/3.10.13/lib/python3.10/site-packages/airflow/example_dags/example_trigger_controller_dag.py
[2024-06-23T18:27:14.046+0000] {processor.py:826} INFO - Processing file /usr/local/python/3.10.13/lib/python3.10/site-packages/airflow/example_dags/example_trigger_controller_dag.py for tasks to queue
[2024-06-23T18:27:14.047+0000] {logging_mixin.py:150} INFO - [2024-06-23T18:27:14.046+0000] {dagbag.py:541} INFO - Filling up the DagBag from /usr/local/python/3.10.13/lib/python3.10/site-packages/airflow/example_dags/example_trigger_controller_dag.py
[2024-06-23T18:27:14.050+0000] {processor.py:836} INFO - DAG(s) dict_keys(['example_trigger_controller_dag']) retrieved from /usr/local/python/3.10.13/lib/python3.10/site-packages/airflow/example_dags/example_trigger_controller_dag.py
[2024-06-23T18:27:14.062+0000] {logging_mixin.py:150} INFO - [2024-06-23T18:27:14.062+0000] {dag.py:2742} INFO - Sync 1 DAGs
[2024-06-23T18:27:14.076+0000] {logging_mixin.py:150} INFO - [2024-06-23T18:27:14.076+0000] {dag.py:3504} INFO - Setting next_dagrun for example_trigger_controller_dag to 2021-01-01T00:00:00+00:00, run_after=2021-01-01T00:00:00+00:00
[2024-06-23T18:27:14.114+0000] {processor.py:179} INFO - Processing /usr/local/python/3.10.13/lib/python3.10/site-packages/airflow/example_dags/example_trigger_controller_dag.py took 0.071 seconds
[2024-06-23T18:27:54.860+0000] {processor.py:157} INFO - Started process (PID=26092) to work on /usr/local/python/3.10.13/lib/python3.10/site-packages/airflow/example_dags/example_trigger_controller_dag.py
[2024-06-23T18:27:54.861+0000] {processor.py:826} INFO - Processing file /usr/local/python/3.10.13/lib/python3.10/site-packages/airflow/example_dags/example_trigger_controller_dag.py for tasks to queue
[2024-06-23T18:27:54.862+0000] {logging_mixin.py:150} INFO - [2024-06-23T18:27:54.862+0000] {dagbag.py:541} INFO - Filling up the DagBag from /usr/local/python/3.10.13/lib/python3.10/site-packages/airflow/example_dags/example_trigger_controller_dag.py
[2024-06-23T18:27:54.866+0000] {processor.py:836} INFO - DAG(s) dict_keys(['example_trigger_controller_dag']) retrieved from /usr/local/python/3.10.13/lib/python3.10/site-packages/airflow/example_dags/example_trigger_controller_dag.py
[2024-06-23T18:27:54.878+0000] {logging_mixin.py:150} INFO - [2024-06-23T18:27:54.878+0000] {dag.py:2742} INFO - Sync 1 DAGs
[2024-06-23T18:27:54.895+0000] {logging_mixin.py:150} INFO - [2024-06-23T18:27:54.895+0000] {dag.py:3504} INFO - Setting next_dagrun for example_trigger_controller_dag to 2021-01-01T00:00:00+00:00, run_after=2021-01-01T00:00:00+00:00
[2024-06-23T18:27:54.933+0000] {processor.py:179} INFO - Processing /usr/local/python/3.10.13/lib/python3.10/site-packages/airflow/example_dags/example_trigger_controller_dag.py took 0.076 seconds
[2024-06-23T18:28:41.293+0000] {processor.py:157} INFO - Started process (PID=26443) to work on /usr/local/python/3.10.13/lib/python3.10/site-packages/airflow/example_dags/example_trigger_controller_dag.py
[2024-06-23T18:28:41.294+0000] {processor.py:826} INFO - Processing file /usr/local/python/3.10.13/lib/python3.10/site-packages/airflow/example_dags/example_trigger_controller_dag.py for tasks to queue
[2024-06-23T18:28:41.295+0000] {logging_mixin.py:150} INFO - [2024-06-23T18:28:41.294+0000] {dagbag.py:541} INFO - Filling up the DagBag from /usr/local/python/3.10.13/lib/python3.10/site-packages/airflow/example_dags/example_trigger_controller_dag.py
[2024-06-23T18:28:41.298+0000] {processor.py:836} INFO - DAG(s) dict_keys(['example_trigger_controller_dag']) retrieved from /usr/local/python/3.10.13/lib/python3.10/site-packages/airflow/example_dags/example_trigger_controller_dag.py
[2024-06-23T18:28:41.309+0000] {logging_mixin.py:150} INFO - [2024-06-23T18:28:41.309+0000] {dag.py:2742} INFO - Sync 1 DAGs
[2024-06-23T18:28:41.324+0000] {logging_mixin.py:150} INFO - [2024-06-23T18:28:41.324+0000] {dag.py:3504} INFO - Setting next_dagrun for example_trigger_controller_dag to 2021-01-01T00:00:00+00:00, run_after=2021-01-01T00:00:00+00:00
[2024-06-23T18:28:41.361+0000] {processor.py:179} INFO - Processing /usr/local/python/3.10.13/lib/python3.10/site-packages/airflow/example_dags/example_trigger_controller_dag.py took 0.070 seconds
[2024-06-23T18:29:23.893+0000] {processor.py:157} INFO - Started process (PID=26733) to work on /usr/local/python/3.10.13/lib/python3.10/site-packages/airflow/example_dags/example_trigger_controller_dag.py
[2024-06-23T18:29:23.894+0000] {processor.py:826} INFO - Processing file /usr/local/python/3.10.13/lib/python3.10/site-packages/airflow/example_dags/example_trigger_controller_dag.py for tasks to queue
[2024-06-23T18:29:23.894+0000] {logging_mixin.py:150} INFO - [2024-06-23T18:29:23.894+0000] {dagbag.py:541} INFO - Filling up the DagBag from /usr/local/python/3.10.13/lib/python3.10/site-packages/airflow/example_dags/example_trigger_controller_dag.py
[2024-06-23T18:29:23.897+0000] {processor.py:836} INFO - DAG(s) dict_keys(['example_trigger_controller_dag']) retrieved from /usr/local/python/3.10.13/lib/python3.10/site-packages/airflow/example_dags/example_trigger_controller_dag.py
[2024-06-23T18:29:23.910+0000] {logging_mixin.py:150} INFO - [2024-06-23T18:29:23.909+0000] {dag.py:2742} INFO - Sync 1 DAGs
[2024-06-23T18:29:23.925+0000] {logging_mixin.py:150} INFO - [2024-06-23T18:29:23.924+0000] {dag.py:3504} INFO - Setting next_dagrun for example_trigger_controller_dag to 2021-01-01T00:00:00+00:00, run_after=2021-01-01T00:00:00+00:00
[2024-06-23T18:29:23.964+0000] {processor.py:179} INFO - Processing /usr/local/python/3.10.13/lib/python3.10/site-packages/airflow/example_dags/example_trigger_controller_dag.py took 0.073 seconds
[2024-06-23T18:30:07.844+0000] {processor.py:157} INFO - Started process (PID=27037) to work on /usr/local/python/3.10.13/lib/python3.10/site-packages/airflow/example_dags/example_trigger_controller_dag.py
[2024-06-23T18:30:07.845+0000] {processor.py:826} INFO - Processing file /usr/local/python/3.10.13/lib/python3.10/site-packages/airflow/example_dags/example_trigger_controller_dag.py for tasks to queue
[2024-06-23T18:30:07.846+0000] {logging_mixin.py:150} INFO - [2024-06-23T18:30:07.846+0000] {dagbag.py:541} INFO - Filling up the DagBag from /usr/local/python/3.10.13/lib/python3.10/site-packages/airflow/example_dags/example_trigger_controller_dag.py
[2024-06-23T18:30:07.850+0000] {processor.py:836} INFO - DAG(s) dict_keys(['example_trigger_controller_dag']) retrieved from /usr/local/python/3.10.13/lib/python3.10/site-packages/airflow/example_dags/example_trigger_controller_dag.py
[2024-06-23T18:30:07.865+0000] {logging_mixin.py:150} INFO - [2024-06-23T18:30:07.865+0000] {dag.py:2742} INFO - Sync 1 DAGs
[2024-06-23T18:30:07.880+0000] {logging_mixin.py:150} INFO - [2024-06-23T18:30:07.880+0000] {dag.py:3504} INFO - Setting next_dagrun for example_trigger_controller_dag to 2021-01-01T00:00:00+00:00, run_after=2021-01-01T00:00:00+00:00
[2024-06-23T18:30:07.919+0000] {processor.py:179} INFO - Processing /usr/local/python/3.10.13/lib/python3.10/site-packages/airflow/example_dags/example_trigger_controller_dag.py took 0.078 seconds
[2024-06-23T18:30:50.555+0000] {processor.py:157} INFO - Started process (PID=27326) to work on /usr/local/python/3.10.13/lib/python3.10/site-packages/airflow/example_dags/example_trigger_controller_dag.py
[2024-06-23T18:30:50.555+0000] {processor.py:826} INFO - Processing file /usr/local/python/3.10.13/lib/python3.10/site-packages/airflow/example_dags/example_trigger_controller_dag.py for tasks to queue
[2024-06-23T18:30:50.556+0000] {logging_mixin.py:150} INFO - [2024-06-23T18:30:50.556+0000] {dagbag.py:541} INFO - Filling up the DagBag from /usr/local/python/3.10.13/lib/python3.10/site-packages/airflow/example_dags/example_trigger_controller_dag.py
[2024-06-23T18:30:50.559+0000] {processor.py:836} INFO - DAG(s) dict_keys(['example_trigger_controller_dag']) retrieved from /usr/local/python/3.10.13/lib/python3.10/site-packages/airflow/example_dags/example_trigger_controller_dag.py
[2024-06-23T18:30:50.571+0000] {logging_mixin.py:150} INFO - [2024-06-23T18:30:50.571+0000] {dag.py:2742} INFO - Sync 1 DAGs
[2024-06-23T18:30:50.585+0000] {logging_mixin.py:150} INFO - [2024-06-23T18:30:50.585+0000] {dag.py:3504} INFO - Setting next_dagrun for example_trigger_controller_dag to 2021-01-01T00:00:00+00:00, run_after=2021-01-01T00:00:00+00:00
[2024-06-23T18:30:50.625+0000] {processor.py:179} INFO - Processing /usr/local/python/3.10.13/lib/python3.10/site-packages/airflow/example_dags/example_trigger_controller_dag.py took 0.072 seconds
[2024-06-23T18:31:25.023+0000] {processor.py:157} INFO - Started process (PID=27581) to work on /usr/local/python/3.10.13/lib/python3.10/site-packages/airflow/example_dags/example_trigger_controller_dag.py
[2024-06-23T18:31:25.024+0000] {processor.py:826} INFO - Processing file /usr/local/python/3.10.13/lib/python3.10/site-packages/airflow/example_dags/example_trigger_controller_dag.py for tasks to queue
[2024-06-23T18:31:25.025+0000] {logging_mixin.py:150} INFO - [2024-06-23T18:31:25.024+0000] {dagbag.py:541} INFO - Filling up the DagBag from /usr/local/python/3.10.13/lib/python3.10/site-packages/airflow/example_dags/example_trigger_controller_dag.py
[2024-06-23T18:31:25.028+0000] {processor.py:836} INFO - DAG(s) dict_keys(['example_trigger_controller_dag']) retrieved from /usr/local/python/3.10.13/lib/python3.10/site-packages/airflow/example_dags/example_trigger_controller_dag.py
[2024-06-23T18:31:25.039+0000] {logging_mixin.py:150} INFO - [2024-06-23T18:31:25.039+0000] {dag.py:2742} INFO - Sync 1 DAGs
[2024-06-23T18:31:25.054+0000] {logging_mixin.py:150} INFO - [2024-06-23T18:31:25.054+0000] {dag.py:3504} INFO - Setting next_dagrun for example_trigger_controller_dag to 2021-01-01T00:00:00+00:00, run_after=2021-01-01T00:00:00+00:00
[2024-06-23T18:31:25.094+0000] {processor.py:179} INFO - Processing /usr/local/python/3.10.13/lib/python3.10/site-packages/airflow/example_dags/example_trigger_controller_dag.py took 0.073 seconds
[2024-06-23T18:32:12.940+0000] {processor.py:157} INFO - Started process (PID=27930) to work on /usr/local/python/3.10.13/lib/python3.10/site-packages/airflow/example_dags/example_trigger_controller_dag.py
[2024-06-23T18:32:12.940+0000] {processor.py:826} INFO - Processing file /usr/local/python/3.10.13/lib/python3.10/site-packages/airflow/example_dags/example_trigger_controller_dag.py for tasks to queue
[2024-06-23T18:32:12.941+0000] {logging_mixin.py:150} INFO - [2024-06-23T18:32:12.941+0000] {dagbag.py:541} INFO - Filling up the DagBag from /usr/local/python/3.10.13/lib/python3.10/site-packages/airflow/example_dags/example_trigger_controller_dag.py
[2024-06-23T18:32:12.944+0000] {processor.py:836} INFO - DAG(s) dict_keys(['example_trigger_controller_dag']) retrieved from /usr/local/python/3.10.13/lib/python3.10/site-packages/airflow/example_dags/example_trigger_controller_dag.py
[2024-06-23T18:32:12.956+0000] {logging_mixin.py:150} INFO - [2024-06-23T18:32:12.956+0000] {dag.py:2742} INFO - Sync 1 DAGs
[2024-06-23T18:32:12.971+0000] {logging_mixin.py:150} INFO - [2024-06-23T18:32:12.971+0000] {dag.py:3504} INFO - Setting next_dagrun for example_trigger_controller_dag to 2021-01-01T00:00:00+00:00, run_after=2021-01-01T00:00:00+00:00
[2024-06-23T18:32:13.016+0000] {processor.py:179} INFO - Processing /usr/local/python/3.10.13/lib/python3.10/site-packages/airflow/example_dags/example_trigger_controller_dag.py took 0.078 seconds
[2024-06-23T18:32:48.024+0000] {processor.py:157} INFO - Started process (PID=28180) to work on /usr/local/python/3.10.13/lib/python3.10/site-packages/airflow/example_dags/example_trigger_controller_dag.py
[2024-06-23T18:32:48.025+0000] {processor.py:826} INFO - Processing file /usr/local/python/3.10.13/lib/python3.10/site-packages/airflow/example_dags/example_trigger_controller_dag.py for tasks to queue
[2024-06-23T18:32:48.025+0000] {logging_mixin.py:150} INFO - [2024-06-23T18:32:48.025+0000] {dagbag.py:541} INFO - Filling up the DagBag from /usr/local/python/3.10.13/lib/python3.10/site-packages/airflow/example_dags/example_trigger_controller_dag.py
[2024-06-23T18:32:48.029+0000] {processor.py:836} INFO - DAG(s) dict_keys(['example_trigger_controller_dag']) retrieved from /usr/local/python/3.10.13/lib/python3.10/site-packages/airflow/example_dags/example_trigger_controller_dag.py
[2024-06-23T18:32:48.040+0000] {logging_mixin.py:150} INFO - [2024-06-23T18:32:48.040+0000] {dag.py:2742} INFO - Sync 1 DAGs
[2024-06-23T18:32:48.055+0000] {logging_mixin.py:150} INFO - [2024-06-23T18:32:48.055+0000] {dag.py:3504} INFO - Setting next_dagrun for example_trigger_controller_dag to 2021-01-01T00:00:00+00:00, run_after=2021-01-01T00:00:00+00:00
[2024-06-23T18:32:48.093+0000] {processor.py:179} INFO - Processing /usr/local/python/3.10.13/lib/python3.10/site-packages/airflow/example_dags/example_trigger_controller_dag.py took 0.071 seconds
[2024-06-23T18:33:25.380+0000] {processor.py:157} INFO - Started process (PID=28446) to work on /usr/local/python/3.10.13/lib/python3.10/site-packages/airflow/example_dags/example_trigger_controller_dag.py
[2024-06-23T18:33:25.381+0000] {processor.py:826} INFO - Processing file /usr/local/python/3.10.13/lib/python3.10/site-packages/airflow/example_dags/example_trigger_controller_dag.py for tasks to queue
[2024-06-23T18:33:25.382+0000] {logging_mixin.py:150} INFO - [2024-06-23T18:33:25.381+0000] {dagbag.py:541} INFO - Filling up the DagBag from /usr/local/python/3.10.13/lib/python3.10/site-packages/airflow/example_dags/example_trigger_controller_dag.py
[2024-06-23T18:33:25.385+0000] {processor.py:836} INFO - DAG(s) dict_keys(['example_trigger_controller_dag']) retrieved from /usr/local/python/3.10.13/lib/python3.10/site-packages/airflow/example_dags/example_trigger_controller_dag.py
[2024-06-23T18:33:25.397+0000] {logging_mixin.py:150} INFO - [2024-06-23T18:33:25.397+0000] {dag.py:2742} INFO - Sync 1 DAGs
[2024-06-23T18:33:25.412+0000] {logging_mixin.py:150} INFO - [2024-06-23T18:33:25.412+0000] {dag.py:3504} INFO - Setting next_dagrun for example_trigger_controller_dag to 2021-01-01T00:00:00+00:00, run_after=2021-01-01T00:00:00+00:00
[2024-06-23T18:33:25.450+0000] {processor.py:179} INFO - Processing /usr/local/python/3.10.13/lib/python3.10/site-packages/airflow/example_dags/example_trigger_controller_dag.py took 0.072 seconds
[2024-06-23T18:34:00.656+0000] {processor.py:157} INFO - Started process (PID=28686) to work on /usr/local/python/3.10.13/lib/python3.10/site-packages/airflow/example_dags/example_trigger_controller_dag.py
[2024-06-23T18:34:00.657+0000] {processor.py:826} INFO - Processing file /usr/local/python/3.10.13/lib/python3.10/site-packages/airflow/example_dags/example_trigger_controller_dag.py for tasks to queue
[2024-06-23T18:34:00.657+0000] {logging_mixin.py:150} INFO - [2024-06-23T18:34:00.657+0000] {dagbag.py:541} INFO - Filling up the DagBag from /usr/local/python/3.10.13/lib/python3.10/site-packages/airflow/example_dags/example_trigger_controller_dag.py
[2024-06-23T18:34:00.661+0000] {processor.py:836} INFO - DAG(s) dict_keys(['example_trigger_controller_dag']) retrieved from /usr/local/python/3.10.13/lib/python3.10/site-packages/airflow/example_dags/example_trigger_controller_dag.py
[2024-06-23T18:34:00.672+0000] {logging_mixin.py:150} INFO - [2024-06-23T18:34:00.672+0000] {dag.py:2742} INFO - Sync 1 DAGs
[2024-06-23T18:34:00.687+0000] {logging_mixin.py:150} INFO - [2024-06-23T18:34:00.687+0000] {dag.py:3504} INFO - Setting next_dagrun for example_trigger_controller_dag to 2021-01-01T00:00:00+00:00, run_after=2021-01-01T00:00:00+00:00
[2024-06-23T18:34:00.726+0000] {processor.py:179} INFO - Processing /usr/local/python/3.10.13/lib/python3.10/site-packages/airflow/example_dags/example_trigger_controller_dag.py took 0.073 seconds
[2024-06-23T18:34:31.532+0000] {processor.py:157} INFO - Started process (PID=28898) to work on /usr/local/python/3.10.13/lib/python3.10/site-packages/airflow/example_dags/example_trigger_controller_dag.py
[2024-06-23T18:34:31.533+0000] {processor.py:826} INFO - Processing file /usr/local/python/3.10.13/lib/python3.10/site-packages/airflow/example_dags/example_trigger_controller_dag.py for tasks to queue
[2024-06-23T18:34:31.534+0000] {logging_mixin.py:150} INFO - [2024-06-23T18:34:31.533+0000] {dagbag.py:541} INFO - Filling up the DagBag from /usr/local/python/3.10.13/lib/python3.10/site-packages/airflow/example_dags/example_trigger_controller_dag.py
[2024-06-23T18:34:31.537+0000] {processor.py:836} INFO - DAG(s) dict_keys(['example_trigger_controller_dag']) retrieved from /usr/local/python/3.10.13/lib/python3.10/site-packages/airflow/example_dags/example_trigger_controller_dag.py
[2024-06-23T18:34:31.548+0000] {logging_mixin.py:150} INFO - [2024-06-23T18:34:31.548+0000] {dag.py:2742} INFO - Sync 1 DAGs
[2024-06-23T18:34:31.565+0000] {logging_mixin.py:150} INFO - [2024-06-23T18:34:31.565+0000] {dag.py:3504} INFO - Setting next_dagrun for example_trigger_controller_dag to 2021-01-01T00:00:00+00:00, run_after=2021-01-01T00:00:00+00:00
[2024-06-23T18:34:31.615+0000] {processor.py:179} INFO - Processing /usr/local/python/3.10.13/lib/python3.10/site-packages/airflow/example_dags/example_trigger_controller_dag.py took 0.084 seconds
[2024-06-23T18:35:09.006+0000] {processor.py:157} INFO - Started process (PID=29169) to work on /usr/local/python/3.10.13/lib/python3.10/site-packages/airflow/example_dags/example_trigger_controller_dag.py
[2024-06-23T18:35:09.006+0000] {processor.py:826} INFO - Processing file /usr/local/python/3.10.13/lib/python3.10/site-packages/airflow/example_dags/example_trigger_controller_dag.py for tasks to queue
[2024-06-23T18:35:09.007+0000] {logging_mixin.py:150} INFO - [2024-06-23T18:35:09.007+0000] {dagbag.py:541} INFO - Filling up the DagBag from /usr/local/python/3.10.13/lib/python3.10/site-packages/airflow/example_dags/example_trigger_controller_dag.py
[2024-06-23T18:35:09.010+0000] {processor.py:836} INFO - DAG(s) dict_keys(['example_trigger_controller_dag']) retrieved from /usr/local/python/3.10.13/lib/python3.10/site-packages/airflow/example_dags/example_trigger_controller_dag.py
[2024-06-23T18:35:09.022+0000] {logging_mixin.py:150} INFO - [2024-06-23T18:35:09.022+0000] {dag.py:2742} INFO - Sync 1 DAGs
[2024-06-23T18:35:09.037+0000] {logging_mixin.py:150} INFO - [2024-06-23T18:35:09.036+0000] {dag.py:3504} INFO - Setting next_dagrun for example_trigger_controller_dag to 2021-01-01T00:00:00+00:00, run_after=2021-01-01T00:00:00+00:00
[2024-06-23T18:35:09.075+0000] {processor.py:179} INFO - Processing /usr/local/python/3.10.13/lib/python3.10/site-packages/airflow/example_dags/example_trigger_controller_dag.py took 0.071 seconds
[2024-06-23T18:35:45.063+0000] {processor.py:157} INFO - Started process (PID=29431) to work on /usr/local/python/3.10.13/lib/python3.10/site-packages/airflow/example_dags/example_trigger_controller_dag.py
[2024-06-23T18:35:45.063+0000] {processor.py:826} INFO - Processing file /usr/local/python/3.10.13/lib/python3.10/site-packages/airflow/example_dags/example_trigger_controller_dag.py for tasks to queue
[2024-06-23T18:35:45.064+0000] {logging_mixin.py:150} INFO - [2024-06-23T18:35:45.064+0000] {dagbag.py:541} INFO - Filling up the DagBag from /usr/local/python/3.10.13/lib/python3.10/site-packages/airflow/example_dags/example_trigger_controller_dag.py
[2024-06-23T18:35:45.067+0000] {processor.py:836} INFO - DAG(s) dict_keys(['example_trigger_controller_dag']) retrieved from /usr/local/python/3.10.13/lib/python3.10/site-packages/airflow/example_dags/example_trigger_controller_dag.py
[2024-06-23T18:35:45.078+0000] {logging_mixin.py:150} INFO - [2024-06-23T18:35:45.078+0000] {dag.py:2742} INFO - Sync 1 DAGs
[2024-06-23T18:35:45.098+0000] {logging_mixin.py:150} INFO - [2024-06-23T18:35:45.098+0000] {dag.py:3504} INFO - Setting next_dagrun for example_trigger_controller_dag to 2021-01-01T00:00:00+00:00, run_after=2021-01-01T00:00:00+00:00
[2024-06-23T18:35:45.162+0000] {processor.py:179} INFO - Processing /usr/local/python/3.10.13/lib/python3.10/site-packages/airflow/example_dags/example_trigger_controller_dag.py took 0.102 seconds
[2024-06-23T18:36:21.232+0000] {processor.py:157} INFO - Started process (PID=29790) to work on /usr/local/python/3.10.13/lib/python3.10/site-packages/airflow/example_dags/example_trigger_controller_dag.py
[2024-06-23T18:36:21.232+0000] {processor.py:826} INFO - Processing file /usr/local/python/3.10.13/lib/python3.10/site-packages/airflow/example_dags/example_trigger_controller_dag.py for tasks to queue
[2024-06-23T18:36:21.233+0000] {logging_mixin.py:150} INFO - [2024-06-23T18:36:21.233+0000] {dagbag.py:541} INFO - Filling up the DagBag from /usr/local/python/3.10.13/lib/python3.10/site-packages/airflow/example_dags/example_trigger_controller_dag.py
[2024-06-23T18:36:21.236+0000] {processor.py:836} INFO - DAG(s) dict_keys(['example_trigger_controller_dag']) retrieved from /usr/local/python/3.10.13/lib/python3.10/site-packages/airflow/example_dags/example_trigger_controller_dag.py
[2024-06-23T18:36:21.248+0000] {logging_mixin.py:150} INFO - [2024-06-23T18:36:21.248+0000] {dag.py:2742} INFO - Sync 1 DAGs
[2024-06-23T18:36:21.263+0000] {logging_mixin.py:150} INFO - [2024-06-23T18:36:21.263+0000] {dag.py:3504} INFO - Setting next_dagrun for example_trigger_controller_dag to 2021-01-01T00:00:00+00:00, run_after=2021-01-01T00:00:00+00:00
[2024-06-23T18:36:21.301+0000] {processor.py:179} INFO - Processing /usr/local/python/3.10.13/lib/python3.10/site-packages/airflow/example_dags/example_trigger_controller_dag.py took 0.072 seconds
