[2024-06-23T18:27:06.546+0000] {processor.py:157} INFO - Started process (PID=25549) to work on /usr/local/python/3.10.13/lib/python3.10/site-packages/airflow/example_dags/example_bash_operator.py
[2024-06-23T18:27:06.546+0000] {processor.py:826} INFO - Processing file /usr/local/python/3.10.13/lib/python3.10/site-packages/airflow/example_dags/example_bash_operator.py for tasks to queue
[2024-06-23T18:27:06.547+0000] {logging_mixin.py:150} INFO - [2024-06-23T18:27:06.547+0000] {dagbag.py:541} INFO - Filling up the DagBag from /usr/local/python/3.10.13/lib/python3.10/site-packages/airflow/example_dags/example_bash_operator.py
[2024-06-23T18:27:06.560+0000] {processor.py:836} INFO - DAG(s) dict_keys(['example_bash_operator']) retrieved from /usr/local/python/3.10.13/lib/python3.10/site-packages/airflow/example_dags/example_bash_operator.py
[2024-06-23T18:27:06.715+0000] {logging_mixin.py:150} INFO - [2024-06-23T18:27:06.715+0000] {manager.py:504} INFO - Created Permission View: can delete on DAG:example_bash_operator
[2024-06-23T18:27:06.746+0000] {logging_mixin.py:150} INFO - [2024-06-23T18:27:06.746+0000] {manager.py:504} INFO - Created Permission View: can edit on DAG:example_bash_operator
[2024-06-23T18:27:06.776+0000] {logging_mixin.py:150} INFO - [2024-06-23T18:27:06.776+0000] {manager.py:504} INFO - Created Permission View: can read on DAG:example_bash_operator
[2024-06-23T18:27:06.785+0000] {logging_mixin.py:150} INFO - [2024-06-23T18:27:06.785+0000] {dag.py:2742} INFO - Sync 1 DAGs
[2024-06-23T18:27:06.792+0000] {logging_mixin.py:150} INFO - [2024-06-23T18:27:06.792+0000] {dag.py:2763} INFO - Creating ORM DAG for example_bash_operator
[2024-06-23T18:27:06.800+0000] {logging_mixin.py:150} INFO - [2024-06-23T18:27:06.800+0000] {dag.py:3504} INFO - Setting next_dagrun for example_bash_operator to 2024-06-22T00:00:00+00:00, run_after=2024-06-23T00:00:00+00:00
[2024-06-23T18:27:06.843+0000] {processor.py:179} INFO - Processing /usr/local/python/3.10.13/lib/python3.10/site-packages/airflow/example_dags/example_bash_operator.py took 0.301 seconds
[2024-06-23T18:28:04.992+0000] {processor.py:157} INFO - Started process (PID=26169) to work on /usr/local/python/3.10.13/lib/python3.10/site-packages/airflow/example_dags/example_bash_operator.py
[2024-06-23T18:28:04.992+0000] {processor.py:826} INFO - Processing file /usr/local/python/3.10.13/lib/python3.10/site-packages/airflow/example_dags/example_bash_operator.py for tasks to queue
[2024-06-23T18:28:04.993+0000] {logging_mixin.py:150} INFO - [2024-06-23T18:28:04.993+0000] {dagbag.py:541} INFO - Filling up the DagBag from /usr/local/python/3.10.13/lib/python3.10/site-packages/airflow/example_dags/example_bash_operator.py
[2024-06-23T18:28:05.002+0000] {processor.py:836} INFO - DAG(s) dict_keys(['example_bash_operator']) retrieved from /usr/local/python/3.10.13/lib/python3.10/site-packages/airflow/example_dags/example_bash_operator.py
[2024-06-23T18:28:05.020+0000] {logging_mixin.py:150} INFO - [2024-06-23T18:28:05.020+0000] {dag.py:2742} INFO - Sync 1 DAGs
[2024-06-23T18:28:05.036+0000] {logging_mixin.py:150} INFO - [2024-06-23T18:28:05.036+0000] {dag.py:3504} INFO - Setting next_dagrun for example_bash_operator to 2024-06-22T00:00:00+00:00, run_after=2024-06-23T00:00:00+00:00
[2024-06-23T18:28:05.082+0000] {processor.py:179} INFO - Processing /usr/local/python/3.10.13/lib/python3.10/site-packages/airflow/example_dags/example_bash_operator.py took 0.092 seconds
[2024-06-23T18:28:50.453+0000] {processor.py:157} INFO - Started process (PID=26484) to work on /usr/local/python/3.10.13/lib/python3.10/site-packages/airflow/example_dags/example_bash_operator.py
[2024-06-23T18:28:50.454+0000] {processor.py:826} INFO - Processing file /usr/local/python/3.10.13/lib/python3.10/site-packages/airflow/example_dags/example_bash_operator.py for tasks to queue
[2024-06-23T18:28:50.455+0000] {logging_mixin.py:150} INFO - [2024-06-23T18:28:50.454+0000] {dagbag.py:541} INFO - Filling up the DagBag from /usr/local/python/3.10.13/lib/python3.10/site-packages/airflow/example_dags/example_bash_operator.py
[2024-06-23T18:28:50.463+0000] {processor.py:836} INFO - DAG(s) dict_keys(['example_bash_operator']) retrieved from /usr/local/python/3.10.13/lib/python3.10/site-packages/airflow/example_dags/example_bash_operator.py
[2024-06-23T18:28:50.481+0000] {logging_mixin.py:150} INFO - [2024-06-23T18:28:50.481+0000] {dag.py:2742} INFO - Sync 1 DAGs
[2024-06-23T18:28:50.500+0000] {logging_mixin.py:150} INFO - [2024-06-23T18:28:50.500+0000] {dag.py:3504} INFO - Setting next_dagrun for example_bash_operator to 2024-06-22T00:00:00+00:00, run_after=2024-06-23T00:00:00+00:00
[2024-06-23T18:28:50.551+0000] {processor.py:179} INFO - Processing /usr/local/python/3.10.13/lib/python3.10/site-packages/airflow/example_dags/example_bash_operator.py took 0.099 seconds
[2024-06-23T18:29:34.218+0000] {processor.py:157} INFO - Started process (PID=26805) to work on /usr/local/python/3.10.13/lib/python3.10/site-packages/airflow/example_dags/example_bash_operator.py
[2024-06-23T18:29:34.219+0000] {processor.py:826} INFO - Processing file /usr/local/python/3.10.13/lib/python3.10/site-packages/airflow/example_dags/example_bash_operator.py for tasks to queue
[2024-06-23T18:29:34.220+0000] {logging_mixin.py:150} INFO - [2024-06-23T18:29:34.219+0000] {dagbag.py:541} INFO - Filling up the DagBag from /usr/local/python/3.10.13/lib/python3.10/site-packages/airflow/example_dags/example_bash_operator.py
[2024-06-23T18:29:34.228+0000] {processor.py:836} INFO - DAG(s) dict_keys(['example_bash_operator']) retrieved from /usr/local/python/3.10.13/lib/python3.10/site-packages/airflow/example_dags/example_bash_operator.py
[2024-06-23T18:29:34.248+0000] {logging_mixin.py:150} INFO - [2024-06-23T18:29:34.248+0000] {dag.py:2742} INFO - Sync 1 DAGs
[2024-06-23T18:29:34.264+0000] {logging_mixin.py:150} INFO - [2024-06-23T18:29:34.264+0000] {dag.py:3504} INFO - Setting next_dagrun for example_bash_operator to 2024-06-22T00:00:00+00:00, run_after=2024-06-23T00:00:00+00:00
[2024-06-23T18:29:34.303+0000] {processor.py:179} INFO - Processing /usr/local/python/3.10.13/lib/python3.10/site-packages/airflow/example_dags/example_bash_operator.py took 0.087 seconds
[2024-06-23T18:30:18.212+0000] {processor.py:157} INFO - Started process (PID=27106) to work on /usr/local/python/3.10.13/lib/python3.10/site-packages/airflow/example_dags/example_bash_operator.py
[2024-06-23T18:30:18.212+0000] {processor.py:826} INFO - Processing file /usr/local/python/3.10.13/lib/python3.10/site-packages/airflow/example_dags/example_bash_operator.py for tasks to queue
[2024-06-23T18:30:18.213+0000] {logging_mixin.py:150} INFO - [2024-06-23T18:30:18.213+0000] {dagbag.py:541} INFO - Filling up the DagBag from /usr/local/python/3.10.13/lib/python3.10/site-packages/airflow/example_dags/example_bash_operator.py
[2024-06-23T18:30:18.221+0000] {processor.py:836} INFO - DAG(s) dict_keys(['example_bash_operator']) retrieved from /usr/local/python/3.10.13/lib/python3.10/site-packages/airflow/example_dags/example_bash_operator.py
[2024-06-23T18:30:18.240+0000] {logging_mixin.py:150} INFO - [2024-06-23T18:30:18.240+0000] {dag.py:2742} INFO - Sync 1 DAGs
[2024-06-23T18:30:18.256+0000] {logging_mixin.py:150} INFO - [2024-06-23T18:30:18.256+0000] {dag.py:3504} INFO - Setting next_dagrun for example_bash_operator to 2024-06-22T00:00:00+00:00, run_after=2024-06-23T00:00:00+00:00
[2024-06-23T18:30:18.294+0000] {processor.py:179} INFO - Processing /usr/local/python/3.10.13/lib/python3.10/site-packages/airflow/example_dags/example_bash_operator.py took 0.084 seconds
[2024-06-23T18:31:19.128+0000] {processor.py:157} INFO - Started process (PID=27531) to work on /usr/local/python/3.10.13/lib/python3.10/site-packages/airflow/example_dags/example_bash_operator.py
[2024-06-23T18:31:19.129+0000] {processor.py:826} INFO - Processing file /usr/local/python/3.10.13/lib/python3.10/site-packages/airflow/example_dags/example_bash_operator.py for tasks to queue
[2024-06-23T18:31:19.130+0000] {logging_mixin.py:150} INFO - [2024-06-23T18:31:19.129+0000] {dagbag.py:541} INFO - Filling up the DagBag from /usr/local/python/3.10.13/lib/python3.10/site-packages/airflow/example_dags/example_bash_operator.py
[2024-06-23T18:31:19.138+0000] {processor.py:836} INFO - DAG(s) dict_keys(['example_bash_operator']) retrieved from /usr/local/python/3.10.13/lib/python3.10/site-packages/airflow/example_dags/example_bash_operator.py
[2024-06-23T18:31:19.156+0000] {logging_mixin.py:150} INFO - [2024-06-23T18:31:19.156+0000] {dag.py:2742} INFO - Sync 1 DAGs
[2024-06-23T18:31:19.172+0000] {logging_mixin.py:150} INFO - [2024-06-23T18:31:19.172+0000] {dag.py:3504} INFO - Setting next_dagrun for example_bash_operator to 2024-06-22T00:00:00+00:00, run_after=2024-06-23T00:00:00+00:00
[2024-06-23T18:31:19.212+0000] {processor.py:179} INFO - Processing /usr/local/python/3.10.13/lib/python3.10/site-packages/airflow/example_dags/example_bash_operator.py took 0.086 seconds
[2024-06-23T18:32:09.895+0000] {processor.py:157} INFO - Started process (PID=27909) to work on /usr/local/python/3.10.13/lib/python3.10/site-packages/airflow/example_dags/example_bash_operator.py
[2024-06-23T18:32:09.896+0000] {processor.py:826} INFO - Processing file /usr/local/python/3.10.13/lib/python3.10/site-packages/airflow/example_dags/example_bash_operator.py for tasks to queue
[2024-06-23T18:32:09.897+0000] {logging_mixin.py:150} INFO - [2024-06-23T18:32:09.896+0000] {dagbag.py:541} INFO - Filling up the DagBag from /usr/local/python/3.10.13/lib/python3.10/site-packages/airflow/example_dags/example_bash_operator.py
[2024-06-23T18:32:09.905+0000] {processor.py:836} INFO - DAG(s) dict_keys(['example_bash_operator']) retrieved from /usr/local/python/3.10.13/lib/python3.10/site-packages/airflow/example_dags/example_bash_operator.py
[2024-06-23T18:32:09.925+0000] {logging_mixin.py:150} INFO - [2024-06-23T18:32:09.925+0000] {dag.py:2742} INFO - Sync 1 DAGs
[2024-06-23T18:32:09.947+0000] {logging_mixin.py:150} INFO - [2024-06-23T18:32:09.947+0000] {dag.py:3504} INFO - Setting next_dagrun for example_bash_operator to 2024-06-22T00:00:00+00:00, run_after=2024-06-23T00:00:00+00:00
[2024-06-23T18:32:09.986+0000] {processor.py:179} INFO - Processing /usr/local/python/3.10.13/lib/python3.10/site-packages/airflow/example_dags/example_bash_operator.py took 0.093 seconds
[2024-06-23T18:33:03.431+0000] {processor.py:157} INFO - Started process (PID=28276) to work on /usr/local/python/3.10.13/lib/python3.10/site-packages/airflow/example_dags/example_bash_operator.py
[2024-06-23T18:33:03.431+0000] {processor.py:826} INFO - Processing file /usr/local/python/3.10.13/lib/python3.10/site-packages/airflow/example_dags/example_bash_operator.py for tasks to queue
[2024-06-23T18:33:03.432+0000] {logging_mixin.py:150} INFO - [2024-06-23T18:33:03.432+0000] {dagbag.py:541} INFO - Filling up the DagBag from /usr/local/python/3.10.13/lib/python3.10/site-packages/airflow/example_dags/example_bash_operator.py
[2024-06-23T18:33:03.440+0000] {processor.py:836} INFO - DAG(s) dict_keys(['example_bash_operator']) retrieved from /usr/local/python/3.10.13/lib/python3.10/site-packages/airflow/example_dags/example_bash_operator.py
[2024-06-23T18:33:03.458+0000] {logging_mixin.py:150} INFO - [2024-06-23T18:33:03.458+0000] {dag.py:2742} INFO - Sync 1 DAGs
[2024-06-23T18:33:03.474+0000] {logging_mixin.py:150} INFO - [2024-06-23T18:33:03.474+0000] {dag.py:3504} INFO - Setting next_dagrun for example_bash_operator to 2024-06-22T00:00:00+00:00, run_after=2024-06-23T00:00:00+00:00
[2024-06-23T18:33:03.512+0000] {processor.py:179} INFO - Processing /usr/local/python/3.10.13/lib/python3.10/site-packages/airflow/example_dags/example_bash_operator.py took 0.083 seconds
[2024-06-23T18:33:58.499+0000] {processor.py:157} INFO - Started process (PID=28671) to work on /usr/local/python/3.10.13/lib/python3.10/site-packages/airflow/example_dags/example_bash_operator.py
[2024-06-23T18:33:58.500+0000] {processor.py:826} INFO - Processing file /usr/local/python/3.10.13/lib/python3.10/site-packages/airflow/example_dags/example_bash_operator.py for tasks to queue
[2024-06-23T18:33:58.500+0000] {logging_mixin.py:150} INFO - [2024-06-23T18:33:58.500+0000] {dagbag.py:541} INFO - Filling up the DagBag from /usr/local/python/3.10.13/lib/python3.10/site-packages/airflow/example_dags/example_bash_operator.py
[2024-06-23T18:33:58.509+0000] {processor.py:836} INFO - DAG(s) dict_keys(['example_bash_operator']) retrieved from /usr/local/python/3.10.13/lib/python3.10/site-packages/airflow/example_dags/example_bash_operator.py
[2024-06-23T18:33:58.527+0000] {logging_mixin.py:150} INFO - [2024-06-23T18:33:58.527+0000] {dag.py:2742} INFO - Sync 1 DAGs
[2024-06-23T18:33:58.542+0000] {logging_mixin.py:150} INFO - [2024-06-23T18:33:58.542+0000] {dag.py:3504} INFO - Setting next_dagrun for example_bash_operator to 2024-06-22T00:00:00+00:00, run_after=2024-06-23T00:00:00+00:00
[2024-06-23T18:33:58.583+0000] {processor.py:179} INFO - Processing /usr/local/python/3.10.13/lib/python3.10/site-packages/airflow/example_dags/example_bash_operator.py took 0.086 seconds
[2024-06-23T18:34:45.198+0000] {processor.py:157} INFO - Started process (PID=28990) to work on /usr/local/python/3.10.13/lib/python3.10/site-packages/airflow/example_dags/example_bash_operator.py
[2024-06-23T18:34:45.198+0000] {processor.py:826} INFO - Processing file /usr/local/python/3.10.13/lib/python3.10/site-packages/airflow/example_dags/example_bash_operator.py for tasks to queue
[2024-06-23T18:34:45.199+0000] {logging_mixin.py:150} INFO - [2024-06-23T18:34:45.199+0000] {dagbag.py:541} INFO - Filling up the DagBag from /usr/local/python/3.10.13/lib/python3.10/site-packages/airflow/example_dags/example_bash_operator.py
[2024-06-23T18:34:45.208+0000] {processor.py:836} INFO - DAG(s) dict_keys(['example_bash_operator']) retrieved from /usr/local/python/3.10.13/lib/python3.10/site-packages/airflow/example_dags/example_bash_operator.py
[2024-06-23T18:34:45.226+0000] {logging_mixin.py:150} INFO - [2024-06-23T18:34:45.226+0000] {dag.py:2742} INFO - Sync 1 DAGs
[2024-06-23T18:34:45.242+0000] {logging_mixin.py:150} INFO - [2024-06-23T18:34:45.242+0000] {dag.py:3504} INFO - Setting next_dagrun for example_bash_operator to 2024-06-22T00:00:00+00:00, run_after=2024-06-23T00:00:00+00:00
[2024-06-23T18:34:45.280+0000] {processor.py:179} INFO - Processing /usr/local/python/3.10.13/lib/python3.10/site-packages/airflow/example_dags/example_bash_operator.py took 0.085 seconds
[2024-06-23T18:35:38.735+0000] {processor.py:157} INFO - Started process (PID=29395) to work on /usr/local/python/3.10.13/lib/python3.10/site-packages/airflow/example_dags/example_bash_operator.py
[2024-06-23T18:35:38.735+0000] {processor.py:826} INFO - Processing file /usr/local/python/3.10.13/lib/python3.10/site-packages/airflow/example_dags/example_bash_operator.py for tasks to queue
[2024-06-23T18:35:38.736+0000] {logging_mixin.py:150} INFO - [2024-06-23T18:35:38.736+0000] {dagbag.py:541} INFO - Filling up the DagBag from /usr/local/python/3.10.13/lib/python3.10/site-packages/airflow/example_dags/example_bash_operator.py
[2024-06-23T18:35:38.744+0000] {processor.py:836} INFO - DAG(s) dict_keys(['example_bash_operator']) retrieved from /usr/local/python/3.10.13/lib/python3.10/site-packages/airflow/example_dags/example_bash_operator.py
[2024-06-23T18:35:38.762+0000] {logging_mixin.py:150} INFO - [2024-06-23T18:35:38.762+0000] {dag.py:2742} INFO - Sync 1 DAGs
[2024-06-23T18:35:38.778+0000] {logging_mixin.py:150} INFO - [2024-06-23T18:35:38.778+0000] {dag.py:3504} INFO - Setting next_dagrun for example_bash_operator to 2024-06-22T00:00:00+00:00, run_after=2024-06-23T00:00:00+00:00
[2024-06-23T18:35:38.818+0000] {processor.py:179} INFO - Processing /usr/local/python/3.10.13/lib/python3.10/site-packages/airflow/example_dags/example_bash_operator.py took 0.085 seconds
