[2024-06-23T18:26:22.905+0000] {processor.py:157} INFO - Started process (PID=25254) to work on /usr/local/python/3.10.13/lib/python3.10/site-packages/airflow/example_dags/example_sla_dag.py
[2024-06-23T18:26:22.906+0000] {processor.py:826} INFO - Processing file /usr/local/python/3.10.13/lib/python3.10/site-packages/airflow/example_dags/example_sla_dag.py for tasks to queue
[2024-06-23T18:26:22.907+0000] {logging_mixin.py:150} INFO - [2024-06-23T18:26:22.906+0000] {dagbag.py:541} INFO - Filling up the DagBag from /usr/local/python/3.10.13/lib/python3.10/site-packages/airflow/example_dags/example_sla_dag.py
[2024-06-23T18:26:22.914+0000] {processor.py:836} INFO - DAG(s) dict_keys(['example_sla_dag']) retrieved from /usr/local/python/3.10.13/lib/python3.10/site-packages/airflow/example_dags/example_sla_dag.py
[2024-06-23T18:26:23.039+0000] {logging_mixin.py:150} INFO - [2024-06-23T18:26:23.038+0000] {manager.py:504} INFO - Created Permission View: can delete on DAG:example_sla_dag
[2024-06-23T18:26:23.068+0000] {logging_mixin.py:150} INFO - [2024-06-23T18:26:23.068+0000] {manager.py:504} INFO - Created Permission View: can edit on DAG:example_sla_dag
[2024-06-23T18:26:23.097+0000] {logging_mixin.py:150} INFO - [2024-06-23T18:26:23.096+0000] {manager.py:504} INFO - Created Permission View: can read on DAG:example_sla_dag
[2024-06-23T18:26:23.105+0000] {logging_mixin.py:150} INFO - [2024-06-23T18:26:23.105+0000] {dag.py:2742} INFO - Sync 1 DAGs
[2024-06-23T18:26:23.112+0000] {logging_mixin.py:150} INFO - [2024-06-23T18:26:23.112+0000] {dag.py:2763} INFO - Creating ORM DAG for example_sla_dag
[2024-06-23T18:26:23.122+0000] {logging_mixin.py:150} INFO - [2024-06-23T18:26:23.122+0000] {dag.py:3504} INFO - Setting next_dagrun for example_sla_dag to 2024-06-23T18:24:00+00:00, run_after=2024-06-23T18:26:00+00:00
[2024-06-23T18:26:23.164+0000] {processor.py:179} INFO - Processing /usr/local/python/3.10.13/lib/python3.10/site-packages/airflow/example_dags/example_sla_dag.py took 0.261 seconds
[2024-06-23T18:27:17.175+0000] {processor.py:157} INFO - Started process (PID=25633) to work on /usr/local/python/3.10.13/lib/python3.10/site-packages/airflow/example_dags/example_sla_dag.py
[2024-06-23T18:27:17.175+0000] {processor.py:826} INFO - Processing file /usr/local/python/3.10.13/lib/python3.10/site-packages/airflow/example_dags/example_sla_dag.py for tasks to queue
[2024-06-23T18:27:17.176+0000] {logging_mixin.py:150} INFO - [2024-06-23T18:27:17.176+0000] {dagbag.py:541} INFO - Filling up the DagBag from /usr/local/python/3.10.13/lib/python3.10/site-packages/airflow/example_dags/example_sla_dag.py
[2024-06-23T18:27:17.184+0000] {processor.py:836} INFO - DAG(s) dict_keys(['example_sla_dag']) retrieved from /usr/local/python/3.10.13/lib/python3.10/site-packages/airflow/example_dags/example_sla_dag.py
[2024-06-23T18:27:17.195+0000] {logging_mixin.py:150} INFO - [2024-06-23T18:27:17.195+0000] {dag.py:2742} INFO - Sync 1 DAGs
[2024-06-23T18:27:17.213+0000] {logging_mixin.py:150} INFO - [2024-06-23T18:27:17.213+0000] {dag.py:3504} INFO - Setting next_dagrun for example_sla_dag to 2024-06-23T18:24:00+00:00, run_after=2024-06-23T18:26:00+00:00
[2024-06-23T18:27:17.250+0000] {processor.py:179} INFO - Processing /usr/local/python/3.10.13/lib/python3.10/site-packages/airflow/example_dags/example_sla_dag.py took 0.078 seconds
[2024-06-23T18:27:59.535+0000] {processor.py:157} INFO - Started process (PID=26118) to work on /usr/local/python/3.10.13/lib/python3.10/site-packages/airflow/example_dags/example_sla_dag.py
[2024-06-23T18:27:59.536+0000] {processor.py:826} INFO - Processing file /usr/local/python/3.10.13/lib/python3.10/site-packages/airflow/example_dags/example_sla_dag.py for tasks to queue
[2024-06-23T18:27:59.537+0000] {logging_mixin.py:150} INFO - [2024-06-23T18:27:59.536+0000] {dagbag.py:541} INFO - Filling up the DagBag from /usr/local/python/3.10.13/lib/python3.10/site-packages/airflow/example_dags/example_sla_dag.py
[2024-06-23T18:27:59.543+0000] {processor.py:836} INFO - DAG(s) dict_keys(['example_sla_dag']) retrieved from /usr/local/python/3.10.13/lib/python3.10/site-packages/airflow/example_dags/example_sla_dag.py
[2024-06-23T18:27:59.554+0000] {logging_mixin.py:150} INFO - [2024-06-23T18:27:59.554+0000] {dag.py:2742} INFO - Sync 1 DAGs
[2024-06-23T18:27:59.572+0000] {logging_mixin.py:150} INFO - [2024-06-23T18:27:59.572+0000] {dag.py:3504} INFO - Setting next_dagrun for example_sla_dag to 2024-06-23T18:24:00+00:00, run_after=2024-06-23T18:26:00+00:00
[2024-06-23T18:27:59.613+0000] {processor.py:179} INFO - Processing /usr/local/python/3.10.13/lib/python3.10/site-packages/airflow/example_dags/example_sla_dag.py took 0.080 seconds
[2024-06-23T18:28:44.976+0000] {processor.py:157} INFO - Started process (PID=26459) to work on /usr/local/python/3.10.13/lib/python3.10/site-packages/airflow/example_dags/example_sla_dag.py
[2024-06-23T18:28:44.976+0000] {processor.py:826} INFO - Processing file /usr/local/python/3.10.13/lib/python3.10/site-packages/airflow/example_dags/example_sla_dag.py for tasks to queue
[2024-06-23T18:28:44.977+0000] {logging_mixin.py:150} INFO - [2024-06-23T18:28:44.977+0000] {dagbag.py:541} INFO - Filling up the DagBag from /usr/local/python/3.10.13/lib/python3.10/site-packages/airflow/example_dags/example_sla_dag.py
[2024-06-23T18:28:44.983+0000] {processor.py:836} INFO - DAG(s) dict_keys(['example_sla_dag']) retrieved from /usr/local/python/3.10.13/lib/python3.10/site-packages/airflow/example_dags/example_sla_dag.py
[2024-06-23T18:28:44.994+0000] {logging_mixin.py:150} INFO - [2024-06-23T18:28:44.994+0000] {dag.py:2742} INFO - Sync 1 DAGs
[2024-06-23T18:28:45.013+0000] {logging_mixin.py:150} INFO - [2024-06-23T18:28:45.012+0000] {dag.py:3504} INFO - Setting next_dagrun for example_sla_dag to 2024-06-23T18:26:00+00:00, run_after=2024-06-23T18:28:00+00:00
[2024-06-23T18:28:45.051+0000] {processor.py:179} INFO - Processing /usr/local/python/3.10.13/lib/python3.10/site-packages/airflow/example_dags/example_sla_dag.py took 0.077 seconds
[2024-06-23T18:29:27.921+0000] {processor.py:157} INFO - Started process (PID=26756) to work on /usr/local/python/3.10.13/lib/python3.10/site-packages/airflow/example_dags/example_sla_dag.py
[2024-06-23T18:29:27.922+0000] {processor.py:826} INFO - Processing file /usr/local/python/3.10.13/lib/python3.10/site-packages/airflow/example_dags/example_sla_dag.py for tasks to queue
[2024-06-23T18:29:27.923+0000] {logging_mixin.py:150} INFO - [2024-06-23T18:29:27.922+0000] {dagbag.py:541} INFO - Filling up the DagBag from /usr/local/python/3.10.13/lib/python3.10/site-packages/airflow/example_dags/example_sla_dag.py
[2024-06-23T18:29:27.929+0000] {processor.py:836} INFO - DAG(s) dict_keys(['example_sla_dag']) retrieved from /usr/local/python/3.10.13/lib/python3.10/site-packages/airflow/example_dags/example_sla_dag.py
[2024-06-23T18:29:27.940+0000] {logging_mixin.py:150} INFO - [2024-06-23T18:29:27.940+0000] {dag.py:2742} INFO - Sync 1 DAGs
[2024-06-23T18:29:27.958+0000] {logging_mixin.py:150} INFO - [2024-06-23T18:29:27.958+0000] {dag.py:3504} INFO - Setting next_dagrun for example_sla_dag to 2024-06-23T18:26:00+00:00, run_after=2024-06-23T18:28:00+00:00
[2024-06-23T18:29:27.998+0000] {processor.py:179} INFO - Processing /usr/local/python/3.10.13/lib/python3.10/site-packages/airflow/example_dags/example_sla_dag.py took 0.078 seconds
[2024-06-23T18:30:11.465+0000] {processor.py:157} INFO - Started process (PID=27053) to work on /usr/local/python/3.10.13/lib/python3.10/site-packages/airflow/example_dags/example_sla_dag.py
[2024-06-23T18:30:11.466+0000] {processor.py:826} INFO - Processing file /usr/local/python/3.10.13/lib/python3.10/site-packages/airflow/example_dags/example_sla_dag.py for tasks to queue
[2024-06-23T18:30:11.466+0000] {logging_mixin.py:150} INFO - [2024-06-23T18:30:11.466+0000] {dagbag.py:541} INFO - Filling up the DagBag from /usr/local/python/3.10.13/lib/python3.10/site-packages/airflow/example_dags/example_sla_dag.py
[2024-06-23T18:30:11.473+0000] {processor.py:836} INFO - DAG(s) dict_keys(['example_sla_dag']) retrieved from /usr/local/python/3.10.13/lib/python3.10/site-packages/airflow/example_dags/example_sla_dag.py
[2024-06-23T18:30:11.484+0000] {logging_mixin.py:150} INFO - [2024-06-23T18:30:11.484+0000] {dag.py:2742} INFO - Sync 1 DAGs
[2024-06-23T18:30:11.501+0000] {logging_mixin.py:150} INFO - [2024-06-23T18:30:11.501+0000] {dag.py:3504} INFO - Setting next_dagrun for example_sla_dag to 2024-06-23T18:28:00+00:00, run_after=2024-06-23T18:30:00+00:00
[2024-06-23T18:30:11.546+0000] {processor.py:179} INFO - Processing /usr/local/python/3.10.13/lib/python3.10/site-packages/airflow/example_dags/example_sla_dag.py took 0.083 seconds
[2024-06-23T18:30:54.554+0000] {processor.py:157} INFO - Started process (PID=27366) to work on /usr/local/python/3.10.13/lib/python3.10/site-packages/airflow/example_dags/example_sla_dag.py
[2024-06-23T18:30:54.555+0000] {processor.py:826} INFO - Processing file /usr/local/python/3.10.13/lib/python3.10/site-packages/airflow/example_dags/example_sla_dag.py for tasks to queue
[2024-06-23T18:30:54.556+0000] {logging_mixin.py:150} INFO - [2024-06-23T18:30:54.555+0000] {dagbag.py:541} INFO - Filling up the DagBag from /usr/local/python/3.10.13/lib/python3.10/site-packages/airflow/example_dags/example_sla_dag.py
[2024-06-23T18:30:54.562+0000] {processor.py:836} INFO - DAG(s) dict_keys(['example_sla_dag']) retrieved from /usr/local/python/3.10.13/lib/python3.10/site-packages/airflow/example_dags/example_sla_dag.py
[2024-06-23T18:30:54.574+0000] {logging_mixin.py:150} INFO - [2024-06-23T18:30:54.573+0000] {dag.py:2742} INFO - Sync 1 DAGs
[2024-06-23T18:30:54.591+0000] {logging_mixin.py:150} INFO - [2024-06-23T18:30:54.591+0000] {dag.py:3504} INFO - Setting next_dagrun for example_sla_dag to 2024-06-23T18:28:00+00:00, run_after=2024-06-23T18:30:00+00:00
[2024-06-23T18:30:54.629+0000] {processor.py:179} INFO - Processing /usr/local/python/3.10.13/lib/python3.10/site-packages/airflow/example_dags/example_sla_dag.py took 0.077 seconds
[2024-06-23T18:31:42.096+0000] {processor.py:157} INFO - Started process (PID=27691) to work on /usr/local/python/3.10.13/lib/python3.10/site-packages/airflow/example_dags/example_sla_dag.py
[2024-06-23T18:31:42.097+0000] {processor.py:826} INFO - Processing file /usr/local/python/3.10.13/lib/python3.10/site-packages/airflow/example_dags/example_sla_dag.py for tasks to queue
[2024-06-23T18:31:42.098+0000] {logging_mixin.py:150} INFO - [2024-06-23T18:31:42.097+0000] {dagbag.py:541} INFO - Filling up the DagBag from /usr/local/python/3.10.13/lib/python3.10/site-packages/airflow/example_dags/example_sla_dag.py
[2024-06-23T18:31:42.104+0000] {processor.py:836} INFO - DAG(s) dict_keys(['example_sla_dag']) retrieved from /usr/local/python/3.10.13/lib/python3.10/site-packages/airflow/example_dags/example_sla_dag.py
[2024-06-23T18:31:42.115+0000] {logging_mixin.py:150} INFO - [2024-06-23T18:31:42.115+0000] {dag.py:2742} INFO - Sync 1 DAGs
[2024-06-23T18:31:42.133+0000] {logging_mixin.py:150} INFO - [2024-06-23T18:31:42.133+0000] {dag.py:3504} INFO - Setting next_dagrun for example_sla_dag to 2024-06-23T18:28:00+00:00, run_after=2024-06-23T18:30:00+00:00
[2024-06-23T18:31:42.172+0000] {processor.py:179} INFO - Processing /usr/local/python/3.10.13/lib/python3.10/site-packages/airflow/example_dags/example_sla_dag.py took 0.077 seconds
[2024-06-23T18:32:32.538+0000] {processor.py:157} INFO - Started process (PID=28063) to work on /usr/local/python/3.10.13/lib/python3.10/site-packages/airflow/example_dags/example_sla_dag.py
[2024-06-23T18:32:32.538+0000] {processor.py:826} INFO - Processing file /usr/local/python/3.10.13/lib/python3.10/site-packages/airflow/example_dags/example_sla_dag.py for tasks to queue
[2024-06-23T18:32:32.539+0000] {logging_mixin.py:150} INFO - [2024-06-23T18:32:32.539+0000] {dagbag.py:541} INFO - Filling up the DagBag from /usr/local/python/3.10.13/lib/python3.10/site-packages/airflow/example_dags/example_sla_dag.py
[2024-06-23T18:32:32.545+0000] {processor.py:836} INFO - DAG(s) dict_keys(['example_sla_dag']) retrieved from /usr/local/python/3.10.13/lib/python3.10/site-packages/airflow/example_dags/example_sla_dag.py
[2024-06-23T18:32:32.557+0000] {logging_mixin.py:150} INFO - [2024-06-23T18:32:32.557+0000] {dag.py:2742} INFO - Sync 1 DAGs
[2024-06-23T18:32:32.574+0000] {logging_mixin.py:150} INFO - [2024-06-23T18:32:32.574+0000] {dag.py:3504} INFO - Setting next_dagrun for example_sla_dag to 2024-06-23T18:30:00+00:00, run_after=2024-06-23T18:32:00+00:00
[2024-06-23T18:32:32.613+0000] {processor.py:179} INFO - Processing /usr/local/python/3.10.13/lib/python3.10/site-packages/airflow/example_dags/example_sla_dag.py took 0.077 seconds
[2024-06-23T18:33:09.976+0000] {processor.py:157} INFO - Started process (PID=28325) to work on /usr/local/python/3.10.13/lib/python3.10/site-packages/airflow/example_dags/example_sla_dag.py
[2024-06-23T18:33:09.977+0000] {processor.py:826} INFO - Processing file /usr/local/python/3.10.13/lib/python3.10/site-packages/airflow/example_dags/example_sla_dag.py for tasks to queue
[2024-06-23T18:33:09.978+0000] {logging_mixin.py:150} INFO - [2024-06-23T18:33:09.978+0000] {dagbag.py:541} INFO - Filling up the DagBag from /usr/local/python/3.10.13/lib/python3.10/site-packages/airflow/example_dags/example_sla_dag.py
[2024-06-23T18:33:09.985+0000] {processor.py:836} INFO - DAG(s) dict_keys(['example_sla_dag']) retrieved from /usr/local/python/3.10.13/lib/python3.10/site-packages/airflow/example_dags/example_sla_dag.py
[2024-06-23T18:33:09.997+0000] {logging_mixin.py:150} INFO - [2024-06-23T18:33:09.996+0000] {dag.py:2742} INFO - Sync 1 DAGs
[2024-06-23T18:33:10.015+0000] {logging_mixin.py:150} INFO - [2024-06-23T18:33:10.015+0000] {dag.py:3504} INFO - Setting next_dagrun for example_sla_dag to 2024-06-23T18:30:00+00:00, run_after=2024-06-23T18:32:00+00:00
[2024-06-23T18:33:10.053+0000] {processor.py:179} INFO - Processing /usr/local/python/3.10.13/lib/python3.10/site-packages/airflow/example_dags/example_sla_dag.py took 0.079 seconds
[2024-06-23T18:33:46.028+0000] {processor.py:157} INFO - Started process (PID=28592) to work on /usr/local/python/3.10.13/lib/python3.10/site-packages/airflow/example_dags/example_sla_dag.py
[2024-06-23T18:33:46.028+0000] {processor.py:826} INFO - Processing file /usr/local/python/3.10.13/lib/python3.10/site-packages/airflow/example_dags/example_sla_dag.py for tasks to queue
[2024-06-23T18:33:46.029+0000] {logging_mixin.py:150} INFO - [2024-06-23T18:33:46.029+0000] {dagbag.py:541} INFO - Filling up the DagBag from /usr/local/python/3.10.13/lib/python3.10/site-packages/airflow/example_dags/example_sla_dag.py
[2024-06-23T18:33:46.035+0000] {processor.py:836} INFO - DAG(s) dict_keys(['example_sla_dag']) retrieved from /usr/local/python/3.10.13/lib/python3.10/site-packages/airflow/example_dags/example_sla_dag.py
[2024-06-23T18:33:46.046+0000] {logging_mixin.py:150} INFO - [2024-06-23T18:33:46.046+0000] {dag.py:2742} INFO - Sync 1 DAGs
[2024-06-23T18:33:46.064+0000] {logging_mixin.py:150} INFO - [2024-06-23T18:33:46.064+0000] {dag.py:3504} INFO - Setting next_dagrun for example_sla_dag to 2024-06-23T18:30:00+00:00, run_after=2024-06-23T18:32:00+00:00
[2024-06-23T18:33:46.104+0000] {processor.py:179} INFO - Processing /usr/local/python/3.10.13/lib/python3.10/site-packages/airflow/example_dags/example_sla_dag.py took 0.079 seconds
[2024-06-23T18:34:32.696+0000] {processor.py:157} INFO - Started process (PID=28911) to work on /usr/local/python/3.10.13/lib/python3.10/site-packages/airflow/example_dags/example_sla_dag.py
[2024-06-23T18:34:32.697+0000] {processor.py:826} INFO - Processing file /usr/local/python/3.10.13/lib/python3.10/site-packages/airflow/example_dags/example_sla_dag.py for tasks to queue
[2024-06-23T18:34:32.697+0000] {logging_mixin.py:150} INFO - [2024-06-23T18:34:32.697+0000] {dagbag.py:541} INFO - Filling up the DagBag from /usr/local/python/3.10.13/lib/python3.10/site-packages/airflow/example_dags/example_sla_dag.py
[2024-06-23T18:34:32.704+0000] {processor.py:836} INFO - DAG(s) dict_keys(['example_sla_dag']) retrieved from /usr/local/python/3.10.13/lib/python3.10/site-packages/airflow/example_dags/example_sla_dag.py
[2024-06-23T18:34:32.715+0000] {logging_mixin.py:150} INFO - [2024-06-23T18:34:32.715+0000] {dag.py:2742} INFO - Sync 1 DAGs
[2024-06-23T18:34:32.733+0000] {logging_mixin.py:150} INFO - [2024-06-23T18:34:32.733+0000] {dag.py:3504} INFO - Setting next_dagrun for example_sla_dag to 2024-06-23T18:32:00+00:00, run_after=2024-06-23T18:34:00+00:00
[2024-06-23T18:34:32.772+0000] {processor.py:179} INFO - Processing /usr/local/python/3.10.13/lib/python3.10/site-packages/airflow/example_dags/example_sla_dag.py took 0.078 seconds
[2024-06-23T18:35:10.141+0000] {processor.py:157} INFO - Started process (PID=29170) to work on /usr/local/python/3.10.13/lib/python3.10/site-packages/airflow/example_dags/example_sla_dag.py
[2024-06-23T18:35:10.142+0000] {processor.py:826} INFO - Processing file /usr/local/python/3.10.13/lib/python3.10/site-packages/airflow/example_dags/example_sla_dag.py for tasks to queue
[2024-06-23T18:35:10.143+0000] {logging_mixin.py:150} INFO - [2024-06-23T18:35:10.143+0000] {dagbag.py:541} INFO - Filling up the DagBag from /usr/local/python/3.10.13/lib/python3.10/site-packages/airflow/example_dags/example_sla_dag.py
[2024-06-23T18:35:10.152+0000] {processor.py:836} INFO - DAG(s) dict_keys(['example_sla_dag']) retrieved from /usr/local/python/3.10.13/lib/python3.10/site-packages/airflow/example_dags/example_sla_dag.py
[2024-06-23T18:35:10.169+0000] {logging_mixin.py:150} INFO - [2024-06-23T18:35:10.169+0000] {dag.py:2742} INFO - Sync 1 DAGs
[2024-06-23T18:35:10.206+0000] {logging_mixin.py:150} INFO - [2024-06-23T18:35:10.206+0000] {dag.py:3504} INFO - Setting next_dagrun for example_sla_dag to 2024-06-23T18:32:00+00:00, run_after=2024-06-23T18:34:00+00:00
[2024-06-23T18:35:10.249+0000] {processor.py:179} INFO - Processing /usr/local/python/3.10.13/lib/python3.10/site-packages/airflow/example_dags/example_sla_dag.py took 0.111 seconds
[2024-06-23T18:35:46.296+0000] {processor.py:157} INFO - Started process (PID=29438) to work on /usr/local/python/3.10.13/lib/python3.10/site-packages/airflow/example_dags/example_sla_dag.py
[2024-06-23T18:35:46.297+0000] {processor.py:826} INFO - Processing file /usr/local/python/3.10.13/lib/python3.10/site-packages/airflow/example_dags/example_sla_dag.py for tasks to queue
[2024-06-23T18:35:46.297+0000] {logging_mixin.py:150} INFO - [2024-06-23T18:35:46.297+0000] {dagbag.py:541} INFO - Filling up the DagBag from /usr/local/python/3.10.13/lib/python3.10/site-packages/airflow/example_dags/example_sla_dag.py
[2024-06-23T18:35:46.304+0000] {processor.py:836} INFO - DAG(s) dict_keys(['example_sla_dag']) retrieved from /usr/local/python/3.10.13/lib/python3.10/site-packages/airflow/example_dags/example_sla_dag.py
[2024-06-23T18:35:46.315+0000] {logging_mixin.py:150} INFO - [2024-06-23T18:35:46.314+0000] {dag.py:2742} INFO - Sync 1 DAGs
[2024-06-23T18:35:46.332+0000] {logging_mixin.py:150} INFO - [2024-06-23T18:35:46.332+0000] {dag.py:3504} INFO - Setting next_dagrun for example_sla_dag to 2024-06-23T18:32:00+00:00, run_after=2024-06-23T18:34:00+00:00
[2024-06-23T18:35:46.370+0000] {processor.py:179} INFO - Processing /usr/local/python/3.10.13/lib/python3.10/site-packages/airflow/example_dags/example_sla_dag.py took 0.076 seconds
[2024-06-23T18:36:22.366+0000] {processor.py:157} INFO - Started process (PID=29809) to work on /usr/local/python/3.10.13/lib/python3.10/site-packages/airflow/example_dags/example_sla_dag.py
[2024-06-23T18:36:22.368+0000] {processor.py:826} INFO - Processing file /usr/local/python/3.10.13/lib/python3.10/site-packages/airflow/example_dags/example_sla_dag.py for tasks to queue
[2024-06-23T18:36:22.368+0000] {logging_mixin.py:150} INFO - [2024-06-23T18:36:22.368+0000] {dagbag.py:541} INFO - Filling up the DagBag from /usr/local/python/3.10.13/lib/python3.10/site-packages/airflow/example_dags/example_sla_dag.py
[2024-06-23T18:36:22.377+0000] {processor.py:836} INFO - DAG(s) dict_keys(['example_sla_dag']) retrieved from /usr/local/python/3.10.13/lib/python3.10/site-packages/airflow/example_dags/example_sla_dag.py
[2024-06-23T18:36:22.388+0000] {logging_mixin.py:150} INFO - [2024-06-23T18:36:22.388+0000] {dag.py:2742} INFO - Sync 1 DAGs
[2024-06-23T18:36:22.408+0000] {logging_mixin.py:150} INFO - [2024-06-23T18:36:22.408+0000] {dag.py:3504} INFO - Setting next_dagrun for example_sla_dag to 2024-06-23T18:34:00+00:00, run_after=2024-06-23T18:36:00+00:00
[2024-06-23T18:36:22.451+0000] {processor.py:179} INFO - Processing /usr/local/python/3.10.13/lib/python3.10/site-packages/airflow/example_dags/example_sla_dag.py took 0.086 seconds
