[2024-06-23T18:26:27.383+0000] {processor.py:157} INFO - Started process (PID=25279) to work on /usr/local/python/3.10.13/lib/python3.10/site-packages/airflow/example_dags/example_task_group_decorator.py
[2024-06-23T18:26:27.383+0000] {processor.py:826} INFO - Processing file /usr/local/python/3.10.13/lib/python3.10/site-packages/airflow/example_dags/example_task_group_decorator.py for tasks to queue
[2024-06-23T18:26:27.384+0000] {logging_mixin.py:150} INFO - [2024-06-23T18:26:27.384+0000] {dagbag.py:541} INFO - Filling up the DagBag from /usr/local/python/3.10.13/lib/python3.10/site-packages/airflow/example_dags/example_task_group_decorator.py
[2024-06-23T18:26:27.397+0000] {processor.py:836} INFO - DAG(s) dict_keys(['example_task_group_decorator']) retrieved from /usr/local/python/3.10.13/lib/python3.10/site-packages/airflow/example_dags/example_task_group_decorator.py
[2024-06-23T18:26:27.530+0000] {logging_mixin.py:150} INFO - [2024-06-23T18:26:27.529+0000] {manager.py:504} INFO - Created Permission View: can delete on DAG:example_task_group_decorator
[2024-06-23T18:26:27.560+0000] {logging_mixin.py:150} INFO - [2024-06-23T18:26:27.560+0000] {manager.py:504} INFO - Created Permission View: can edit on DAG:example_task_group_decorator
[2024-06-23T18:26:27.587+0000] {logging_mixin.py:150} INFO - [2024-06-23T18:26:27.587+0000] {manager.py:504} INFO - Created Permission View: can read on DAG:example_task_group_decorator
[2024-06-23T18:26:27.597+0000] {logging_mixin.py:150} INFO - [2024-06-23T18:26:27.597+0000] {dag.py:2742} INFO - Sync 1 DAGs
[2024-06-23T18:26:27.608+0000] {logging_mixin.py:150} INFO - [2024-06-23T18:26:27.608+0000] {dag.py:2763} INFO - Creating ORM DAG for example_task_group_decorator
[2024-06-23T18:26:27.619+0000] {logging_mixin.py:150} INFO - [2024-06-23T18:26:27.619+0000] {dag.py:3504} INFO - Setting next_dagrun for example_task_group_decorator to 2024-06-22T18:26:27.618928+00:00, run_after=2024-06-23T18:26:27.618928+00:00
[2024-06-23T18:26:27.665+0000] {processor.py:179} INFO - Processing /usr/local/python/3.10.13/lib/python3.10/site-packages/airflow/example_dags/example_task_group_decorator.py took 0.284 seconds
[2024-06-23T18:27:21.742+0000] {processor.py:157} INFO - Started process (PID=25689) to work on /usr/local/python/3.10.13/lib/python3.10/site-packages/airflow/example_dags/example_task_group_decorator.py
[2024-06-23T18:27:21.742+0000] {processor.py:826} INFO - Processing file /usr/local/python/3.10.13/lib/python3.10/site-packages/airflow/example_dags/example_task_group_decorator.py for tasks to queue
[2024-06-23T18:27:21.743+0000] {logging_mixin.py:150} INFO - [2024-06-23T18:27:21.743+0000] {dagbag.py:541} INFO - Filling up the DagBag from /usr/local/python/3.10.13/lib/python3.10/site-packages/airflow/example_dags/example_task_group_decorator.py
[2024-06-23T18:27:21.754+0000] {processor.py:836} INFO - DAG(s) dict_keys(['example_task_group_decorator']) retrieved from /usr/local/python/3.10.13/lib/python3.10/site-packages/airflow/example_dags/example_task_group_decorator.py
[2024-06-23T18:27:21.771+0000] {logging_mixin.py:150} INFO - [2024-06-23T18:27:21.771+0000] {dag.py:2742} INFO - Sync 1 DAGs
[2024-06-23T18:27:21.787+0000] {logging_mixin.py:150} INFO - [2024-06-23T18:27:21.786+0000] {dag.py:3504} INFO - Setting next_dagrun for example_task_group_decorator to 2024-06-22T18:27:21.786777+00:00, run_after=2024-06-23T18:27:21.786777+00:00
[2024-06-23T18:27:21.827+0000] {processor.py:179} INFO - Processing /usr/local/python/3.10.13/lib/python3.10/site-packages/airflow/example_dags/example_task_group_decorator.py took 0.088 seconds
[2024-06-23T18:28:07.261+0000] {processor.py:157} INFO - Started process (PID=26180) to work on /usr/local/python/3.10.13/lib/python3.10/site-packages/airflow/example_dags/example_task_group_decorator.py
[2024-06-23T18:28:07.262+0000] {processor.py:826} INFO - Processing file /usr/local/python/3.10.13/lib/python3.10/site-packages/airflow/example_dags/example_task_group_decorator.py for tasks to queue
[2024-06-23T18:28:07.263+0000] {logging_mixin.py:150} INFO - [2024-06-23T18:28:07.262+0000] {dagbag.py:541} INFO - Filling up the DagBag from /usr/local/python/3.10.13/lib/python3.10/site-packages/airflow/example_dags/example_task_group_decorator.py
[2024-06-23T18:28:07.274+0000] {processor.py:836} INFO - DAG(s) dict_keys(['example_task_group_decorator']) retrieved from /usr/local/python/3.10.13/lib/python3.10/site-packages/airflow/example_dags/example_task_group_decorator.py
[2024-06-23T18:28:07.293+0000] {logging_mixin.py:150} INFO - [2024-06-23T18:28:07.293+0000] {dag.py:2742} INFO - Sync 1 DAGs
[2024-06-23T18:28:07.310+0000] {logging_mixin.py:150} INFO - [2024-06-23T18:28:07.310+0000] {dag.py:3504} INFO - Setting next_dagrun for example_task_group_decorator to 2024-06-22T18:28:07.310558+00:00, run_after=2024-06-23T18:28:07.310558+00:00
[2024-06-23T18:28:07.351+0000] {processor.py:179} INFO - Processing /usr/local/python/3.10.13/lib/python3.10/site-packages/airflow/example_dags/example_task_group_decorator.py took 0.091 seconds
[2024-06-23T18:28:47.815+0000] {processor.py:157} INFO - Started process (PID=26475) to work on /usr/local/python/3.10.13/lib/python3.10/site-packages/airflow/example_dags/example_task_group_decorator.py
[2024-06-23T18:28:47.816+0000] {processor.py:826} INFO - Processing file /usr/local/python/3.10.13/lib/python3.10/site-packages/airflow/example_dags/example_task_group_decorator.py for tasks to queue
[2024-06-23T18:28:47.817+0000] {logging_mixin.py:150} INFO - [2024-06-23T18:28:47.817+0000] {dagbag.py:541} INFO - Filling up the DagBag from /usr/local/python/3.10.13/lib/python3.10/site-packages/airflow/example_dags/example_task_group_decorator.py
[2024-06-23T18:28:47.829+0000] {processor.py:836} INFO - DAG(s) dict_keys(['example_task_group_decorator']) retrieved from /usr/local/python/3.10.13/lib/python3.10/site-packages/airflow/example_dags/example_task_group_decorator.py
[2024-06-23T18:28:47.846+0000] {logging_mixin.py:150} INFO - [2024-06-23T18:28:47.846+0000] {dag.py:2742} INFO - Sync 1 DAGs
[2024-06-23T18:28:47.864+0000] {logging_mixin.py:150} INFO - [2024-06-23T18:28:47.864+0000] {dag.py:3504} INFO - Setting next_dagrun for example_task_group_decorator to 2024-06-22T18:28:47.863968+00:00, run_after=2024-06-23T18:28:47.863968+00:00
[2024-06-23T18:28:47.904+0000] {processor.py:179} INFO - Processing /usr/local/python/3.10.13/lib/python3.10/site-packages/airflow/example_dags/example_task_group_decorator.py took 0.091 seconds
[2024-06-23T18:29:31.629+0000] {processor.py:157} INFO - Started process (PID=26796) to work on /usr/local/python/3.10.13/lib/python3.10/site-packages/airflow/example_dags/example_task_group_decorator.py
[2024-06-23T18:29:31.630+0000] {processor.py:826} INFO - Processing file /usr/local/python/3.10.13/lib/python3.10/site-packages/airflow/example_dags/example_task_group_decorator.py for tasks to queue
[2024-06-23T18:29:31.631+0000] {logging_mixin.py:150} INFO - [2024-06-23T18:29:31.631+0000] {dagbag.py:541} INFO - Filling up the DagBag from /usr/local/python/3.10.13/lib/python3.10/site-packages/airflow/example_dags/example_task_group_decorator.py
[2024-06-23T18:29:31.643+0000] {processor.py:836} INFO - DAG(s) dict_keys(['example_task_group_decorator']) retrieved from /usr/local/python/3.10.13/lib/python3.10/site-packages/airflow/example_dags/example_task_group_decorator.py
[2024-06-23T18:29:31.658+0000] {logging_mixin.py:150} INFO - [2024-06-23T18:29:31.658+0000] {dag.py:2742} INFO - Sync 1 DAGs
[2024-06-23T18:29:31.673+0000] {logging_mixin.py:150} INFO - [2024-06-23T18:29:31.673+0000] {dag.py:3504} INFO - Setting next_dagrun for example_task_group_decorator to 2024-06-22T18:29:31.673594+00:00, run_after=2024-06-23T18:29:31.673594+00:00
[2024-06-23T18:29:31.712+0000] {processor.py:179} INFO - Processing /usr/local/python/3.10.13/lib/python3.10/site-packages/airflow/example_dags/example_task_group_decorator.py took 0.085 seconds
[2024-06-23T18:30:14.451+0000] {processor.py:157} INFO - Started process (PID=27095) to work on /usr/local/python/3.10.13/lib/python3.10/site-packages/airflow/example_dags/example_task_group_decorator.py
[2024-06-23T18:30:14.452+0000] {processor.py:826} INFO - Processing file /usr/local/python/3.10.13/lib/python3.10/site-packages/airflow/example_dags/example_task_group_decorator.py for tasks to queue
[2024-06-23T18:30:14.453+0000] {logging_mixin.py:150} INFO - [2024-06-23T18:30:14.452+0000] {dagbag.py:541} INFO - Filling up the DagBag from /usr/local/python/3.10.13/lib/python3.10/site-packages/airflow/example_dags/example_task_group_decorator.py
[2024-06-23T18:30:14.464+0000] {processor.py:836} INFO - DAG(s) dict_keys(['example_task_group_decorator']) retrieved from /usr/local/python/3.10.13/lib/python3.10/site-packages/airflow/example_dags/example_task_group_decorator.py
[2024-06-23T18:30:14.479+0000] {logging_mixin.py:150} INFO - [2024-06-23T18:30:14.479+0000] {dag.py:2742} INFO - Sync 1 DAGs
[2024-06-23T18:30:14.494+0000] {logging_mixin.py:150} INFO - [2024-06-23T18:30:14.494+0000] {dag.py:3504} INFO - Setting next_dagrun for example_task_group_decorator to 2024-06-22T18:30:14.494108+00:00, run_after=2024-06-23T18:30:14.494108+00:00
[2024-06-23T18:30:14.534+0000] {processor.py:179} INFO - Processing /usr/local/python/3.10.13/lib/python3.10/site-packages/airflow/example_dags/example_task_group_decorator.py took 0.085 seconds
[2024-06-23T18:30:58.851+0000] {processor.py:157} INFO - Started process (PID=27388) to work on /usr/local/python/3.10.13/lib/python3.10/site-packages/airflow/example_dags/example_task_group_decorator.py
[2024-06-23T18:30:58.852+0000] {processor.py:826} INFO - Processing file /usr/local/python/3.10.13/lib/python3.10/site-packages/airflow/example_dags/example_task_group_decorator.py for tasks to queue
[2024-06-23T18:30:58.852+0000] {logging_mixin.py:150} INFO - [2024-06-23T18:30:58.852+0000] {dagbag.py:541} INFO - Filling up the DagBag from /usr/local/python/3.10.13/lib/python3.10/site-packages/airflow/example_dags/example_task_group_decorator.py
[2024-06-23T18:30:58.864+0000] {processor.py:836} INFO - DAG(s) dict_keys(['example_task_group_decorator']) retrieved from /usr/local/python/3.10.13/lib/python3.10/site-packages/airflow/example_dags/example_task_group_decorator.py
[2024-06-23T18:30:58.878+0000] {logging_mixin.py:150} INFO - [2024-06-23T18:30:58.878+0000] {dag.py:2742} INFO - Sync 1 DAGs
[2024-06-23T18:30:58.893+0000] {logging_mixin.py:150} INFO - [2024-06-23T18:30:58.893+0000] {dag.py:3504} INFO - Setting next_dagrun for example_task_group_decorator to 2024-06-22T18:30:58.893315+00:00, run_after=2024-06-23T18:30:58.893315+00:00
[2024-06-23T18:30:58.935+0000] {processor.py:179} INFO - Processing /usr/local/python/3.10.13/lib/python3.10/site-packages/airflow/example_dags/example_task_group_decorator.py took 0.086 seconds
[2024-06-23T18:31:46.101+0000] {processor.py:157} INFO - Started process (PID=27728) to work on /usr/local/python/3.10.13/lib/python3.10/site-packages/airflow/example_dags/example_task_group_decorator.py
[2024-06-23T18:31:46.102+0000] {processor.py:826} INFO - Processing file /usr/local/python/3.10.13/lib/python3.10/site-packages/airflow/example_dags/example_task_group_decorator.py for tasks to queue
[2024-06-23T18:31:46.103+0000] {logging_mixin.py:150} INFO - [2024-06-23T18:31:46.103+0000] {dagbag.py:541} INFO - Filling up the DagBag from /usr/local/python/3.10.13/lib/python3.10/site-packages/airflow/example_dags/example_task_group_decorator.py
[2024-06-23T18:31:46.120+0000] {processor.py:836} INFO - DAG(s) dict_keys(['example_task_group_decorator']) retrieved from /usr/local/python/3.10.13/lib/python3.10/site-packages/airflow/example_dags/example_task_group_decorator.py
[2024-06-23T18:31:46.135+0000] {logging_mixin.py:150} INFO - [2024-06-23T18:31:46.135+0000] {dag.py:2742} INFO - Sync 1 DAGs
[2024-06-23T18:31:46.151+0000] {logging_mixin.py:150} INFO - [2024-06-23T18:31:46.150+0000] {dag.py:3504} INFO - Setting next_dagrun for example_task_group_decorator to 2024-06-22T18:31:46.150752+00:00, run_after=2024-06-23T18:31:46.150752+00:00
[2024-06-23T18:31:46.188+0000] {processor.py:179} INFO - Processing /usr/local/python/3.10.13/lib/python3.10/site-packages/airflow/example_dags/example_task_group_decorator.py took 0.090 seconds
[2024-06-23T18:32:37.099+0000] {processor.py:157} INFO - Started process (PID=28103) to work on /usr/local/python/3.10.13/lib/python3.10/site-packages/airflow/example_dags/example_task_group_decorator.py
[2024-06-23T18:32:37.100+0000] {processor.py:826} INFO - Processing file /usr/local/python/3.10.13/lib/python3.10/site-packages/airflow/example_dags/example_task_group_decorator.py for tasks to queue
[2024-06-23T18:32:37.100+0000] {logging_mixin.py:150} INFO - [2024-06-23T18:32:37.100+0000] {dagbag.py:541} INFO - Filling up the DagBag from /usr/local/python/3.10.13/lib/python3.10/site-packages/airflow/example_dags/example_task_group_decorator.py
[2024-06-23T18:32:37.112+0000] {processor.py:836} INFO - DAG(s) dict_keys(['example_task_group_decorator']) retrieved from /usr/local/python/3.10.13/lib/python3.10/site-packages/airflow/example_dags/example_task_group_decorator.py
[2024-06-23T18:32:37.127+0000] {logging_mixin.py:150} INFO - [2024-06-23T18:32:37.127+0000] {dag.py:2742} INFO - Sync 1 DAGs
[2024-06-23T18:32:37.141+0000] {logging_mixin.py:150} INFO - [2024-06-23T18:32:37.141+0000] {dag.py:3504} INFO - Setting next_dagrun for example_task_group_decorator to 2024-06-22T18:32:37.141381+00:00, run_after=2024-06-23T18:32:37.141381+00:00
[2024-06-23T18:32:37.181+0000] {processor.py:179} INFO - Processing /usr/local/python/3.10.13/lib/python3.10/site-packages/airflow/example_dags/example_task_group_decorator.py took 0.084 seconds
[2024-06-23T18:33:30.253+0000] {processor.py:157} INFO - Started process (PID=28469) to work on /usr/local/python/3.10.13/lib/python3.10/site-packages/airflow/example_dags/example_task_group_decorator.py
[2024-06-23T18:33:30.254+0000] {processor.py:826} INFO - Processing file /usr/local/python/3.10.13/lib/python3.10/site-packages/airflow/example_dags/example_task_group_decorator.py for tasks to queue
[2024-06-23T18:33:30.255+0000] {logging_mixin.py:150} INFO - [2024-06-23T18:33:30.254+0000] {dagbag.py:541} INFO - Filling up the DagBag from /usr/local/python/3.10.13/lib/python3.10/site-packages/airflow/example_dags/example_task_group_decorator.py
[2024-06-23T18:33:30.267+0000] {processor.py:836} INFO - DAG(s) dict_keys(['example_task_group_decorator']) retrieved from /usr/local/python/3.10.13/lib/python3.10/site-packages/airflow/example_dags/example_task_group_decorator.py
[2024-06-23T18:33:30.281+0000] {logging_mixin.py:150} INFO - [2024-06-23T18:33:30.281+0000] {dag.py:2742} INFO - Sync 1 DAGs
[2024-06-23T18:33:30.296+0000] {logging_mixin.py:150} INFO - [2024-06-23T18:33:30.296+0000] {dag.py:3504} INFO - Setting next_dagrun for example_task_group_decorator to 2024-06-22T18:33:30.296230+00:00, run_after=2024-06-23T18:33:30.296230+00:00
[2024-06-23T18:33:30.334+0000] {processor.py:179} INFO - Processing /usr/local/python/3.10.13/lib/python3.10/site-packages/airflow/example_dags/example_task_group_decorator.py took 0.083 seconds
[2024-06-23T18:34:20.233+0000] {processor.py:157} INFO - Started process (PID=28825) to work on /usr/local/python/3.10.13/lib/python3.10/site-packages/airflow/example_dags/example_task_group_decorator.py
[2024-06-23T18:34:20.234+0000] {processor.py:826} INFO - Processing file /usr/local/python/3.10.13/lib/python3.10/site-packages/airflow/example_dags/example_task_group_decorator.py for tasks to queue
[2024-06-23T18:34:20.234+0000] {logging_mixin.py:150} INFO - [2024-06-23T18:34:20.234+0000] {dagbag.py:541} INFO - Filling up the DagBag from /usr/local/python/3.10.13/lib/python3.10/site-packages/airflow/example_dags/example_task_group_decorator.py
[2024-06-23T18:34:20.246+0000] {processor.py:836} INFO - DAG(s) dict_keys(['example_task_group_decorator']) retrieved from /usr/local/python/3.10.13/lib/python3.10/site-packages/airflow/example_dags/example_task_group_decorator.py
[2024-06-23T18:34:20.262+0000] {logging_mixin.py:150} INFO - [2024-06-23T18:34:20.262+0000] {dag.py:2742} INFO - Sync 1 DAGs
[2024-06-23T18:34:20.278+0000] {logging_mixin.py:150} INFO - [2024-06-23T18:34:20.277+0000] {dag.py:3504} INFO - Setting next_dagrun for example_task_group_decorator to 2024-06-22T18:34:20.277779+00:00, run_after=2024-06-23T18:34:20.277779+00:00
[2024-06-23T18:34:20.318+0000] {processor.py:179} INFO - Processing /usr/local/python/3.10.13/lib/python3.10/site-packages/airflow/example_dags/example_task_group_decorator.py took 0.088 seconds
[2024-06-23T18:35:11.577+0000] {processor.py:157} INFO - Started process (PID=29184) to work on /usr/local/python/3.10.13/lib/python3.10/site-packages/airflow/example_dags/example_task_group_decorator.py
[2024-06-23T18:35:11.578+0000] {processor.py:826} INFO - Processing file /usr/local/python/3.10.13/lib/python3.10/site-packages/airflow/example_dags/example_task_group_decorator.py for tasks to queue
[2024-06-23T18:35:11.579+0000] {logging_mixin.py:150} INFO - [2024-06-23T18:35:11.579+0000] {dagbag.py:541} INFO - Filling up the DagBag from /usr/local/python/3.10.13/lib/python3.10/site-packages/airflow/example_dags/example_task_group_decorator.py
[2024-06-23T18:35:11.591+0000] {processor.py:836} INFO - DAG(s) dict_keys(['example_task_group_decorator']) retrieved from /usr/local/python/3.10.13/lib/python3.10/site-packages/airflow/example_dags/example_task_group_decorator.py
[2024-06-23T18:35:11.606+0000] {logging_mixin.py:150} INFO - [2024-06-23T18:35:11.606+0000] {dag.py:2742} INFO - Sync 1 DAGs
[2024-06-23T18:35:11.620+0000] {logging_mixin.py:150} INFO - [2024-06-23T18:35:11.620+0000] {dag.py:3504} INFO - Setting next_dagrun for example_task_group_decorator to 2024-06-22T18:35:11.620664+00:00, run_after=2024-06-23T18:35:11.620664+00:00
[2024-06-23T18:35:11.658+0000] {processor.py:179} INFO - Processing /usr/local/python/3.10.13/lib/python3.10/site-packages/airflow/example_dags/example_task_group_decorator.py took 0.083 seconds
[2024-06-23T18:36:05.747+0000] {processor.py:157} INFO - Started process (PID=29617) to work on /usr/local/python/3.10.13/lib/python3.10/site-packages/airflow/example_dags/example_task_group_decorator.py
[2024-06-23T18:36:05.748+0000] {processor.py:826} INFO - Processing file /usr/local/python/3.10.13/lib/python3.10/site-packages/airflow/example_dags/example_task_group_decorator.py for tasks to queue
[2024-06-23T18:36:05.749+0000] {logging_mixin.py:150} INFO - [2024-06-23T18:36:05.749+0000] {dagbag.py:541} INFO - Filling up the DagBag from /usr/local/python/3.10.13/lib/python3.10/site-packages/airflow/example_dags/example_task_group_decorator.py
[2024-06-23T18:36:05.768+0000] {processor.py:836} INFO - DAG(s) dict_keys(['example_task_group_decorator']) retrieved from /usr/local/python/3.10.13/lib/python3.10/site-packages/airflow/example_dags/example_task_group_decorator.py
[2024-06-23T18:36:05.790+0000] {logging_mixin.py:150} INFO - [2024-06-23T18:36:05.790+0000] {dag.py:2742} INFO - Sync 1 DAGs
[2024-06-23T18:36:05.814+0000] {logging_mixin.py:150} INFO - [2024-06-23T18:36:05.814+0000] {dag.py:3504} INFO - Setting next_dagrun for example_task_group_decorator to 2024-06-22T18:36:05.814073+00:00, run_after=2024-06-23T18:36:05.814073+00:00
[2024-06-23T18:36:05.855+0000] {processor.py:179} INFO - Processing /usr/local/python/3.10.13/lib/python3.10/site-packages/airflow/example_dags/example_task_group_decorator.py took 0.110 seconds
