[2024-06-23T18:26:37.912+0000] {processor.py:157} INFO - Started process (PID=25356) to work on /usr/local/python/3.10.13/lib/python3.10/site-packages/airflow/example_dags/example_dynamic_task_mapping_with_no_taskflow_operators.py
[2024-06-23T18:26:37.913+0000] {processor.py:826} INFO - Processing file /usr/local/python/3.10.13/lib/python3.10/site-packages/airflow/example_dags/example_dynamic_task_mapping_with_no_taskflow_operators.py for tasks to queue
[2024-06-23T18:26:37.913+0000] {logging_mixin.py:150} INFO - [2024-06-23T18:26:37.913+0000] {dagbag.py:541} INFO - Filling up the DagBag from /usr/local/python/3.10.13/lib/python3.10/site-packages/airflow/example_dags/example_dynamic_task_mapping_with_no_taskflow_operators.py
[2024-06-23T18:26:37.918+0000] {processor.py:836} INFO - DAG(s) dict_keys(['example_dynamic_task_mapping_with_no_taskflow_operators']) retrieved from /usr/local/python/3.10.13/lib/python3.10/site-packages/airflow/example_dags/example_dynamic_task_mapping_with_no_taskflow_operators.py
[2024-06-23T18:26:38.053+0000] {logging_mixin.py:150} INFO - [2024-06-23T18:26:38.053+0000] {manager.py:504} INFO - Created Permission View: can delete on DAG:example_dynamic_task_mapping_with_no_taskflow_operators
[2024-06-23T18:26:38.082+0000] {logging_mixin.py:150} INFO - [2024-06-23T18:26:38.082+0000] {manager.py:504} INFO - Created Permission View: can edit on DAG:example_dynamic_task_mapping_with_no_taskflow_operators
[2024-06-23T18:26:38.109+0000] {logging_mixin.py:150} INFO - [2024-06-23T18:26:38.109+0000] {manager.py:504} INFO - Created Permission View: can read on DAG:example_dynamic_task_mapping_with_no_taskflow_operators
[2024-06-23T18:26:38.119+0000] {logging_mixin.py:150} INFO - [2024-06-23T18:26:38.118+0000] {dag.py:2742} INFO - Sync 1 DAGs
[2024-06-23T18:26:38.125+0000] {logging_mixin.py:150} INFO - [2024-06-23T18:26:38.125+0000] {dag.py:2763} INFO - Creating ORM DAG for example_dynamic_task_mapping_with_no_taskflow_operators
[2024-06-23T18:26:38.132+0000] {logging_mixin.py:150} INFO - [2024-06-23T18:26:38.132+0000] {dag.py:3504} INFO - Setting next_dagrun for example_dynamic_task_mapping_with_no_taskflow_operators to 2024-06-22T18:26:38.132279+00:00, run_after=2024-06-23T18:26:38.132279+00:00
[2024-06-23T18:26:38.174+0000] {processor.py:179} INFO - Processing /usr/local/python/3.10.13/lib/python3.10/site-packages/airflow/example_dags/example_dynamic_task_mapping_with_no_taskflow_operators.py took 0.264 seconds
[2024-06-23T18:27:31.561+0000] {processor.py:157} INFO - Started process (PID=25825) to work on /usr/local/python/3.10.13/lib/python3.10/site-packages/airflow/example_dags/example_dynamic_task_mapping_with_no_taskflow_operators.py
[2024-06-23T18:27:31.562+0000] {processor.py:826} INFO - Processing file /usr/local/python/3.10.13/lib/python3.10/site-packages/airflow/example_dags/example_dynamic_task_mapping_with_no_taskflow_operators.py for tasks to queue
[2024-06-23T18:27:31.562+0000] {logging_mixin.py:150} INFO - [2024-06-23T18:27:31.562+0000] {dagbag.py:541} INFO - Filling up the DagBag from /usr/local/python/3.10.13/lib/python3.10/site-packages/airflow/example_dags/example_dynamic_task_mapping_with_no_taskflow_operators.py
[2024-06-23T18:27:31.567+0000] {processor.py:836} INFO - DAG(s) dict_keys(['example_dynamic_task_mapping_with_no_taskflow_operators']) retrieved from /usr/local/python/3.10.13/lib/python3.10/site-packages/airflow/example_dags/example_dynamic_task_mapping_with_no_taskflow_operators.py
[2024-06-23T18:27:31.578+0000] {logging_mixin.py:150} INFO - [2024-06-23T18:27:31.578+0000] {dag.py:2742} INFO - Sync 1 DAGs
[2024-06-23T18:27:31.592+0000] {logging_mixin.py:150} INFO - [2024-06-23T18:27:31.592+0000] {dag.py:3504} INFO - Setting next_dagrun for example_dynamic_task_mapping_with_no_taskflow_operators to 2024-06-22T18:27:31.592650+00:00, run_after=2024-06-23T18:27:31.592650+00:00
[2024-06-23T18:27:31.632+0000] {processor.py:179} INFO - Processing /usr/local/python/3.10.13/lib/python3.10/site-packages/airflow/example_dags/example_dynamic_task_mapping_with_no_taskflow_operators.py took 0.074 seconds
[2024-06-23T18:28:15.126+0000] {processor.py:157} INFO - Started process (PID=26248) to work on /usr/local/python/3.10.13/lib/python3.10/site-packages/airflow/example_dags/example_dynamic_task_mapping_with_no_taskflow_operators.py
[2024-06-23T18:28:15.127+0000] {processor.py:826} INFO - Processing file /usr/local/python/3.10.13/lib/python3.10/site-packages/airflow/example_dags/example_dynamic_task_mapping_with_no_taskflow_operators.py for tasks to queue
[2024-06-23T18:28:15.128+0000] {logging_mixin.py:150} INFO - [2024-06-23T18:28:15.128+0000] {dagbag.py:541} INFO - Filling up the DagBag from /usr/local/python/3.10.13/lib/python3.10/site-packages/airflow/example_dags/example_dynamic_task_mapping_with_no_taskflow_operators.py
[2024-06-23T18:28:15.133+0000] {processor.py:836} INFO - DAG(s) dict_keys(['example_dynamic_task_mapping_with_no_taskflow_operators']) retrieved from /usr/local/python/3.10.13/lib/python3.10/site-packages/airflow/example_dags/example_dynamic_task_mapping_with_no_taskflow_operators.py
[2024-06-23T18:28:15.145+0000] {logging_mixin.py:150} INFO - [2024-06-23T18:28:15.145+0000] {dag.py:2742} INFO - Sync 1 DAGs
[2024-06-23T18:28:15.160+0000] {logging_mixin.py:150} INFO - [2024-06-23T18:28:15.160+0000] {dag.py:3504} INFO - Setting next_dagrun for example_dynamic_task_mapping_with_no_taskflow_operators to 2024-06-22T18:28:15.160369+00:00, run_after=2024-06-23T18:28:15.160369+00:00
[2024-06-23T18:28:15.198+0000] {processor.py:179} INFO - Processing /usr/local/python/3.10.13/lib/python3.10/site-packages/airflow/example_dags/example_dynamic_task_mapping_with_no_taskflow_operators.py took 0.074 seconds
[2024-06-23T18:29:02.006+0000] {processor.py:157} INFO - Started process (PID=26580) to work on /usr/local/python/3.10.13/lib/python3.10/site-packages/airflow/example_dags/example_dynamic_task_mapping_with_no_taskflow_operators.py
[2024-06-23T18:29:02.006+0000] {processor.py:826} INFO - Processing file /usr/local/python/3.10.13/lib/python3.10/site-packages/airflow/example_dags/example_dynamic_task_mapping_with_no_taskflow_operators.py for tasks to queue
[2024-06-23T18:29:02.007+0000] {logging_mixin.py:150} INFO - [2024-06-23T18:29:02.007+0000] {dagbag.py:541} INFO - Filling up the DagBag from /usr/local/python/3.10.13/lib/python3.10/site-packages/airflow/example_dags/example_dynamic_task_mapping_with_no_taskflow_operators.py
[2024-06-23T18:29:02.012+0000] {processor.py:836} INFO - DAG(s) dict_keys(['example_dynamic_task_mapping_with_no_taskflow_operators']) retrieved from /usr/local/python/3.10.13/lib/python3.10/site-packages/airflow/example_dags/example_dynamic_task_mapping_with_no_taskflow_operators.py
[2024-06-23T18:29:02.024+0000] {logging_mixin.py:150} INFO - [2024-06-23T18:29:02.024+0000] {dag.py:2742} INFO - Sync 1 DAGs
[2024-06-23T18:29:02.039+0000] {logging_mixin.py:150} INFO - [2024-06-23T18:29:02.039+0000] {dag.py:3504} INFO - Setting next_dagrun for example_dynamic_task_mapping_with_no_taskflow_operators to 2024-06-22T18:29:02.039531+00:00, run_after=2024-06-23T18:29:02.039531+00:00
[2024-06-23T18:29:02.078+0000] {processor.py:179} INFO - Processing /usr/local/python/3.10.13/lib/python3.10/site-packages/airflow/example_dags/example_dynamic_task_mapping_with_no_taskflow_operators.py took 0.075 seconds
[2024-06-23T18:29:44.546+0000] {processor.py:157} INFO - Started process (PID=26877) to work on /usr/local/python/3.10.13/lib/python3.10/site-packages/airflow/example_dags/example_dynamic_task_mapping_with_no_taskflow_operators.py
[2024-06-23T18:29:44.547+0000] {processor.py:826} INFO - Processing file /usr/local/python/3.10.13/lib/python3.10/site-packages/airflow/example_dags/example_dynamic_task_mapping_with_no_taskflow_operators.py for tasks to queue
[2024-06-23T18:29:44.547+0000] {logging_mixin.py:150} INFO - [2024-06-23T18:29:44.547+0000] {dagbag.py:541} INFO - Filling up the DagBag from /usr/local/python/3.10.13/lib/python3.10/site-packages/airflow/example_dags/example_dynamic_task_mapping_with_no_taskflow_operators.py
[2024-06-23T18:29:44.552+0000] {processor.py:836} INFO - DAG(s) dict_keys(['example_dynamic_task_mapping_with_no_taskflow_operators']) retrieved from /usr/local/python/3.10.13/lib/python3.10/site-packages/airflow/example_dags/example_dynamic_task_mapping_with_no_taskflow_operators.py
[2024-06-23T18:29:44.563+0000] {logging_mixin.py:150} INFO - [2024-06-23T18:29:44.563+0000] {dag.py:2742} INFO - Sync 1 DAGs
[2024-06-23T18:29:44.578+0000] {logging_mixin.py:150} INFO - [2024-06-23T18:29:44.578+0000] {dag.py:3504} INFO - Setting next_dagrun for example_dynamic_task_mapping_with_no_taskflow_operators to 2024-06-22T18:29:44.578159+00:00, run_after=2024-06-23T18:29:44.578159+00:00
[2024-06-23T18:29:44.617+0000] {processor.py:179} INFO - Processing /usr/local/python/3.10.13/lib/python3.10/site-packages/airflow/example_dags/example_dynamic_task_mapping_with_no_taskflow_operators.py took 0.073 seconds
[2024-06-23T18:30:29.703+0000] {processor.py:157} INFO - Started process (PID=27190) to work on /usr/local/python/3.10.13/lib/python3.10/site-packages/airflow/example_dags/example_dynamic_task_mapping_with_no_taskflow_operators.py
[2024-06-23T18:30:29.703+0000] {processor.py:826} INFO - Processing file /usr/local/python/3.10.13/lib/python3.10/site-packages/airflow/example_dags/example_dynamic_task_mapping_with_no_taskflow_operators.py for tasks to queue
[2024-06-23T18:30:29.704+0000] {logging_mixin.py:150} INFO - [2024-06-23T18:30:29.704+0000] {dagbag.py:541} INFO - Filling up the DagBag from /usr/local/python/3.10.13/lib/python3.10/site-packages/airflow/example_dags/example_dynamic_task_mapping_with_no_taskflow_operators.py
[2024-06-23T18:30:29.709+0000] {processor.py:836} INFO - DAG(s) dict_keys(['example_dynamic_task_mapping_with_no_taskflow_operators']) retrieved from /usr/local/python/3.10.13/lib/python3.10/site-packages/airflow/example_dags/example_dynamic_task_mapping_with_no_taskflow_operators.py
[2024-06-23T18:30:29.720+0000] {logging_mixin.py:150} INFO - [2024-06-23T18:30:29.720+0000] {dag.py:2742} INFO - Sync 1 DAGs
[2024-06-23T18:30:29.735+0000] {logging_mixin.py:150} INFO - [2024-06-23T18:30:29.735+0000] {dag.py:3504} INFO - Setting next_dagrun for example_dynamic_task_mapping_with_no_taskflow_operators to 2024-06-22T18:30:29.735062+00:00, run_after=2024-06-23T18:30:29.735062+00:00
[2024-06-23T18:30:29.773+0000] {processor.py:179} INFO - Processing /usr/local/python/3.10.13/lib/python3.10/site-packages/airflow/example_dags/example_dynamic_task_mapping_with_no_taskflow_operators.py took 0.072 seconds
[2024-06-23T18:31:15.157+0000] {processor.py:157} INFO - Started process (PID=27508) to work on /usr/local/python/3.10.13/lib/python3.10/site-packages/airflow/example_dags/example_dynamic_task_mapping_with_no_taskflow_operators.py
[2024-06-23T18:31:15.158+0000] {processor.py:826} INFO - Processing file /usr/local/python/3.10.13/lib/python3.10/site-packages/airflow/example_dags/example_dynamic_task_mapping_with_no_taskflow_operators.py for tasks to queue
[2024-06-23T18:31:15.158+0000] {logging_mixin.py:150} INFO - [2024-06-23T18:31:15.158+0000] {dagbag.py:541} INFO - Filling up the DagBag from /usr/local/python/3.10.13/lib/python3.10/site-packages/airflow/example_dags/example_dynamic_task_mapping_with_no_taskflow_operators.py
[2024-06-23T18:31:15.163+0000] {processor.py:836} INFO - DAG(s) dict_keys(['example_dynamic_task_mapping_with_no_taskflow_operators']) retrieved from /usr/local/python/3.10.13/lib/python3.10/site-packages/airflow/example_dags/example_dynamic_task_mapping_with_no_taskflow_operators.py
[2024-06-23T18:31:15.174+0000] {logging_mixin.py:150} INFO - [2024-06-23T18:31:15.174+0000] {dag.py:2742} INFO - Sync 1 DAGs
[2024-06-23T18:31:15.189+0000] {logging_mixin.py:150} INFO - [2024-06-23T18:31:15.189+0000] {dag.py:3504} INFO - Setting next_dagrun for example_dynamic_task_mapping_with_no_taskflow_operators to 2024-06-22T18:31:15.188915+00:00, run_after=2024-06-23T18:31:15.188915+00:00
[2024-06-23T18:31:15.230+0000] {processor.py:179} INFO - Processing /usr/local/python/3.10.13/lib/python3.10/site-packages/airflow/example_dags/example_dynamic_task_mapping_with_no_taskflow_operators.py took 0.076 seconds
[2024-06-23T18:32:04.344+0000] {processor.py:157} INFO - Started process (PID=27873) to work on /usr/local/python/3.10.13/lib/python3.10/site-packages/airflow/example_dags/example_dynamic_task_mapping_with_no_taskflow_operators.py
[2024-06-23T18:32:04.345+0000] {processor.py:826} INFO - Processing file /usr/local/python/3.10.13/lib/python3.10/site-packages/airflow/example_dags/example_dynamic_task_mapping_with_no_taskflow_operators.py for tasks to queue
[2024-06-23T18:32:04.346+0000] {logging_mixin.py:150} INFO - [2024-06-23T18:32:04.346+0000] {dagbag.py:541} INFO - Filling up the DagBag from /usr/local/python/3.10.13/lib/python3.10/site-packages/airflow/example_dags/example_dynamic_task_mapping_with_no_taskflow_operators.py
[2024-06-23T18:32:04.351+0000] {processor.py:836} INFO - DAG(s) dict_keys(['example_dynamic_task_mapping_with_no_taskflow_operators']) retrieved from /usr/local/python/3.10.13/lib/python3.10/site-packages/airflow/example_dags/example_dynamic_task_mapping_with_no_taskflow_operators.py
[2024-06-23T18:32:04.361+0000] {logging_mixin.py:150} INFO - [2024-06-23T18:32:04.361+0000] {dag.py:2742} INFO - Sync 1 DAGs
[2024-06-23T18:32:04.376+0000] {logging_mixin.py:150} INFO - [2024-06-23T18:32:04.376+0000] {dag.py:3504} INFO - Setting next_dagrun for example_dynamic_task_mapping_with_no_taskflow_operators to 2024-06-22T18:32:04.376576+00:00, run_after=2024-06-23T18:32:04.376576+00:00
[2024-06-23T18:32:04.418+0000] {processor.py:179} INFO - Processing /usr/local/python/3.10.13/lib/python3.10/site-packages/airflow/example_dags/example_dynamic_task_mapping_with_no_taskflow_operators.py took 0.076 seconds
[2024-06-23T18:32:57.670+0000] {processor.py:157} INFO - Started process (PID=28245) to work on /usr/local/python/3.10.13/lib/python3.10/site-packages/airflow/example_dags/example_dynamic_task_mapping_with_no_taskflow_operators.py
[2024-06-23T18:32:57.671+0000] {processor.py:826} INFO - Processing file /usr/local/python/3.10.13/lib/python3.10/site-packages/airflow/example_dags/example_dynamic_task_mapping_with_no_taskflow_operators.py for tasks to queue
[2024-06-23T18:32:57.671+0000] {logging_mixin.py:150} INFO - [2024-06-23T18:32:57.671+0000] {dagbag.py:541} INFO - Filling up the DagBag from /usr/local/python/3.10.13/lib/python3.10/site-packages/airflow/example_dags/example_dynamic_task_mapping_with_no_taskflow_operators.py
[2024-06-23T18:32:57.676+0000] {processor.py:836} INFO - DAG(s) dict_keys(['example_dynamic_task_mapping_with_no_taskflow_operators']) retrieved from /usr/local/python/3.10.13/lib/python3.10/site-packages/airflow/example_dags/example_dynamic_task_mapping_with_no_taskflow_operators.py
[2024-06-23T18:32:57.687+0000] {logging_mixin.py:150} INFO - [2024-06-23T18:32:57.687+0000] {dag.py:2742} INFO - Sync 1 DAGs
[2024-06-23T18:32:57.703+0000] {logging_mixin.py:150} INFO - [2024-06-23T18:32:57.702+0000] {dag.py:3504} INFO - Setting next_dagrun for example_dynamic_task_mapping_with_no_taskflow_operators to 2024-06-22T18:32:57.702770+00:00, run_after=2024-06-23T18:32:57.702770+00:00
[2024-06-23T18:32:57.741+0000] {processor.py:179} INFO - Processing /usr/local/python/3.10.13/lib/python3.10/site-packages/airflow/example_dags/example_dynamic_task_mapping_with_no_taskflow_operators.py took 0.073 seconds
[2024-06-23T18:33:50.522+0000] {processor.py:157} INFO - Started process (PID=28615) to work on /usr/local/python/3.10.13/lib/python3.10/site-packages/airflow/example_dags/example_dynamic_task_mapping_with_no_taskflow_operators.py
[2024-06-23T18:33:50.523+0000] {processor.py:826} INFO - Processing file /usr/local/python/3.10.13/lib/python3.10/site-packages/airflow/example_dags/example_dynamic_task_mapping_with_no_taskflow_operators.py for tasks to queue
[2024-06-23T18:33:50.524+0000] {logging_mixin.py:150} INFO - [2024-06-23T18:33:50.523+0000] {dagbag.py:541} INFO - Filling up the DagBag from /usr/local/python/3.10.13/lib/python3.10/site-packages/airflow/example_dags/example_dynamic_task_mapping_with_no_taskflow_operators.py
[2024-06-23T18:33:50.529+0000] {processor.py:836} INFO - DAG(s) dict_keys(['example_dynamic_task_mapping_with_no_taskflow_operators']) retrieved from /usr/local/python/3.10.13/lib/python3.10/site-packages/airflow/example_dags/example_dynamic_task_mapping_with_no_taskflow_operators.py
[2024-06-23T18:33:50.539+0000] {logging_mixin.py:150} INFO - [2024-06-23T18:33:50.539+0000] {dag.py:2742} INFO - Sync 1 DAGs
[2024-06-23T18:33:50.554+0000] {logging_mixin.py:150} INFO - [2024-06-23T18:33:50.554+0000] {dag.py:3504} INFO - Setting next_dagrun for example_dynamic_task_mapping_with_no_taskflow_operators to 2024-06-22T18:33:50.554229+00:00, run_after=2024-06-23T18:33:50.554229+00:00
[2024-06-23T18:33:50.602+0000] {processor.py:179} INFO - Processing /usr/local/python/3.10.13/lib/python3.10/site-packages/airflow/example_dags/example_dynamic_task_mapping_with_no_taskflow_operators.py took 0.082 seconds
[2024-06-23T18:34:37.770+0000] {processor.py:157} INFO - Started process (PID=28947) to work on /usr/local/python/3.10.13/lib/python3.10/site-packages/airflow/example_dags/example_dynamic_task_mapping_with_no_taskflow_operators.py
[2024-06-23T18:34:37.770+0000] {processor.py:826} INFO - Processing file /usr/local/python/3.10.13/lib/python3.10/site-packages/airflow/example_dags/example_dynamic_task_mapping_with_no_taskflow_operators.py for tasks to queue
[2024-06-23T18:34:37.771+0000] {logging_mixin.py:150} INFO - [2024-06-23T18:34:37.771+0000] {dagbag.py:541} INFO - Filling up the DagBag from /usr/local/python/3.10.13/lib/python3.10/site-packages/airflow/example_dags/example_dynamic_task_mapping_with_no_taskflow_operators.py
[2024-06-23T18:34:37.776+0000] {processor.py:836} INFO - DAG(s) dict_keys(['example_dynamic_task_mapping_with_no_taskflow_operators']) retrieved from /usr/local/python/3.10.13/lib/python3.10/site-packages/airflow/example_dags/example_dynamic_task_mapping_with_no_taskflow_operators.py
[2024-06-23T18:34:37.787+0000] {logging_mixin.py:150} INFO - [2024-06-23T18:34:37.787+0000] {dag.py:2742} INFO - Sync 1 DAGs
[2024-06-23T18:34:37.802+0000] {logging_mixin.py:150} INFO - [2024-06-23T18:34:37.802+0000] {dag.py:3504} INFO - Setting next_dagrun for example_dynamic_task_mapping_with_no_taskflow_operators to 2024-06-22T18:34:37.801826+00:00, run_after=2024-06-23T18:34:37.801826+00:00
[2024-06-23T18:34:37.846+0000] {processor.py:179} INFO - Processing /usr/local/python/3.10.13/lib/python3.10/site-packages/airflow/example_dags/example_dynamic_task_mapping_with_no_taskflow_operators.py took 0.078 seconds
[2024-06-23T18:35:31.837+0000] {processor.py:157} INFO - Started process (PID=29323) to work on /usr/local/python/3.10.13/lib/python3.10/site-packages/airflow/example_dags/example_dynamic_task_mapping_with_no_taskflow_operators.py
[2024-06-23T18:35:31.838+0000] {processor.py:826} INFO - Processing file /usr/local/python/3.10.13/lib/python3.10/site-packages/airflow/example_dags/example_dynamic_task_mapping_with_no_taskflow_operators.py for tasks to queue
[2024-06-23T18:35:31.839+0000] {logging_mixin.py:150} INFO - [2024-06-23T18:35:31.839+0000] {dagbag.py:541} INFO - Filling up the DagBag from /usr/local/python/3.10.13/lib/python3.10/site-packages/airflow/example_dags/example_dynamic_task_mapping_with_no_taskflow_operators.py
[2024-06-23T18:35:31.844+0000] {processor.py:836} INFO - DAG(s) dict_keys(['example_dynamic_task_mapping_with_no_taskflow_operators']) retrieved from /usr/local/python/3.10.13/lib/python3.10/site-packages/airflow/example_dags/example_dynamic_task_mapping_with_no_taskflow_operators.py
[2024-06-23T18:35:31.854+0000] {logging_mixin.py:150} INFO - [2024-06-23T18:35:31.854+0000] {dag.py:2742} INFO - Sync 1 DAGs
[2024-06-23T18:35:31.869+0000] {logging_mixin.py:150} INFO - [2024-06-23T18:35:31.869+0000] {dag.py:3504} INFO - Setting next_dagrun for example_dynamic_task_mapping_with_no_taskflow_operators to 2024-06-22T18:35:31.869240+00:00, run_after=2024-06-23T18:35:31.869240+00:00
[2024-06-23T18:35:31.907+0000] {processor.py:179} INFO - Processing /usr/local/python/3.10.13/lib/python3.10/site-packages/airflow/example_dags/example_dynamic_task_mapping_with_no_taskflow_operators.py took 0.071 seconds
[2024-06-23T18:36:25.085+0000] {processor.py:157} INFO - Started process (PID=29833) to work on /usr/local/python/3.10.13/lib/python3.10/site-packages/airflow/example_dags/example_dynamic_task_mapping_with_no_taskflow_operators.py
[2024-06-23T18:36:25.086+0000] {processor.py:826} INFO - Processing file /usr/local/python/3.10.13/lib/python3.10/site-packages/airflow/example_dags/example_dynamic_task_mapping_with_no_taskflow_operators.py for tasks to queue
[2024-06-23T18:36:25.086+0000] {logging_mixin.py:150} INFO - [2024-06-23T18:36:25.086+0000] {dagbag.py:541} INFO - Filling up the DagBag from /usr/local/python/3.10.13/lib/python3.10/site-packages/airflow/example_dags/example_dynamic_task_mapping_with_no_taskflow_operators.py
[2024-06-23T18:36:25.091+0000] {processor.py:836} INFO - DAG(s) dict_keys(['example_dynamic_task_mapping_with_no_taskflow_operators']) retrieved from /usr/local/python/3.10.13/lib/python3.10/site-packages/airflow/example_dags/example_dynamic_task_mapping_with_no_taskflow_operators.py
[2024-06-23T18:36:25.102+0000] {logging_mixin.py:150} INFO - [2024-06-23T18:36:25.102+0000] {dag.py:2742} INFO - Sync 1 DAGs
[2024-06-23T18:36:25.117+0000] {logging_mixin.py:150} INFO - [2024-06-23T18:36:25.117+0000] {dag.py:3504} INFO - Setting next_dagrun for example_dynamic_task_mapping_with_no_taskflow_operators to 2024-06-22T18:36:25.116937+00:00, run_after=2024-06-23T18:36:25.116937+00:00
[2024-06-23T18:36:25.155+0000] {processor.py:179} INFO - Processing /usr/local/python/3.10.13/lib/python3.10/site-packages/airflow/example_dags/example_dynamic_task_mapping_with_no_taskflow_operators.py took 0.072 seconds
