[2024-06-23T18:27:03.877+0000] {processor.py:157} INFO - Started process (PID=25541) to work on /usr/local/python/3.10.13/lib/python3.10/site-packages/airflow/example_dags/example_branch_day_of_week_operator.py
[2024-06-23T18:27:03.878+0000] {processor.py:826} INFO - Processing file /usr/local/python/3.10.13/lib/python3.10/site-packages/airflow/example_dags/example_branch_day_of_week_operator.py for tasks to queue
[2024-06-23T18:27:03.878+0000] {logging_mixin.py:150} INFO - [2024-06-23T18:27:03.878+0000] {dagbag.py:541} INFO - Filling up the DagBag from /usr/local/python/3.10.13/lib/python3.10/site-packages/airflow/example_dags/example_branch_day_of_week_operator.py
[2024-06-23T18:27:03.884+0000] {processor.py:836} INFO - DAG(s) dict_keys(['example_weekday_branch_operator']) retrieved from /usr/local/python/3.10.13/lib/python3.10/site-packages/airflow/example_dags/example_branch_day_of_week_operator.py
[2024-06-23T18:27:04.034+0000] {logging_mixin.py:150} INFO - [2024-06-23T18:27:04.034+0000] {manager.py:504} INFO - Created Permission View: can delete on DAG:example_weekday_branch_operator
[2024-06-23T18:27:04.064+0000] {logging_mixin.py:150} INFO - [2024-06-23T18:27:04.064+0000] {manager.py:504} INFO - Created Permission View: can edit on DAG:example_weekday_branch_operator
[2024-06-23T18:27:04.093+0000] {logging_mixin.py:150} INFO - [2024-06-23T18:27:04.093+0000] {manager.py:504} INFO - Created Permission View: can read on DAG:example_weekday_branch_operator
[2024-06-23T18:27:04.102+0000] {logging_mixin.py:150} INFO - [2024-06-23T18:27:04.102+0000] {dag.py:2742} INFO - Sync 1 DAGs
[2024-06-23T18:27:04.109+0000] {logging_mixin.py:150} INFO - [2024-06-23T18:27:04.109+0000] {dag.py:2763} INFO - Creating ORM DAG for example_weekday_branch_operator
[2024-06-23T18:27:04.121+0000] {logging_mixin.py:150} INFO - [2024-06-23T18:27:04.120+0000] {dag.py:3504} INFO - Setting next_dagrun for example_weekday_branch_operator to 2024-06-22T00:00:00+00:00, run_after=2024-06-23T00:00:00+00:00
[2024-06-23T18:27:04.171+0000] {processor.py:179} INFO - Processing /usr/local/python/3.10.13/lib/python3.10/site-packages/airflow/example_dags/example_branch_day_of_week_operator.py took 0.297 seconds
[2024-06-23T18:28:03.536+0000] {processor.py:157} INFO - Started process (PID=26161) to work on /usr/local/python/3.10.13/lib/python3.10/site-packages/airflow/example_dags/example_branch_day_of_week_operator.py
[2024-06-23T18:28:03.537+0000] {processor.py:826} INFO - Processing file /usr/local/python/3.10.13/lib/python3.10/site-packages/airflow/example_dags/example_branch_day_of_week_operator.py for tasks to queue
[2024-06-23T18:28:03.538+0000] {logging_mixin.py:150} INFO - [2024-06-23T18:28:03.538+0000] {dagbag.py:541} INFO - Filling up the DagBag from /usr/local/python/3.10.13/lib/python3.10/site-packages/airflow/example_dags/example_branch_day_of_week_operator.py
[2024-06-23T18:28:03.545+0000] {processor.py:836} INFO - DAG(s) dict_keys(['example_weekday_branch_operator']) retrieved from /usr/local/python/3.10.13/lib/python3.10/site-packages/airflow/example_dags/example_branch_day_of_week_operator.py
[2024-06-23T18:28:03.568+0000] {logging_mixin.py:150} INFO - [2024-06-23T18:28:03.568+0000] {dag.py:2742} INFO - Sync 1 DAGs
[2024-06-23T18:28:03.589+0000] {logging_mixin.py:150} INFO - [2024-06-23T18:28:03.589+0000] {dag.py:3504} INFO - Setting next_dagrun for example_weekday_branch_operator to 2024-06-22T00:00:00+00:00, run_after=2024-06-23T00:00:00+00:00
[2024-06-23T18:28:03.630+0000] {processor.py:179} INFO - Processing /usr/local/python/3.10.13/lib/python3.10/site-packages/airflow/example_dags/example_branch_day_of_week_operator.py took 0.096 seconds
[2024-06-23T18:28:48.950+0000] {processor.py:157} INFO - Started process (PID=26482) to work on /usr/local/python/3.10.13/lib/python3.10/site-packages/airflow/example_dags/example_branch_day_of_week_operator.py
[2024-06-23T18:28:48.950+0000] {processor.py:826} INFO - Processing file /usr/local/python/3.10.13/lib/python3.10/site-packages/airflow/example_dags/example_branch_day_of_week_operator.py for tasks to queue
[2024-06-23T18:28:48.951+0000] {logging_mixin.py:150} INFO - [2024-06-23T18:28:48.951+0000] {dagbag.py:541} INFO - Filling up the DagBag from /usr/local/python/3.10.13/lib/python3.10/site-packages/airflow/example_dags/example_branch_day_of_week_operator.py
[2024-06-23T18:28:48.957+0000] {processor.py:836} INFO - DAG(s) dict_keys(['example_weekday_branch_operator']) retrieved from /usr/local/python/3.10.13/lib/python3.10/site-packages/airflow/example_dags/example_branch_day_of_week_operator.py
[2024-06-23T18:28:48.970+0000] {logging_mixin.py:150} INFO - [2024-06-23T18:28:48.970+0000] {dag.py:2742} INFO - Sync 1 DAGs
[2024-06-23T18:28:48.986+0000] {logging_mixin.py:150} INFO - [2024-06-23T18:28:48.986+0000] {dag.py:3504} INFO - Setting next_dagrun for example_weekday_branch_operator to 2024-06-22T00:00:00+00:00, run_after=2024-06-23T00:00:00+00:00
[2024-06-23T18:28:49.027+0000] {processor.py:179} INFO - Processing /usr/local/python/3.10.13/lib/python3.10/site-packages/airflow/example_dags/example_branch_day_of_week_operator.py took 0.079 seconds
[2024-06-23T18:29:31.921+0000] {processor.py:157} INFO - Started process (PID=26797) to work on /usr/local/python/3.10.13/lib/python3.10/site-packages/airflow/example_dags/example_branch_day_of_week_operator.py
[2024-06-23T18:29:31.921+0000] {processor.py:826} INFO - Processing file /usr/local/python/3.10.13/lib/python3.10/site-packages/airflow/example_dags/example_branch_day_of_week_operator.py for tasks to queue
[2024-06-23T18:29:31.922+0000] {logging_mixin.py:150} INFO - [2024-06-23T18:29:31.922+0000] {dagbag.py:541} INFO - Filling up the DagBag from /usr/local/python/3.10.13/lib/python3.10/site-packages/airflow/example_dags/example_branch_day_of_week_operator.py
[2024-06-23T18:29:31.928+0000] {processor.py:836} INFO - DAG(s) dict_keys(['example_weekday_branch_operator']) retrieved from /usr/local/python/3.10.13/lib/python3.10/site-packages/airflow/example_dags/example_branch_day_of_week_operator.py
[2024-06-23T18:29:31.941+0000] {logging_mixin.py:150} INFO - [2024-06-23T18:29:31.941+0000] {dag.py:2742} INFO - Sync 1 DAGs
[2024-06-23T18:29:31.957+0000] {logging_mixin.py:150} INFO - [2024-06-23T18:29:31.957+0000] {dag.py:3504} INFO - Setting next_dagrun for example_weekday_branch_operator to 2024-06-22T00:00:00+00:00, run_after=2024-06-23T00:00:00+00:00
[2024-06-23T18:29:31.996+0000] {processor.py:179} INFO - Processing /usr/local/python/3.10.13/lib/python3.10/site-packages/airflow/example_dags/example_branch_day_of_week_operator.py took 0.077 seconds
[2024-06-23T18:30:16.839+0000] {processor.py:157} INFO - Started process (PID=27104) to work on /usr/local/python/3.10.13/lib/python3.10/site-packages/airflow/example_dags/example_branch_day_of_week_operator.py
[2024-06-23T18:30:16.839+0000] {processor.py:826} INFO - Processing file /usr/local/python/3.10.13/lib/python3.10/site-packages/airflow/example_dags/example_branch_day_of_week_operator.py for tasks to queue
[2024-06-23T18:30:16.840+0000] {logging_mixin.py:150} INFO - [2024-06-23T18:30:16.840+0000] {dagbag.py:541} INFO - Filling up the DagBag from /usr/local/python/3.10.13/lib/python3.10/site-packages/airflow/example_dags/example_branch_day_of_week_operator.py
[2024-06-23T18:30:16.846+0000] {processor.py:836} INFO - DAG(s) dict_keys(['example_weekday_branch_operator']) retrieved from /usr/local/python/3.10.13/lib/python3.10/site-packages/airflow/example_dags/example_branch_day_of_week_operator.py
[2024-06-23T18:30:16.858+0000] {logging_mixin.py:150} INFO - [2024-06-23T18:30:16.858+0000] {dag.py:2742} INFO - Sync 1 DAGs
[2024-06-23T18:30:16.874+0000] {logging_mixin.py:150} INFO - [2024-06-23T18:30:16.874+0000] {dag.py:3504} INFO - Setting next_dagrun for example_weekday_branch_operator to 2024-06-22T00:00:00+00:00, run_after=2024-06-23T00:00:00+00:00
[2024-06-23T18:30:16.914+0000] {processor.py:179} INFO - Processing /usr/local/python/3.10.13/lib/python3.10/site-packages/airflow/example_dags/example_branch_day_of_week_operator.py took 0.077 seconds
[2024-06-23T18:31:02.569+0000] {processor.py:157} INFO - Started process (PID=27410) to work on /usr/local/python/3.10.13/lib/python3.10/site-packages/airflow/example_dags/example_branch_day_of_week_operator.py
[2024-06-23T18:31:02.570+0000] {processor.py:826} INFO - Processing file /usr/local/python/3.10.13/lib/python3.10/site-packages/airflow/example_dags/example_branch_day_of_week_operator.py for tasks to queue
[2024-06-23T18:31:02.570+0000] {logging_mixin.py:150} INFO - [2024-06-23T18:31:02.570+0000] {dagbag.py:541} INFO - Filling up the DagBag from /usr/local/python/3.10.13/lib/python3.10/site-packages/airflow/example_dags/example_branch_day_of_week_operator.py
[2024-06-23T18:31:02.577+0000] {processor.py:836} INFO - DAG(s) dict_keys(['example_weekday_branch_operator']) retrieved from /usr/local/python/3.10.13/lib/python3.10/site-packages/airflow/example_dags/example_branch_day_of_week_operator.py
[2024-06-23T18:31:02.590+0000] {logging_mixin.py:150} INFO - [2024-06-23T18:31:02.590+0000] {dag.py:2742} INFO - Sync 1 DAGs
[2024-06-23T18:31:02.607+0000] {logging_mixin.py:150} INFO - [2024-06-23T18:31:02.607+0000] {dag.py:3504} INFO - Setting next_dagrun for example_weekday_branch_operator to 2024-06-22T00:00:00+00:00, run_after=2024-06-23T00:00:00+00:00
[2024-06-23T18:31:02.651+0000] {processor.py:179} INFO - Processing /usr/local/python/3.10.13/lib/python3.10/site-packages/airflow/example_dags/example_branch_day_of_week_operator.py took 0.084 seconds
[2024-06-23T18:31:53.555+0000] {processor.py:157} INFO - Started process (PID=27763) to work on /usr/local/python/3.10.13/lib/python3.10/site-packages/airflow/example_dags/example_branch_day_of_week_operator.py
[2024-06-23T18:31:53.556+0000] {processor.py:826} INFO - Processing file /usr/local/python/3.10.13/lib/python3.10/site-packages/airflow/example_dags/example_branch_day_of_week_operator.py for tasks to queue
[2024-06-23T18:31:53.557+0000] {logging_mixin.py:150} INFO - [2024-06-23T18:31:53.557+0000] {dagbag.py:541} INFO - Filling up the DagBag from /usr/local/python/3.10.13/lib/python3.10/site-packages/airflow/example_dags/example_branch_day_of_week_operator.py
[2024-06-23T18:31:53.563+0000] {processor.py:836} INFO - DAG(s) dict_keys(['example_weekday_branch_operator']) retrieved from /usr/local/python/3.10.13/lib/python3.10/site-packages/airflow/example_dags/example_branch_day_of_week_operator.py
[2024-06-23T18:31:53.575+0000] {logging_mixin.py:150} INFO - [2024-06-23T18:31:53.575+0000] {dag.py:2742} INFO - Sync 1 DAGs
[2024-06-23T18:31:53.591+0000] {logging_mixin.py:150} INFO - [2024-06-23T18:31:53.591+0000] {dag.py:3504} INFO - Setting next_dagrun for example_weekday_branch_operator to 2024-06-22T00:00:00+00:00, run_after=2024-06-23T00:00:00+00:00
[2024-06-23T18:31:53.628+0000] {processor.py:179} INFO - Processing /usr/local/python/3.10.13/lib/python3.10/site-packages/airflow/example_dags/example_branch_day_of_week_operator.py took 0.075 seconds
[2024-06-23T18:32:46.089+0000] {processor.py:157} INFO - Started process (PID=28172) to work on /usr/local/python/3.10.13/lib/python3.10/site-packages/airflow/example_dags/example_branch_day_of_week_operator.py
[2024-06-23T18:32:46.090+0000] {processor.py:826} INFO - Processing file /usr/local/python/3.10.13/lib/python3.10/site-packages/airflow/example_dags/example_branch_day_of_week_operator.py for tasks to queue
[2024-06-23T18:32:46.091+0000] {logging_mixin.py:150} INFO - [2024-06-23T18:32:46.090+0000] {dagbag.py:541} INFO - Filling up the DagBag from /usr/local/python/3.10.13/lib/python3.10/site-packages/airflow/example_dags/example_branch_day_of_week_operator.py
[2024-06-23T18:32:46.097+0000] {processor.py:836} INFO - DAG(s) dict_keys(['example_weekday_branch_operator']) retrieved from /usr/local/python/3.10.13/lib/python3.10/site-packages/airflow/example_dags/example_branch_day_of_week_operator.py
[2024-06-23T18:32:46.109+0000] {logging_mixin.py:150} INFO - [2024-06-23T18:32:46.109+0000] {dag.py:2742} INFO - Sync 1 DAGs
[2024-06-23T18:32:46.125+0000] {logging_mixin.py:150} INFO - [2024-06-23T18:32:46.125+0000] {dag.py:3504} INFO - Setting next_dagrun for example_weekday_branch_operator to 2024-06-22T00:00:00+00:00, run_after=2024-06-23T00:00:00+00:00
[2024-06-23T18:32:46.162+0000] {processor.py:179} INFO - Processing /usr/local/python/3.10.13/lib/python3.10/site-packages/airflow/example_dags/example_branch_day_of_week_operator.py took 0.075 seconds
[2024-06-23T18:33:40.387+0000] {processor.py:157} INFO - Started process (PID=28541) to work on /usr/local/python/3.10.13/lib/python3.10/site-packages/airflow/example_dags/example_branch_day_of_week_operator.py
[2024-06-23T18:33:40.388+0000] {processor.py:826} INFO - Processing file /usr/local/python/3.10.13/lib/python3.10/site-packages/airflow/example_dags/example_branch_day_of_week_operator.py for tasks to queue
[2024-06-23T18:33:40.389+0000] {logging_mixin.py:150} INFO - [2024-06-23T18:33:40.389+0000] {dagbag.py:541} INFO - Filling up the DagBag from /usr/local/python/3.10.13/lib/python3.10/site-packages/airflow/example_dags/example_branch_day_of_week_operator.py
[2024-06-23T18:33:40.395+0000] {processor.py:836} INFO - DAG(s) dict_keys(['example_weekday_branch_operator']) retrieved from /usr/local/python/3.10.13/lib/python3.10/site-packages/airflow/example_dags/example_branch_day_of_week_operator.py
[2024-06-23T18:33:40.408+0000] {logging_mixin.py:150} INFO - [2024-06-23T18:33:40.407+0000] {dag.py:2742} INFO - Sync 1 DAGs
[2024-06-23T18:33:40.423+0000] {logging_mixin.py:150} INFO - [2024-06-23T18:33:40.423+0000] {dag.py:3504} INFO - Setting next_dagrun for example_weekday_branch_operator to 2024-06-22T00:00:00+00:00, run_after=2024-06-23T00:00:00+00:00
[2024-06-23T18:33:40.460+0000] {processor.py:179} INFO - Processing /usr/local/python/3.10.13/lib/python3.10/site-packages/airflow/example_dags/example_branch_day_of_week_operator.py took 0.075 seconds
[2024-06-23T18:34:29.808+0000] {processor.py:157} INFO - Started process (PID=28896) to work on /usr/local/python/3.10.13/lib/python3.10/site-packages/airflow/example_dags/example_branch_day_of_week_operator.py
[2024-06-23T18:34:29.809+0000] {processor.py:826} INFO - Processing file /usr/local/python/3.10.13/lib/python3.10/site-packages/airflow/example_dags/example_branch_day_of_week_operator.py for tasks to queue
[2024-06-23T18:34:29.809+0000] {logging_mixin.py:150} INFO - [2024-06-23T18:34:29.809+0000] {dagbag.py:541} INFO - Filling up the DagBag from /usr/local/python/3.10.13/lib/python3.10/site-packages/airflow/example_dags/example_branch_day_of_week_operator.py
[2024-06-23T18:34:29.818+0000] {processor.py:836} INFO - DAG(s) dict_keys(['example_weekday_branch_operator']) retrieved from /usr/local/python/3.10.13/lib/python3.10/site-packages/airflow/example_dags/example_branch_day_of_week_operator.py
[2024-06-23T18:34:29.836+0000] {logging_mixin.py:150} INFO - [2024-06-23T18:34:29.836+0000] {dag.py:2742} INFO - Sync 1 DAGs
[2024-06-23T18:34:29.853+0000] {logging_mixin.py:150} INFO - [2024-06-23T18:34:29.853+0000] {dag.py:3504} INFO - Setting next_dagrun for example_weekday_branch_operator to 2024-06-22T00:00:00+00:00, run_after=2024-06-23T00:00:00+00:00
[2024-06-23T18:34:29.893+0000] {processor.py:179} INFO - Processing /usr/local/python/3.10.13/lib/python3.10/site-packages/airflow/example_dags/example_branch_day_of_week_operator.py took 0.088 seconds
[2024-06-23T18:35:21.711+0000] {processor.py:157} INFO - Started process (PID=29256) to work on /usr/local/python/3.10.13/lib/python3.10/site-packages/airflow/example_dags/example_branch_day_of_week_operator.py
[2024-06-23T18:35:21.712+0000] {processor.py:826} INFO - Processing file /usr/local/python/3.10.13/lib/python3.10/site-packages/airflow/example_dags/example_branch_day_of_week_operator.py for tasks to queue
[2024-06-23T18:35:21.713+0000] {logging_mixin.py:150} INFO - [2024-06-23T18:35:21.712+0000] {dagbag.py:541} INFO - Filling up the DagBag from /usr/local/python/3.10.13/lib/python3.10/site-packages/airflow/example_dags/example_branch_day_of_week_operator.py
[2024-06-23T18:35:21.718+0000] {processor.py:836} INFO - DAG(s) dict_keys(['example_weekday_branch_operator']) retrieved from /usr/local/python/3.10.13/lib/python3.10/site-packages/airflow/example_dags/example_branch_day_of_week_operator.py
[2024-06-23T18:35:21.731+0000] {logging_mixin.py:150} INFO - [2024-06-23T18:35:21.730+0000] {dag.py:2742} INFO - Sync 1 DAGs
[2024-06-23T18:35:21.746+0000] {logging_mixin.py:150} INFO - [2024-06-23T18:35:21.746+0000] {dag.py:3504} INFO - Setting next_dagrun for example_weekday_branch_operator to 2024-06-22T00:00:00+00:00, run_after=2024-06-23T00:00:00+00:00
[2024-06-23T18:35:21.788+0000] {processor.py:179} INFO - Processing /usr/local/python/3.10.13/lib/python3.10/site-packages/airflow/example_dags/example_branch_day_of_week_operator.py took 0.079 seconds
[2024-06-23T18:36:16.070+0000] {processor.py:157} INFO - Started process (PID=29742) to work on /usr/local/python/3.10.13/lib/python3.10/site-packages/airflow/example_dags/example_branch_day_of_week_operator.py
[2024-06-23T18:36:16.070+0000] {processor.py:826} INFO - Processing file /usr/local/python/3.10.13/lib/python3.10/site-packages/airflow/example_dags/example_branch_day_of_week_operator.py for tasks to queue
[2024-06-23T18:36:16.071+0000] {logging_mixin.py:150} INFO - [2024-06-23T18:36:16.071+0000] {dagbag.py:541} INFO - Filling up the DagBag from /usr/local/python/3.10.13/lib/python3.10/site-packages/airflow/example_dags/example_branch_day_of_week_operator.py
[2024-06-23T18:36:16.077+0000] {processor.py:836} INFO - DAG(s) dict_keys(['example_weekday_branch_operator']) retrieved from /usr/local/python/3.10.13/lib/python3.10/site-packages/airflow/example_dags/example_branch_day_of_week_operator.py
[2024-06-23T18:36:16.090+0000] {logging_mixin.py:150} INFO - [2024-06-23T18:36:16.089+0000] {dag.py:2742} INFO - Sync 1 DAGs
[2024-06-23T18:36:16.106+0000] {logging_mixin.py:150} INFO - [2024-06-23T18:36:16.106+0000] {dag.py:3504} INFO - Setting next_dagrun for example_weekday_branch_operator to 2024-06-22T00:00:00+00:00, run_after=2024-06-23T00:00:00+00:00
[2024-06-23T18:36:16.144+0000] {processor.py:179} INFO - Processing /usr/local/python/3.10.13/lib/python3.10/site-packages/airflow/example_dags/example_branch_day_of_week_operator.py took 0.076 seconds
