[2024-06-23T18:26:16.566+0000] {processor.py:157} INFO - Started process (PID=25191) to work on /usr/local/python/3.10.13/lib/python3.10/site-packages/airflow/example_dags/example_trigger_target_dag.py
[2024-06-23T18:26:16.567+0000] {processor.py:826} INFO - Processing file /usr/local/python/3.10.13/lib/python3.10/site-packages/airflow/example_dags/example_trigger_target_dag.py for tasks to queue
[2024-06-23T18:26:16.567+0000] {logging_mixin.py:150} INFO - [2024-06-23T18:26:16.567+0000] {dagbag.py:541} INFO - Filling up the DagBag from /usr/local/python/3.10.13/lib/python3.10/site-packages/airflow/example_dags/example_trigger_target_dag.py
[2024-06-23T18:26:16.573+0000] {processor.py:836} INFO - DAG(s) dict_keys(['example_trigger_target_dag']) retrieved from /usr/local/python/3.10.13/lib/python3.10/site-packages/airflow/example_dags/example_trigger_target_dag.py
[2024-06-23T18:26:16.709+0000] {logging_mixin.py:150} INFO - [2024-06-23T18:26:16.709+0000] {manager.py:504} INFO - Created Permission View: can delete on DAG:example_trigger_target_dag
[2024-06-23T18:26:16.738+0000] {logging_mixin.py:150} INFO - [2024-06-23T18:26:16.738+0000] {manager.py:504} INFO - Created Permission View: can edit on DAG:example_trigger_target_dag
[2024-06-23T18:26:16.765+0000] {logging_mixin.py:150} INFO - [2024-06-23T18:26:16.765+0000] {manager.py:504} INFO - Created Permission View: can read on DAG:example_trigger_target_dag
[2024-06-23T18:26:16.774+0000] {logging_mixin.py:150} INFO - [2024-06-23T18:26:16.774+0000] {dag.py:2742} INFO - Sync 1 DAGs
[2024-06-23T18:26:16.782+0000] {logging_mixin.py:150} INFO - [2024-06-23T18:26:16.781+0000] {dag.py:2763} INFO - Creating ORM DAG for example_trigger_target_dag
[2024-06-23T18:26:16.789+0000] {logging_mixin.py:150} INFO - [2024-06-23T18:26:16.789+0000] {dag.py:3504} INFO - Setting next_dagrun for example_trigger_target_dag to None, run_after=None
[2024-06-23T18:26:16.825+0000] {processor.py:179} INFO - Processing /usr/local/python/3.10.13/lib/python3.10/site-packages/airflow/example_dags/example_trigger_target_dag.py took 0.261 seconds
[2024-06-23T18:27:12.905+0000] {processor.py:157} INFO - Started process (PID=25607) to work on /usr/local/python/3.10.13/lib/python3.10/site-packages/airflow/example_dags/example_trigger_target_dag.py
[2024-06-23T18:27:12.906+0000] {processor.py:826} INFO - Processing file /usr/local/python/3.10.13/lib/python3.10/site-packages/airflow/example_dags/example_trigger_target_dag.py for tasks to queue
[2024-06-23T18:27:12.907+0000] {logging_mixin.py:150} INFO - [2024-06-23T18:27:12.906+0000] {dagbag.py:541} INFO - Filling up the DagBag from /usr/local/python/3.10.13/lib/python3.10/site-packages/airflow/example_dags/example_trigger_target_dag.py
[2024-06-23T18:27:12.911+0000] {processor.py:836} INFO - DAG(s) dict_keys(['example_trigger_target_dag']) retrieved from /usr/local/python/3.10.13/lib/python3.10/site-packages/airflow/example_dags/example_trigger_target_dag.py
[2024-06-23T18:27:12.922+0000] {logging_mixin.py:150} INFO - [2024-06-23T18:27:12.922+0000] {dag.py:2742} INFO - Sync 1 DAGs
[2024-06-23T18:27:12.937+0000] {logging_mixin.py:150} INFO - [2024-06-23T18:27:12.937+0000] {dag.py:3504} INFO - Setting next_dagrun for example_trigger_target_dag to None, run_after=None
[2024-06-23T18:27:12.977+0000] {processor.py:179} INFO - Processing /usr/local/python/3.10.13/lib/python3.10/site-packages/airflow/example_dags/example_trigger_target_dag.py took 0.074 seconds
[2024-06-23T18:27:54.478+0000] {processor.py:157} INFO - Started process (PID=26091) to work on /usr/local/python/3.10.13/lib/python3.10/site-packages/airflow/example_dags/example_trigger_target_dag.py
[2024-06-23T18:27:54.478+0000] {processor.py:826} INFO - Processing file /usr/local/python/3.10.13/lib/python3.10/site-packages/airflow/example_dags/example_trigger_target_dag.py for tasks to queue
[2024-06-23T18:27:54.479+0000] {logging_mixin.py:150} INFO - [2024-06-23T18:27:54.479+0000] {dagbag.py:541} INFO - Filling up the DagBag from /usr/local/python/3.10.13/lib/python3.10/site-packages/airflow/example_dags/example_trigger_target_dag.py
[2024-06-23T18:27:54.483+0000] {processor.py:836} INFO - DAG(s) dict_keys(['example_trigger_target_dag']) retrieved from /usr/local/python/3.10.13/lib/python3.10/site-packages/airflow/example_dags/example_trigger_target_dag.py
[2024-06-23T18:27:54.494+0000] {logging_mixin.py:150} INFO - [2024-06-23T18:27:54.494+0000] {dag.py:2742} INFO - Sync 1 DAGs
[2024-06-23T18:27:54.509+0000] {logging_mixin.py:150} INFO - [2024-06-23T18:27:54.509+0000] {dag.py:3504} INFO - Setting next_dagrun for example_trigger_target_dag to None, run_after=None
[2024-06-23T18:27:54.548+0000] {processor.py:179} INFO - Processing /usr/local/python/3.10.13/lib/python3.10/site-packages/airflow/example_dags/example_trigger_target_dag.py took 0.072 seconds
[2024-06-23T18:28:40.132+0000] {processor.py:157} INFO - Started process (PID=26410) to work on /usr/local/python/3.10.13/lib/python3.10/site-packages/airflow/example_dags/example_trigger_target_dag.py
[2024-06-23T18:28:40.133+0000] {processor.py:826} INFO - Processing file /usr/local/python/3.10.13/lib/python3.10/site-packages/airflow/example_dags/example_trigger_target_dag.py for tasks to queue
[2024-06-23T18:28:40.134+0000] {logging_mixin.py:150} INFO - [2024-06-23T18:28:40.133+0000] {dagbag.py:541} INFO - Filling up the DagBag from /usr/local/python/3.10.13/lib/python3.10/site-packages/airflow/example_dags/example_trigger_target_dag.py
[2024-06-23T18:28:40.138+0000] {processor.py:836} INFO - DAG(s) dict_keys(['example_trigger_target_dag']) retrieved from /usr/local/python/3.10.13/lib/python3.10/site-packages/airflow/example_dags/example_trigger_target_dag.py
[2024-06-23T18:28:40.149+0000] {logging_mixin.py:150} INFO - [2024-06-23T18:28:40.149+0000] {dag.py:2742} INFO - Sync 1 DAGs
[2024-06-23T18:28:40.164+0000] {logging_mixin.py:150} INFO - [2024-06-23T18:28:40.164+0000] {dag.py:3504} INFO - Setting next_dagrun for example_trigger_target_dag to None, run_after=None
[2024-06-23T18:28:40.204+0000] {processor.py:179} INFO - Processing /usr/local/python/3.10.13/lib/python3.10/site-packages/airflow/example_dags/example_trigger_target_dag.py took 0.074 seconds
[2024-06-23T18:29:22.760+0000] {processor.py:157} INFO - Started process (PID=26726) to work on /usr/local/python/3.10.13/lib/python3.10/site-packages/airflow/example_dags/example_trigger_target_dag.py
[2024-06-23T18:29:22.761+0000] {processor.py:826} INFO - Processing file /usr/local/python/3.10.13/lib/python3.10/site-packages/airflow/example_dags/example_trigger_target_dag.py for tasks to queue
[2024-06-23T18:29:22.762+0000] {logging_mixin.py:150} INFO - [2024-06-23T18:29:22.761+0000] {dagbag.py:541} INFO - Filling up the DagBag from /usr/local/python/3.10.13/lib/python3.10/site-packages/airflow/example_dags/example_trigger_target_dag.py
[2024-06-23T18:29:22.766+0000] {processor.py:836} INFO - DAG(s) dict_keys(['example_trigger_target_dag']) retrieved from /usr/local/python/3.10.13/lib/python3.10/site-packages/airflow/example_dags/example_trigger_target_dag.py
[2024-06-23T18:29:22.777+0000] {logging_mixin.py:150} INFO - [2024-06-23T18:29:22.777+0000] {dag.py:2742} INFO - Sync 1 DAGs
[2024-06-23T18:29:22.792+0000] {logging_mixin.py:150} INFO - [2024-06-23T18:29:22.792+0000] {dag.py:3504} INFO - Setting next_dagrun for example_trigger_target_dag to None, run_after=None
[2024-06-23T18:29:22.832+0000] {processor.py:179} INFO - Processing /usr/local/python/3.10.13/lib/python3.10/site-packages/airflow/example_dags/example_trigger_target_dag.py took 0.074 seconds
[2024-06-23T18:30:06.705+0000] {processor.py:157} INFO - Started process (PID=27030) to work on /usr/local/python/3.10.13/lib/python3.10/site-packages/airflow/example_dags/example_trigger_target_dag.py
[2024-06-23T18:30:06.706+0000] {processor.py:826} INFO - Processing file /usr/local/python/3.10.13/lib/python3.10/site-packages/airflow/example_dags/example_trigger_target_dag.py for tasks to queue
[2024-06-23T18:30:06.706+0000] {logging_mixin.py:150} INFO - [2024-06-23T18:30:06.706+0000] {dagbag.py:541} INFO - Filling up the DagBag from /usr/local/python/3.10.13/lib/python3.10/site-packages/airflow/example_dags/example_trigger_target_dag.py
[2024-06-23T18:30:06.710+0000] {processor.py:836} INFO - DAG(s) dict_keys(['example_trigger_target_dag']) retrieved from /usr/local/python/3.10.13/lib/python3.10/site-packages/airflow/example_dags/example_trigger_target_dag.py
[2024-06-23T18:30:06.725+0000] {logging_mixin.py:150} INFO - [2024-06-23T18:30:06.725+0000] {dag.py:2742} INFO - Sync 1 DAGs
[2024-06-23T18:30:06.740+0000] {logging_mixin.py:150} INFO - [2024-06-23T18:30:06.739+0000] {dag.py:3504} INFO - Setting next_dagrun for example_trigger_target_dag to None, run_after=None
[2024-06-23T18:30:06.778+0000] {processor.py:179} INFO - Processing /usr/local/python/3.10.13/lib/python3.10/site-packages/airflow/example_dags/example_trigger_target_dag.py took 0.076 seconds
[2024-06-23T18:30:49.391+0000] {processor.py:157} INFO - Started process (PID=27325) to work on /usr/local/python/3.10.13/lib/python3.10/site-packages/airflow/example_dags/example_trigger_target_dag.py
[2024-06-23T18:30:49.392+0000] {processor.py:826} INFO - Processing file /usr/local/python/3.10.13/lib/python3.10/site-packages/airflow/example_dags/example_trigger_target_dag.py for tasks to queue
[2024-06-23T18:30:49.393+0000] {logging_mixin.py:150} INFO - [2024-06-23T18:30:49.392+0000] {dagbag.py:541} INFO - Filling up the DagBag from /usr/local/python/3.10.13/lib/python3.10/site-packages/airflow/example_dags/example_trigger_target_dag.py
[2024-06-23T18:30:49.397+0000] {processor.py:836} INFO - DAG(s) dict_keys(['example_trigger_target_dag']) retrieved from /usr/local/python/3.10.13/lib/python3.10/site-packages/airflow/example_dags/example_trigger_target_dag.py
[2024-06-23T18:30:49.408+0000] {logging_mixin.py:150} INFO - [2024-06-23T18:30:49.408+0000] {dag.py:2742} INFO - Sync 1 DAGs
[2024-06-23T18:30:49.423+0000] {logging_mixin.py:150} INFO - [2024-06-23T18:30:49.423+0000] {dag.py:3504} INFO - Setting next_dagrun for example_trigger_target_dag to None, run_after=None
[2024-06-23T18:30:49.462+0000] {processor.py:179} INFO - Processing /usr/local/python/3.10.13/lib/python3.10/site-packages/airflow/example_dags/example_trigger_target_dag.py took 0.073 seconds
[2024-06-23T18:31:23.891+0000] {processor.py:157} INFO - Started process (PID=27580) to work on /usr/local/python/3.10.13/lib/python3.10/site-packages/airflow/example_dags/example_trigger_target_dag.py
[2024-06-23T18:31:23.892+0000] {processor.py:826} INFO - Processing file /usr/local/python/3.10.13/lib/python3.10/site-packages/airflow/example_dags/example_trigger_target_dag.py for tasks to queue
[2024-06-23T18:31:23.892+0000] {logging_mixin.py:150} INFO - [2024-06-23T18:31:23.892+0000] {dagbag.py:541} INFO - Filling up the DagBag from /usr/local/python/3.10.13/lib/python3.10/site-packages/airflow/example_dags/example_trigger_target_dag.py
[2024-06-23T18:31:23.896+0000] {processor.py:836} INFO - DAG(s) dict_keys(['example_trigger_target_dag']) retrieved from /usr/local/python/3.10.13/lib/python3.10/site-packages/airflow/example_dags/example_trigger_target_dag.py
[2024-06-23T18:31:23.908+0000] {logging_mixin.py:150} INFO - [2024-06-23T18:31:23.907+0000] {dag.py:2742} INFO - Sync 1 DAGs
[2024-06-23T18:31:23.922+0000] {logging_mixin.py:150} INFO - [2024-06-23T18:31:23.922+0000] {dag.py:3504} INFO - Setting next_dagrun for example_trigger_target_dag to None, run_after=None
[2024-06-23T18:31:23.962+0000] {processor.py:179} INFO - Processing /usr/local/python/3.10.13/lib/python3.10/site-packages/airflow/example_dags/example_trigger_target_dag.py took 0.073 seconds
[2024-06-23T18:31:58.625+0000] {processor.py:157} INFO - Started process (PID=27812) to work on /usr/local/python/3.10.13/lib/python3.10/site-packages/airflow/example_dags/example_trigger_target_dag.py
[2024-06-23T18:31:58.626+0000] {processor.py:826} INFO - Processing file /usr/local/python/3.10.13/lib/python3.10/site-packages/airflow/example_dags/example_trigger_target_dag.py for tasks to queue
[2024-06-23T18:31:58.627+0000] {logging_mixin.py:150} INFO - [2024-06-23T18:31:58.626+0000] {dagbag.py:541} INFO - Filling up the DagBag from /usr/local/python/3.10.13/lib/python3.10/site-packages/airflow/example_dags/example_trigger_target_dag.py
[2024-06-23T18:31:58.631+0000] {processor.py:836} INFO - DAG(s) dict_keys(['example_trigger_target_dag']) retrieved from /usr/local/python/3.10.13/lib/python3.10/site-packages/airflow/example_dags/example_trigger_target_dag.py
[2024-06-23T18:31:58.642+0000] {logging_mixin.py:150} INFO - [2024-06-23T18:31:58.642+0000] {dag.py:2742} INFO - Sync 1 DAGs
[2024-06-23T18:31:58.656+0000] {logging_mixin.py:150} INFO - [2024-06-23T18:31:58.656+0000] {dag.py:3504} INFO - Setting next_dagrun for example_trigger_target_dag to None, run_after=None
[2024-06-23T18:31:58.699+0000] {processor.py:179} INFO - Processing /usr/local/python/3.10.13/lib/python3.10/site-packages/airflow/example_dags/example_trigger_target_dag.py took 0.075 seconds
[2024-06-23T18:32:32.112+0000] {processor.py:157} INFO - Started process (PID=28062) to work on /usr/local/python/3.10.13/lib/python3.10/site-packages/airflow/example_dags/example_trigger_target_dag.py
[2024-06-23T18:32:32.113+0000] {processor.py:826} INFO - Processing file /usr/local/python/3.10.13/lib/python3.10/site-packages/airflow/example_dags/example_trigger_target_dag.py for tasks to queue
[2024-06-23T18:32:32.114+0000] {logging_mixin.py:150} INFO - [2024-06-23T18:32:32.114+0000] {dagbag.py:541} INFO - Filling up the DagBag from /usr/local/python/3.10.13/lib/python3.10/site-packages/airflow/example_dags/example_trigger_target_dag.py
[2024-06-23T18:32:32.118+0000] {processor.py:836} INFO - DAG(s) dict_keys(['example_trigger_target_dag']) retrieved from /usr/local/python/3.10.13/lib/python3.10/site-packages/airflow/example_dags/example_trigger_target_dag.py
[2024-06-23T18:32:32.129+0000] {logging_mixin.py:150} INFO - [2024-06-23T18:32:32.129+0000] {dag.py:2742} INFO - Sync 1 DAGs
[2024-06-23T18:32:32.144+0000] {logging_mixin.py:150} INFO - [2024-06-23T18:32:32.144+0000] {dag.py:3504} INFO - Setting next_dagrun for example_trigger_target_dag to None, run_after=None
[2024-06-23T18:32:32.184+0000] {processor.py:179} INFO - Processing /usr/local/python/3.10.13/lib/python3.10/site-packages/airflow/example_dags/example_trigger_target_dag.py took 0.074 seconds
[2024-06-23T18:33:09.778+0000] {processor.py:157} INFO - Started process (PID=28324) to work on /usr/local/python/3.10.13/lib/python3.10/site-packages/airflow/example_dags/example_trigger_target_dag.py
[2024-06-23T18:33:09.779+0000] {processor.py:826} INFO - Processing file /usr/local/python/3.10.13/lib/python3.10/site-packages/airflow/example_dags/example_trigger_target_dag.py for tasks to queue
[2024-06-23T18:33:09.779+0000] {logging_mixin.py:150} INFO - [2024-06-23T18:33:09.779+0000] {dagbag.py:541} INFO - Filling up the DagBag from /usr/local/python/3.10.13/lib/python3.10/site-packages/airflow/example_dags/example_trigger_target_dag.py
[2024-06-23T18:33:09.783+0000] {processor.py:836} INFO - DAG(s) dict_keys(['example_trigger_target_dag']) retrieved from /usr/local/python/3.10.13/lib/python3.10/site-packages/airflow/example_dags/example_trigger_target_dag.py
[2024-06-23T18:33:09.795+0000] {logging_mixin.py:150} INFO - [2024-06-23T18:33:09.794+0000] {dag.py:2742} INFO - Sync 1 DAGs
[2024-06-23T18:33:09.810+0000] {logging_mixin.py:150} INFO - [2024-06-23T18:33:09.810+0000] {dag.py:3504} INFO - Setting next_dagrun for example_trigger_target_dag to None, run_after=None
[2024-06-23T18:33:09.849+0000] {processor.py:179} INFO - Processing /usr/local/python/3.10.13/lib/python3.10/site-packages/airflow/example_dags/example_trigger_target_dag.py took 0.073 seconds
[2024-06-23T18:33:44.866+0000] {processor.py:157} INFO - Started process (PID=28571) to work on /usr/local/python/3.10.13/lib/python3.10/site-packages/airflow/example_dags/example_trigger_target_dag.py
[2024-06-23T18:33:44.867+0000] {processor.py:826} INFO - Processing file /usr/local/python/3.10.13/lib/python3.10/site-packages/airflow/example_dags/example_trigger_target_dag.py for tasks to queue
[2024-06-23T18:33:44.868+0000] {logging_mixin.py:150} INFO - [2024-06-23T18:33:44.867+0000] {dagbag.py:541} INFO - Filling up the DagBag from /usr/local/python/3.10.13/lib/python3.10/site-packages/airflow/example_dags/example_trigger_target_dag.py
[2024-06-23T18:33:44.872+0000] {processor.py:836} INFO - DAG(s) dict_keys(['example_trigger_target_dag']) retrieved from /usr/local/python/3.10.13/lib/python3.10/site-packages/airflow/example_dags/example_trigger_target_dag.py
[2024-06-23T18:33:44.883+0000] {logging_mixin.py:150} INFO - [2024-06-23T18:33:44.883+0000] {dag.py:2742} INFO - Sync 1 DAGs
[2024-06-23T18:33:44.897+0000] {logging_mixin.py:150} INFO - [2024-06-23T18:33:44.897+0000] {dag.py:3504} INFO - Setting next_dagrun for example_trigger_target_dag to None, run_after=None
[2024-06-23T18:33:44.934+0000] {processor.py:179} INFO - Processing /usr/local/python/3.10.13/lib/python3.10/site-packages/airflow/example_dags/example_trigger_target_dag.py took 0.070 seconds
[2024-06-23T18:34:19.099+0000] {processor.py:157} INFO - Started process (PID=28818) to work on /usr/local/python/3.10.13/lib/python3.10/site-packages/airflow/example_dags/example_trigger_target_dag.py
[2024-06-23T18:34:19.100+0000] {processor.py:826} INFO - Processing file /usr/local/python/3.10.13/lib/python3.10/site-packages/airflow/example_dags/example_trigger_target_dag.py for tasks to queue
[2024-06-23T18:34:19.100+0000] {logging_mixin.py:150} INFO - [2024-06-23T18:34:19.100+0000] {dagbag.py:541} INFO - Filling up the DagBag from /usr/local/python/3.10.13/lib/python3.10/site-packages/airflow/example_dags/example_trigger_target_dag.py
[2024-06-23T18:34:19.104+0000] {processor.py:836} INFO - DAG(s) dict_keys(['example_trigger_target_dag']) retrieved from /usr/local/python/3.10.13/lib/python3.10/site-packages/airflow/example_dags/example_trigger_target_dag.py
[2024-06-23T18:34:19.116+0000] {logging_mixin.py:150} INFO - [2024-06-23T18:34:19.116+0000] {dag.py:2742} INFO - Sync 1 DAGs
[2024-06-23T18:34:19.131+0000] {logging_mixin.py:150} INFO - [2024-06-23T18:34:19.131+0000] {dag.py:3504} INFO - Setting next_dagrun for example_trigger_target_dag to None, run_after=None
[2024-06-23T18:34:19.173+0000] {processor.py:179} INFO - Processing /usr/local/python/3.10.13/lib/python3.10/site-packages/airflow/example_dags/example_trigger_target_dag.py took 0.077 seconds
[2024-06-23T18:35:07.844+0000] {processor.py:157} INFO - Started process (PID=29162) to work on /usr/local/python/3.10.13/lib/python3.10/site-packages/airflow/example_dags/example_trigger_target_dag.py
[2024-06-23T18:35:07.845+0000] {processor.py:826} INFO - Processing file /usr/local/python/3.10.13/lib/python3.10/site-packages/airflow/example_dags/example_trigger_target_dag.py for tasks to queue
[2024-06-23T18:35:07.846+0000] {logging_mixin.py:150} INFO - [2024-06-23T18:35:07.845+0000] {dagbag.py:541} INFO - Filling up the DagBag from /usr/local/python/3.10.13/lib/python3.10/site-packages/airflow/example_dags/example_trigger_target_dag.py
[2024-06-23T18:35:07.850+0000] {processor.py:836} INFO - DAG(s) dict_keys(['example_trigger_target_dag']) retrieved from /usr/local/python/3.10.13/lib/python3.10/site-packages/airflow/example_dags/example_trigger_target_dag.py
[2024-06-23T18:35:07.861+0000] {logging_mixin.py:150} INFO - [2024-06-23T18:35:07.861+0000] {dag.py:2742} INFO - Sync 1 DAGs
[2024-06-23T18:35:07.876+0000] {logging_mixin.py:150} INFO - [2024-06-23T18:35:07.876+0000] {dag.py:3504} INFO - Setting next_dagrun for example_trigger_target_dag to None, run_after=None
[2024-06-23T18:35:07.914+0000] {processor.py:179} INFO - Processing /usr/local/python/3.10.13/lib/python3.10/site-packages/airflow/example_dags/example_trigger_target_dag.py took 0.072 seconds
[2024-06-23T18:35:43.899+0000] {processor.py:157} INFO - Started process (PID=29430) to work on /usr/local/python/3.10.13/lib/python3.10/site-packages/airflow/example_dags/example_trigger_target_dag.py
[2024-06-23T18:35:43.899+0000] {processor.py:826} INFO - Processing file /usr/local/python/3.10.13/lib/python3.10/site-packages/airflow/example_dags/example_trigger_target_dag.py for tasks to queue
[2024-06-23T18:35:43.900+0000] {logging_mixin.py:150} INFO - [2024-06-23T18:35:43.900+0000] {dagbag.py:541} INFO - Filling up the DagBag from /usr/local/python/3.10.13/lib/python3.10/site-packages/airflow/example_dags/example_trigger_target_dag.py
[2024-06-23T18:35:43.904+0000] {processor.py:836} INFO - DAG(s) dict_keys(['example_trigger_target_dag']) retrieved from /usr/local/python/3.10.13/lib/python3.10/site-packages/airflow/example_dags/example_trigger_target_dag.py
[2024-06-23T18:35:43.915+0000] {logging_mixin.py:150} INFO - [2024-06-23T18:35:43.915+0000] {dag.py:2742} INFO - Sync 1 DAGs
[2024-06-23T18:35:43.931+0000] {logging_mixin.py:150} INFO - [2024-06-23T18:35:43.930+0000] {dag.py:3504} INFO - Setting next_dagrun for example_trigger_target_dag to None, run_after=None
[2024-06-23T18:35:43.971+0000] {processor.py:179} INFO - Processing /usr/local/python/3.10.13/lib/python3.10/site-packages/airflow/example_dags/example_trigger_target_dag.py took 0.074 seconds
[2024-06-23T18:36:20.070+0000] {processor.py:157} INFO - Started process (PID=29783) to work on /usr/local/python/3.10.13/lib/python3.10/site-packages/airflow/example_dags/example_trigger_target_dag.py
[2024-06-23T18:36:20.070+0000] {processor.py:826} INFO - Processing file /usr/local/python/3.10.13/lib/python3.10/site-packages/airflow/example_dags/example_trigger_target_dag.py for tasks to queue
[2024-06-23T18:36:20.071+0000] {logging_mixin.py:150} INFO - [2024-06-23T18:36:20.071+0000] {dagbag.py:541} INFO - Filling up the DagBag from /usr/local/python/3.10.13/lib/python3.10/site-packages/airflow/example_dags/example_trigger_target_dag.py
[2024-06-23T18:36:20.075+0000] {processor.py:836} INFO - DAG(s) dict_keys(['example_trigger_target_dag']) retrieved from /usr/local/python/3.10.13/lib/python3.10/site-packages/airflow/example_dags/example_trigger_target_dag.py
[2024-06-23T18:36:20.086+0000] {logging_mixin.py:150} INFO - [2024-06-23T18:36:20.086+0000] {dag.py:2742} INFO - Sync 1 DAGs
[2024-06-23T18:36:20.101+0000] {logging_mixin.py:150} INFO - [2024-06-23T18:36:20.101+0000] {dag.py:3504} INFO - Setting next_dagrun for example_trigger_target_dag to None, run_after=None
[2024-06-23T18:36:20.140+0000] {processor.py:179} INFO - Processing /usr/local/python/3.10.13/lib/python3.10/site-packages/airflow/example_dags/example_trigger_target_dag.py took 0.073 seconds
