[2024-06-23T18:26:58.701+0000] {processor.py:157} INFO - Started process (PID=25506) to work on /usr/local/python/3.10.13/lib/python3.10/site-packages/airflow/example_dags/example_branch_operator_decorator.py
[2024-06-23T18:26:58.702+0000] {processor.py:826} INFO - Processing file /usr/local/python/3.10.13/lib/python3.10/site-packages/airflow/example_dags/example_branch_operator_decorator.py for tasks to queue
[2024-06-23T18:26:58.703+0000] {logging_mixin.py:150} INFO - [2024-06-23T18:26:58.702+0000] {dagbag.py:541} INFO - Filling up the DagBag from /usr/local/python/3.10.13/lib/python3.10/site-packages/airflow/example_dags/example_branch_operator_decorator.py
[2024-06-23T18:26:58.715+0000] {processor.py:836} INFO - DAG(s) dict_keys(['example_branch_python_operator_decorator']) retrieved from /usr/local/python/3.10.13/lib/python3.10/site-packages/airflow/example_dags/example_branch_operator_decorator.py
[2024-06-23T18:26:58.895+0000] {logging_mixin.py:150} INFO - [2024-06-23T18:26:58.895+0000] {manager.py:504} INFO - Created Permission View: can delete on DAG:example_branch_python_operator_decorator
[2024-06-23T18:26:58.928+0000] {logging_mixin.py:150} INFO - [2024-06-23T18:26:58.928+0000] {manager.py:504} INFO - Created Permission View: can edit on DAG:example_branch_python_operator_decorator
[2024-06-23T18:26:58.957+0000] {logging_mixin.py:150} INFO - [2024-06-23T18:26:58.957+0000] {manager.py:504} INFO - Created Permission View: can read on DAG:example_branch_python_operator_decorator
[2024-06-23T18:26:58.965+0000] {logging_mixin.py:150} INFO - [2024-06-23T18:26:58.965+0000] {dag.py:2742} INFO - Sync 1 DAGs
[2024-06-23T18:26:58.972+0000] {logging_mixin.py:150} INFO - [2024-06-23T18:26:58.972+0000] {dag.py:2763} INFO - Creating ORM DAG for example_branch_python_operator_decorator
[2024-06-23T18:26:58.981+0000] {logging_mixin.py:150} INFO - [2024-06-23T18:26:58.980+0000] {dag.py:3504} INFO - Setting next_dagrun for example_branch_python_operator_decorator to 2024-06-22T00:00:00+00:00, run_after=2024-06-23T00:00:00+00:00
[2024-06-23T18:26:59.025+0000] {processor.py:179} INFO - Processing /usr/local/python/3.10.13/lib/python3.10/site-packages/airflow/example_dags/example_branch_operator_decorator.py took 0.331 seconds
[2024-06-23T18:27:47.099+0000] {processor.py:157} INFO - Started process (PID=26029) to work on /usr/local/python/3.10.13/lib/python3.10/site-packages/airflow/example_dags/example_branch_operator_decorator.py
[2024-06-23T18:27:47.100+0000] {processor.py:826} INFO - Processing file /usr/local/python/3.10.13/lib/python3.10/site-packages/airflow/example_dags/example_branch_operator_decorator.py for tasks to queue
[2024-06-23T18:27:47.101+0000] {logging_mixin.py:150} INFO - [2024-06-23T18:27:47.101+0000] {dagbag.py:541} INFO - Filling up the DagBag from /usr/local/python/3.10.13/lib/python3.10/site-packages/airflow/example_dags/example_branch_operator_decorator.py
[2024-06-23T18:27:47.109+0000] {processor.py:836} INFO - DAG(s) dict_keys(['example_branch_python_operator_decorator']) retrieved from /usr/local/python/3.10.13/lib/python3.10/site-packages/airflow/example_dags/example_branch_operator_decorator.py
[2024-06-23T18:27:47.123+0000] {logging_mixin.py:150} INFO - [2024-06-23T18:27:47.122+0000] {dag.py:2742} INFO - Sync 1 DAGs
[2024-06-23T18:27:47.139+0000] {logging_mixin.py:150} INFO - [2024-06-23T18:27:47.139+0000] {dag.py:3504} INFO - Setting next_dagrun for example_branch_python_operator_decorator to 2024-06-22T00:00:00+00:00, run_after=2024-06-23T00:00:00+00:00
[2024-06-23T18:27:47.178+0000] {processor.py:179} INFO - Processing /usr/local/python/3.10.13/lib/python3.10/site-packages/airflow/example_dags/example_branch_operator_decorator.py took 0.082 seconds
[2024-06-23T18:28:34.579+0000] {processor.py:157} INFO - Started process (PID=26385) to work on /usr/local/python/3.10.13/lib/python3.10/site-packages/airflow/example_dags/example_branch_operator_decorator.py
[2024-06-23T18:28:34.580+0000] {processor.py:826} INFO - Processing file /usr/local/python/3.10.13/lib/python3.10/site-packages/airflow/example_dags/example_branch_operator_decorator.py for tasks to queue
[2024-06-23T18:28:34.580+0000] {logging_mixin.py:150} INFO - [2024-06-23T18:28:34.580+0000] {dagbag.py:541} INFO - Filling up the DagBag from /usr/local/python/3.10.13/lib/python3.10/site-packages/airflow/example_dags/example_branch_operator_decorator.py
[2024-06-23T18:28:34.588+0000] {processor.py:836} INFO - DAG(s) dict_keys(['example_branch_python_operator_decorator']) retrieved from /usr/local/python/3.10.13/lib/python3.10/site-packages/airflow/example_dags/example_branch_operator_decorator.py
[2024-06-23T18:28:34.602+0000] {logging_mixin.py:150} INFO - [2024-06-23T18:28:34.602+0000] {dag.py:2742} INFO - Sync 1 DAGs
[2024-06-23T18:28:34.618+0000] {logging_mixin.py:150} INFO - [2024-06-23T18:28:34.617+0000] {dag.py:3504} INFO - Setting next_dagrun for example_branch_python_operator_decorator to 2024-06-22T00:00:00+00:00, run_after=2024-06-23T00:00:00+00:00
[2024-06-23T18:28:34.656+0000] {processor.py:179} INFO - Processing /usr/local/python/3.10.13/lib/python3.10/site-packages/airflow/example_dags/example_branch_operator_decorator.py took 0.079 seconds
[2024-06-23T18:29:16.436+0000] {processor.py:157} INFO - Started process (PID=26677) to work on /usr/local/python/3.10.13/lib/python3.10/site-packages/airflow/example_dags/example_branch_operator_decorator.py
[2024-06-23T18:29:16.437+0000] {processor.py:826} INFO - Processing file /usr/local/python/3.10.13/lib/python3.10/site-packages/airflow/example_dags/example_branch_operator_decorator.py for tasks to queue
[2024-06-23T18:29:16.438+0000] {logging_mixin.py:150} INFO - [2024-06-23T18:29:16.438+0000] {dagbag.py:541} INFO - Filling up the DagBag from /usr/local/python/3.10.13/lib/python3.10/site-packages/airflow/example_dags/example_branch_operator_decorator.py
[2024-06-23T18:29:16.446+0000] {processor.py:836} INFO - DAG(s) dict_keys(['example_branch_python_operator_decorator']) retrieved from /usr/local/python/3.10.13/lib/python3.10/site-packages/airflow/example_dags/example_branch_operator_decorator.py
[2024-06-23T18:29:16.460+0000] {logging_mixin.py:150} INFO - [2024-06-23T18:29:16.460+0000] {dag.py:2742} INFO - Sync 1 DAGs
[2024-06-23T18:29:16.476+0000] {logging_mixin.py:150} INFO - [2024-06-23T18:29:16.476+0000] {dag.py:3504} INFO - Setting next_dagrun for example_branch_python_operator_decorator to 2024-06-22T00:00:00+00:00, run_after=2024-06-23T00:00:00+00:00
[2024-06-23T18:29:16.515+0000] {processor.py:179} INFO - Processing /usr/local/python/3.10.13/lib/python3.10/site-packages/airflow/example_dags/example_branch_operator_decorator.py took 0.081 seconds
[2024-06-23T18:30:02.870+0000] {processor.py:157} INFO - Started process (PID=27013) to work on /usr/local/python/3.10.13/lib/python3.10/site-packages/airflow/example_dags/example_branch_operator_decorator.py
[2024-06-23T18:30:02.870+0000] {processor.py:826} INFO - Processing file /usr/local/python/3.10.13/lib/python3.10/site-packages/airflow/example_dags/example_branch_operator_decorator.py for tasks to queue
[2024-06-23T18:30:02.871+0000] {logging_mixin.py:150} INFO - [2024-06-23T18:30:02.871+0000] {dagbag.py:541} INFO - Filling up the DagBag from /usr/local/python/3.10.13/lib/python3.10/site-packages/airflow/example_dags/example_branch_operator_decorator.py
[2024-06-23T18:30:02.879+0000] {processor.py:836} INFO - DAG(s) dict_keys(['example_branch_python_operator_decorator']) retrieved from /usr/local/python/3.10.13/lib/python3.10/site-packages/airflow/example_dags/example_branch_operator_decorator.py
[2024-06-23T18:30:02.893+0000] {logging_mixin.py:150} INFO - [2024-06-23T18:30:02.893+0000] {dag.py:2742} INFO - Sync 1 DAGs
[2024-06-23T18:30:02.909+0000] {logging_mixin.py:150} INFO - [2024-06-23T18:30:02.909+0000] {dag.py:3504} INFO - Setting next_dagrun for example_branch_python_operator_decorator to 2024-06-22T00:00:00+00:00, run_after=2024-06-23T00:00:00+00:00
[2024-06-23T18:30:02.949+0000] {processor.py:179} INFO - Processing /usr/local/python/3.10.13/lib/python3.10/site-packages/airflow/example_dags/example_branch_operator_decorator.py took 0.081 seconds
[2024-06-23T18:30:46.284+0000] {processor.py:157} INFO - Started process (PID=27309) to work on /usr/local/python/3.10.13/lib/python3.10/site-packages/airflow/example_dags/example_branch_operator_decorator.py
[2024-06-23T18:30:46.284+0000] {processor.py:826} INFO - Processing file /usr/local/python/3.10.13/lib/python3.10/site-packages/airflow/example_dags/example_branch_operator_decorator.py for tasks to queue
[2024-06-23T18:30:46.285+0000] {logging_mixin.py:150} INFO - [2024-06-23T18:30:46.285+0000] {dagbag.py:541} INFO - Filling up the DagBag from /usr/local/python/3.10.13/lib/python3.10/site-packages/airflow/example_dags/example_branch_operator_decorator.py
[2024-06-23T18:30:46.293+0000] {processor.py:836} INFO - DAG(s) dict_keys(['example_branch_python_operator_decorator']) retrieved from /usr/local/python/3.10.13/lib/python3.10/site-packages/airflow/example_dags/example_branch_operator_decorator.py
[2024-06-23T18:30:46.306+0000] {logging_mixin.py:150} INFO - [2024-06-23T18:30:46.306+0000] {dag.py:2742} INFO - Sync 1 DAGs
[2024-06-23T18:30:46.322+0000] {logging_mixin.py:150} INFO - [2024-06-23T18:30:46.322+0000] {dag.py:3504} INFO - Setting next_dagrun for example_branch_python_operator_decorator to 2024-06-22T00:00:00+00:00, run_after=2024-06-23T00:00:00+00:00
[2024-06-23T18:30:46.360+0000] {processor.py:179} INFO - Processing /usr/local/python/3.10.13/lib/python3.10/site-packages/airflow/example_dags/example_branch_operator_decorator.py took 0.079 seconds
[2024-06-23T18:31:38.168+0000] {processor.py:157} INFO - Started process (PID=27668) to work on /usr/local/python/3.10.13/lib/python3.10/site-packages/airflow/example_dags/example_branch_operator_decorator.py
[2024-06-23T18:31:38.169+0000] {processor.py:826} INFO - Processing file /usr/local/python/3.10.13/lib/python3.10/site-packages/airflow/example_dags/example_branch_operator_decorator.py for tasks to queue
[2024-06-23T18:31:38.170+0000] {logging_mixin.py:150} INFO - [2024-06-23T18:31:38.170+0000] {dagbag.py:541} INFO - Filling up the DagBag from /usr/local/python/3.10.13/lib/python3.10/site-packages/airflow/example_dags/example_branch_operator_decorator.py
[2024-06-23T18:31:38.178+0000] {processor.py:836} INFO - DAG(s) dict_keys(['example_branch_python_operator_decorator']) retrieved from /usr/local/python/3.10.13/lib/python3.10/site-packages/airflow/example_dags/example_branch_operator_decorator.py
[2024-06-23T18:31:38.192+0000] {logging_mixin.py:150} INFO - [2024-06-23T18:31:38.191+0000] {dag.py:2742} INFO - Sync 1 DAGs
[2024-06-23T18:31:38.208+0000] {logging_mixin.py:150} INFO - [2024-06-23T18:31:38.208+0000] {dag.py:3504} INFO - Setting next_dagrun for example_branch_python_operator_decorator to 2024-06-22T00:00:00+00:00, run_after=2024-06-23T00:00:00+00:00
[2024-06-23T18:31:38.248+0000] {processor.py:179} INFO - Processing /usr/local/python/3.10.13/lib/python3.10/site-packages/airflow/example_dags/example_branch_operator_decorator.py took 0.082 seconds
[2024-06-23T18:32:28.540+0000] {processor.py:157} INFO - Started process (PID=28044) to work on /usr/local/python/3.10.13/lib/python3.10/site-packages/airflow/example_dags/example_branch_operator_decorator.py
[2024-06-23T18:32:28.541+0000] {processor.py:826} INFO - Processing file /usr/local/python/3.10.13/lib/python3.10/site-packages/airflow/example_dags/example_branch_operator_decorator.py for tasks to queue
[2024-06-23T18:32:28.542+0000] {logging_mixin.py:150} INFO - [2024-06-23T18:32:28.542+0000] {dagbag.py:541} INFO - Filling up the DagBag from /usr/local/python/3.10.13/lib/python3.10/site-packages/airflow/example_dags/example_branch_operator_decorator.py
[2024-06-23T18:32:28.558+0000] {processor.py:836} INFO - DAG(s) dict_keys(['example_branch_python_operator_decorator']) retrieved from /usr/local/python/3.10.13/lib/python3.10/site-packages/airflow/example_dags/example_branch_operator_decorator.py
[2024-06-23T18:32:28.579+0000] {logging_mixin.py:150} INFO - [2024-06-23T18:32:28.579+0000] {dag.py:2742} INFO - Sync 1 DAGs
[2024-06-23T18:32:28.604+0000] {logging_mixin.py:150} INFO - [2024-06-23T18:32:28.604+0000] {dag.py:3504} INFO - Setting next_dagrun for example_branch_python_operator_decorator to 2024-06-22T00:00:00+00:00, run_after=2024-06-23T00:00:00+00:00
[2024-06-23T18:32:28.644+0000] {processor.py:179} INFO - Processing /usr/local/python/3.10.13/lib/python3.10/site-packages/airflow/example_dags/example_branch_operator_decorator.py took 0.107 seconds
[2024-06-23T18:33:23.721+0000] {processor.py:157} INFO - Started process (PID=28419) to work on /usr/local/python/3.10.13/lib/python3.10/site-packages/airflow/example_dags/example_branch_operator_decorator.py
[2024-06-23T18:33:23.721+0000] {processor.py:826} INFO - Processing file /usr/local/python/3.10.13/lib/python3.10/site-packages/airflow/example_dags/example_branch_operator_decorator.py for tasks to queue
[2024-06-23T18:33:23.722+0000] {logging_mixin.py:150} INFO - [2024-06-23T18:33:23.722+0000] {dagbag.py:541} INFO - Filling up the DagBag from /usr/local/python/3.10.13/lib/python3.10/site-packages/airflow/example_dags/example_branch_operator_decorator.py
[2024-06-23T18:33:23.730+0000] {processor.py:836} INFO - DAG(s) dict_keys(['example_branch_python_operator_decorator']) retrieved from /usr/local/python/3.10.13/lib/python3.10/site-packages/airflow/example_dags/example_branch_operator_decorator.py
[2024-06-23T18:33:23.747+0000] {logging_mixin.py:150} INFO - [2024-06-23T18:33:23.747+0000] {dag.py:2742} INFO - Sync 1 DAGs
[2024-06-23T18:33:23.768+0000] {logging_mixin.py:150} INFO - [2024-06-23T18:33:23.768+0000] {dag.py:3504} INFO - Setting next_dagrun for example_branch_python_operator_decorator to 2024-06-22T00:00:00+00:00, run_after=2024-06-23T00:00:00+00:00
[2024-06-23T18:33:23.808+0000] {processor.py:179} INFO - Processing /usr/local/python/3.10.13/lib/python3.10/site-packages/airflow/example_dags/example_branch_operator_decorator.py took 0.090 seconds
[2024-06-23T18:34:15.292+0000] {processor.py:157} INFO - Started process (PID=28775) to work on /usr/local/python/3.10.13/lib/python3.10/site-packages/airflow/example_dags/example_branch_operator_decorator.py
[2024-06-23T18:34:15.293+0000] {processor.py:826} INFO - Processing file /usr/local/python/3.10.13/lib/python3.10/site-packages/airflow/example_dags/example_branch_operator_decorator.py for tasks to queue
[2024-06-23T18:34:15.293+0000] {logging_mixin.py:150} INFO - [2024-06-23T18:34:15.293+0000] {dagbag.py:541} INFO - Filling up the DagBag from /usr/local/python/3.10.13/lib/python3.10/site-packages/airflow/example_dags/example_branch_operator_decorator.py
[2024-06-23T18:34:15.301+0000] {processor.py:836} INFO - DAG(s) dict_keys(['example_branch_python_operator_decorator']) retrieved from /usr/local/python/3.10.13/lib/python3.10/site-packages/airflow/example_dags/example_branch_operator_decorator.py
[2024-06-23T18:34:15.315+0000] {logging_mixin.py:150} INFO - [2024-06-23T18:34:15.315+0000] {dag.py:2742} INFO - Sync 1 DAGs
[2024-06-23T18:34:15.331+0000] {logging_mixin.py:150} INFO - [2024-06-23T18:34:15.331+0000] {dag.py:3504} INFO - Setting next_dagrun for example_branch_python_operator_decorator to 2024-06-22T00:00:00+00:00, run_after=2024-06-23T00:00:00+00:00
[2024-06-23T18:34:15.370+0000] {processor.py:179} INFO - Processing /usr/local/python/3.10.13/lib/python3.10/site-packages/airflow/example_dags/example_branch_operator_decorator.py took 0.081 seconds
[2024-06-23T18:35:03.377+0000] {processor.py:157} INFO - Started process (PID=29119) to work on /usr/local/python/3.10.13/lib/python3.10/site-packages/airflow/example_dags/example_branch_operator_decorator.py
[2024-06-23T18:35:03.377+0000] {processor.py:826} INFO - Processing file /usr/local/python/3.10.13/lib/python3.10/site-packages/airflow/example_dags/example_branch_operator_decorator.py for tasks to queue
[2024-06-23T18:35:03.378+0000] {logging_mixin.py:150} INFO - [2024-06-23T18:35:03.378+0000] {dagbag.py:541} INFO - Filling up the DagBag from /usr/local/python/3.10.13/lib/python3.10/site-packages/airflow/example_dags/example_branch_operator_decorator.py
[2024-06-23T18:35:03.386+0000] {processor.py:836} INFO - DAG(s) dict_keys(['example_branch_python_operator_decorator']) retrieved from /usr/local/python/3.10.13/lib/python3.10/site-packages/airflow/example_dags/example_branch_operator_decorator.py
[2024-06-23T18:35:03.399+0000] {logging_mixin.py:150} INFO - [2024-06-23T18:35:03.399+0000] {dag.py:2742} INFO - Sync 1 DAGs
[2024-06-23T18:35:03.417+0000] {logging_mixin.py:150} INFO - [2024-06-23T18:35:03.416+0000] {dag.py:3504} INFO - Setting next_dagrun for example_branch_python_operator_decorator to 2024-06-22T00:00:00+00:00, run_after=2024-06-23T00:00:00+00:00
[2024-06-23T18:35:03.457+0000] {processor.py:179} INFO - Processing /usr/local/python/3.10.13/lib/python3.10/site-packages/airflow/example_dags/example_branch_operator_decorator.py took 0.083 seconds
[2024-06-23T18:35:57.868+0000] {processor.py:157} INFO - Started process (PID=29542) to work on /usr/local/python/3.10.13/lib/python3.10/site-packages/airflow/example_dags/example_branch_operator_decorator.py
[2024-06-23T18:35:57.869+0000] {processor.py:826} INFO - Processing file /usr/local/python/3.10.13/lib/python3.10/site-packages/airflow/example_dags/example_branch_operator_decorator.py for tasks to queue
[2024-06-23T18:35:57.870+0000] {logging_mixin.py:150} INFO - [2024-06-23T18:35:57.870+0000] {dagbag.py:541} INFO - Filling up the DagBag from /usr/local/python/3.10.13/lib/python3.10/site-packages/airflow/example_dags/example_branch_operator_decorator.py
[2024-06-23T18:35:57.882+0000] {processor.py:836} INFO - DAG(s) dict_keys(['example_branch_python_operator_decorator']) retrieved from /usr/local/python/3.10.13/lib/python3.10/site-packages/airflow/example_dags/example_branch_operator_decorator.py
[2024-06-23T18:35:57.904+0000] {logging_mixin.py:150} INFO - [2024-06-23T18:35:57.904+0000] {dag.py:2742} INFO - Sync 1 DAGs
[2024-06-23T18:35:57.928+0000] {logging_mixin.py:150} INFO - [2024-06-23T18:35:57.928+0000] {dag.py:3504} INFO - Setting next_dagrun for example_branch_python_operator_decorator to 2024-06-22T00:00:00+00:00, run_after=2024-06-23T00:00:00+00:00
[2024-06-23T18:35:57.970+0000] {processor.py:179} INFO - Processing /usr/local/python/3.10.13/lib/python3.10/site-packages/airflow/example_dags/example_branch_operator_decorator.py took 0.106 seconds
