[2024-06-23T18:27:00.127+0000] {processor.py:157} INFO - Started process (PID=25519) to work on /usr/local/python/3.10.13/lib/python3.10/site-packages/airflow/example_dags/example_branch_python_dop_operator_3.py
[2024-06-23T18:27:00.128+0000] {processor.py:826} INFO - Processing file /usr/local/python/3.10.13/lib/python3.10/site-packages/airflow/example_dags/example_branch_python_dop_operator_3.py for tasks to queue
[2024-06-23T18:27:00.128+0000] {logging_mixin.py:150} INFO - [2024-06-23T18:27:00.128+0000] {dagbag.py:541} INFO - Filling up the DagBag from /usr/local/python/3.10.13/lib/python3.10/site-packages/airflow/example_dags/example_branch_python_dop_operator_3.py
[2024-06-23T18:27:00.135+0000] {processor.py:836} INFO - DAG(s) dict_keys(['example_branch_dop_operator_v3']) retrieved from /usr/local/python/3.10.13/lib/python3.10/site-packages/airflow/example_dags/example_branch_python_dop_operator_3.py
[2024-06-23T18:27:00.275+0000] {logging_mixin.py:150} INFO - [2024-06-23T18:27:00.275+0000] {manager.py:504} INFO - Created Permission View: can delete on DAG:example_branch_dop_operator_v3
[2024-06-23T18:27:00.305+0000] {logging_mixin.py:150} INFO - [2024-06-23T18:27:00.305+0000] {manager.py:504} INFO - Created Permission View: can edit on DAG:example_branch_dop_operator_v3
[2024-06-23T18:27:00.334+0000] {logging_mixin.py:150} INFO - [2024-06-23T18:27:00.333+0000] {manager.py:504} INFO - Created Permission View: can read on DAG:example_branch_dop_operator_v3
[2024-06-23T18:27:00.343+0000] {logging_mixin.py:150} INFO - [2024-06-23T18:27:00.343+0000] {dag.py:2742} INFO - Sync 1 DAGs
[2024-06-23T18:27:00.351+0000] {logging_mixin.py:150} INFO - [2024-06-23T18:27:00.350+0000] {dag.py:2763} INFO - Creating ORM DAG for example_branch_dop_operator_v3
[2024-06-23T18:27:00.362+0000] {logging_mixin.py:150} INFO - [2024-06-23T18:27:00.362+0000] {dag.py:3504} INFO - Setting next_dagrun for example_branch_dop_operator_v3 to 2024-06-23T18:26:00+00:00, run_after=2024-06-23T18:27:00+00:00
[2024-06-23T18:27:00.405+0000] {processor.py:179} INFO - Processing /usr/local/python/3.10.13/lib/python3.10/site-packages/airflow/example_dags/example_branch_python_dop_operator_3.py took 0.280 seconds
[2024-06-23T18:27:48.153+0000] {processor.py:157} INFO - Started process (PID=26039) to work on /usr/local/python/3.10.13/lib/python3.10/site-packages/airflow/example_dags/example_branch_python_dop_operator_3.py
[2024-06-23T18:27:48.154+0000] {processor.py:826} INFO - Processing file /usr/local/python/3.10.13/lib/python3.10/site-packages/airflow/example_dags/example_branch_python_dop_operator_3.py for tasks to queue
[2024-06-23T18:27:48.155+0000] {logging_mixin.py:150} INFO - [2024-06-23T18:27:48.155+0000] {dagbag.py:541} INFO - Filling up the DagBag from /usr/local/python/3.10.13/lib/python3.10/site-packages/airflow/example_dags/example_branch_python_dop_operator_3.py
[2024-06-23T18:27:48.162+0000] {processor.py:836} INFO - DAG(s) dict_keys(['example_branch_dop_operator_v3']) retrieved from /usr/local/python/3.10.13/lib/python3.10/site-packages/airflow/example_dags/example_branch_python_dop_operator_3.py
[2024-06-23T18:27:48.173+0000] {logging_mixin.py:150} INFO - [2024-06-23T18:27:48.173+0000] {dag.py:2742} INFO - Sync 1 DAGs
[2024-06-23T18:27:48.193+0000] {logging_mixin.py:150} INFO - [2024-06-23T18:27:48.193+0000] {dag.py:3504} INFO - Setting next_dagrun for example_branch_dop_operator_v3 to 2024-06-23T18:26:00+00:00, run_after=2024-06-23T18:27:00+00:00
[2024-06-23T18:27:48.233+0000] {processor.py:179} INFO - Processing /usr/local/python/3.10.13/lib/python3.10/site-packages/airflow/example_dags/example_branch_python_dop_operator_3.py took 0.083 seconds
[2024-06-23T18:28:34.978+0000] {processor.py:157} INFO - Started process (PID=26386) to work on /usr/local/python/3.10.13/lib/python3.10/site-packages/airflow/example_dags/example_branch_python_dop_operator_3.py
[2024-06-23T18:28:34.978+0000] {processor.py:826} INFO - Processing file /usr/local/python/3.10.13/lib/python3.10/site-packages/airflow/example_dags/example_branch_python_dop_operator_3.py for tasks to queue
[2024-06-23T18:28:34.979+0000] {logging_mixin.py:150} INFO - [2024-06-23T18:28:34.979+0000] {dagbag.py:541} INFO - Filling up the DagBag from /usr/local/python/3.10.13/lib/python3.10/site-packages/airflow/example_dags/example_branch_python_dop_operator_3.py
[2024-06-23T18:28:34.985+0000] {processor.py:836} INFO - DAG(s) dict_keys(['example_branch_dop_operator_v3']) retrieved from /usr/local/python/3.10.13/lib/python3.10/site-packages/airflow/example_dags/example_branch_python_dop_operator_3.py
[2024-06-23T18:28:34.997+0000] {logging_mixin.py:150} INFO - [2024-06-23T18:28:34.997+0000] {dag.py:2742} INFO - Sync 1 DAGs
[2024-06-23T18:28:35.017+0000] {logging_mixin.py:150} INFO - [2024-06-23T18:28:35.017+0000] {dag.py:3504} INFO - Setting next_dagrun for example_branch_dop_operator_v3 to 2024-06-23T18:27:00+00:00, run_after=2024-06-23T18:28:00+00:00
[2024-06-23T18:28:35.057+0000] {processor.py:179} INFO - Processing /usr/local/python/3.10.13/lib/python3.10/site-packages/airflow/example_dags/example_branch_python_dop_operator_3.py took 0.081 seconds
[2024-06-23T18:29:17.598+0000] {processor.py:157} INFO - Started process (PID=26684) to work on /usr/local/python/3.10.13/lib/python3.10/site-packages/airflow/example_dags/example_branch_python_dop_operator_3.py
[2024-06-23T18:29:17.598+0000] {processor.py:826} INFO - Processing file /usr/local/python/3.10.13/lib/python3.10/site-packages/airflow/example_dags/example_branch_python_dop_operator_3.py for tasks to queue
[2024-06-23T18:29:17.599+0000] {logging_mixin.py:150} INFO - [2024-06-23T18:29:17.599+0000] {dagbag.py:541} INFO - Filling up the DagBag from /usr/local/python/3.10.13/lib/python3.10/site-packages/airflow/example_dags/example_branch_python_dop_operator_3.py
[2024-06-23T18:29:17.606+0000] {processor.py:836} INFO - DAG(s) dict_keys(['example_branch_dop_operator_v3']) retrieved from /usr/local/python/3.10.13/lib/python3.10/site-packages/airflow/example_dags/example_branch_python_dop_operator_3.py
[2024-06-23T18:29:17.618+0000] {logging_mixin.py:150} INFO - [2024-06-23T18:29:17.617+0000] {dag.py:2742} INFO - Sync 1 DAGs
[2024-06-23T18:29:17.637+0000] {logging_mixin.py:150} INFO - [2024-06-23T18:29:17.637+0000] {dag.py:3504} INFO - Setting next_dagrun for example_branch_dop_operator_v3 to 2024-06-23T18:28:00+00:00, run_after=2024-06-23T18:29:00+00:00
[2024-06-23T18:29:17.676+0000] {processor.py:179} INFO - Processing /usr/local/python/3.10.13/lib/python3.10/site-packages/airflow/example_dags/example_branch_python_dop_operator_3.py took 0.080 seconds
[2024-06-23T18:30:04.033+0000] {processor.py:157} INFO - Started process (PID=27014) to work on /usr/local/python/3.10.13/lib/python3.10/site-packages/airflow/example_dags/example_branch_python_dop_operator_3.py
[2024-06-23T18:30:04.034+0000] {processor.py:826} INFO - Processing file /usr/local/python/3.10.13/lib/python3.10/site-packages/airflow/example_dags/example_branch_python_dop_operator_3.py for tasks to queue
[2024-06-23T18:30:04.034+0000] {logging_mixin.py:150} INFO - [2024-06-23T18:30:04.034+0000] {dagbag.py:541} INFO - Filling up the DagBag from /usr/local/python/3.10.13/lib/python3.10/site-packages/airflow/example_dags/example_branch_python_dop_operator_3.py
[2024-06-23T18:30:04.041+0000] {processor.py:836} INFO - DAG(s) dict_keys(['example_branch_dop_operator_v3']) retrieved from /usr/local/python/3.10.13/lib/python3.10/site-packages/airflow/example_dags/example_branch_python_dop_operator_3.py
[2024-06-23T18:30:04.053+0000] {logging_mixin.py:150} INFO - [2024-06-23T18:30:04.053+0000] {dag.py:2742} INFO - Sync 1 DAGs
[2024-06-23T18:30:04.072+0000] {logging_mixin.py:150} INFO - [2024-06-23T18:30:04.072+0000] {dag.py:3504} INFO - Setting next_dagrun for example_branch_dop_operator_v3 to 2024-06-23T18:29:00+00:00, run_after=2024-06-23T18:30:00+00:00
[2024-06-23T18:30:04.114+0000] {processor.py:179} INFO - Processing /usr/local/python/3.10.13/lib/python3.10/site-packages/airflow/example_dags/example_branch_python_dop_operator_3.py took 0.083 seconds
[2024-06-23T18:30:59.715+0000] {processor.py:157} INFO - Started process (PID=27395) to work on /usr/local/python/3.10.13/lib/python3.10/site-packages/airflow/example_dags/example_branch_python_dop_operator_3.py
[2024-06-23T18:30:59.716+0000] {processor.py:826} INFO - Processing file /usr/local/python/3.10.13/lib/python3.10/site-packages/airflow/example_dags/example_branch_python_dop_operator_3.py for tasks to queue
[2024-06-23T18:30:59.716+0000] {logging_mixin.py:150} INFO - [2024-06-23T18:30:59.716+0000] {dagbag.py:541} INFO - Filling up the DagBag from /usr/local/python/3.10.13/lib/python3.10/site-packages/airflow/example_dags/example_branch_python_dop_operator_3.py
[2024-06-23T18:30:59.723+0000] {processor.py:836} INFO - DAG(s) dict_keys(['example_branch_dop_operator_v3']) retrieved from /usr/local/python/3.10.13/lib/python3.10/site-packages/airflow/example_dags/example_branch_python_dop_operator_3.py
[2024-06-23T18:30:59.734+0000] {logging_mixin.py:150} INFO - [2024-06-23T18:30:59.734+0000] {dag.py:2742} INFO - Sync 1 DAGs
[2024-06-23T18:30:59.753+0000] {logging_mixin.py:150} INFO - [2024-06-23T18:30:59.753+0000] {dag.py:3504} INFO - Setting next_dagrun for example_branch_dop_operator_v3 to 2024-06-23T18:29:00+00:00, run_after=2024-06-23T18:30:00+00:00
[2024-06-23T18:30:59.791+0000] {processor.py:179} INFO - Processing /usr/local/python/3.10.13/lib/python3.10/site-packages/airflow/example_dags/example_branch_python_dop_operator_3.py took 0.078 seconds
[2024-06-23T18:31:50.768+0000] {processor.py:157} INFO - Started process (PID=27754) to work on /usr/local/python/3.10.13/lib/python3.10/site-packages/airflow/example_dags/example_branch_python_dop_operator_3.py
[2024-06-23T18:31:50.769+0000] {processor.py:826} INFO - Processing file /usr/local/python/3.10.13/lib/python3.10/site-packages/airflow/example_dags/example_branch_python_dop_operator_3.py for tasks to queue
[2024-06-23T18:31:50.770+0000] {logging_mixin.py:150} INFO - [2024-06-23T18:31:50.770+0000] {dagbag.py:541} INFO - Filling up the DagBag from /usr/local/python/3.10.13/lib/python3.10/site-packages/airflow/example_dags/example_branch_python_dop_operator_3.py
[2024-06-23T18:31:50.777+0000] {processor.py:836} INFO - DAG(s) dict_keys(['example_branch_dop_operator_v3']) retrieved from /usr/local/python/3.10.13/lib/python3.10/site-packages/airflow/example_dags/example_branch_python_dop_operator_3.py
[2024-06-23T18:31:50.790+0000] {logging_mixin.py:150} INFO - [2024-06-23T18:31:50.790+0000] {dag.py:2742} INFO - Sync 1 DAGs
[2024-06-23T18:31:50.810+0000] {logging_mixin.py:150} INFO - [2024-06-23T18:31:50.810+0000] {dag.py:3504} INFO - Setting next_dagrun for example_branch_dop_operator_v3 to 2024-06-23T18:30:00+00:00, run_after=2024-06-23T18:31:00+00:00
[2024-06-23T18:31:50.850+0000] {processor.py:179} INFO - Processing /usr/local/python/3.10.13/lib/python3.10/site-packages/airflow/example_dags/example_branch_python_dop_operator_3.py took 0.084 seconds
[2024-06-23T18:32:42.180+0000] {processor.py:157} INFO - Started process (PID=28132) to work on /usr/local/python/3.10.13/lib/python3.10/site-packages/airflow/example_dags/example_branch_python_dop_operator_3.py
[2024-06-23T18:32:42.181+0000] {processor.py:826} INFO - Processing file /usr/local/python/3.10.13/lib/python3.10/site-packages/airflow/example_dags/example_branch_python_dop_operator_3.py for tasks to queue
[2024-06-23T18:32:42.181+0000] {logging_mixin.py:150} INFO - [2024-06-23T18:32:42.181+0000] {dagbag.py:541} INFO - Filling up the DagBag from /usr/local/python/3.10.13/lib/python3.10/site-packages/airflow/example_dags/example_branch_python_dop_operator_3.py
[2024-06-23T18:32:42.188+0000] {processor.py:836} INFO - DAG(s) dict_keys(['example_branch_dop_operator_v3']) retrieved from /usr/local/python/3.10.13/lib/python3.10/site-packages/airflow/example_dags/example_branch_python_dop_operator_3.py
[2024-06-23T18:32:42.200+0000] {logging_mixin.py:150} INFO - [2024-06-23T18:32:42.200+0000] {dag.py:2742} INFO - Sync 1 DAGs
[2024-06-23T18:32:42.219+0000] {logging_mixin.py:150} INFO - [2024-06-23T18:32:42.219+0000] {dag.py:3504} INFO - Setting next_dagrun for example_branch_dop_operator_v3 to 2024-06-23T18:31:00+00:00, run_after=2024-06-23T18:32:00+00:00
[2024-06-23T18:32:42.259+0000] {processor.py:179} INFO - Processing /usr/local/python/3.10.13/lib/python3.10/site-packages/airflow/example_dags/example_branch_python_dop_operator_3.py took 0.081 seconds
[2024-06-23T18:33:37.972+0000] {processor.py:157} INFO - Started process (PID=28525) to work on /usr/local/python/3.10.13/lib/python3.10/site-packages/airflow/example_dags/example_branch_python_dop_operator_3.py
[2024-06-23T18:33:37.973+0000] {processor.py:826} INFO - Processing file /usr/local/python/3.10.13/lib/python3.10/site-packages/airflow/example_dags/example_branch_python_dop_operator_3.py for tasks to queue
[2024-06-23T18:33:37.973+0000] {logging_mixin.py:150} INFO - [2024-06-23T18:33:37.973+0000] {dagbag.py:541} INFO - Filling up the DagBag from /usr/local/python/3.10.13/lib/python3.10/site-packages/airflow/example_dags/example_branch_python_dop_operator_3.py
[2024-06-23T18:33:37.980+0000] {processor.py:836} INFO - DAG(s) dict_keys(['example_branch_dop_operator_v3']) retrieved from /usr/local/python/3.10.13/lib/python3.10/site-packages/airflow/example_dags/example_branch_python_dop_operator_3.py
[2024-06-23T18:33:37.992+0000] {logging_mixin.py:150} INFO - [2024-06-23T18:33:37.991+0000] {dag.py:2742} INFO - Sync 1 DAGs
[2024-06-23T18:33:38.010+0000] {logging_mixin.py:150} INFO - [2024-06-23T18:33:38.010+0000] {dag.py:3504} INFO - Setting next_dagrun for example_branch_dop_operator_v3 to 2024-06-23T18:32:00+00:00, run_after=2024-06-23T18:33:00+00:00
[2024-06-23T18:33:38.050+0000] {processor.py:179} INFO - Processing /usr/local/python/3.10.13/lib/python3.10/site-packages/airflow/example_dags/example_branch_python_dop_operator_3.py took 0.080 seconds
[2024-06-23T18:34:26.368+0000] {processor.py:157} INFO - Started process (PID=28874) to work on /usr/local/python/3.10.13/lib/python3.10/site-packages/airflow/example_dags/example_branch_python_dop_operator_3.py
[2024-06-23T18:34:26.369+0000] {processor.py:826} INFO - Processing file /usr/local/python/3.10.13/lib/python3.10/site-packages/airflow/example_dags/example_branch_python_dop_operator_3.py for tasks to queue
[2024-06-23T18:34:26.370+0000] {logging_mixin.py:150} INFO - [2024-06-23T18:34:26.369+0000] {dagbag.py:541} INFO - Filling up the DagBag from /usr/local/python/3.10.13/lib/python3.10/site-packages/airflow/example_dags/example_branch_python_dop_operator_3.py
[2024-06-23T18:34:26.377+0000] {processor.py:836} INFO - DAG(s) dict_keys(['example_branch_dop_operator_v3']) retrieved from /usr/local/python/3.10.13/lib/python3.10/site-packages/airflow/example_dags/example_branch_python_dop_operator_3.py
[2024-06-23T18:34:26.396+0000] {logging_mixin.py:150} INFO - [2024-06-23T18:34:26.396+0000] {dag.py:2742} INFO - Sync 1 DAGs
[2024-06-23T18:34:26.421+0000] {logging_mixin.py:150} INFO - [2024-06-23T18:34:26.421+0000] {dag.py:3504} INFO - Setting next_dagrun for example_branch_dop_operator_v3 to 2024-06-23T18:33:00+00:00, run_after=2024-06-23T18:34:00+00:00
[2024-06-23T18:34:26.461+0000] {processor.py:179} INFO - Processing /usr/local/python/3.10.13/lib/python3.10/site-packages/airflow/example_dags/example_branch_python_dop_operator_3.py took 0.096 seconds
[2024-06-23T18:35:18.510+0000] {processor.py:157} INFO - Started process (PID=29235) to work on /usr/local/python/3.10.13/lib/python3.10/site-packages/airflow/example_dags/example_branch_python_dop_operator_3.py
[2024-06-23T18:35:18.511+0000] {processor.py:826} INFO - Processing file /usr/local/python/3.10.13/lib/python3.10/site-packages/airflow/example_dags/example_branch_python_dop_operator_3.py for tasks to queue
[2024-06-23T18:35:18.511+0000] {logging_mixin.py:150} INFO - [2024-06-23T18:35:18.511+0000] {dagbag.py:541} INFO - Filling up the DagBag from /usr/local/python/3.10.13/lib/python3.10/site-packages/airflow/example_dags/example_branch_python_dop_operator_3.py
[2024-06-23T18:35:18.518+0000] {processor.py:836} INFO - DAG(s) dict_keys(['example_branch_dop_operator_v3']) retrieved from /usr/local/python/3.10.13/lib/python3.10/site-packages/airflow/example_dags/example_branch_python_dop_operator_3.py
[2024-06-23T18:35:18.530+0000] {logging_mixin.py:150} INFO - [2024-06-23T18:35:18.530+0000] {dag.py:2742} INFO - Sync 1 DAGs
[2024-06-23T18:35:18.549+0000] {logging_mixin.py:150} INFO - [2024-06-23T18:35:18.548+0000] {dag.py:3504} INFO - Setting next_dagrun for example_branch_dop_operator_v3 to 2024-06-23T18:34:00+00:00, run_after=2024-06-23T18:35:00+00:00
[2024-06-23T18:35:18.586+0000] {processor.py:179} INFO - Processing /usr/local/python/3.10.13/lib/python3.10/site-packages/airflow/example_dags/example_branch_python_dop_operator_3.py took 0.078 seconds
[2024-06-23T18:36:13.686+0000] {processor.py:157} INFO - Started process (PID=29721) to work on /usr/local/python/3.10.13/lib/python3.10/site-packages/airflow/example_dags/example_branch_python_dop_operator_3.py
[2024-06-23T18:36:13.687+0000] {processor.py:826} INFO - Processing file /usr/local/python/3.10.13/lib/python3.10/site-packages/airflow/example_dags/example_branch_python_dop_operator_3.py for tasks to queue
[2024-06-23T18:36:13.687+0000] {logging_mixin.py:150} INFO - [2024-06-23T18:36:13.687+0000] {dagbag.py:541} INFO - Filling up the DagBag from /usr/local/python/3.10.13/lib/python3.10/site-packages/airflow/example_dags/example_branch_python_dop_operator_3.py
[2024-06-23T18:36:13.694+0000] {processor.py:836} INFO - DAG(s) dict_keys(['example_branch_dop_operator_v3']) retrieved from /usr/local/python/3.10.13/lib/python3.10/site-packages/airflow/example_dags/example_branch_python_dop_operator_3.py
[2024-06-23T18:36:13.705+0000] {logging_mixin.py:150} INFO - [2024-06-23T18:36:13.705+0000] {dag.py:2742} INFO - Sync 1 DAGs
[2024-06-23T18:36:13.724+0000] {logging_mixin.py:150} INFO - [2024-06-23T18:36:13.724+0000] {dag.py:3504} INFO - Setting next_dagrun for example_branch_dop_operator_v3 to 2024-06-23T18:35:00+00:00, run_after=2024-06-23T18:36:00+00:00
[2024-06-23T18:36:13.765+0000] {processor.py:179} INFO - Processing /usr/local/python/3.10.13/lib/python3.10/site-packages/airflow/example_dags/example_branch_python_dop_operator_3.py took 0.081 seconds
