[2024-06-23T18:26:22.031+0000] {processor.py:157} INFO - Started process (PID=25253) to work on /usr/local/python/3.10.13/lib/python3.10/site-packages/airflow/example_dags/tutorial.py
[2024-06-23T18:26:22.032+0000] {processor.py:826} INFO - Processing file /usr/local/python/3.10.13/lib/python3.10/site-packages/airflow/example_dags/tutorial.py for tasks to queue
[2024-06-23T18:26:22.033+0000] {logging_mixin.py:150} INFO - [2024-06-23T18:26:22.032+0000] {dagbag.py:541} INFO - Filling up the DagBag from /usr/local/python/3.10.13/lib/python3.10/site-packages/airflow/example_dags/tutorial.py
[2024-06-23T18:26:22.042+0000] {processor.py:836} INFO - DAG(s) dict_keys(['tutorial']) retrieved from /usr/local/python/3.10.13/lib/python3.10/site-packages/airflow/example_dags/tutorial.py
[2024-06-23T18:26:22.172+0000] {logging_mixin.py:150} INFO - [2024-06-23T18:26:22.171+0000] {manager.py:504} INFO - Created Permission View: can delete on DAG:tutorial
[2024-06-23T18:26:22.202+0000] {logging_mixin.py:150} INFO - [2024-06-23T18:26:22.202+0000] {manager.py:504} INFO - Created Permission View: can edit on DAG:tutorial
[2024-06-23T18:26:22.230+0000] {logging_mixin.py:150} INFO - [2024-06-23T18:26:22.230+0000] {manager.py:504} INFO - Created Permission View: can read on DAG:tutorial
[2024-06-23T18:26:22.238+0000] {logging_mixin.py:150} INFO - [2024-06-23T18:26:22.238+0000] {dag.py:2742} INFO - Sync 1 DAGs
[2024-06-23T18:26:22.245+0000] {logging_mixin.py:150} INFO - [2024-06-23T18:26:22.245+0000] {dag.py:2763} INFO - Creating ORM DAG for tutorial
[2024-06-23T18:26:22.253+0000] {logging_mixin.py:150} INFO - [2024-06-23T18:26:22.253+0000] {dag.py:3504} INFO - Setting next_dagrun for tutorial to 2024-06-22T18:26:22.253478+00:00, run_after=2024-06-23T18:26:22.253478+00:00
[2024-06-23T18:26:22.296+0000] {processor.py:179} INFO - Processing /usr/local/python/3.10.13/lib/python3.10/site-packages/airflow/example_dags/tutorial.py took 0.268 seconds
[2024-06-23T18:27:16.588+0000] {processor.py:157} INFO - Started process (PID=25626) to work on /usr/local/python/3.10.13/lib/python3.10/site-packages/airflow/example_dags/tutorial.py
[2024-06-23T18:27:16.589+0000] {processor.py:826} INFO - Processing file /usr/local/python/3.10.13/lib/python3.10/site-packages/airflow/example_dags/tutorial.py for tasks to queue
[2024-06-23T18:27:16.589+0000] {logging_mixin.py:150} INFO - [2024-06-23T18:27:16.589+0000] {dagbag.py:541} INFO - Filling up the DagBag from /usr/local/python/3.10.13/lib/python3.10/site-packages/airflow/example_dags/tutorial.py
[2024-06-23T18:27:16.595+0000] {processor.py:836} INFO - DAG(s) dict_keys(['tutorial']) retrieved from /usr/local/python/3.10.13/lib/python3.10/site-packages/airflow/example_dags/tutorial.py
[2024-06-23T18:27:16.610+0000] {logging_mixin.py:150} INFO - [2024-06-23T18:27:16.610+0000] {dag.py:2742} INFO - Sync 1 DAGs
[2024-06-23T18:27:16.625+0000] {logging_mixin.py:150} INFO - [2024-06-23T18:27:16.625+0000] {dag.py:3504} INFO - Setting next_dagrun for tutorial to 2024-06-22T18:27:16.625203+00:00, run_after=2024-06-23T18:27:16.625203+00:00
[2024-06-23T18:27:16.664+0000] {processor.py:179} INFO - Processing /usr/local/python/3.10.13/lib/python3.10/site-packages/airflow/example_dags/tutorial.py took 0.078 seconds
[2024-06-23T18:27:58.273+0000] {processor.py:157} INFO - Started process (PID=26117) to work on /usr/local/python/3.10.13/lib/python3.10/site-packages/airflow/example_dags/tutorial.py
[2024-06-23T18:27:58.274+0000] {processor.py:826} INFO - Processing file /usr/local/python/3.10.13/lib/python3.10/site-packages/airflow/example_dags/tutorial.py for tasks to queue
[2024-06-23T18:27:58.275+0000] {logging_mixin.py:150} INFO - [2024-06-23T18:27:58.275+0000] {dagbag.py:541} INFO - Filling up the DagBag from /usr/local/python/3.10.13/lib/python3.10/site-packages/airflow/example_dags/tutorial.py
[2024-06-23T18:27:58.282+0000] {processor.py:836} INFO - DAG(s) dict_keys(['tutorial']) retrieved from /usr/local/python/3.10.13/lib/python3.10/site-packages/airflow/example_dags/tutorial.py
[2024-06-23T18:27:58.299+0000] {logging_mixin.py:150} INFO - [2024-06-23T18:27:58.299+0000] {dag.py:2742} INFO - Sync 1 DAGs
[2024-06-23T18:27:58.324+0000] {logging_mixin.py:150} INFO - [2024-06-23T18:27:58.323+0000] {dag.py:3504} INFO - Setting next_dagrun for tutorial to 2024-06-22T18:27:58.323558+00:00, run_after=2024-06-23T18:27:58.323558+00:00
[2024-06-23T18:27:58.369+0000] {processor.py:179} INFO - Processing /usr/local/python/3.10.13/lib/python3.10/site-packages/airflow/example_dags/tutorial.py took 0.098 seconds
[2024-06-23T18:28:44.692+0000] {processor.py:157} INFO - Started process (PID=26458) to work on /usr/local/python/3.10.13/lib/python3.10/site-packages/airflow/example_dags/tutorial.py
[2024-06-23T18:28:44.693+0000] {processor.py:826} INFO - Processing file /usr/local/python/3.10.13/lib/python3.10/site-packages/airflow/example_dags/tutorial.py for tasks to queue
[2024-06-23T18:28:44.694+0000] {logging_mixin.py:150} INFO - [2024-06-23T18:28:44.693+0000] {dagbag.py:541} INFO - Filling up the DagBag from /usr/local/python/3.10.13/lib/python3.10/site-packages/airflow/example_dags/tutorial.py
[2024-06-23T18:28:44.698+0000] {processor.py:836} INFO - DAG(s) dict_keys(['tutorial']) retrieved from /usr/local/python/3.10.13/lib/python3.10/site-packages/airflow/example_dags/tutorial.py
[2024-06-23T18:28:44.710+0000] {logging_mixin.py:150} INFO - [2024-06-23T18:28:44.709+0000] {dag.py:2742} INFO - Sync 1 DAGs
[2024-06-23T18:28:44.724+0000] {logging_mixin.py:150} INFO - [2024-06-23T18:28:44.724+0000] {dag.py:3504} INFO - Setting next_dagrun for tutorial to 2024-06-22T18:28:44.724511+00:00, run_after=2024-06-23T18:28:44.724511+00:00
[2024-06-23T18:28:44.763+0000] {processor.py:179} INFO - Processing /usr/local/python/3.10.13/lib/python3.10/site-packages/airflow/example_dags/tutorial.py took 0.073 seconds
[2024-06-23T18:29:26.760+0000] {processor.py:157} INFO - Started process (PID=26749) to work on /usr/local/python/3.10.13/lib/python3.10/site-packages/airflow/example_dags/tutorial.py
[2024-06-23T18:29:26.760+0000] {processor.py:826} INFO - Processing file /usr/local/python/3.10.13/lib/python3.10/site-packages/airflow/example_dags/tutorial.py for tasks to queue
[2024-06-23T18:29:26.761+0000] {logging_mixin.py:150} INFO - [2024-06-23T18:29:26.761+0000] {dagbag.py:541} INFO - Filling up the DagBag from /usr/local/python/3.10.13/lib/python3.10/site-packages/airflow/example_dags/tutorial.py
[2024-06-23T18:29:26.766+0000] {processor.py:836} INFO - DAG(s) dict_keys(['tutorial']) retrieved from /usr/local/python/3.10.13/lib/python3.10/site-packages/airflow/example_dags/tutorial.py
[2024-06-23T18:29:26.778+0000] {logging_mixin.py:150} INFO - [2024-06-23T18:29:26.778+0000] {dag.py:2742} INFO - Sync 1 DAGs
[2024-06-23T18:29:26.793+0000] {logging_mixin.py:150} INFO - [2024-06-23T18:29:26.793+0000] {dag.py:3504} INFO - Setting next_dagrun for tutorial to 2024-06-22T18:29:26.793085+00:00, run_after=2024-06-23T18:29:26.793085+00:00
[2024-06-23T18:29:26.834+0000] {processor.py:179} INFO - Processing /usr/local/python/3.10.13/lib/python3.10/site-packages/airflow/example_dags/tutorial.py took 0.076 seconds
[2024-06-23T18:30:10.332+0000] {processor.py:157} INFO - Started process (PID=27052) to work on /usr/local/python/3.10.13/lib/python3.10/site-packages/airflow/example_dags/tutorial.py
[2024-06-23T18:30:10.333+0000] {processor.py:826} INFO - Processing file /usr/local/python/3.10.13/lib/python3.10/site-packages/airflow/example_dags/tutorial.py for tasks to queue
[2024-06-23T18:30:10.334+0000] {logging_mixin.py:150} INFO - [2024-06-23T18:30:10.334+0000] {dagbag.py:541} INFO - Filling up the DagBag from /usr/local/python/3.10.13/lib/python3.10/site-packages/airflow/example_dags/tutorial.py
[2024-06-23T18:30:10.339+0000] {processor.py:836} INFO - DAG(s) dict_keys(['tutorial']) retrieved from /usr/local/python/3.10.13/lib/python3.10/site-packages/airflow/example_dags/tutorial.py
[2024-06-23T18:30:10.350+0000] {logging_mixin.py:150} INFO - [2024-06-23T18:30:10.350+0000] {dag.py:2742} INFO - Sync 1 DAGs
[2024-06-23T18:30:10.366+0000] {logging_mixin.py:150} INFO - [2024-06-23T18:30:10.366+0000] {dag.py:3504} INFO - Setting next_dagrun for tutorial to 2024-06-22T18:30:10.365870+00:00, run_after=2024-06-23T18:30:10.365870+00:00
[2024-06-23T18:30:10.406+0000] {processor.py:179} INFO - Processing /usr/local/python/3.10.13/lib/python3.10/site-packages/airflow/example_dags/tutorial.py took 0.076 seconds
[2024-06-23T18:30:53.953+0000] {processor.py:157} INFO - Started process (PID=27365) to work on /usr/local/python/3.10.13/lib/python3.10/site-packages/airflow/example_dags/tutorial.py
[2024-06-23T18:30:53.953+0000] {processor.py:826} INFO - Processing file /usr/local/python/3.10.13/lib/python3.10/site-packages/airflow/example_dags/tutorial.py for tasks to queue
[2024-06-23T18:30:53.954+0000] {logging_mixin.py:150} INFO - [2024-06-23T18:30:53.954+0000] {dagbag.py:541} INFO - Filling up the DagBag from /usr/local/python/3.10.13/lib/python3.10/site-packages/airflow/example_dags/tutorial.py
[2024-06-23T18:30:53.960+0000] {processor.py:836} INFO - DAG(s) dict_keys(['tutorial']) retrieved from /usr/local/python/3.10.13/lib/python3.10/site-packages/airflow/example_dags/tutorial.py
[2024-06-23T18:30:53.972+0000] {logging_mixin.py:150} INFO - [2024-06-23T18:30:53.972+0000] {dag.py:2742} INFO - Sync 1 DAGs
[2024-06-23T18:30:53.987+0000] {logging_mixin.py:150} INFO - [2024-06-23T18:30:53.987+0000] {dag.py:3504} INFO - Setting next_dagrun for tutorial to 2024-06-22T18:30:53.987185+00:00, run_after=2024-06-23T18:30:53.987185+00:00
[2024-06-23T18:30:54.025+0000] {processor.py:179} INFO - Processing /usr/local/python/3.10.13/lib/python3.10/site-packages/airflow/example_dags/tutorial.py took 0.075 seconds
[2024-06-23T18:31:40.934+0000] {processor.py:157} INFO - Started process (PID=27684) to work on /usr/local/python/3.10.13/lib/python3.10/site-packages/airflow/example_dags/tutorial.py
[2024-06-23T18:31:40.934+0000] {processor.py:826} INFO - Processing file /usr/local/python/3.10.13/lib/python3.10/site-packages/airflow/example_dags/tutorial.py for tasks to queue
[2024-06-23T18:31:40.935+0000] {logging_mixin.py:150} INFO - [2024-06-23T18:31:40.935+0000] {dagbag.py:541} INFO - Filling up the DagBag from /usr/local/python/3.10.13/lib/python3.10/site-packages/airflow/example_dags/tutorial.py
[2024-06-23T18:31:40.940+0000] {processor.py:836} INFO - DAG(s) dict_keys(['tutorial']) retrieved from /usr/local/python/3.10.13/lib/python3.10/site-packages/airflow/example_dags/tutorial.py
[2024-06-23T18:31:40.951+0000] {logging_mixin.py:150} INFO - [2024-06-23T18:31:40.951+0000] {dag.py:2742} INFO - Sync 1 DAGs
[2024-06-23T18:31:40.966+0000] {logging_mixin.py:150} INFO - [2024-06-23T18:31:40.966+0000] {dag.py:3504} INFO - Setting next_dagrun for tutorial to 2024-06-22T18:31:40.966503+00:00, run_after=2024-06-23T18:31:40.966503+00:00
[2024-06-23T18:31:41.005+0000] {processor.py:179} INFO - Processing /usr/local/python/3.10.13/lib/python3.10/site-packages/airflow/example_dags/tutorial.py took 0.073 seconds
[2024-06-23T18:32:14.801+0000] {processor.py:157} INFO - Started process (PID=27958) to work on /usr/local/python/3.10.13/lib/python3.10/site-packages/airflow/example_dags/tutorial.py
[2024-06-23T18:32:14.802+0000] {processor.py:826} INFO - Processing file /usr/local/python/3.10.13/lib/python3.10/site-packages/airflow/example_dags/tutorial.py for tasks to queue
[2024-06-23T18:32:14.803+0000] {logging_mixin.py:150} INFO - [2024-06-23T18:32:14.802+0000] {dagbag.py:541} INFO - Filling up the DagBag from /usr/local/python/3.10.13/lib/python3.10/site-packages/airflow/example_dags/tutorial.py
[2024-06-23T18:32:14.808+0000] {processor.py:836} INFO - DAG(s) dict_keys(['tutorial']) retrieved from /usr/local/python/3.10.13/lib/python3.10/site-packages/airflow/example_dags/tutorial.py
[2024-06-23T18:32:14.819+0000] {logging_mixin.py:150} INFO - [2024-06-23T18:32:14.819+0000] {dag.py:2742} INFO - Sync 1 DAGs
[2024-06-23T18:32:14.833+0000] {logging_mixin.py:150} INFO - [2024-06-23T18:32:14.833+0000] {dag.py:3504} INFO - Setting next_dagrun for tutorial to 2024-06-22T18:32:14.833534+00:00, run_after=2024-06-23T18:32:14.833534+00:00
[2024-06-23T18:32:14.871+0000] {processor.py:179} INFO - Processing /usr/local/python/3.10.13/lib/python3.10/site-packages/airflow/example_dags/tutorial.py took 0.071 seconds
[2024-06-23T18:32:50.838+0000] {processor.py:157} INFO - Started process (PID=28195) to work on /usr/local/python/3.10.13/lib/python3.10/site-packages/airflow/example_dags/tutorial.py
[2024-06-23T18:32:50.839+0000] {processor.py:826} INFO - Processing file /usr/local/python/3.10.13/lib/python3.10/site-packages/airflow/example_dags/tutorial.py for tasks to queue
[2024-06-23T18:32:50.840+0000] {logging_mixin.py:150} INFO - [2024-06-23T18:32:50.840+0000] {dagbag.py:541} INFO - Filling up the DagBag from /usr/local/python/3.10.13/lib/python3.10/site-packages/airflow/example_dags/tutorial.py
[2024-06-23T18:32:50.845+0000] {processor.py:836} INFO - DAG(s) dict_keys(['tutorial']) retrieved from /usr/local/python/3.10.13/lib/python3.10/site-packages/airflow/example_dags/tutorial.py
[2024-06-23T18:32:50.856+0000] {logging_mixin.py:150} INFO - [2024-06-23T18:32:50.856+0000] {dag.py:2742} INFO - Sync 1 DAGs
[2024-06-23T18:32:50.870+0000] {logging_mixin.py:150} INFO - [2024-06-23T18:32:50.870+0000] {dag.py:3504} INFO - Setting next_dagrun for tutorial to 2024-06-22T18:32:50.870432+00:00, run_after=2024-06-23T18:32:50.870432+00:00
[2024-06-23T18:32:50.910+0000] {processor.py:179} INFO - Processing /usr/local/python/3.10.13/lib/python3.10/site-packages/airflow/example_dags/tutorial.py took 0.074 seconds
[2024-06-23T18:33:28.783+0000] {processor.py:157} INFO - Started process (PID=28467) to work on /usr/local/python/3.10.13/lib/python3.10/site-packages/airflow/example_dags/tutorial.py
[2024-06-23T18:33:28.783+0000] {processor.py:826} INFO - Processing file /usr/local/python/3.10.13/lib/python3.10/site-packages/airflow/example_dags/tutorial.py for tasks to queue
[2024-06-23T18:33:28.784+0000] {logging_mixin.py:150} INFO - [2024-06-23T18:33:28.784+0000] {dagbag.py:541} INFO - Filling up the DagBag from /usr/local/python/3.10.13/lib/python3.10/site-packages/airflow/example_dags/tutorial.py
[2024-06-23T18:33:28.789+0000] {processor.py:836} INFO - DAG(s) dict_keys(['tutorial']) retrieved from /usr/local/python/3.10.13/lib/python3.10/site-packages/airflow/example_dags/tutorial.py
[2024-06-23T18:33:28.801+0000] {logging_mixin.py:150} INFO - [2024-06-23T18:33:28.801+0000] {dag.py:2742} INFO - Sync 1 DAGs
[2024-06-23T18:33:28.820+0000] {logging_mixin.py:150} INFO - [2024-06-23T18:33:28.820+0000] {dag.py:3504} INFO - Setting next_dagrun for tutorial to 2024-06-22T18:33:28.820250+00:00, run_after=2024-06-23T18:33:28.820250+00:00
[2024-06-23T18:33:28.861+0000] {processor.py:179} INFO - Processing /usr/local/python/3.10.13/lib/python3.10/site-packages/airflow/example_dags/tutorial.py took 0.081 seconds
[2024-06-23T18:34:03.957+0000] {processor.py:157} INFO - Started process (PID=28701) to work on /usr/local/python/3.10.13/lib/python3.10/site-packages/airflow/example_dags/tutorial.py
[2024-06-23T18:34:03.958+0000] {processor.py:826} INFO - Processing file /usr/local/python/3.10.13/lib/python3.10/site-packages/airflow/example_dags/tutorial.py for tasks to queue
[2024-06-23T18:34:03.958+0000] {logging_mixin.py:150} INFO - [2024-06-23T18:34:03.958+0000] {dagbag.py:541} INFO - Filling up the DagBag from /usr/local/python/3.10.13/lib/python3.10/site-packages/airflow/example_dags/tutorial.py
[2024-06-23T18:34:03.963+0000] {processor.py:836} INFO - DAG(s) dict_keys(['tutorial']) retrieved from /usr/local/python/3.10.13/lib/python3.10/site-packages/airflow/example_dags/tutorial.py
[2024-06-23T18:34:03.974+0000] {logging_mixin.py:150} INFO - [2024-06-23T18:34:03.974+0000] {dag.py:2742} INFO - Sync 1 DAGs
[2024-06-23T18:34:03.989+0000] {logging_mixin.py:150} INFO - [2024-06-23T18:34:03.989+0000] {dag.py:3504} INFO - Setting next_dagrun for tutorial to 2024-06-22T18:34:03.989009+00:00, run_after=2024-06-23T18:34:03.989009+00:00
[2024-06-23T18:34:04.026+0000] {processor.py:179} INFO - Processing /usr/local/python/3.10.13/lib/python3.10/site-packages/airflow/example_dags/tutorial.py took 0.071 seconds
[2024-06-23T18:34:50.508+0000] {processor.py:157} INFO - Started process (PID=29039) to work on /usr/local/python/3.10.13/lib/python3.10/site-packages/airflow/example_dags/tutorial.py
[2024-06-23T18:34:50.509+0000] {processor.py:826} INFO - Processing file /usr/local/python/3.10.13/lib/python3.10/site-packages/airflow/example_dags/tutorial.py for tasks to queue
[2024-06-23T18:34:50.510+0000] {logging_mixin.py:150} INFO - [2024-06-23T18:34:50.510+0000] {dagbag.py:541} INFO - Filling up the DagBag from /usr/local/python/3.10.13/lib/python3.10/site-packages/airflow/example_dags/tutorial.py
[2024-06-23T18:34:50.515+0000] {processor.py:836} INFO - DAG(s) dict_keys(['tutorial']) retrieved from /usr/local/python/3.10.13/lib/python3.10/site-packages/airflow/example_dags/tutorial.py
[2024-06-23T18:34:50.526+0000] {logging_mixin.py:150} INFO - [2024-06-23T18:34:50.525+0000] {dag.py:2742} INFO - Sync 1 DAGs
[2024-06-23T18:34:50.540+0000] {logging_mixin.py:150} INFO - [2024-06-23T18:34:50.540+0000] {dag.py:3504} INFO - Setting next_dagrun for tutorial to 2024-06-22T18:34:50.540501+00:00, run_after=2024-06-23T18:34:50.540501+00:00
[2024-06-23T18:34:50.580+0000] {processor.py:179} INFO - Processing /usr/local/python/3.10.13/lib/python3.10/site-packages/airflow/example_dags/tutorial.py took 0.074 seconds
[2024-06-23T18:35:26.676+0000] {processor.py:157} INFO - Started process (PID=29280) to work on /usr/local/python/3.10.13/lib/python3.10/site-packages/airflow/example_dags/tutorial.py
[2024-06-23T18:35:26.676+0000] {processor.py:826} INFO - Processing file /usr/local/python/3.10.13/lib/python3.10/site-packages/airflow/example_dags/tutorial.py for tasks to queue
[2024-06-23T18:35:26.677+0000] {logging_mixin.py:150} INFO - [2024-06-23T18:35:26.677+0000] {dagbag.py:541} INFO - Filling up the DagBag from /usr/local/python/3.10.13/lib/python3.10/site-packages/airflow/example_dags/tutorial.py
[2024-06-23T18:35:26.683+0000] {processor.py:836} INFO - DAG(s) dict_keys(['tutorial']) retrieved from /usr/local/python/3.10.13/lib/python3.10/site-packages/airflow/example_dags/tutorial.py
[2024-06-23T18:35:26.695+0000] {logging_mixin.py:150} INFO - [2024-06-23T18:35:26.694+0000] {dag.py:2742} INFO - Sync 1 DAGs
[2024-06-23T18:35:26.709+0000] {logging_mixin.py:150} INFO - [2024-06-23T18:35:26.709+0000] {dag.py:3504} INFO - Setting next_dagrun for tutorial to 2024-06-22T18:35:26.709405+00:00, run_after=2024-06-23T18:35:26.709405+00:00
[2024-06-23T18:35:26.749+0000] {processor.py:179} INFO - Processing /usr/local/python/3.10.13/lib/python3.10/site-packages/airflow/example_dags/tutorial.py took 0.075 seconds
[2024-06-23T18:36:02.543+0000] {processor.py:157} INFO - Started process (PID=29571) to work on /usr/local/python/3.10.13/lib/python3.10/site-packages/airflow/example_dags/tutorial.py
[2024-06-23T18:36:02.543+0000] {processor.py:826} INFO - Processing file /usr/local/python/3.10.13/lib/python3.10/site-packages/airflow/example_dags/tutorial.py for tasks to queue
[2024-06-23T18:36:02.544+0000] {logging_mixin.py:150} INFO - [2024-06-23T18:36:02.544+0000] {dagbag.py:541} INFO - Filling up the DagBag from /usr/local/python/3.10.13/lib/python3.10/site-packages/airflow/example_dags/tutorial.py
[2024-06-23T18:36:02.549+0000] {processor.py:836} INFO - DAG(s) dict_keys(['tutorial']) retrieved from /usr/local/python/3.10.13/lib/python3.10/site-packages/airflow/example_dags/tutorial.py
[2024-06-23T18:36:02.560+0000] {logging_mixin.py:150} INFO - [2024-06-23T18:36:02.560+0000] {dag.py:2742} INFO - Sync 1 DAGs
[2024-06-23T18:36:02.575+0000] {logging_mixin.py:150} INFO - [2024-06-23T18:36:02.575+0000] {dag.py:3504} INFO - Setting next_dagrun for tutorial to 2024-06-22T18:36:02.575141+00:00, run_after=2024-06-23T18:36:02.575141+00:00
[2024-06-23T18:36:02.612+0000] {processor.py:179} INFO - Processing /usr/local/python/3.10.13/lib/python3.10/site-packages/airflow/example_dags/tutorial.py took 0.071 seconds
