[2024-06-23T18:26:28.713+0000] {processor.py:157} INFO - Started process (PID=25307) to work on /usr/local/python/3.10.13/lib/python3.10/site-packages/airflow/example_dags/tutorial_taskflow_api_virtualenv.py
[2024-06-23T18:26:28.714+0000] {processor.py:826} INFO - Processing file /usr/local/python/3.10.13/lib/python3.10/site-packages/airflow/example_dags/tutorial_taskflow_api_virtualenv.py for tasks to queue
[2024-06-23T18:26:28.714+0000] {logging_mixin.py:150} INFO - [2024-06-23T18:26:28.714+0000] {dagbag.py:541} INFO - Filling up the DagBag from /usr/local/python/3.10.13/lib/python3.10/site-packages/airflow/example_dags/tutorial_taskflow_api_virtualenv.py
[2024-06-23T18:26:28.721+0000] {processor.py:836} INFO - DAG(s) dict_keys(['tutorial_taskflow_api_virtualenv']) retrieved from /usr/local/python/3.10.13/lib/python3.10/site-packages/airflow/example_dags/tutorial_taskflow_api_virtualenv.py
[2024-06-23T18:26:28.849+0000] {logging_mixin.py:150} INFO - [2024-06-23T18:26:28.849+0000] {manager.py:504} INFO - Created Permission View: can delete on DAG:tutorial_taskflow_api_virtualenv
[2024-06-23T18:26:28.878+0000] {logging_mixin.py:150} INFO - [2024-06-23T18:26:28.878+0000] {manager.py:504} INFO - Created Permission View: can edit on DAG:tutorial_taskflow_api_virtualenv
[2024-06-23T18:26:28.909+0000] {logging_mixin.py:150} INFO - [2024-06-23T18:26:28.909+0000] {manager.py:504} INFO - Created Permission View: can read on DAG:tutorial_taskflow_api_virtualenv
[2024-06-23T18:26:28.918+0000] {logging_mixin.py:150} INFO - [2024-06-23T18:26:28.918+0000] {dag.py:2742} INFO - Sync 1 DAGs
[2024-06-23T18:26:28.925+0000] {logging_mixin.py:150} INFO - [2024-06-23T18:26:28.925+0000] {dag.py:2763} INFO - Creating ORM DAG for tutorial_taskflow_api_virtualenv
[2024-06-23T18:26:28.932+0000] {logging_mixin.py:150} INFO - [2024-06-23T18:26:28.932+0000] {dag.py:3504} INFO - Setting next_dagrun for tutorial_taskflow_api_virtualenv to None, run_after=None
[2024-06-23T18:26:28.976+0000] {processor.py:179} INFO - Processing /usr/local/python/3.10.13/lib/python3.10/site-packages/airflow/example_dags/tutorial_taskflow_api_virtualenv.py took 0.265 seconds
[2024-06-23T18:27:23.499+0000] {processor.py:157} INFO - Started process (PID=25697) to work on /usr/local/python/3.10.13/lib/python3.10/site-packages/airflow/example_dags/tutorial_taskflow_api_virtualenv.py
[2024-06-23T18:27:23.500+0000] {processor.py:826} INFO - Processing file /usr/local/python/3.10.13/lib/python3.10/site-packages/airflow/example_dags/tutorial_taskflow_api_virtualenv.py for tasks to queue
[2024-06-23T18:27:23.501+0000] {logging_mixin.py:150} INFO - [2024-06-23T18:27:23.501+0000] {dagbag.py:541} INFO - Filling up the DagBag from /usr/local/python/3.10.13/lib/python3.10/site-packages/airflow/example_dags/tutorial_taskflow_api_virtualenv.py
[2024-06-23T18:27:23.506+0000] {processor.py:836} INFO - DAG(s) dict_keys(['tutorial_taskflow_api_virtualenv']) retrieved from /usr/local/python/3.10.13/lib/python3.10/site-packages/airflow/example_dags/tutorial_taskflow_api_virtualenv.py
[2024-06-23T18:27:23.517+0000] {logging_mixin.py:150} INFO - [2024-06-23T18:27:23.517+0000] {dag.py:2742} INFO - Sync 1 DAGs
[2024-06-23T18:27:23.532+0000] {logging_mixin.py:150} INFO - [2024-06-23T18:27:23.532+0000] {dag.py:3504} INFO - Setting next_dagrun for tutorial_taskflow_api_virtualenv to None, run_after=None
[2024-06-23T18:27:23.574+0000] {processor.py:179} INFO - Processing /usr/local/python/3.10.13/lib/python3.10/site-packages/airflow/example_dags/tutorial_taskflow_api_virtualenv.py took 0.077 seconds
[2024-06-23T18:28:08.706+0000] {processor.py:157} INFO - Started process (PID=26188) to work on /usr/local/python/3.10.13/lib/python3.10/site-packages/airflow/example_dags/tutorial_taskflow_api_virtualenv.py
[2024-06-23T18:28:08.707+0000] {processor.py:826} INFO - Processing file /usr/local/python/3.10.13/lib/python3.10/site-packages/airflow/example_dags/tutorial_taskflow_api_virtualenv.py for tasks to queue
[2024-06-23T18:28:08.708+0000] {logging_mixin.py:150} INFO - [2024-06-23T18:28:08.708+0000] {dagbag.py:541} INFO - Filling up the DagBag from /usr/local/python/3.10.13/lib/python3.10/site-packages/airflow/example_dags/tutorial_taskflow_api_virtualenv.py
[2024-06-23T18:28:08.713+0000] {processor.py:836} INFO - DAG(s) dict_keys(['tutorial_taskflow_api_virtualenv']) retrieved from /usr/local/python/3.10.13/lib/python3.10/site-packages/airflow/example_dags/tutorial_taskflow_api_virtualenv.py
[2024-06-23T18:28:08.725+0000] {logging_mixin.py:150} INFO - [2024-06-23T18:28:08.725+0000] {dag.py:2742} INFO - Sync 1 DAGs
[2024-06-23T18:28:08.740+0000] {logging_mixin.py:150} INFO - [2024-06-23T18:28:08.739+0000] {dag.py:3504} INFO - Setting next_dagrun for tutorial_taskflow_api_virtualenv to None, run_after=None
[2024-06-23T18:28:08.782+0000] {processor.py:179} INFO - Processing /usr/local/python/3.10.13/lib/python3.10/site-packages/airflow/example_dags/tutorial_taskflow_api_virtualenv.py took 0.077 seconds
[2024-06-23T18:28:53.990+0000] {processor.py:157} INFO - Started process (PID=26524) to work on /usr/local/python/3.10.13/lib/python3.10/site-packages/airflow/example_dags/tutorial_taskflow_api_virtualenv.py
[2024-06-23T18:28:53.990+0000] {processor.py:826} INFO - Processing file /usr/local/python/3.10.13/lib/python3.10/site-packages/airflow/example_dags/tutorial_taskflow_api_virtualenv.py for tasks to queue
[2024-06-23T18:28:53.991+0000] {logging_mixin.py:150} INFO - [2024-06-23T18:28:53.991+0000] {dagbag.py:541} INFO - Filling up the DagBag from /usr/local/python/3.10.13/lib/python3.10/site-packages/airflow/example_dags/tutorial_taskflow_api_virtualenv.py
[2024-06-23T18:28:53.996+0000] {processor.py:836} INFO - DAG(s) dict_keys(['tutorial_taskflow_api_virtualenv']) retrieved from /usr/local/python/3.10.13/lib/python3.10/site-packages/airflow/example_dags/tutorial_taskflow_api_virtualenv.py
[2024-06-23T18:28:54.009+0000] {logging_mixin.py:150} INFO - [2024-06-23T18:28:54.009+0000] {dag.py:2742} INFO - Sync 1 DAGs
[2024-06-23T18:28:54.024+0000] {logging_mixin.py:150} INFO - [2024-06-23T18:28:54.024+0000] {dag.py:3504} INFO - Setting next_dagrun for tutorial_taskflow_api_virtualenv to None, run_after=None
[2024-06-23T18:28:54.064+0000] {processor.py:179} INFO - Processing /usr/local/python/3.10.13/lib/python3.10/site-packages/airflow/example_dags/tutorial_taskflow_api_virtualenv.py took 0.076 seconds
[2024-06-23T18:29:36.300+0000] {processor.py:157} INFO - Started process (PID=26820) to work on /usr/local/python/3.10.13/lib/python3.10/site-packages/airflow/example_dags/tutorial_taskflow_api_virtualenv.py
[2024-06-23T18:29:36.301+0000] {processor.py:826} INFO - Processing file /usr/local/python/3.10.13/lib/python3.10/site-packages/airflow/example_dags/tutorial_taskflow_api_virtualenv.py for tasks to queue
[2024-06-23T18:29:36.301+0000] {logging_mixin.py:150} INFO - [2024-06-23T18:29:36.301+0000] {dagbag.py:541} INFO - Filling up the DagBag from /usr/local/python/3.10.13/lib/python3.10/site-packages/airflow/example_dags/tutorial_taskflow_api_virtualenv.py
[2024-06-23T18:29:36.306+0000] {processor.py:836} INFO - DAG(s) dict_keys(['tutorial_taskflow_api_virtualenv']) retrieved from /usr/local/python/3.10.13/lib/python3.10/site-packages/airflow/example_dags/tutorial_taskflow_api_virtualenv.py
[2024-06-23T18:29:36.318+0000] {logging_mixin.py:150} INFO - [2024-06-23T18:29:36.318+0000] {dag.py:2742} INFO - Sync 1 DAGs
[2024-06-23T18:29:36.333+0000] {logging_mixin.py:150} INFO - [2024-06-23T18:29:36.333+0000] {dag.py:3504} INFO - Setting next_dagrun for tutorial_taskflow_api_virtualenv to None, run_after=None
[2024-06-23T18:29:36.371+0000] {processor.py:179} INFO - Processing /usr/local/python/3.10.13/lib/python3.10/site-packages/airflow/example_dags/tutorial_taskflow_api_virtualenv.py took 0.074 seconds
[2024-06-23T18:30:21.644+0000] {processor.py:157} INFO - Started process (PID=27127) to work on /usr/local/python/3.10.13/lib/python3.10/site-packages/airflow/example_dags/tutorial_taskflow_api_virtualenv.py
[2024-06-23T18:30:21.644+0000] {processor.py:826} INFO - Processing file /usr/local/python/3.10.13/lib/python3.10/site-packages/airflow/example_dags/tutorial_taskflow_api_virtualenv.py for tasks to queue
[2024-06-23T18:30:21.645+0000] {logging_mixin.py:150} INFO - [2024-06-23T18:30:21.645+0000] {dagbag.py:541} INFO - Filling up the DagBag from /usr/local/python/3.10.13/lib/python3.10/site-packages/airflow/example_dags/tutorial_taskflow_api_virtualenv.py
[2024-06-23T18:30:21.650+0000] {processor.py:836} INFO - DAG(s) dict_keys(['tutorial_taskflow_api_virtualenv']) retrieved from /usr/local/python/3.10.13/lib/python3.10/site-packages/airflow/example_dags/tutorial_taskflow_api_virtualenv.py
[2024-06-23T18:30:21.662+0000] {logging_mixin.py:150} INFO - [2024-06-23T18:30:21.662+0000] {dag.py:2742} INFO - Sync 1 DAGs
[2024-06-23T18:30:21.676+0000] {logging_mixin.py:150} INFO - [2024-06-23T18:30:21.676+0000] {dag.py:3504} INFO - Setting next_dagrun for tutorial_taskflow_api_virtualenv to None, run_after=None
[2024-06-23T18:30:21.718+0000] {processor.py:179} INFO - Processing /usr/local/python/3.10.13/lib/python3.10/site-packages/airflow/example_dags/tutorial_taskflow_api_virtualenv.py took 0.076 seconds
[2024-06-23T18:31:05.997+0000] {processor.py:157} INFO - Started process (PID=27443) to work on /usr/local/python/3.10.13/lib/python3.10/site-packages/airflow/example_dags/tutorial_taskflow_api_virtualenv.py
[2024-06-23T18:31:05.998+0000] {processor.py:826} INFO - Processing file /usr/local/python/3.10.13/lib/python3.10/site-packages/airflow/example_dags/tutorial_taskflow_api_virtualenv.py for tasks to queue
[2024-06-23T18:31:05.999+0000] {logging_mixin.py:150} INFO - [2024-06-23T18:31:05.998+0000] {dagbag.py:541} INFO - Filling up the DagBag from /usr/local/python/3.10.13/lib/python3.10/site-packages/airflow/example_dags/tutorial_taskflow_api_virtualenv.py
[2024-06-23T18:31:06.004+0000] {processor.py:836} INFO - DAG(s) dict_keys(['tutorial_taskflow_api_virtualenv']) retrieved from /usr/local/python/3.10.13/lib/python3.10/site-packages/airflow/example_dags/tutorial_taskflow_api_virtualenv.py
[2024-06-23T18:31:06.016+0000] {logging_mixin.py:150} INFO - [2024-06-23T18:31:06.016+0000] {dag.py:2742} INFO - Sync 1 DAGs
[2024-06-23T18:31:06.031+0000] {logging_mixin.py:150} INFO - [2024-06-23T18:31:06.030+0000] {dag.py:3504} INFO - Setting next_dagrun for tutorial_taskflow_api_virtualenv to None, run_after=None
[2024-06-23T18:31:06.070+0000] {processor.py:179} INFO - Processing /usr/local/python/3.10.13/lib/python3.10/site-packages/airflow/example_dags/tutorial_taskflow_api_virtualenv.py took 0.075 seconds
[2024-06-23T18:31:47.980+0000] {processor.py:157} INFO - Started process (PID=27733) to work on /usr/local/python/3.10.13/lib/python3.10/site-packages/airflow/example_dags/tutorial_taskflow_api_virtualenv.py
[2024-06-23T18:31:47.981+0000] {processor.py:826} INFO - Processing file /usr/local/python/3.10.13/lib/python3.10/site-packages/airflow/example_dags/tutorial_taskflow_api_virtualenv.py for tasks to queue
[2024-06-23T18:31:47.982+0000] {logging_mixin.py:150} INFO - [2024-06-23T18:31:47.981+0000] {dagbag.py:541} INFO - Filling up the DagBag from /usr/local/python/3.10.13/lib/python3.10/site-packages/airflow/example_dags/tutorial_taskflow_api_virtualenv.py
[2024-06-23T18:31:47.988+0000] {processor.py:836} INFO - DAG(s) dict_keys(['tutorial_taskflow_api_virtualenv']) retrieved from /usr/local/python/3.10.13/lib/python3.10/site-packages/airflow/example_dags/tutorial_taskflow_api_virtualenv.py
[2024-06-23T18:31:48.004+0000] {logging_mixin.py:150} INFO - [2024-06-23T18:31:48.004+0000] {dag.py:2742} INFO - Sync 1 DAGs
[2024-06-23T18:31:48.023+0000] {logging_mixin.py:150} INFO - [2024-06-23T18:31:48.023+0000] {dag.py:3504} INFO - Setting next_dagrun for tutorial_taskflow_api_virtualenv to None, run_after=None
[2024-06-23T18:31:48.063+0000] {processor.py:179} INFO - Processing /usr/local/python/3.10.13/lib/python3.10/site-packages/airflow/example_dags/tutorial_taskflow_api_virtualenv.py took 0.088 seconds
[2024-06-23T18:32:38.862+0000] {processor.py:157} INFO - Started process (PID=28111) to work on /usr/local/python/3.10.13/lib/python3.10/site-packages/airflow/example_dags/tutorial_taskflow_api_virtualenv.py
[2024-06-23T18:32:38.862+0000] {processor.py:826} INFO - Processing file /usr/local/python/3.10.13/lib/python3.10/site-packages/airflow/example_dags/tutorial_taskflow_api_virtualenv.py for tasks to queue
[2024-06-23T18:32:38.863+0000] {logging_mixin.py:150} INFO - [2024-06-23T18:32:38.863+0000] {dagbag.py:541} INFO - Filling up the DagBag from /usr/local/python/3.10.13/lib/python3.10/site-packages/airflow/example_dags/tutorial_taskflow_api_virtualenv.py
[2024-06-23T18:32:38.868+0000] {processor.py:836} INFO - DAG(s) dict_keys(['tutorial_taskflow_api_virtualenv']) retrieved from /usr/local/python/3.10.13/lib/python3.10/site-packages/airflow/example_dags/tutorial_taskflow_api_virtualenv.py
[2024-06-23T18:32:38.881+0000] {logging_mixin.py:150} INFO - [2024-06-23T18:32:38.880+0000] {dag.py:2742} INFO - Sync 1 DAGs
[2024-06-23T18:32:38.895+0000] {logging_mixin.py:150} INFO - [2024-06-23T18:32:38.895+0000] {dag.py:3504} INFO - Setting next_dagrun for tutorial_taskflow_api_virtualenv to None, run_after=None
[2024-06-23T18:32:38.933+0000] {processor.py:179} INFO - Processing /usr/local/python/3.10.13/lib/python3.10/site-packages/airflow/example_dags/tutorial_taskflow_api_virtualenv.py took 0.073 seconds
[2024-06-23T18:33:32.545+0000] {processor.py:157} INFO - Started process (PID=28480) to work on /usr/local/python/3.10.13/lib/python3.10/site-packages/airflow/example_dags/tutorial_taskflow_api_virtualenv.py
[2024-06-23T18:33:32.546+0000] {processor.py:826} INFO - Processing file /usr/local/python/3.10.13/lib/python3.10/site-packages/airflow/example_dags/tutorial_taskflow_api_virtualenv.py for tasks to queue
[2024-06-23T18:33:32.547+0000] {logging_mixin.py:150} INFO - [2024-06-23T18:33:32.546+0000] {dagbag.py:541} INFO - Filling up the DagBag from /usr/local/python/3.10.13/lib/python3.10/site-packages/airflow/example_dags/tutorial_taskflow_api_virtualenv.py
[2024-06-23T18:33:32.555+0000] {processor.py:836} INFO - DAG(s) dict_keys(['tutorial_taskflow_api_virtualenv']) retrieved from /usr/local/python/3.10.13/lib/python3.10/site-packages/airflow/example_dags/tutorial_taskflow_api_virtualenv.py
[2024-06-23T18:33:32.571+0000] {logging_mixin.py:150} INFO - [2024-06-23T18:33:32.571+0000] {dag.py:2742} INFO - Sync 1 DAGs
[2024-06-23T18:33:32.587+0000] {logging_mixin.py:150} INFO - [2024-06-23T18:33:32.587+0000] {dag.py:3504} INFO - Setting next_dagrun for tutorial_taskflow_api_virtualenv to None, run_after=None
[2024-06-23T18:33:32.626+0000] {processor.py:179} INFO - Processing /usr/local/python/3.10.13/lib/python3.10/site-packages/airflow/example_dags/tutorial_taskflow_api_virtualenv.py took 0.084 seconds
[2024-06-23T18:34:21.189+0000] {processor.py:157} INFO - Started process (PID=28827) to work on /usr/local/python/3.10.13/lib/python3.10/site-packages/airflow/example_dags/tutorial_taskflow_api_virtualenv.py
[2024-06-23T18:34:21.190+0000] {processor.py:826} INFO - Processing file /usr/local/python/3.10.13/lib/python3.10/site-packages/airflow/example_dags/tutorial_taskflow_api_virtualenv.py for tasks to queue
[2024-06-23T18:34:21.191+0000] {logging_mixin.py:150} INFO - [2024-06-23T18:34:21.191+0000] {dagbag.py:541} INFO - Filling up the DagBag from /usr/local/python/3.10.13/lib/python3.10/site-packages/airflow/example_dags/tutorial_taskflow_api_virtualenv.py
[2024-06-23T18:34:21.196+0000] {processor.py:836} INFO - DAG(s) dict_keys(['tutorial_taskflow_api_virtualenv']) retrieved from /usr/local/python/3.10.13/lib/python3.10/site-packages/airflow/example_dags/tutorial_taskflow_api_virtualenv.py
[2024-06-23T18:34:21.208+0000] {logging_mixin.py:150} INFO - [2024-06-23T18:34:21.208+0000] {dag.py:2742} INFO - Sync 1 DAGs
[2024-06-23T18:34:21.223+0000] {logging_mixin.py:150} INFO - [2024-06-23T18:34:21.223+0000] {dag.py:3504} INFO - Setting next_dagrun for tutorial_taskflow_api_virtualenv to None, run_after=None
[2024-06-23T18:34:21.262+0000] {processor.py:179} INFO - Processing /usr/local/python/3.10.13/lib/python3.10/site-packages/airflow/example_dags/tutorial_taskflow_api_virtualenv.py took 0.074 seconds
[2024-06-23T18:35:13.005+0000] {processor.py:157} INFO - Started process (PID=29192) to work on /usr/local/python/3.10.13/lib/python3.10/site-packages/airflow/example_dags/tutorial_taskflow_api_virtualenv.py
[2024-06-23T18:35:13.005+0000] {processor.py:826} INFO - Processing file /usr/local/python/3.10.13/lib/python3.10/site-packages/airflow/example_dags/tutorial_taskflow_api_virtualenv.py for tasks to queue
[2024-06-23T18:35:13.006+0000] {logging_mixin.py:150} INFO - [2024-06-23T18:35:13.006+0000] {dagbag.py:541} INFO - Filling up the DagBag from /usr/local/python/3.10.13/lib/python3.10/site-packages/airflow/example_dags/tutorial_taskflow_api_virtualenv.py
[2024-06-23T18:35:13.012+0000] {processor.py:836} INFO - DAG(s) dict_keys(['tutorial_taskflow_api_virtualenv']) retrieved from /usr/local/python/3.10.13/lib/python3.10/site-packages/airflow/example_dags/tutorial_taskflow_api_virtualenv.py
[2024-06-23T18:35:13.023+0000] {logging_mixin.py:150} INFO - [2024-06-23T18:35:13.023+0000] {dag.py:2742} INFO - Sync 1 DAGs
[2024-06-23T18:35:13.038+0000] {logging_mixin.py:150} INFO - [2024-06-23T18:35:13.038+0000] {dag.py:3504} INFO - Setting next_dagrun for tutorial_taskflow_api_virtualenv to None, run_after=None
[2024-06-23T18:35:13.076+0000] {processor.py:179} INFO - Processing /usr/local/python/3.10.13/lib/python3.10/site-packages/airflow/example_dags/tutorial_taskflow_api_virtualenv.py took 0.073 seconds
[2024-06-23T18:36:08.345+0000] {processor.py:157} INFO - Started process (PID=29682) to work on /usr/local/python/3.10.13/lib/python3.10/site-packages/airflow/example_dags/tutorial_taskflow_api_virtualenv.py
[2024-06-23T18:36:08.346+0000] {processor.py:826} INFO - Processing file /usr/local/python/3.10.13/lib/python3.10/site-packages/airflow/example_dags/tutorial_taskflow_api_virtualenv.py for tasks to queue
[2024-06-23T18:36:08.347+0000] {logging_mixin.py:150} INFO - [2024-06-23T18:36:08.346+0000] {dagbag.py:541} INFO - Filling up the DagBag from /usr/local/python/3.10.13/lib/python3.10/site-packages/airflow/example_dags/tutorial_taskflow_api_virtualenv.py
[2024-06-23T18:36:08.354+0000] {processor.py:836} INFO - DAG(s) dict_keys(['tutorial_taskflow_api_virtualenv']) retrieved from /usr/local/python/3.10.13/lib/python3.10/site-packages/airflow/example_dags/tutorial_taskflow_api_virtualenv.py
[2024-06-23T18:36:08.366+0000] {logging_mixin.py:150} INFO - [2024-06-23T18:36:08.366+0000] {dag.py:2742} INFO - Sync 1 DAGs
[2024-06-23T18:36:08.383+0000] {logging_mixin.py:150} INFO - [2024-06-23T18:36:08.383+0000] {dag.py:3504} INFO - Setting next_dagrun for tutorial_taskflow_api_virtualenv to None, run_after=None
[2024-06-23T18:36:08.423+0000] {processor.py:179} INFO - Processing /usr/local/python/3.10.13/lib/python3.10/site-packages/airflow/example_dags/tutorial_taskflow_api_virtualenv.py took 0.080 seconds
