[2024-06-23T18:26:24.714+0000] {processor.py:157} INFO - Started process (PID=25265) to work on /usr/local/python/3.10.13/lib/python3.10/site-packages/airflow/example_dags/tutorial_dag.py
[2024-06-23T18:26:24.714+0000] {processor.py:826} INFO - Processing file /usr/local/python/3.10.13/lib/python3.10/site-packages/airflow/example_dags/tutorial_dag.py for tasks to queue
[2024-06-23T18:26:24.715+0000] {logging_mixin.py:150} INFO - [2024-06-23T18:26:24.715+0000] {dagbag.py:541} INFO - Filling up the DagBag from /usr/local/python/3.10.13/lib/python3.10/site-packages/airflow/example_dags/tutorial_dag.py
[2024-06-23T18:26:24.720+0000] {processor.py:836} INFO - DAG(s) dict_keys(['tutorial_dag']) retrieved from /usr/local/python/3.10.13/lib/python3.10/site-packages/airflow/example_dags/tutorial_dag.py
[2024-06-23T18:26:24.846+0000] {logging_mixin.py:150} INFO - [2024-06-23T18:26:24.846+0000] {manager.py:504} INFO - Created Permission View: can delete on DAG:tutorial_dag
[2024-06-23T18:26:24.878+0000] {logging_mixin.py:150} INFO - [2024-06-23T18:26:24.878+0000] {manager.py:504} INFO - Created Permission View: can edit on DAG:tutorial_dag
[2024-06-23T18:26:24.906+0000] {logging_mixin.py:150} INFO - [2024-06-23T18:26:24.906+0000] {manager.py:504} INFO - Created Permission View: can read on DAG:tutorial_dag
[2024-06-23T18:26:24.914+0000] {logging_mixin.py:150} INFO - [2024-06-23T18:26:24.914+0000] {dag.py:2742} INFO - Sync 1 DAGs
[2024-06-23T18:26:24.924+0000] {logging_mixin.py:150} INFO - [2024-06-23T18:26:24.923+0000] {dag.py:2763} INFO - Creating ORM DAG for tutorial_dag
[2024-06-23T18:26:24.935+0000] {logging_mixin.py:150} INFO - [2024-06-23T18:26:24.935+0000] {dag.py:3504} INFO - Setting next_dagrun for tutorial_dag to None, run_after=None
[2024-06-23T18:26:24.986+0000] {processor.py:179} INFO - Processing /usr/local/python/3.10.13/lib/python3.10/site-packages/airflow/example_dags/tutorial_dag.py took 0.275 seconds
[2024-06-23T18:27:19.472+0000] {processor.py:157} INFO - Started process (PID=25668) to work on /usr/local/python/3.10.13/lib/python3.10/site-packages/airflow/example_dags/tutorial_dag.py
[2024-06-23T18:27:19.472+0000] {processor.py:826} INFO - Processing file /usr/local/python/3.10.13/lib/python3.10/site-packages/airflow/example_dags/tutorial_dag.py for tasks to queue
[2024-06-23T18:27:19.473+0000] {logging_mixin.py:150} INFO - [2024-06-23T18:27:19.473+0000] {dagbag.py:541} INFO - Filling up the DagBag from /usr/local/python/3.10.13/lib/python3.10/site-packages/airflow/example_dags/tutorial_dag.py
[2024-06-23T18:27:19.478+0000] {processor.py:836} INFO - DAG(s) dict_keys(['tutorial_dag']) retrieved from /usr/local/python/3.10.13/lib/python3.10/site-packages/airflow/example_dags/tutorial_dag.py
[2024-06-23T18:27:19.489+0000] {logging_mixin.py:150} INFO - [2024-06-23T18:27:19.489+0000] {dag.py:2742} INFO - Sync 1 DAGs
[2024-06-23T18:27:19.503+0000] {logging_mixin.py:150} INFO - [2024-06-23T18:27:19.503+0000] {dag.py:3504} INFO - Setting next_dagrun for tutorial_dag to None, run_after=None
[2024-06-23T18:27:19.541+0000] {processor.py:179} INFO - Processing /usr/local/python/3.10.13/lib/python3.10/site-packages/airflow/example_dags/tutorial_dag.py took 0.071 seconds
[2024-06-23T18:28:01.814+0000] {processor.py:157} INFO - Started process (PID=26154) to work on /usr/local/python/3.10.13/lib/python3.10/site-packages/airflow/example_dags/tutorial_dag.py
[2024-06-23T18:28:01.815+0000] {processor.py:826} INFO - Processing file /usr/local/python/3.10.13/lib/python3.10/site-packages/airflow/example_dags/tutorial_dag.py for tasks to queue
[2024-06-23T18:28:01.816+0000] {logging_mixin.py:150} INFO - [2024-06-23T18:28:01.816+0000] {dagbag.py:541} INFO - Filling up the DagBag from /usr/local/python/3.10.13/lib/python3.10/site-packages/airflow/example_dags/tutorial_dag.py
[2024-06-23T18:28:01.820+0000] {processor.py:836} INFO - DAG(s) dict_keys(['tutorial_dag']) retrieved from /usr/local/python/3.10.13/lib/python3.10/site-packages/airflow/example_dags/tutorial_dag.py
[2024-06-23T18:28:01.832+0000] {logging_mixin.py:150} INFO - [2024-06-23T18:28:01.832+0000] {dag.py:2742} INFO - Sync 1 DAGs
[2024-06-23T18:28:01.852+0000] {logging_mixin.py:150} INFO - [2024-06-23T18:28:01.852+0000] {dag.py:3504} INFO - Setting next_dagrun for tutorial_dag to None, run_after=None
[2024-06-23T18:28:01.892+0000] {processor.py:179} INFO - Processing /usr/local/python/3.10.13/lib/python3.10/site-packages/airflow/example_dags/tutorial_dag.py took 0.080 seconds
[2024-06-23T18:28:45.534+0000] {processor.py:157} INFO - Started process (PID=26461) to work on /usr/local/python/3.10.13/lib/python3.10/site-packages/airflow/example_dags/tutorial_dag.py
[2024-06-23T18:28:45.535+0000] {processor.py:826} INFO - Processing file /usr/local/python/3.10.13/lib/python3.10/site-packages/airflow/example_dags/tutorial_dag.py for tasks to queue
[2024-06-23T18:28:45.536+0000] {logging_mixin.py:150} INFO - [2024-06-23T18:28:45.535+0000] {dagbag.py:541} INFO - Filling up the DagBag from /usr/local/python/3.10.13/lib/python3.10/site-packages/airflow/example_dags/tutorial_dag.py
[2024-06-23T18:28:45.540+0000] {processor.py:836} INFO - DAG(s) dict_keys(['tutorial_dag']) retrieved from /usr/local/python/3.10.13/lib/python3.10/site-packages/airflow/example_dags/tutorial_dag.py
[2024-06-23T18:28:45.552+0000] {logging_mixin.py:150} INFO - [2024-06-23T18:28:45.552+0000] {dag.py:2742} INFO - Sync 1 DAGs
[2024-06-23T18:28:45.568+0000] {logging_mixin.py:150} INFO - [2024-06-23T18:28:45.568+0000] {dag.py:3504} INFO - Setting next_dagrun for tutorial_dag to None, run_after=None
[2024-06-23T18:28:45.609+0000] {processor.py:179} INFO - Processing /usr/local/python/3.10.13/lib/python3.10/site-packages/airflow/example_dags/tutorial_dag.py took 0.078 seconds
[2024-06-23T18:29:30.190+0000] {processor.py:157} INFO - Started process (PID=26770) to work on /usr/local/python/3.10.13/lib/python3.10/site-packages/airflow/example_dags/tutorial_dag.py
[2024-06-23T18:29:30.191+0000] {processor.py:826} INFO - Processing file /usr/local/python/3.10.13/lib/python3.10/site-packages/airflow/example_dags/tutorial_dag.py for tasks to queue
[2024-06-23T18:29:30.192+0000] {logging_mixin.py:150} INFO - [2024-06-23T18:29:30.192+0000] {dagbag.py:541} INFO - Filling up the DagBag from /usr/local/python/3.10.13/lib/python3.10/site-packages/airflow/example_dags/tutorial_dag.py
[2024-06-23T18:29:30.196+0000] {processor.py:836} INFO - DAG(s) dict_keys(['tutorial_dag']) retrieved from /usr/local/python/3.10.13/lib/python3.10/site-packages/airflow/example_dags/tutorial_dag.py
[2024-06-23T18:29:30.207+0000] {logging_mixin.py:150} INFO - [2024-06-23T18:29:30.207+0000] {dag.py:2742} INFO - Sync 1 DAGs
[2024-06-23T18:29:30.223+0000] {logging_mixin.py:150} INFO - [2024-06-23T18:29:30.223+0000] {dag.py:3504} INFO - Setting next_dagrun for tutorial_dag to None, run_after=None
[2024-06-23T18:29:30.263+0000] {processor.py:179} INFO - Processing /usr/local/python/3.10.13/lib/python3.10/site-packages/airflow/example_dags/tutorial_dag.py took 0.074 seconds
[2024-06-23T18:30:13.047+0000] {processor.py:157} INFO - Started process (PID=27081) to work on /usr/local/python/3.10.13/lib/python3.10/site-packages/airflow/example_dags/tutorial_dag.py
[2024-06-23T18:30:13.048+0000] {processor.py:826} INFO - Processing file /usr/local/python/3.10.13/lib/python3.10/site-packages/airflow/example_dags/tutorial_dag.py for tasks to queue
[2024-06-23T18:30:13.049+0000] {logging_mixin.py:150} INFO - [2024-06-23T18:30:13.049+0000] {dagbag.py:541} INFO - Filling up the DagBag from /usr/local/python/3.10.13/lib/python3.10/site-packages/airflow/example_dags/tutorial_dag.py
[2024-06-23T18:30:13.055+0000] {processor.py:836} INFO - DAG(s) dict_keys(['tutorial_dag']) retrieved from /usr/local/python/3.10.13/lib/python3.10/site-packages/airflow/example_dags/tutorial_dag.py
[2024-06-23T18:30:13.073+0000] {logging_mixin.py:150} INFO - [2024-06-23T18:30:13.073+0000] {dag.py:2742} INFO - Sync 1 DAGs
[2024-06-23T18:30:13.092+0000] {logging_mixin.py:150} INFO - [2024-06-23T18:30:13.092+0000] {dag.py:3504} INFO - Setting next_dagrun for tutorial_dag to None, run_after=None
[2024-06-23T18:30:13.135+0000] {processor.py:179} INFO - Processing /usr/local/python/3.10.13/lib/python3.10/site-packages/airflow/example_dags/tutorial_dag.py took 0.091 seconds
[2024-06-23T18:30:56.848+0000] {processor.py:157} INFO - Started process (PID=27380) to work on /usr/local/python/3.10.13/lib/python3.10/site-packages/airflow/example_dags/tutorial_dag.py
[2024-06-23T18:30:56.849+0000] {processor.py:826} INFO - Processing file /usr/local/python/3.10.13/lib/python3.10/site-packages/airflow/example_dags/tutorial_dag.py for tasks to queue
[2024-06-23T18:30:56.850+0000] {logging_mixin.py:150} INFO - [2024-06-23T18:30:56.849+0000] {dagbag.py:541} INFO - Filling up the DagBag from /usr/local/python/3.10.13/lib/python3.10/site-packages/airflow/example_dags/tutorial_dag.py
[2024-06-23T18:30:56.854+0000] {processor.py:836} INFO - DAG(s) dict_keys(['tutorial_dag']) retrieved from /usr/local/python/3.10.13/lib/python3.10/site-packages/airflow/example_dags/tutorial_dag.py
[2024-06-23T18:30:56.865+0000] {logging_mixin.py:150} INFO - [2024-06-23T18:30:56.865+0000] {dag.py:2742} INFO - Sync 1 DAGs
[2024-06-23T18:30:56.880+0000] {logging_mixin.py:150} INFO - [2024-06-23T18:30:56.880+0000] {dag.py:3504} INFO - Setting next_dagrun for tutorial_dag to None, run_after=None
[2024-06-23T18:30:56.918+0000] {processor.py:179} INFO - Processing /usr/local/python/3.10.13/lib/python3.10/site-packages/airflow/example_dags/tutorial_dag.py took 0.072 seconds
[2024-06-23T18:31:44.363+0000] {processor.py:157} INFO - Started process (PID=27717) to work on /usr/local/python/3.10.13/lib/python3.10/site-packages/airflow/example_dags/tutorial_dag.py
[2024-06-23T18:31:44.363+0000] {processor.py:826} INFO - Processing file /usr/local/python/3.10.13/lib/python3.10/site-packages/airflow/example_dags/tutorial_dag.py for tasks to queue
[2024-06-23T18:31:44.364+0000] {logging_mixin.py:150} INFO - [2024-06-23T18:31:44.364+0000] {dagbag.py:541} INFO - Filling up the DagBag from /usr/local/python/3.10.13/lib/python3.10/site-packages/airflow/example_dags/tutorial_dag.py
[2024-06-23T18:31:44.368+0000] {processor.py:836} INFO - DAG(s) dict_keys(['tutorial_dag']) retrieved from /usr/local/python/3.10.13/lib/python3.10/site-packages/airflow/example_dags/tutorial_dag.py
[2024-06-23T18:31:44.380+0000] {logging_mixin.py:150} INFO - [2024-06-23T18:31:44.379+0000] {dag.py:2742} INFO - Sync 1 DAGs
[2024-06-23T18:31:44.394+0000] {logging_mixin.py:150} INFO - [2024-06-23T18:31:44.394+0000] {dag.py:3504} INFO - Setting next_dagrun for tutorial_dag to None, run_after=None
[2024-06-23T18:31:44.434+0000] {processor.py:179} INFO - Processing /usr/local/python/3.10.13/lib/python3.10/site-packages/airflow/example_dags/tutorial_dag.py took 0.073 seconds
[2024-06-23T18:32:34.832+0000] {processor.py:157} INFO - Started process (PID=28095) to work on /usr/local/python/3.10.13/lib/python3.10/site-packages/airflow/example_dags/tutorial_dag.py
[2024-06-23T18:32:34.833+0000] {processor.py:826} INFO - Processing file /usr/local/python/3.10.13/lib/python3.10/site-packages/airflow/example_dags/tutorial_dag.py for tasks to queue
[2024-06-23T18:32:34.834+0000] {logging_mixin.py:150} INFO - [2024-06-23T18:32:34.833+0000] {dagbag.py:541} INFO - Filling up the DagBag from /usr/local/python/3.10.13/lib/python3.10/site-packages/airflow/example_dags/tutorial_dag.py
[2024-06-23T18:32:34.837+0000] {processor.py:836} INFO - DAG(s) dict_keys(['tutorial_dag']) retrieved from /usr/local/python/3.10.13/lib/python3.10/site-packages/airflow/example_dags/tutorial_dag.py
[2024-06-23T18:32:34.849+0000] {logging_mixin.py:150} INFO - [2024-06-23T18:32:34.849+0000] {dag.py:2742} INFO - Sync 1 DAGs
[2024-06-23T18:32:34.865+0000] {logging_mixin.py:150} INFO - [2024-06-23T18:32:34.865+0000] {dag.py:3504} INFO - Setting next_dagrun for tutorial_dag to None, run_after=None
[2024-06-23T18:32:34.904+0000] {processor.py:179} INFO - Processing /usr/local/python/3.10.13/lib/python3.10/site-packages/airflow/example_dags/tutorial_dag.py took 0.074 seconds
[2024-06-23T18:33:12.252+0000] {processor.py:157} INFO - Started process (PID=28346) to work on /usr/local/python/3.10.13/lib/python3.10/site-packages/airflow/example_dags/tutorial_dag.py
[2024-06-23T18:33:12.253+0000] {processor.py:826} INFO - Processing file /usr/local/python/3.10.13/lib/python3.10/site-packages/airflow/example_dags/tutorial_dag.py for tasks to queue
[2024-06-23T18:33:12.254+0000] {logging_mixin.py:150} INFO - [2024-06-23T18:33:12.254+0000] {dagbag.py:541} INFO - Filling up the DagBag from /usr/local/python/3.10.13/lib/python3.10/site-packages/airflow/example_dags/tutorial_dag.py
[2024-06-23T18:33:12.257+0000] {processor.py:836} INFO - DAG(s) dict_keys(['tutorial_dag']) retrieved from /usr/local/python/3.10.13/lib/python3.10/site-packages/airflow/example_dags/tutorial_dag.py
[2024-06-23T18:33:12.269+0000] {logging_mixin.py:150} INFO - [2024-06-23T18:33:12.269+0000] {dag.py:2742} INFO - Sync 1 DAGs
[2024-06-23T18:33:12.284+0000] {logging_mixin.py:150} INFO - [2024-06-23T18:33:12.283+0000] {dag.py:3504} INFO - Setting next_dagrun for tutorial_dag to None, run_after=None
[2024-06-23T18:33:12.326+0000] {processor.py:179} INFO - Processing /usr/local/python/3.10.13/lib/python3.10/site-packages/airflow/example_dags/tutorial_dag.py took 0.076 seconds
[2024-06-23T18:34:05.090+0000] {processor.py:157} INFO - Started process (PID=28702) to work on /usr/local/python/3.10.13/lib/python3.10/site-packages/airflow/example_dags/tutorial_dag.py
[2024-06-23T18:34:05.091+0000] {processor.py:826} INFO - Processing file /usr/local/python/3.10.13/lib/python3.10/site-packages/airflow/example_dags/tutorial_dag.py for tasks to queue
[2024-06-23T18:34:05.091+0000] {logging_mixin.py:150} INFO - [2024-06-23T18:34:05.091+0000] {dagbag.py:541} INFO - Filling up the DagBag from /usr/local/python/3.10.13/lib/python3.10/site-packages/airflow/example_dags/tutorial_dag.py
[2024-06-23T18:34:05.095+0000] {processor.py:836} INFO - DAG(s) dict_keys(['tutorial_dag']) retrieved from /usr/local/python/3.10.13/lib/python3.10/site-packages/airflow/example_dags/tutorial_dag.py
[2024-06-23T18:34:05.107+0000] {logging_mixin.py:150} INFO - [2024-06-23T18:34:05.106+0000] {dag.py:2742} INFO - Sync 1 DAGs
[2024-06-23T18:34:05.121+0000] {logging_mixin.py:150} INFO - [2024-06-23T18:34:05.121+0000] {dag.py:3504} INFO - Setting next_dagrun for tutorial_dag to None, run_after=None
[2024-06-23T18:34:05.159+0000] {processor.py:179} INFO - Processing /usr/local/python/3.10.13/lib/python3.10/site-packages/airflow/example_dags/tutorial_dag.py took 0.071 seconds
[2024-06-23T18:34:51.208+0000] {processor.py:157} INFO - Started process (PID=29040) to work on /usr/local/python/3.10.13/lib/python3.10/site-packages/airflow/example_dags/tutorial_dag.py
[2024-06-23T18:34:51.209+0000] {processor.py:826} INFO - Processing file /usr/local/python/3.10.13/lib/python3.10/site-packages/airflow/example_dags/tutorial_dag.py for tasks to queue
[2024-06-23T18:34:51.209+0000] {logging_mixin.py:150} INFO - [2024-06-23T18:34:51.209+0000] {dagbag.py:541} INFO - Filling up the DagBag from /usr/local/python/3.10.13/lib/python3.10/site-packages/airflow/example_dags/tutorial_dag.py
[2024-06-23T18:34:51.213+0000] {processor.py:836} INFO - DAG(s) dict_keys(['tutorial_dag']) retrieved from /usr/local/python/3.10.13/lib/python3.10/site-packages/airflow/example_dags/tutorial_dag.py
[2024-06-23T18:34:51.224+0000] {logging_mixin.py:150} INFO - [2024-06-23T18:34:51.224+0000] {dag.py:2742} INFO - Sync 1 DAGs
[2024-06-23T18:34:51.239+0000] {logging_mixin.py:150} INFO - [2024-06-23T18:34:51.239+0000] {dag.py:3504} INFO - Setting next_dagrun for tutorial_dag to None, run_after=None
[2024-06-23T18:34:51.279+0000] {processor.py:179} INFO - Processing /usr/local/python/3.10.13/lib/python3.10/site-packages/airflow/example_dags/tutorial_dag.py took 0.073 seconds
[2024-06-23T18:35:27.821+0000] {processor.py:157} INFO - Started process (PID=29307) to work on /usr/local/python/3.10.13/lib/python3.10/site-packages/airflow/example_dags/tutorial_dag.py
[2024-06-23T18:35:27.821+0000] {processor.py:826} INFO - Processing file /usr/local/python/3.10.13/lib/python3.10/site-packages/airflow/example_dags/tutorial_dag.py for tasks to queue
[2024-06-23T18:35:27.822+0000] {logging_mixin.py:150} INFO - [2024-06-23T18:35:27.822+0000] {dagbag.py:541} INFO - Filling up the DagBag from /usr/local/python/3.10.13/lib/python3.10/site-packages/airflow/example_dags/tutorial_dag.py
[2024-06-23T18:35:27.826+0000] {processor.py:836} INFO - DAG(s) dict_keys(['tutorial_dag']) retrieved from /usr/local/python/3.10.13/lib/python3.10/site-packages/airflow/example_dags/tutorial_dag.py
[2024-06-23T18:35:27.841+0000] {logging_mixin.py:150} INFO - [2024-06-23T18:35:27.841+0000] {dag.py:2742} INFO - Sync 1 DAGs
[2024-06-23T18:35:27.855+0000] {logging_mixin.py:150} INFO - [2024-06-23T18:35:27.855+0000] {dag.py:3504} INFO - Setting next_dagrun for tutorial_dag to None, run_after=None
[2024-06-23T18:35:27.896+0000] {processor.py:179} INFO - Processing /usr/local/python/3.10.13/lib/python3.10/site-packages/airflow/example_dags/tutorial_dag.py took 0.077 seconds
[2024-06-23T18:36:03.816+0000] {processor.py:157} INFO - Started process (PID=29591) to work on /usr/local/python/3.10.13/lib/python3.10/site-packages/airflow/example_dags/tutorial_dag.py
[2024-06-23T18:36:03.817+0000] {processor.py:826} INFO - Processing file /usr/local/python/3.10.13/lib/python3.10/site-packages/airflow/example_dags/tutorial_dag.py for tasks to queue
[2024-06-23T18:36:03.817+0000] {logging_mixin.py:150} INFO - [2024-06-23T18:36:03.817+0000] {dagbag.py:541} INFO - Filling up the DagBag from /usr/local/python/3.10.13/lib/python3.10/site-packages/airflow/example_dags/tutorial_dag.py
[2024-06-23T18:36:03.822+0000] {processor.py:836} INFO - DAG(s) dict_keys(['tutorial_dag']) retrieved from /usr/local/python/3.10.13/lib/python3.10/site-packages/airflow/example_dags/tutorial_dag.py
[2024-06-23T18:36:03.833+0000] {logging_mixin.py:150} INFO - [2024-06-23T18:36:03.833+0000] {dag.py:2742} INFO - Sync 1 DAGs
[2024-06-23T18:36:03.848+0000] {logging_mixin.py:150} INFO - [2024-06-23T18:36:03.848+0000] {dag.py:3504} INFO - Setting next_dagrun for tutorial_dag to None, run_after=None
[2024-06-23T18:36:03.886+0000] {processor.py:179} INFO - Processing /usr/local/python/3.10.13/lib/python3.10/site-packages/airflow/example_dags/tutorial_dag.py took 0.072 seconds
